[0.043s] Invoking command in '/home/kol/Documents/ros_workstation/ArmBots/ArmBot_1/build/robotcontroller': CMAKE_PREFIX_PATH=${CMAKE_PREFIX_PATH}:/opt/ros/humble /usr/bin/cmake --build /home/kol/Documents/ros_workstation/ArmBots/ArmBot_1/build/robotcontroller -- -j4 -l4
[0.158s] [35m[1mConsolidate compiler generated dependencies of target robot_cont[0m
[0.220s] [ 50%] [32mBuilding CXX object CMakeFiles/robot_cont.dir/src/robotcont.cpp.o[0m
[13.216s] [100%] [32m[1mLinking CXX executable robot_cont[0m
[13.880s] [100%] Built target robot_cont
[13.909s] Invoked command in '/home/kol/Documents/ros_workstation/ArmBots/ArmBot_1/build/robotcontroller' returned '0': CMAKE_PREFIX_PATH=${CMAKE_PREFIX_PATH}:/opt/ros/humble /usr/bin/cmake --build /home/kol/Documents/ros_workstation/ArmBots/ArmBot_1/build/robotcontroller -- -j4 -l4
[13.915s] Invoking command in '/home/kol/Documents/ros_workstation/ArmBots/ArmBot_1/build/robotcontroller': CMAKE_PREFIX_PATH=${CMAKE_PREFIX_PATH}:/opt/ros/humble /usr/bin/cmake --install /home/kol/Documents/ros_workstation/ArmBots/ArmBot_1/build/robotcontroller
[13.936s] -- Install configuration: ""
[13.936s] -- Installing: /home/kol/Documents/ros_workstation/ArmBots/ArmBot_1/install/robotcontroller/lib/robotcontroller/robot_cont
[13.943s] -- Set runtime path of "/home/kol/Documents/ros_workstation/ArmBots/ArmBot_1/install/robotcontroller/lib/robotcontroller/robot_cont" to ""
[13.945s] -- Up-to-date: /home/kol/Documents/ros_workstation/ArmBots/ArmBot_1/install/robotcontroller/share/ament_index/resource_index/package_run_dependencies/robotcontroller
[13.946s] -- Up-to-date: /home/kol/Documents/ros_workstation/ArmBots/ArmBot_1/install/robotcontroller/share/ament_index/resource_index/parent_prefix_path/robotcontroller
[13.947s] -- Up-to-date: /home/kol/Documents/ros_workstation/ArmBots/ArmBot_1/install/robotcontroller/share/robotcontroller/environment/ament_prefix_path.sh
[13.947s] -- Up-to-date: /home/kol/Documents/ros_workstation/ArmBots/ArmBot_1/install/robotcontroller/share/robotcontroller/environment/ament_prefix_path.dsv
[13.947s] -- Up-to-date: /home/kol/Documents/ros_workstation/ArmBots/ArmBot_1/install/robotcontroller/share/robotcontroller/environment/path.sh
[13.948s] -- Up-to-date: /home/kol/Documents/ros_workstation/ArmBots/ArmBot_1/install/robotcontroller/share/robotcontroller/environment/path.dsv
[13.948s] -- Up-to-date: /home/kol/Documents/ros_workstation/ArmBots/ArmBot_1/install/robotcontroller/share/robotcontroller/local_setup.bash
[13.948s] -- Up-to-date: /home/kol/Documents/ros_workstation/ArmBots/ArmBot_1/install/robotcontroller/share/robotcontroller/local_setup.sh
[13.948s] -- Up-to-date: /home/kol/Documents/ros_workstation/ArmBots/ArmBot_1/install/robotcontroller/share/robotcontroller/local_setup.zsh
[13.949s] -- Up-to-date: /home/kol/Documents/ros_workstation/ArmBots/ArmBot_1/install/robotcontroller/share/robotcontroller/local_setup.dsv
[13.949s] -- Installing: /home/kol/Documents/ros_workstation/ArmBots/ArmBot_1/install/robotcontroller/share/robotcontroller/package.dsv
[13.950s] -- Up-to-date: /home/kol/Documents/ros_workstation/ArmBots/ArmBot_1/install/robotcontroller/share/ament_index/resource_index/packages/robotcontroller
[13.950s] -- Up-to-date: /home/kol/Documents/ros_workstation/ArmBots/ArmBot_1/install/robotcontroller/share/robotcontroller/cmake/robotcontrollerConfig.cmake
[13.950s] -- Up-to-date: /home/kol/Documents/ros_workstation/ArmBots/ArmBot_1/install/robotcontroller/share/robotcontroller/cmake/robotcontrollerConfig-version.cmake
[13.951s] -- Up-to-date: /home/kol/Documents/ros_workstation/ArmBots/ArmBot_1/install/robotcontroller/share/robotcontroller/package.xml
[13.953s] Invoked command in '/home/kol/Documents/ros_workstation/ArmBots/ArmBot_1/build/robotcontroller' returned '0': CMAKE_PREFIX_PATH=${CMAKE_PREFIX_PATH}:/opt/ros/humble /usr/bin/cmake --install /home/kol/Documents/ros_workstation/ArmBots/ArmBot_1/build/robotcontroller
