[1.464s] Invoking command in '/home/kol/Documents/ros_workstation/Control/six_dof_robot_ws/src/welder_control': PYTHONPATH=/home/kol/Documents/ros_workstation/Control/six_dof_robot_ws/build/welder_control/prefix_override:/usr/lib/python3/dist-packages/colcon_core/task/python/colcon_distutils_commands:/home/kol/Documents/ros_workstation/Control/six_dof_robot_ws/install/welder_control/lib/python3.10/site-packages:${PYTHONPATH} /usr/bin/python3 -W ignore:setup.py install is deprecated -W ignore:easy_install command is deprecated setup.py egg_info --egg-base ../../build/welder_control build --build-base /home/kol/Documents/ros_workstation/Control/six_dof_robot_ws/build/welder_control/build install --record /home/kol/Documents/ros_workstation/Control/six_dof_robot_ws/build/welder_control/install.log --single-version-externally-managed install_data
[1.991s] running egg_info
[1.993s] writing ../../build/welder_control/welder_control.egg-info/PKG-INFO
[1.993s] writing dependency_links to ../../build/welder_control/welder_control.egg-info/dependency_links.txt
[1.995s] writing entry points to ../../build/welder_control/welder_control.egg-info/entry_points.txt
[1.995s] writing requirements to ../../build/welder_control/welder_control.egg-info/requires.txt
[1.995s] writing top-level names to ../../build/welder_control/welder_control.egg-info/top_level.txt
[1.998s] reading manifest file '../../build/welder_control/welder_control.egg-info/SOURCES.txt'
[2.000s] writing manifest file '../../build/welder_control/welder_control.egg-info/SOURCES.txt'
[2.000s] running build
[2.000s] running build_py
[2.001s] running install
[2.001s] running install_lib
[2.004s] running install_data
[2.004s] running install_egg_info
[2.009s] removing '/home/kol/Documents/ros_workstation/Control/six_dof_robot_ws/install/welder_control/lib/python3.10/site-packages/welder_control-0.0.0-py3.10.egg-info' (and everything under it)
[2.009s] Copying ../../build/welder_control/welder_control.egg-info to /home/kol/Documents/ros_workstation/Control/six_dof_robot_ws/install/welder_control/lib/python3.10/site-packages/welder_control-0.0.0-py3.10.egg-info
[2.011s] running install_scripts
[2.048s] Installing welder_cont script to /home/kol/Documents/ros_workstation/Control/six_dof_robot_ws/install/welder_control/lib/welder_control
[2.048s] writing list of installed files to '/home/kol/Documents/ros_workstation/Control/six_dof_robot_ws/build/welder_control/install.log'
[2.101s] Invoked command in '/home/kol/Documents/ros_workstation/Control/six_dof_robot_ws/src/welder_control' returned '0': PYTHONPATH=/home/kol/Documents/ros_workstation/Control/six_dof_robot_ws/build/welder_control/prefix_override:/usr/lib/python3/dist-packages/colcon_core/task/python/colcon_distutils_commands:/home/kol/Documents/ros_workstation/Control/six_dof_robot_ws/install/welder_control/lib/python3.10/site-packages:${PYTHONPATH} /usr/bin/python3 -W ignore:setup.py install is deprecated -W ignore:easy_install command is deprecated setup.py egg_info --egg-base ../../build/welder_control build --build-base /home/kol/Documents/ros_workstation/Control/six_dof_robot_ws/build/welder_control/build install --record /home/kol/Documents/ros_workstation/Control/six_dof_robot_ws/build/welder_control/install.log --single-version-externally-managed install_data
