[1.176s] Invoking command in '/home/kol/Documents/ros_workstation/Control/six_dof_robot_ws/src/welder_description': PYTHONPATH=/home/kol/Documents/ros_workstation/Control/six_dof_robot_ws/build/welder_description/prefix_override:/usr/lib/python3/dist-packages/colcon_core/task/python/colcon_distutils_commands:/home/kol/Documents/ros_workstation/Control/six_dof_robot_ws/install/welder_description/lib/python3.10/site-packages:${PYTHONPATH} /usr/bin/python3 -W ignore:setup.py install is deprecated -W ignore:easy_install command is deprecated setup.py egg_info --egg-base ../../build/welder_description build --build-base /home/kol/Documents/ros_workstation/Control/six_dof_robot_ws/build/welder_description/build install --record /home/kol/Documents/ros_workstation/Control/six_dof_robot_ws/build/welder_description/install.log --single-version-externally-managed install_data
[1.481s] running egg_info
[1.482s] writing ../../build/welder_description/welder_description.egg-info/PKG-INFO
[1.482s] writing dependency_links to ../../build/welder_description/welder_description.egg-info/dependency_links.txt
[1.482s] writing entry points to ../../build/welder_description/welder_description.egg-info/entry_points.txt
[1.482s] writing requirements to ../../build/welder_description/welder_description.egg-info/requires.txt
[1.483s] writing top-level names to ../../build/welder_description/welder_description.egg-info/top_level.txt
[1.485s] reading manifest file '../../build/welder_description/welder_description.egg-info/SOURCES.txt'
[1.486s] writing manifest file '../../build/welder_description/welder_description.egg-info/SOURCES.txt'
[1.486s] running build
[1.486s] running build_py
[1.486s] running install
[1.487s] running install_lib
[1.488s] running install_data
[1.489s] running install_egg_info
[1.492s] removing '/home/kol/Documents/ros_workstation/Control/six_dof_robot_ws/install/welder_description/lib/python3.10/site-packages/welder_description-0.0.0-py3.10.egg-info' (and everything under it)
[1.492s] Copying ../../build/welder_description/welder_description.egg-info to /home/kol/Documents/ros_workstation/Control/six_dof_robot_ws/install/welder_description/lib/python3.10/site-packages/welder_description-0.0.0-py3.10.egg-info
[1.493s] running install_scripts
[1.515s] writing list of installed files to '/home/kol/Documents/ros_workstation/Control/six_dof_robot_ws/build/welder_description/install.log'
[1.549s] Invoked command in '/home/kol/Documents/ros_workstation/Control/six_dof_robot_ws/src/welder_description' returned '0': PYTHONPATH=/home/kol/Documents/ros_workstation/Control/six_dof_robot_ws/build/welder_description/prefix_override:/usr/lib/python3/dist-packages/colcon_core/task/python/colcon_distutils_commands:/home/kol/Documents/ros_workstation/Control/six_dof_robot_ws/install/welder_description/lib/python3.10/site-packages:${PYTHONPATH} /usr/bin/python3 -W ignore:setup.py install is deprecated -W ignore:easy_install command is deprecated setup.py egg_info --egg-base ../../build/welder_description build --build-base /home/kol/Documents/ros_workstation/Control/six_dof_robot_ws/build/welder_description/build install --record /home/kol/Documents/ros_workstation/Control/six_dof_robot_ws/build/welder_description/install.log --single-version-externally-managed install_data
