-- The C compiler identification is GNU 11.4.0
-- The CXX compiler identification is GNU 11.4.0
-- Detecting C compiler ABI info
-- Detecting C compiler ABI info - done
-- Check for working C compiler: /usr/bin/cc - skipped
-- Detecting C compile features
-- Detecting C compile features - done
-- Detecting CXX compiler ABI info
-- Detecting CXX compiler ABI info - done
-- Check for working CXX compiler: /usr/bin/c++ - skipped
-- Detecting CXX compile features
-- Detecting CXX compile features - done
-- Found ament_cmake: 1.3.11 (/opt/ros/humble/share/ament_cmake/cmake)
-- Found Python3: /usr/bin/python3 (found version "3.10.12") found components: Interpreter 
-- Found moveit_ros_planning_interface: 2.5.9 (/opt/ros/humble/share/moveit_ros_planning_interface/cmake)
-- Found Boost: /usr/lib/x86_64-linux-gnu/cmake/Boost-1.74.0/BoostConfig.cmake (found version "1.74.0") found components: date_time filesystem program_options system thread 
-- Found rosidl_generator_c: 3.1.6 (/opt/ros/humble/share/rosidl_generator_c/cmake)
-- Found rosidl_adapter: 3.1.6 (/opt/ros/humble/share/rosidl_adapter/cmake)
-- Found rosidl_generator_cpp: 3.1.6 (/opt/ros/humble/share/rosidl_generator_cpp/cmake)
-- Using all available rosidl_typesupport_c: rosidl_typesupport_fastrtps_c;rosidl_typesupport_introspection_c
-- Using all available rosidl_typesupport_cpp: rosidl_typesupport_fastrtps_cpp;rosidl_typesupport_introspection_cpp
-- Found Boost: /usr/lib/x86_64-linux-gnu/cmake/Boost-1.74.0/BoostConfig.cmake (found version "1.74.0") found components: chrono date_time filesystem iostreams program_options regex serialization system thread 
-- Found parameter_traits: 0.5.0 (/opt/ros/humble/share/parameter_traits/cmake)
-- Found rmw_implementation_cmake: 6.1.2 (/opt/ros/humble/share/rmw_implementation_cmake/cmake)
-- Found rmw_fastrtps_cpp: 6.2.7 (/opt/ros/humble/share/rmw_fastrtps_cpp/cmake)
-- Found OpenSSL: /usr/lib/x86_64-linux-gnu/libcrypto.so (found version "3.0.2")  
-- Found FastRTPS: /opt/ros/humble/include  
-- Using RMW implementation 'rmw_fastrtps_cpp' as default
-- Found Threads: TRUE  
-- Found rclcpp_lifecycle: 16.0.12 (/opt/ros/humble/share/rclcpp_lifecycle/cmake)
-- Found Boost: /usr/lib/x86_64-linux-gnu/cmake/Boost-1.74.0/BoostConfig.cmake (found version "1.74.0") found components: filesystem 
-- library: /usr/lib/x86_64-linux-gnu/libcurl.so
-- Found Eigen3: TRUE (found version "3.4.0") 
-- Ensuring Eigen3 include directory is part of orocos-kdl CMake target
-- Found Boost: /usr/lib/x86_64-linux-gnu/cmake/Boost-1.74.0/BoostConfig.cmake (found version "1.74.0") found components: system filesystem date_time program_options thread chrono 
-- Found Boost: /usr/lib/x86_64-linux-gnu/cmake/Boost-1.74.0/BoostConfig.cmake (found version "1.74.0") found components: thread system filesystem regex date_time program_options 
-- Found Boost: /usr/lib/x86_64-linux-gnu/cmake/Boost-1.74.0/BoostConfig.cmake (found version "1.74.0") found components: system filesystem date_time program_options thread 
-- Found ament_lint_auto: 0.12.12 (/opt/ros/humble/share/ament_lint_auto/cmake)
-- Added test 'cppcheck' to perform static code analysis on C / C++ code
-- Configured cppcheck include dirs: 
-- Configured cppcheck exclude dirs and/or files: 
-- Added test 'lint_cmake' to check CMake code style
-- Added test 'uncrustify' to check C / C++ code style
-- Configured uncrustify additional arguments: 
-- Added test 'xmllint' to check XML markup files
-- Configuring done
-- Generating done
-- Build files have been written to: /home/kol/Documents/ros_workstation/Control/six_dof_robot_ws/build/moveit_control
[ 50%] [32mBuilding CXX object CMakeFiles/hello_mvt.dir/src/hello_moveit.cpp.o[0m
[01m[K/home/kol/Documents/ros_workstation/Control/six_dof_robot_ws/src/moveit_control/src/hello_moveit.cpp:[m[K In function ‘[01m[Kint main(int, char**)[m[K’:
[01m[K/home/kol/Documents/ros_workstation/Control/six_dof_robot_ws/src/moveit_control/src/hello_moveit.cpp:3:14:[m[K [01;35m[Kwarning: [m[Kunused parameter ‘[01m[Kargc[m[K’ [[01;35m[K]8;;https://gcc.gnu.org/onlinedocs/gcc/Warning-Options.html#index-Wunused-parameter-Wunused-parameter]8;;[m[K]
    3 | int main([01;35m[Kint argc[m[K, char* argv[]){}
      |          [01;35m[K~~~~^~~~[m[K
[01m[K/home/kol/Documents/ros_workstation/Control/six_dof_robot_ws/src/moveit_control/src/hello_moveit.cpp:3:26:[m[K [01;35m[Kwarning: [m[Kunused parameter ‘[01m[Kargv[m[K’ [[01;35m[K]8;;https://gcc.gnu.org/onlinedocs/gcc/Warning-Options.html#index-Wunused-parameter-Wunused-parameter]8;;[m[K]
    3 | int main(int argc, [01;35m[Kchar* argv[][m[K){}
      |                    [01;35m[K~~~~~~^~~~~~[m[K
[100%] [32m[1mLinking CXX executable hello_mvt[0m
[100%] Built target hello_mvt
-- Install configuration: ""
-- Installing: /home/kol/Documents/ros_workstation/Control/six_dof_robot_ws/install/moveit_control/lib/moveit_control/hello_mvt
-- Set runtime path of "/home/kol/Documents/ros_workstation/Control/six_dof_robot_ws/install/moveit_control/lib/moveit_control/hello_mvt" to ""
-- Installing: /home/kol/Documents/ros_workstation/Control/six_dof_robot_ws/install/moveit_control/share/ament_index/resource_index/package_run_dependencies/moveit_control
-- Installing: /home/kol/Documents/ros_workstation/Control/six_dof_robot_ws/install/moveit_control/share/ament_index/resource_index/parent_prefix_path/moveit_control
-- Installing: /home/kol/Documents/ros_workstation/Control/six_dof_robot_ws/install/moveit_control/share/moveit_control/environment/ament_prefix_path.sh
-- Installing: /home/kol/Documents/ros_workstation/Control/six_dof_robot_ws/install/moveit_control/share/moveit_control/environment/ament_prefix_path.dsv
-- Installing: /home/kol/Documents/ros_workstation/Control/six_dof_robot_ws/install/moveit_control/share/moveit_control/environment/path.sh
-- Installing: /home/kol/Documents/ros_workstation/Control/six_dof_robot_ws/install/moveit_control/share/moveit_control/environment/path.dsv
-- Installing: /home/kol/Documents/ros_workstation/Control/six_dof_robot_ws/install/moveit_control/share/moveit_control/local_setup.bash
-- Installing: /home/kol/Documents/ros_workstation/Control/six_dof_robot_ws/install/moveit_control/share/moveit_control/local_setup.sh
-- Installing: /home/kol/Documents/ros_workstation/Control/six_dof_robot_ws/install/moveit_control/share/moveit_control/local_setup.zsh
-- Installing: /home/kol/Documents/ros_workstation/Control/six_dof_robot_ws/install/moveit_control/share/moveit_control/local_setup.dsv
-- Installing: /home/kol/Documents/ros_workstation/Control/six_dof_robot_ws/install/moveit_control/share/moveit_control/package.dsv
-- Installing: /home/kol/Documents/ros_workstation/Control/six_dof_robot_ws/install/moveit_control/share/ament_index/resource_index/packages/moveit_control
-- Installing: /home/kol/Documents/ros_workstation/Control/six_dof_robot_ws/install/moveit_control/share/moveit_control/cmake/moveit_controlConfig.cmake
-- Installing: /home/kol/Documents/ros_workstation/Control/six_dof_robot_ws/install/moveit_control/share/moveit_control/cmake/moveit_controlConfig-version.cmake
-- Installing: /home/kol/Documents/ros_workstation/Control/six_dof_robot_ws/install/moveit_control/share/moveit_control/package.xml
