[0.145s] DEBUG:colcon:Command line arguments: ['/usr/bin/colcon', 'build']
[0.145s] DEBUG:colcon:Parsed command line arguments: Namespace(log_base=None, log_level=None, verb_name='build', build_base='build', install_base='install', merge_install=False, symlink_install=False, test_result_base=None, continue_on_error=False, executor='parallel', parallel_workers=4, event_handlers=None, ignore_user_meta=False, metas=['./colcon.meta'], base_paths=['.'], packages_ignore=None, packages_ignore_regex=None, paths=None, packages_up_to=None, packages_up_to_regex=None, packages_above=None, packages_above_and_dependencies=None, packages_above_depth=None, packages_select_by_dep=None, packages_skip_by_dep=None, packages_skip_up_to=None, packages_select_build_failed=False, packages_skip_build_finished=False, packages_select_test_failures=False, packages_skip_test_passed=False, packages_select=None, packages_skip=None, packages_select_regex=None, packages_skip_regex=None, packages_start=None, packages_end=None, allow_overriding=[], cmake_args=None, cmake_target=None, cmake_target_skip_unavailable=False, cmake_clean_cache=False, cmake_clean_first=False, cmake_force_configure=False, ament_cmake_args=None, catkin_cmake_args=None, catkin_skip_building_tests=False, mixin_files=None, mixin=None, verb_parser=<colcon_mixin.mixin.mixin_argument.MixinArgumentDecorator object at 0x7a843305f730>, verb_extension=<colcon_core.verb.build.BuildVerb object at 0x7a843305f130>, main=<bound method BuildVerb.main of <colcon_core.verb.build.BuildVerb object at 0x7a843305f130>>, mixin_verb=('build',))
[0.414s] Level 1:colcon.colcon_core.package_discovery:discover_packages(colcon_meta) check parameters
[0.414s] Level 1:colcon.colcon_core.package_discovery:discover_packages(recursive) check parameters
[0.414s] Level 1:colcon.colcon_core.package_discovery:discover_packages(ignore) check parameters
[0.414s] Level 1:colcon.colcon_core.package_discovery:discover_packages(path) check parameters
[0.414s] Level 1:colcon.colcon_core.package_discovery:discover_packages(colcon_meta) discover
[0.414s] Level 1:colcon.colcon_core.package_discovery:discover_packages(recursive) discover
[0.414s] INFO:colcon.colcon_core.package_discovery:Crawling recursively for packages in '/home/kol/Documents/ros_workstation/ps_3'
[0.414s] Level 1:colcon.colcon_core.package_identification:_identify(.) by extensions ['ignore', 'ignore_ament_install']
[0.414s] Level 1:colcon.colcon_core.package_identification:_identify(.) by extension 'ignore'
[0.415s] Level 1:colcon.colcon_core.package_identification:_identify(.) by extension 'ignore_ament_install'
[0.415s] Level 1:colcon.colcon_core.package_identification:_identify(.) by extensions ['colcon_pkg']
[0.415s] Level 1:colcon.colcon_core.package_identification:_identify(.) by extension 'colcon_pkg'
[0.415s] Level 1:colcon.colcon_core.package_identification:_identify(.) by extensions ['colcon_meta']
[0.415s] Level 1:colcon.colcon_core.package_identification:_identify(.) by extension 'colcon_meta'
[0.415s] Level 1:colcon.colcon_core.package_identification:_identify(.) by extensions ['ros']
[0.415s] Level 1:colcon.colcon_core.package_identification:_identify(.) by extension 'ros'
[0.428s] Level 1:colcon.colcon_core.package_identification:_identify(.) by extensions ['cmake', 'python']
[0.428s] Level 1:colcon.colcon_core.package_identification:_identify(.) by extension 'cmake'
[0.428s] Level 1:colcon.colcon_core.package_identification:_identify(.) by extension 'python'
[0.428s] Level 1:colcon.colcon_core.package_identification:_identify(.) by extensions ['python_setup_py']
[0.428s] Level 1:colcon.colcon_core.package_identification:_identify(.) by extension 'python_setup_py'
[0.428s] Level 1:colcon.colcon_core.package_identification:_identify(build) by extensions ['ignore', 'ignore_ament_install']
[0.429s] Level 1:colcon.colcon_core.package_identification:_identify(build) by extension 'ignore'
[0.429s] Level 1:colcon.colcon_core.package_identification:_identify(build) ignored
[0.429s] Level 1:colcon.colcon_core.package_identification:_identify(install) by extensions ['ignore', 'ignore_ament_install']
[0.429s] Level 1:colcon.colcon_core.package_identification:_identify(install) by extension 'ignore'
[0.429s] Level 1:colcon.colcon_core.package_identification:_identify(install) ignored
[0.429s] Level 1:colcon.colcon_core.package_identification:_identify(log) by extensions ['ignore', 'ignore_ament_install']
[0.429s] Level 1:colcon.colcon_core.package_identification:_identify(log) by extension 'ignore'
[0.429s] Level 1:colcon.colcon_core.package_identification:_identify(log) ignored
[0.429s] Level 1:colcon.colcon_core.package_identification:_identify(src) by extensions ['ignore', 'ignore_ament_install']
[0.429s] Level 1:colcon.colcon_core.package_identification:_identify(src) by extension 'ignore'
[0.429s] Level 1:colcon.colcon_core.package_identification:_identify(src) by extension 'ignore_ament_install'
[0.429s] Level 1:colcon.colcon_core.package_identification:_identify(src) by extensions ['colcon_pkg']
[0.429s] Level 1:colcon.colcon_core.package_identification:_identify(src) by extension 'colcon_pkg'
[0.429s] Level 1:colcon.colcon_core.package_identification:_identify(src) by extensions ['colcon_meta']
[0.430s] Level 1:colcon.colcon_core.package_identification:_identify(src) by extension 'colcon_meta'
[0.430s] Level 1:colcon.colcon_core.package_identification:_identify(src) by extensions ['ros']
[0.430s] Level 1:colcon.colcon_core.package_identification:_identify(src) by extension 'ros'
[0.430s] Level 1:colcon.colcon_core.package_identification:_identify(src) by extensions ['cmake', 'python']
[0.430s] Level 1:colcon.colcon_core.package_identification:_identify(src) by extension 'cmake'
[0.430s] Level 1:colcon.colcon_core.package_identification:_identify(src) by extension 'python'
[0.430s] Level 1:colcon.colcon_core.package_identification:_identify(src) by extensions ['python_setup_py']
[0.430s] Level 1:colcon.colcon_core.package_identification:_identify(src) by extension 'python_setup_py'
[0.430s] Level 1:colcon.colcon_core.package_identification:_identify(src/ps3) by extensions ['ignore', 'ignore_ament_install']
[0.430s] Level 1:colcon.colcon_core.package_identification:_identify(src/ps3) by extension 'ignore'
[0.430s] Level 1:colcon.colcon_core.package_identification:_identify(src/ps3) by extension 'ignore_ament_install'
[0.430s] Level 1:colcon.colcon_core.package_identification:_identify(src/ps3) by extensions ['colcon_pkg']
[0.430s] Level 1:colcon.colcon_core.package_identification:_identify(src/ps3) by extension 'colcon_pkg'
[0.430s] Level 1:colcon.colcon_core.package_identification:_identify(src/ps3) by extensions ['colcon_meta']
[0.430s] Level 1:colcon.colcon_core.package_identification:_identify(src/ps3) by extension 'colcon_meta'
[0.430s] Level 1:colcon.colcon_core.package_identification:_identify(src/ps3) by extensions ['ros']
[0.430s] Level 1:colcon.colcon_core.package_identification:_identify(src/ps3) by extension 'ros'
[0.434s] DEBUG:colcon.colcon_core.package_identification:Package 'src/ps3' with type 'ros.ament_cmake' and name 'ps3'
[0.434s] Level 1:colcon.colcon_core.package_discovery:discover_packages(recursive) using defaults
[0.434s] Level 1:colcon.colcon_core.package_discovery:discover_packages(ignore) discover
[0.434s] Level 1:colcon.colcon_core.package_discovery:discover_packages(ignore) using defaults
[0.434s] Level 1:colcon.colcon_core.package_discovery:discover_packages(path) discover
[0.434s] Level 1:colcon.colcon_core.package_discovery:discover_packages(path) using defaults
[0.469s] Level 1:colcon.colcon_core.package_discovery:discover_packages(prefix_path) check parameters
[0.469s] Level 1:colcon.colcon_core.package_discovery:discover_packages(prefix_path) discover
[0.473s] DEBUG:colcon.colcon_installed_package_information.package_discovery:Found 363 installed packages in /opt/ros/humble
[0.475s] Level 1:colcon.colcon_core.package_discovery:discover_packages(prefix_path) using defaults
[0.569s] Level 5:colcon.colcon_core.verb:set package 'ps3' build argument 'cmake_args' from command line to 'None'
[0.569s] Level 5:colcon.colcon_core.verb:set package 'ps3' build argument 'cmake_target' from command line to 'None'
[0.569s] Level 5:colcon.colcon_core.verb:set package 'ps3' build argument 'cmake_target_skip_unavailable' from command line to 'False'
[0.569s] Level 5:colcon.colcon_core.verb:set package 'ps3' build argument 'cmake_clean_cache' from command line to 'False'
[0.569s] Level 5:colcon.colcon_core.verb:set package 'ps3' build argument 'cmake_clean_first' from command line to 'False'
[0.569s] Level 5:colcon.colcon_core.verb:set package 'ps3' build argument 'cmake_force_configure' from command line to 'False'
[0.569s] Level 5:colcon.colcon_core.verb:set package 'ps3' build argument 'ament_cmake_args' from command line to 'None'
[0.569s] Level 5:colcon.colcon_core.verb:set package 'ps3' build argument 'catkin_cmake_args' from command line to 'None'
[0.569s] Level 5:colcon.colcon_core.verb:set package 'ps3' build argument 'catkin_skip_building_tests' from command line to 'False'
[0.569s] DEBUG:colcon.colcon_core.verb:Building package 'ps3' with the following arguments: {'ament_cmake_args': None, 'build_base': '/home/kol/Documents/ros_workstation/ps_3/build/ps3', 'catkin_cmake_args': None, 'catkin_skip_building_tests': False, 'cmake_args': None, 'cmake_clean_cache': False, 'cmake_clean_first': False, 'cmake_force_configure': False, 'cmake_target': None, 'cmake_target_skip_unavailable': False, 'install_base': '/home/kol/Documents/ros_workstation/ps_3/install/ps3', 'merge_install': False, 'path': '/home/kol/Documents/ros_workstation/ps_3/src/ps3', 'symlink_install': False, 'test_result_base': None}
[0.569s] INFO:colcon.colcon_core.executor:Executing jobs using 'parallel' executor
[0.570s] DEBUG:colcon.colcon_parallel_executor.executor.parallel:run_until_complete
[0.571s] INFO:colcon.colcon_ros.task.ament_cmake.build:Building ROS package in '/home/kol/Documents/ros_workstation/ps_3/src/ps3' with build type 'ament_cmake'
[0.571s] INFO:colcon.colcon_cmake.task.cmake.build:Building CMake package in '/home/kol/Documents/ros_workstation/ps_3/src/ps3'
[0.574s] INFO:colcon.colcon_core.plugin_system:Skipping extension 'colcon_core.shell.bat': Not used on non-Windows systems
[0.575s] INFO:colcon.colcon_core.shell:Skip shell extension 'powershell' for command environment: Not usable outside of PowerShell
[0.575s] DEBUG:colcon.colcon_core.shell:Skip shell extension 'dsv' for command environment
[0.584s] DEBUG:colcon.colcon_core.event_handler.log_command:Invoking command in '/home/kol/Documents/ros_workstation/ps_3/build/ps3': CMAKE_PREFIX_PATH=/opt/ros/humble /usr/bin/cmake --build /home/kol/Documents/ros_workstation/ps_3/build/ps3 -- -j4 -l4
[13.112s] DEBUG:colcon.colcon_core.event_handler.log_command:Invoked command in '/home/kol/Documents/ros_workstation/ps_3/build/ps3' returned '0': CMAKE_PREFIX_PATH=/opt/ros/humble /usr/bin/cmake --build /home/kol/Documents/ros_workstation/ps_3/build/ps3 -- -j4 -l4
[13.125s] DEBUG:colcon.colcon_core.event_handler.log_command:Invoking command in '/home/kol/Documents/ros_workstation/ps_3/build/ps3': CMAKE_PREFIX_PATH=/opt/ros/humble /usr/bin/cmake --install /home/kol/Documents/ros_workstation/ps_3/build/ps3
[13.146s] Level 1:colcon.colcon_core.environment:create_environment_scripts_only(ps3)
[13.148s] DEBUG:colcon.colcon_core.event_handler.log_command:Invoked command in '/home/kol/Documents/ros_workstation/ps_3/build/ps3' returned '0': CMAKE_PREFIX_PATH=/opt/ros/humble /usr/bin/cmake --install /home/kol/Documents/ros_workstation/ps_3/build/ps3
[13.153s] Level 1:colcon.colcon_core.environment:checking '/home/kol/Documents/ros_workstation/ps_3/install/ps3' for CMake module files
[13.154s] Level 1:colcon.colcon_core.environment:checking '/home/kol/Documents/ros_workstation/ps_3/install/ps3' for CMake config files
[13.155s] Level 1:colcon.colcon_core.shell:create_environment_hook('ps3', 'cmake_prefix_path')
[13.155s] INFO:colcon.colcon_core.shell:Creating environment hook '/home/kol/Documents/ros_workstation/ps_3/install/ps3/share/ps3/hook/cmake_prefix_path.ps1'
[13.156s] INFO:colcon.colcon_core.shell:Creating environment descriptor '/home/kol/Documents/ros_workstation/ps_3/install/ps3/share/ps3/hook/cmake_prefix_path.dsv'
[13.157s] INFO:colcon.colcon_core.shell:Creating environment hook '/home/kol/Documents/ros_workstation/ps_3/install/ps3/share/ps3/hook/cmake_prefix_path.sh'
[13.159s] Level 1:colcon.colcon_core.environment:checking '/home/kol/Documents/ros_workstation/ps_3/install/ps3/lib'
[13.159s] Level 1:colcon.colcon_core.environment:checking '/home/kol/Documents/ros_workstation/ps_3/install/ps3/bin'
[13.159s] Level 1:colcon.colcon_core.environment:checking '/home/kol/Documents/ros_workstation/ps_3/install/ps3/lib/pkgconfig/ps3.pc'
[13.160s] Level 1:colcon.colcon_core.environment:checking '/home/kol/Documents/ros_workstation/ps_3/install/ps3/lib/python3.10/site-packages'
[13.160s] Level 1:colcon.colcon_core.environment:checking '/home/kol/Documents/ros_workstation/ps_3/install/ps3/bin'
[13.161s] INFO:colcon.colcon_core.shell:Creating package script '/home/kol/Documents/ros_workstation/ps_3/install/ps3/share/ps3/package.ps1'
[13.162s] INFO:colcon.colcon_core.shell:Creating package descriptor '/home/kol/Documents/ros_workstation/ps_3/install/ps3/share/ps3/package.dsv'
[13.163s] INFO:colcon.colcon_core.shell:Creating package script '/home/kol/Documents/ros_workstation/ps_3/install/ps3/share/ps3/package.sh'
[13.165s] INFO:colcon.colcon_core.shell:Creating package script '/home/kol/Documents/ros_workstation/ps_3/install/ps3/share/ps3/package.bash'
[13.166s] INFO:colcon.colcon_core.shell:Creating package script '/home/kol/Documents/ros_workstation/ps_3/install/ps3/share/ps3/package.zsh'
[13.168s] Level 1:colcon.colcon_core.environment:create_file_with_runtime_dependencies(/home/kol/Documents/ros_workstation/ps_3/install/ps3/share/colcon-core/packages/ps3)
[13.169s] Level 1:colcon.colcon_core.environment:create_environment_scripts_only(ps3)
[13.170s] Level 1:colcon.colcon_core.environment:checking '/home/kol/Documents/ros_workstation/ps_3/install/ps3' for CMake module files
[13.170s] Level 1:colcon.colcon_core.environment:checking '/home/kol/Documents/ros_workstation/ps_3/install/ps3' for CMake config files
[13.171s] Level 1:colcon.colcon_core.shell:create_environment_hook('ps3', 'cmake_prefix_path')
[13.171s] INFO:colcon.colcon_core.shell:Creating environment hook '/home/kol/Documents/ros_workstation/ps_3/install/ps3/share/ps3/hook/cmake_prefix_path.ps1'
[13.172s] INFO:colcon.colcon_core.shell:Creating environment descriptor '/home/kol/Documents/ros_workstation/ps_3/install/ps3/share/ps3/hook/cmake_prefix_path.dsv'
[13.173s] INFO:colcon.colcon_core.shell:Creating environment hook '/home/kol/Documents/ros_workstation/ps_3/install/ps3/share/ps3/hook/cmake_prefix_path.sh'
[13.173s] Level 1:colcon.colcon_core.environment:checking '/home/kol/Documents/ros_workstation/ps_3/install/ps3/lib'
[13.174s] Level 1:colcon.colcon_core.environment:checking '/home/kol/Documents/ros_workstation/ps_3/install/ps3/bin'
[13.174s] Level 1:colcon.colcon_core.environment:checking '/home/kol/Documents/ros_workstation/ps_3/install/ps3/lib/pkgconfig/ps3.pc'
[13.174s] Level 1:colcon.colcon_core.environment:checking '/home/kol/Documents/ros_workstation/ps_3/install/ps3/lib/python3.10/site-packages'
[13.175s] Level 1:colcon.colcon_core.environment:checking '/home/kol/Documents/ros_workstation/ps_3/install/ps3/bin'
[13.175s] INFO:colcon.colcon_core.shell:Creating package script '/home/kol/Documents/ros_workstation/ps_3/install/ps3/share/ps3/package.ps1'
[13.177s] INFO:colcon.colcon_core.shell:Creating package descriptor '/home/kol/Documents/ros_workstation/ps_3/install/ps3/share/ps3/package.dsv'
[13.178s] INFO:colcon.colcon_core.shell:Creating package script '/home/kol/Documents/ros_workstation/ps_3/install/ps3/share/ps3/package.sh'
[13.179s] INFO:colcon.colcon_core.shell:Creating package script '/home/kol/Documents/ros_workstation/ps_3/install/ps3/share/ps3/package.bash'
[13.180s] INFO:colcon.colcon_core.shell:Creating package script '/home/kol/Documents/ros_workstation/ps_3/install/ps3/share/ps3/package.zsh'
[13.181s] Level 1:colcon.colcon_core.environment:create_file_with_runtime_dependencies(/home/kol/Documents/ros_workstation/ps_3/install/ps3/share/colcon-core/packages/ps3)
[13.182s] DEBUG:colcon.colcon_parallel_executor.executor.parallel:closing loop
[13.182s] DEBUG:colcon.colcon_parallel_executor.executor.parallel:loop closed
[13.182s] DEBUG:colcon.colcon_parallel_executor.executor.parallel:run_until_complete finished with '0'
[13.182s] DEBUG:colcon.colcon_core.event_reactor:joining thread
[13.192s] INFO:colcon.colcon_core.plugin_system:Skipping extension 'colcon_notification.desktop_notification.terminal_notifier': Not used on non-Darwin systems
[13.192s] INFO:colcon.colcon_core.plugin_system:Skipping extension 'colcon_notification.desktop_notification.win32': Not used on non-Windows systems
[13.192s] INFO:colcon.colcon_notification.desktop_notification:Sending desktop notification using 'notify2'
[13.211s] DEBUG:colcon.colcon_core.event_reactor:joined thread
[13.212s] INFO:colcon.colcon_core.shell:Creating prefix script '/home/kol/Documents/ros_workstation/ps_3/install/local_setup.ps1'
[13.214s] INFO:colcon.colcon_core.shell:Creating prefix util module '/home/kol/Documents/ros_workstation/ps_3/install/_local_setup_util_ps1.py'
[13.218s] INFO:colcon.colcon_core.shell:Creating prefix chain script '/home/kol/Documents/ros_workstation/ps_3/install/setup.ps1'
[13.220s] INFO:colcon.colcon_core.shell:Creating prefix script '/home/kol/Documents/ros_workstation/ps_3/install/local_setup.sh'
[13.221s] INFO:colcon.colcon_core.shell:Creating prefix util module '/home/kol/Documents/ros_workstation/ps_3/install/_local_setup_util_sh.py'
[13.222s] INFO:colcon.colcon_core.shell:Creating prefix chain script '/home/kol/Documents/ros_workstation/ps_3/install/setup.sh'
[13.223s] INFO:colcon.colcon_core.shell:Creating prefix script '/home/kol/Documents/ros_workstation/ps_3/install/local_setup.bash'
[13.224s] INFO:colcon.colcon_core.shell:Creating prefix chain script '/home/kol/Documents/ros_workstation/ps_3/install/setup.bash'
[13.226s] INFO:colcon.colcon_core.shell:Creating prefix script '/home/kol/Documents/ros_workstation/ps_3/install/local_setup.zsh'
[13.228s] INFO:colcon.colcon_core.shell:Creating prefix chain script '/home/kol/Documents/ros_workstation/ps_3/install/setup.zsh'
