[0.010s] Invoking command in '/home/kol/Documents/ros_workstation/Control/panda/build/moveit_resources_panda_moveit_config': AMENT_PREFIX_PATH=/home/kol/Documents/ros_workstation/Control/panda/install/moveit_resources_panda_description:${AMENT_PREFIX_PATH} CMAKE_PREFIX_PATH=/home/kol/Documents/ros_workstation/Control/panda/install/moveit_resources_panda_description:/home/kol/Documents/test/moveit_resources/panda/install/moveit_resources_panda_moveit_config:/home/kol/Documents/test/moveit_resources/panda/install/dual_arm_panda_moveit_config:/home/kol/Documents/test/moveit_resources/panda/install/moveit_resources_panda_description:/opt/ros/humble /usr/bin/cmake /home/kol/Documents/ros_workstation/Control/panda/src/panda_moveit_config -DCMAKE_INSTALL_PREFIX=/home/kol/Documents/ros_workstation/Control/panda/install/moveit_resources_panda_moveit_config
[0.081s] -- The C compiler identification is GNU 11.4.0
[0.143s] -- The CXX compiler identification is GNU 11.4.0
[0.153s] -- Detecting C compiler ABI info
[0.240s] -- Detecting C compiler ABI info - done
[0.248s] -- Check for working C compiler: /usr/bin/cc - skipped
[0.249s] -- Detecting C compile features
[0.249s] -- Detecting C compile features - done
[0.253s] -- Detecting CXX compiler ABI info
[0.342s] -- Detecting CXX compiler ABI info - done
[0.358s] -- Check for working CXX compiler: /usr/bin/c++ - skipped
[0.358s] -- Detecting CXX compile features
[0.359s] -- Detecting CXX compile features - done
[0.364s] -- Found ament_cmake: 1.3.11 (/opt/ros/humble/share/ament_cmake/cmake)
[0.540s] -- Found Python3: /usr/bin/python3 (found version "3.10.12") found components: Interpreter 
[0.752s] -- Configuring done
[0.755s] -- Generating done
[0.757s] -- Build files have been written to: /home/kol/Documents/ros_workstation/Control/panda/build/moveit_resources_panda_moveit_config
[0.761s] Invoked command in '/home/kol/Documents/ros_workstation/Control/panda/build/moveit_resources_panda_moveit_config' returned '0': AMENT_PREFIX_PATH=/home/kol/Documents/ros_workstation/Control/panda/install/moveit_resources_panda_description:${AMENT_PREFIX_PATH} CMAKE_PREFIX_PATH=/home/kol/Documents/ros_workstation/Control/panda/install/moveit_resources_panda_description:/home/kol/Documents/test/moveit_resources/panda/install/moveit_resources_panda_moveit_config:/home/kol/Documents/test/moveit_resources/panda/install/dual_arm_panda_moveit_config:/home/kol/Documents/test/moveit_resources/panda/install/moveit_resources_panda_description:/opt/ros/humble /usr/bin/cmake /home/kol/Documents/ros_workstation/Control/panda/src/panda_moveit_config -DCMAKE_INSTALL_PREFIX=/home/kol/Documents/ros_workstation/Control/panda/install/moveit_resources_panda_moveit_config
[0.763s] Invoking command in '/home/kol/Documents/ros_workstation/Control/panda/build/moveit_resources_panda_moveit_config': AMENT_PREFIX_PATH=/home/kol/Documents/ros_workstation/Control/panda/install/moveit_resources_panda_description:${AMENT_PREFIX_PATH} CMAKE_PREFIX_PATH=/home/kol/Documents/ros_workstation/Control/panda/install/moveit_resources_panda_description:/home/kol/Documents/test/moveit_resources/panda/install/moveit_resources_panda_moveit_config:/home/kol/Documents/test/moveit_resources/panda/install/dual_arm_panda_moveit_config:/home/kol/Documents/test/moveit_resources/panda/install/moveit_resources_panda_description:/opt/ros/humble /usr/bin/cmake --build /home/kol/Documents/ros_workstation/Control/panda/build/moveit_resources_panda_moveit_config -- -j4 -l4
[0.805s] Invoked command in '/home/kol/Documents/ros_workstation/Control/panda/build/moveit_resources_panda_moveit_config' returned '0': AMENT_PREFIX_PATH=/home/kol/Documents/ros_workstation/Control/panda/install/moveit_resources_panda_description:${AMENT_PREFIX_PATH} CMAKE_PREFIX_PATH=/home/kol/Documents/ros_workstation/Control/panda/install/moveit_resources_panda_description:/home/kol/Documents/test/moveit_resources/panda/install/moveit_resources_panda_moveit_config:/home/kol/Documents/test/moveit_resources/panda/install/dual_arm_panda_moveit_config:/home/kol/Documents/test/moveit_resources/panda/install/moveit_resources_panda_description:/opt/ros/humble /usr/bin/cmake --build /home/kol/Documents/ros_workstation/Control/panda/build/moveit_resources_panda_moveit_config -- -j4 -l4
[0.807s] Invoking command in '/home/kol/Documents/ros_workstation/Control/panda/build/moveit_resources_panda_moveit_config': AMENT_PREFIX_PATH=/home/kol/Documents/ros_workstation/Control/panda/install/moveit_resources_panda_description:${AMENT_PREFIX_PATH} CMAKE_PREFIX_PATH=/home/kol/Documents/ros_workstation/Control/panda/install/moveit_resources_panda_description:/home/kol/Documents/test/moveit_resources/panda/install/moveit_resources_panda_moveit_config:/home/kol/Documents/test/moveit_resources/panda/install/dual_arm_panda_moveit_config:/home/kol/Documents/test/moveit_resources/panda/install/moveit_resources_panda_description:/opt/ros/humble /usr/bin/cmake --install /home/kol/Documents/ros_workstation/Control/panda/build/moveit_resources_panda_moveit_config
[0.816s] -- Install configuration: ""
[0.816s] -- Installing: /home/kol/Documents/ros_workstation/Control/panda/install/moveit_resources_panda_moveit_config/share/ament_index/resource_index/package_run_dependencies/moveit_resources_panda_moveit_config
[0.817s] -- Installing: /home/kol/Documents/ros_workstation/Control/panda/install/moveit_resources_panda_moveit_config/share/ament_index/resource_index/parent_prefix_path/moveit_resources_panda_moveit_config
[0.817s] -- Installing: /home/kol/Documents/ros_workstation/Control/panda/install/moveit_resources_panda_moveit_config/share/moveit_resources_panda_moveit_config/environment/ament_prefix_path.sh
[0.818s] -- Installing: /home/kol/Documents/ros_workstation/Control/panda/install/moveit_resources_panda_moveit_config/share/moveit_resources_panda_moveit_config/environment/ament_prefix_path.dsv
[0.818s] -- Installing: /home/kol/Documents/ros_workstation/Control/panda/install/moveit_resources_panda_moveit_config/share/moveit_resources_panda_moveit_config/environment/path.sh
[0.818s] -- Installing: /home/kol/Documents/ros_workstation/Control/panda/install/moveit_resources_panda_moveit_config/share/moveit_resources_panda_moveit_config/environment/path.dsv
[0.818s] -- Installing: /home/kol/Documents/ros_workstation/Control/panda/install/moveit_resources_panda_moveit_config/share/moveit_resources_panda_moveit_config/local_setup.bash
[0.818s] -- Installing: /home/kol/Documents/ros_workstation/Control/panda/install/moveit_resources_panda_moveit_config/share/moveit_resources_panda_moveit_config/local_setup.sh
[0.818s] -- Installing: /home/kol/Documents/ros_workstation/Control/panda/install/moveit_resources_panda_moveit_config/share/moveit_resources_panda_moveit_config/local_setup.zsh
[0.818s] -- Installing: /home/kol/Documents/ros_workstation/Control/panda/install/moveit_resources_panda_moveit_config/share/moveit_resources_panda_moveit_config/local_setup.dsv
[0.819s] -- Installing: /home/kol/Documents/ros_workstation/Control/panda/install/moveit_resources_panda_moveit_config/share/moveit_resources_panda_moveit_config/package.dsv
[0.819s] -- Installing: /home/kol/Documents/ros_workstation/Control/panda/install/moveit_resources_panda_moveit_config/share/ament_index/resource_index/packages/moveit_resources_panda_moveit_config
[0.819s] -- Installing: /home/kol/Documents/ros_workstation/Control/panda/install/moveit_resources_panda_moveit_config/share/moveit_resources_panda_moveit_config/cmake/moveit_resources_panda_moveit_configConfig.cmake
[0.819s] -- Installing: /home/kol/Documents/ros_workstation/Control/panda/install/moveit_resources_panda_moveit_config/share/moveit_resources_panda_moveit_config/cmake/moveit_resources_panda_moveit_configConfig-version.cmake
[0.819s] -- Installing: /home/kol/Documents/ros_workstation/Control/panda/install/moveit_resources_panda_moveit_config/share/moveit_resources_panda_moveit_config/package.xml
[0.820s] -- Installing: /home/kol/Documents/ros_workstation/Control/panda/install/moveit_resources_panda_moveit_config/share/moveit_resources_panda_moveit_config/launch
[0.820s] -- Installing: /home/kol/Documents/ros_workstation/Control/panda/install/moveit_resources_panda_moveit_config/share/moveit_resources_panda_moveit_config/launch/moveit.rviz
[0.820s] -- Installing: /home/kol/Documents/ros_workstation/Control/panda/install/moveit_resources_panda_moveit_config/share/moveit_resources_panda_moveit_config/launch/demo.launch.py
[0.820s] -- Installing: /home/kol/Documents/ros_workstation/Control/panda/install/moveit_resources_panda_moveit_config/share/moveit_resources_panda_moveit_config/launch/moveit_empty.rviz
[0.820s] -- Installing: /home/kol/Documents/ros_workstation/Control/panda/install/moveit_resources_panda_moveit_config/share/moveit_resources_panda_moveit_config/launch/moveit_rviz.launch.py
[0.820s] -- Installing: /home/kol/Documents/ros_workstation/Control/panda/install/moveit_resources_panda_moveit_config/share/moveit_resources_panda_moveit_config/config
[0.821s] -- Installing: /home/kol/Documents/ros_workstation/Control/panda/install/moveit_resources_panda_moveit_config/share/moveit_resources_panda_moveit_config/config/gripper_moveit_controllers.yaml
[0.821s] -- Installing: /home/kol/Documents/ros_workstation/Control/panda/install/moveit_resources_panda_moveit_config/share/moveit_resources_panda_moveit_config/config/moveit_controllers.yaml
[0.821s] -- Installing: /home/kol/Documents/ros_workstation/Control/panda/install/moveit_resources_panda_moveit_config/share/moveit_resources_panda_moveit_config/config/ros2_controllers.yaml
[0.822s] -- Installing: /home/kol/Documents/ros_workstation/Control/panda/install/moveit_resources_panda_moveit_config/share/moveit_resources_panda_moveit_config/config/joint_limits.yaml
[0.822s] -- Installing: /home/kol/Documents/ros_workstation/Control/panda/install/moveit_resources_panda_moveit_config/share/moveit_resources_panda_moveit_config/config/sensors_kinect_pointcloud.yaml
[0.822s] -- Installing: /home/kol/Documents/ros_workstation/Control/panda/install/moveit_resources_panda_moveit_config/share/moveit_resources_panda_moveit_config/config/bio_ik_kinematics.yaml
[0.822s] -- Installing: /home/kol/Documents/ros_workstation/Control/panda/install/moveit_resources_panda_moveit_config/share/moveit_resources_panda_moveit_config/config/panda.srdf
[0.822s] -- Installing: /home/kol/Documents/ros_workstation/Control/panda/install/moveit_resources_panda_moveit_config/share/moveit_resources_panda_moveit_config/config/trac_ik_kinematics.yaml
[0.823s] -- Installing: /home/kol/Documents/ros_workstation/Control/panda/install/moveit_resources_panda_moveit_config/share/moveit_resources_panda_moveit_config/config/hard_joint_limits.yaml
[0.823s] -- Installing: /home/kol/Documents/ros_workstation/Control/panda/install/moveit_resources_panda_moveit_config/share/moveit_resources_panda_moveit_config/config/panda_arm_hand.srdf.xacro
[0.823s] -- Installing: /home/kol/Documents/ros_workstation/Control/panda/install/moveit_resources_panda_moveit_config/share/moveit_resources_panda_moveit_config/config/ompl_planning.yaml
[0.823s] -- Installing: /home/kol/Documents/ros_workstation/Control/panda/install/moveit_resources_panda_moveit_config/share/moveit_resources_panda_moveit_config/config/hand.xacro
[0.824s] -- Installing: /home/kol/Documents/ros_workstation/Control/panda/install/moveit_resources_panda_moveit_config/share/moveit_resources_panda_moveit_config/config/kinematics.yaml
[0.824s] -- Installing: /home/kol/Documents/ros_workstation/Control/panda/install/moveit_resources_panda_moveit_config/share/moveit_resources_panda_moveit_config/config/panda.urdf.xacro
[0.824s] -- Installing: /home/kol/Documents/ros_workstation/Control/panda/install/moveit_resources_panda_moveit_config/share/moveit_resources_panda_moveit_config/config/initial_positions.yaml
[0.825s] -- Installing: /home/kol/Documents/ros_workstation/Control/panda/install/moveit_resources_panda_moveit_config/share/moveit_resources_panda_moveit_config/config/pilz_industrial_motion_planner_planning.yaml
[0.825s] -- Installing: /home/kol/Documents/ros_workstation/Control/panda/install/moveit_resources_panda_moveit_config/share/moveit_resources_panda_moveit_config/config/sensors_kinect_depthmap.yaml
[0.825s] -- Installing: /home/kol/Documents/ros_workstation/Control/panda/install/moveit_resources_panda_moveit_config/share/moveit_resources_panda_moveit_config/config/panda.ros2_control.xacro
[0.826s] -- Installing: /home/kol/Documents/ros_workstation/Control/panda/install/moveit_resources_panda_moveit_config/share/moveit_resources_panda_moveit_config/config/panda_arm.srdf.xacro
[0.826s] -- Installing: /home/kol/Documents/ros_workstation/Control/panda/install/moveit_resources_panda_moveit_config/share/moveit_resources_panda_moveit_config/config/stomp_planning.yaml
[0.828s] -- Installing: /home/kol/Documents/ros_workstation/Control/panda/install/moveit_resources_panda_moveit_config/share/moveit_resources_panda_moveit_config/config/panda_arm.xacro
[0.829s] -- Installing: /home/kol/Documents/ros_workstation/Control/panda/install/moveit_resources_panda_moveit_config/share/moveit_resources_panda_moveit_config/config/pilz_cartesian_limits.yaml
[0.829s] -- Installing: /home/kol/Documents/ros_workstation/Control/panda/install/moveit_resources_panda_moveit_config/share/moveit_resources_panda_moveit_config/config/panda_hand.ros2_control.xacro
[0.829s] -- Installing: /home/kol/Documents/ros_workstation/Control/panda/install/moveit_resources_panda_moveit_config/share/moveit_resources_panda_moveit_config/config/chomp_planning.yaml
[0.829s] -- Installing: /home/kol/Documents/ros_workstation/Control/panda/install/moveit_resources_panda_moveit_config/share/moveit_resources_panda_moveit_config/.setup_assistant
[0.830s] Invoked command in '/home/kol/Documents/ros_workstation/Control/panda/build/moveit_resources_panda_moveit_config' returned '0': AMENT_PREFIX_PATH=/home/kol/Documents/ros_workstation/Control/panda/install/moveit_resources_panda_description:${AMENT_PREFIX_PATH} CMAKE_PREFIX_PATH=/home/kol/Documents/ros_workstation/Control/panda/install/moveit_resources_panda_description:/home/kol/Documents/test/moveit_resources/panda/install/moveit_resources_panda_moveit_config:/home/kol/Documents/test/moveit_resources/panda/install/dual_arm_panda_moveit_config:/home/kol/Documents/test/moveit_resources/panda/install/moveit_resources_panda_description:/opt/ros/humble /usr/bin/cmake --install /home/kol/Documents/ros_workstation/Control/panda/build/moveit_resources_panda_moveit_config
