[0.333s] Invoking command in '/home/kol/Documents/ros_workstation/Control/six_dof_robot_ws/build/moveit_control': CMAKE_PREFIX_PATH=/opt/ros/humble /usr/bin/cmake --build /home/kol/Documents/ros_workstation/Control/six_dof_robot_ws/build/moveit_control -- -j4 -l4
[0.377s] [35m[1mConsolidate compiler generated dependencies of target hello_mvt[0m
[0.403s] [ 50%] [32mBuilding CXX object CMakeFiles/hello_mvt.dir/src/hello_moveit.cpp.o[0m
[8.846s] [100%] [32m[1mLinking CXX executable hello_mvt[0m
[9.153s] [100%] Built target hello_mvt
[9.166s] Invoked command in '/home/kol/Documents/ros_workstation/Control/six_dof_robot_ws/build/moveit_control' returned '0': CMAKE_PREFIX_PATH=/opt/ros/humble /usr/bin/cmake --build /home/kol/Documents/ros_workstation/Control/six_dof_robot_ws/build/moveit_control -- -j4 -l4
[9.167s] Invoking command in '/home/kol/Documents/ros_workstation/Control/six_dof_robot_ws/build/moveit_control': CMAKE_PREFIX_PATH=/opt/ros/humble /usr/bin/cmake --install /home/kol/Documents/ros_workstation/Control/six_dof_robot_ws/build/moveit_control
[9.172s] -- Install configuration: ""
[9.173s] -- Installing: /home/kol/Documents/ros_workstation/Control/six_dof_robot_ws/install/moveit_control/lib/moveit_control/hello_mvt
[9.173s] -- Set runtime path of "/home/kol/Documents/ros_workstation/Control/six_dof_robot_ws/install/moveit_control/lib/moveit_control/hello_mvt" to ""
[9.173s] -- Up-to-date: /home/kol/Documents/ros_workstation/Control/six_dof_robot_ws/install/moveit_control/share/ament_index/resource_index/package_run_dependencies/moveit_control
[9.174s] -- Up-to-date: /home/kol/Documents/ros_workstation/Control/six_dof_robot_ws/install/moveit_control/share/ament_index/resource_index/parent_prefix_path/moveit_control
[9.174s] -- Up-to-date: /home/kol/Documents/ros_workstation/Control/six_dof_robot_ws/install/moveit_control/share/moveit_control/environment/ament_prefix_path.sh
[9.174s] -- Up-to-date: /home/kol/Documents/ros_workstation/Control/six_dof_robot_ws/install/moveit_control/share/moveit_control/environment/ament_prefix_path.dsv
[9.174s] -- Up-to-date: /home/kol/Documents/ros_workstation/Control/six_dof_robot_ws/install/moveit_control/share/moveit_control/environment/path.sh
[9.174s] -- Up-to-date: /home/kol/Documents/ros_workstation/Control/six_dof_robot_ws/install/moveit_control/share/moveit_control/environment/path.dsv
[9.174s] -- Up-to-date: /home/kol/Documents/ros_workstation/Control/six_dof_robot_ws/install/moveit_control/share/moveit_control/local_setup.bash
[9.174s] -- Up-to-date: /home/kol/Documents/ros_workstation/Control/six_dof_robot_ws/install/moveit_control/share/moveit_control/local_setup.sh
[9.174s] -- Up-to-date: /home/kol/Documents/ros_workstation/Control/six_dof_robot_ws/install/moveit_control/share/moveit_control/local_setup.zsh
[9.174s] -- Up-to-date: /home/kol/Documents/ros_workstation/Control/six_dof_robot_ws/install/moveit_control/share/moveit_control/local_setup.dsv
[9.175s] -- Installing: /home/kol/Documents/ros_workstation/Control/six_dof_robot_ws/install/moveit_control/share/moveit_control/package.dsv
[9.175s] -- Up-to-date: /home/kol/Documents/ros_workstation/Control/six_dof_robot_ws/install/moveit_control/share/ament_index/resource_index/packages/moveit_control
[9.175s] -- Up-to-date: /home/kol/Documents/ros_workstation/Control/six_dof_robot_ws/install/moveit_control/share/moveit_control/cmake/moveit_controlConfig.cmake
[9.175s] -- Up-to-date: /home/kol/Documents/ros_workstation/Control/six_dof_robot_ws/install/moveit_control/share/moveit_control/cmake/moveit_controlConfig-version.cmake
[9.175s] -- Up-to-date: /home/kol/Documents/ros_workstation/Control/six_dof_robot_ws/install/moveit_control/share/moveit_control/package.xml
[9.177s] Invoked command in '/home/kol/Documents/ros_workstation/Control/six_dof_robot_ws/build/moveit_control' returned '0': CMAKE_PREFIX_PATH=/opt/ros/humble /usr/bin/cmake --install /home/kol/Documents/ros_workstation/Control/six_dof_robot_ws/build/moveit_control
