[0.147s] DEBUG:colcon:Command line arguments: ['/usr/bin/colcon', 'build']
[0.147s] DEBUG:colcon:Parsed command line arguments: Namespace(log_base=None, log_level=None, verb_name='build', build_base='build', install_base='install', merge_install=False, symlink_install=False, test_result_base=None, continue_on_error=False, executor='parallel', parallel_workers=4, event_handlers=None, ignore_user_meta=False, metas=['./colcon.meta'], base_paths=['.'], packages_ignore=None, packages_ignore_regex=None, paths=None, packages_up_to=None, packages_up_to_regex=None, packages_above=None, packages_above_and_dependencies=None, packages_above_depth=None, packages_select_by_dep=None, packages_skip_by_dep=None, packages_skip_up_to=None, packages_select_build_failed=False, packages_skip_build_finished=False, packages_select_test_failures=False, packages_skip_test_passed=False, packages_select=None, packages_skip=None, packages_select_regex=None, packages_skip_regex=None, packages_start=None, packages_end=None, allow_overriding=[], cmake_args=None, cmake_target=None, cmake_target_skip_unavailable=False, cmake_clean_cache=False, cmake_clean_first=False, cmake_force_configure=False, ament_cmake_args=None, catkin_cmake_args=None, catkin_skip_building_tests=False, mixin_files=None, mixin=None, verb_parser=<colcon_mixin.mixin.mixin_argument.MixinArgumentDecorator object at 0x739288d91de0>, verb_extension=<colcon_core.verb.build.BuildVerb object at 0x739288d91870>, main=<bound method BuildVerb.main of <colcon_core.verb.build.BuildVerb object at 0x739288d91870>>, mixin_verb=('build',))
[0.438s] Level 1:colcon.colcon_core.package_discovery:discover_packages(colcon_meta) check parameters
[0.438s] Level 1:colcon.colcon_core.package_discovery:discover_packages(recursive) check parameters
[0.438s] Level 1:colcon.colcon_core.package_discovery:discover_packages(ignore) check parameters
[0.438s] Level 1:colcon.colcon_core.package_discovery:discover_packages(path) check parameters
[0.438s] Level 1:colcon.colcon_core.package_discovery:discover_packages(colcon_meta) discover
[0.438s] Level 1:colcon.colcon_core.package_discovery:discover_packages(recursive) discover
[0.438s] INFO:colcon.colcon_core.package_discovery:Crawling recursively for packages in '/home/kol/Documents/ros_workstation/Control/six_dof_robot_ws'
[0.439s] Level 1:colcon.colcon_core.package_identification:_identify(.) by extensions ['ignore', 'ignore_ament_install']
[0.439s] Level 1:colcon.colcon_core.package_identification:_identify(.) by extension 'ignore'
[0.439s] Level 1:colcon.colcon_core.package_identification:_identify(.) by extension 'ignore_ament_install'
[0.439s] Level 1:colcon.colcon_core.package_identification:_identify(.) by extensions ['colcon_pkg']
[0.439s] Level 1:colcon.colcon_core.package_identification:_identify(.) by extension 'colcon_pkg'
[0.439s] Level 1:colcon.colcon_core.package_identification:_identify(.) by extensions ['colcon_meta']
[0.439s] Level 1:colcon.colcon_core.package_identification:_identify(.) by extension 'colcon_meta'
[0.439s] Level 1:colcon.colcon_core.package_identification:_identify(.) by extensions ['ros']
[0.439s] Level 1:colcon.colcon_core.package_identification:_identify(.) by extension 'ros'
[0.453s] Level 1:colcon.colcon_core.package_identification:_identify(.) by extensions ['cmake', 'python']
[0.453s] Level 1:colcon.colcon_core.package_identification:_identify(.) by extension 'cmake'
[0.453s] Level 1:colcon.colcon_core.package_identification:_identify(.) by extension 'python'
[0.453s] Level 1:colcon.colcon_core.package_identification:_identify(.) by extensions ['python_setup_py']
[0.453s] Level 1:colcon.colcon_core.package_identification:_identify(.) by extension 'python_setup_py'
[0.453s] Level 1:colcon.colcon_core.package_identification:_identify(build) by extensions ['ignore', 'ignore_ament_install']
[0.453s] Level 1:colcon.colcon_core.package_identification:_identify(build) by extension 'ignore'
[0.453s] Level 1:colcon.colcon_core.package_identification:_identify(build) ignored
[0.454s] Level 1:colcon.colcon_core.package_identification:_identify(install) by extensions ['ignore', 'ignore_ament_install']
[0.454s] Level 1:colcon.colcon_core.package_identification:_identify(install) by extension 'ignore'
[0.454s] Level 1:colcon.colcon_core.package_identification:_identify(install) ignored
[0.454s] Level 1:colcon.colcon_core.package_identification:_identify(log) by extensions ['ignore', 'ignore_ament_install']
[0.454s] Level 1:colcon.colcon_core.package_identification:_identify(log) by extension 'ignore'
[0.454s] Level 1:colcon.colcon_core.package_identification:_identify(log) ignored
[0.454s] Level 1:colcon.colcon_core.package_identification:_identify(src) by extensions ['ignore', 'ignore_ament_install']
[0.454s] Level 1:colcon.colcon_core.package_identification:_identify(src) by extension 'ignore'
[0.454s] Level 1:colcon.colcon_core.package_identification:_identify(src) by extension 'ignore_ament_install'
[0.454s] Level 1:colcon.colcon_core.package_identification:_identify(src) by extensions ['colcon_pkg']
[0.454s] Level 1:colcon.colcon_core.package_identification:_identify(src) by extension 'colcon_pkg'
[0.455s] Level 1:colcon.colcon_core.package_identification:_identify(src) by extensions ['colcon_meta']
[0.455s] Level 1:colcon.colcon_core.package_identification:_identify(src) by extension 'colcon_meta'
[0.455s] Level 1:colcon.colcon_core.package_identification:_identify(src) by extensions ['ros']
[0.455s] Level 1:colcon.colcon_core.package_identification:_identify(src) by extension 'ros'
[0.455s] Level 1:colcon.colcon_core.package_identification:_identify(src) by extensions ['cmake', 'python']
[0.455s] Level 1:colcon.colcon_core.package_identification:_identify(src) by extension 'cmake'
[0.455s] Level 1:colcon.colcon_core.package_identification:_identify(src) by extension 'python'
[0.455s] Level 1:colcon.colcon_core.package_identification:_identify(src) by extensions ['python_setup_py']
[0.455s] Level 1:colcon.colcon_core.package_identification:_identify(src) by extension 'python_setup_py'
[0.455s] Level 1:colcon.colcon_core.package_identification:_identify(src/welder_control) by extensions ['ignore', 'ignore_ament_install']
[0.455s] Level 1:colcon.colcon_core.package_identification:_identify(src/welder_control) by extension 'ignore'
[0.455s] Level 1:colcon.colcon_core.package_identification:_identify(src/welder_control) by extension 'ignore_ament_install'
[0.455s] Level 1:colcon.colcon_core.package_identification:_identify(src/welder_control) by extensions ['colcon_pkg']
[0.455s] Level 1:colcon.colcon_core.package_identification:_identify(src/welder_control) by extension 'colcon_pkg'
[0.455s] Level 1:colcon.colcon_core.package_identification:_identify(src/welder_control) by extensions ['colcon_meta']
[0.455s] Level 1:colcon.colcon_core.package_identification:_identify(src/welder_control) by extension 'colcon_meta'
[0.455s] Level 1:colcon.colcon_core.package_identification:_identify(src/welder_control) by extensions ['ros']
[0.456s] Level 1:colcon.colcon_core.package_identification:_identify(src/welder_control) by extension 'ros'
[0.459s] DEBUG:colcon.colcon_core.package_identification:Package 'src/welder_control' with type 'ros.ament_python' and name 'welder_control'
[0.459s] Level 1:colcon.colcon_core.package_identification:_identify(src/welder_description) by extensions ['ignore', 'ignore_ament_install']
[0.459s] Level 1:colcon.colcon_core.package_identification:_identify(src/welder_description) by extension 'ignore'
[0.459s] Level 1:colcon.colcon_core.package_identification:_identify(src/welder_description) by extension 'ignore_ament_install'
[0.459s] Level 1:colcon.colcon_core.package_identification:_identify(src/welder_description) by extensions ['colcon_pkg']
[0.459s] Level 1:colcon.colcon_core.package_identification:_identify(src/welder_description) by extension 'colcon_pkg'
[0.459s] Level 1:colcon.colcon_core.package_identification:_identify(src/welder_description) by extensions ['colcon_meta']
[0.459s] Level 1:colcon.colcon_core.package_identification:_identify(src/welder_description) by extension 'colcon_meta'
[0.459s] Level 1:colcon.colcon_core.package_identification:_identify(src/welder_description) by extensions ['ros']
[0.459s] Level 1:colcon.colcon_core.package_identification:_identify(src/welder_description) by extension 'ros'
[0.460s] DEBUG:colcon.colcon_core.package_identification:Package 'src/welder_description' with type 'ros.ament_python' and name 'welder_description'
[0.461s] Level 1:colcon.colcon_core.package_identification:_identify(src/welder_moveit_config) by extensions ['ignore', 'ignore_ament_install']
[0.461s] Level 1:colcon.colcon_core.package_identification:_identify(src/welder_moveit_config) by extension 'ignore'
[0.461s] Level 1:colcon.colcon_core.package_identification:_identify(src/welder_moveit_config) by extension 'ignore_ament_install'
[0.461s] Level 1:colcon.colcon_core.package_identification:_identify(src/welder_moveit_config) by extensions ['colcon_pkg']
[0.461s] Level 1:colcon.colcon_core.package_identification:_identify(src/welder_moveit_config) by extension 'colcon_pkg'
[0.461s] Level 1:colcon.colcon_core.package_identification:_identify(src/welder_moveit_config) by extensions ['colcon_meta']
[0.461s] Level 1:colcon.colcon_core.package_identification:_identify(src/welder_moveit_config) by extension 'colcon_meta'
[0.461s] Level 1:colcon.colcon_core.package_identification:_identify(src/welder_moveit_config) by extensions ['ros']
[0.461s] Level 1:colcon.colcon_core.package_identification:_identify(src/welder_moveit_config) by extension 'ros'
[0.462s] DEBUG:colcon.colcon_core.package_identification:Package 'src/welder_moveit_config' with type 'ros.ament_cmake' and name 'welder_moveit_config'
[0.462s] Level 1:colcon.colcon_core.package_discovery:discover_packages(recursive) using defaults
[0.462s] Level 1:colcon.colcon_core.package_discovery:discover_packages(ignore) discover
[0.462s] Level 1:colcon.colcon_core.package_discovery:discover_packages(ignore) using defaults
[0.462s] Level 1:colcon.colcon_core.package_discovery:discover_packages(path) discover
[0.462s] Level 1:colcon.colcon_core.package_discovery:discover_packages(path) using defaults
[0.497s] Level 1:colcon.colcon_core.package_discovery:discover_packages(prefix_path) check parameters
[0.497s] Level 1:colcon.colcon_core.package_discovery:discover_packages(prefix_path) discover
[0.500s] DEBUG:colcon.colcon_installed_package_information.package_discovery:Found 4 installed packages in /home/kol/Documents/ros_workstation/Control/Arm/install
[0.502s] DEBUG:colcon.colcon_installed_package_information.package_discovery:Found 382 installed packages in /opt/ros/humble
[0.504s] Level 1:colcon.colcon_core.package_discovery:discover_packages(prefix_path) using defaults
[0.569s] Level 5:colcon.colcon_core.verb:set package 'welder_control' build argument 'cmake_args' from command line to 'None'
[0.569s] Level 5:colcon.colcon_core.verb:set package 'welder_control' build argument 'cmake_target' from command line to 'None'
[0.569s] Level 5:colcon.colcon_core.verb:set package 'welder_control' build argument 'cmake_target_skip_unavailable' from command line to 'False'
[0.569s] Level 5:colcon.colcon_core.verb:set package 'welder_control' build argument 'cmake_clean_cache' from command line to 'False'
[0.569s] Level 5:colcon.colcon_core.verb:set package 'welder_control' build argument 'cmake_clean_first' from command line to 'False'
[0.569s] Level 5:colcon.colcon_core.verb:set package 'welder_control' build argument 'cmake_force_configure' from command line to 'False'
[0.569s] Level 5:colcon.colcon_core.verb:set package 'welder_control' build argument 'ament_cmake_args' from command line to 'None'
[0.569s] Level 5:colcon.colcon_core.verb:set package 'welder_control' build argument 'catkin_cmake_args' from command line to 'None'
[0.569s] Level 5:colcon.colcon_core.verb:set package 'welder_control' build argument 'catkin_skip_building_tests' from command line to 'False'
[0.569s] DEBUG:colcon.colcon_core.verb:Building package 'welder_control' with the following arguments: {'ament_cmake_args': None, 'build_base': '/home/kol/Documents/ros_workstation/Control/six_dof_robot_ws/build/welder_control', 'catkin_cmake_args': None, 'catkin_skip_building_tests': False, 'cmake_args': None, 'cmake_clean_cache': False, 'cmake_clean_first': False, 'cmake_force_configure': False, 'cmake_target': None, 'cmake_target_skip_unavailable': False, 'install_base': '/home/kol/Documents/ros_workstation/Control/six_dof_robot_ws/install/welder_control', 'merge_install': False, 'path': '/home/kol/Documents/ros_workstation/Control/six_dof_robot_ws/src/welder_control', 'symlink_install': False, 'test_result_base': None}
[0.570s] Level 5:colcon.colcon_core.verb:set package 'welder_description' build argument 'cmake_args' from command line to 'None'
[0.570s] Level 5:colcon.colcon_core.verb:set package 'welder_description' build argument 'cmake_target' from command line to 'None'
[0.570s] Level 5:colcon.colcon_core.verb:set package 'welder_description' build argument 'cmake_target_skip_unavailable' from command line to 'False'
[0.570s] Level 5:colcon.colcon_core.verb:set package 'welder_description' build argument 'cmake_clean_cache' from command line to 'False'
[0.570s] Level 5:colcon.colcon_core.verb:set package 'welder_description' build argument 'cmake_clean_first' from command line to 'False'
[0.570s] Level 5:colcon.colcon_core.verb:set package 'welder_description' build argument 'cmake_force_configure' from command line to 'False'
[0.570s] Level 5:colcon.colcon_core.verb:set package 'welder_description' build argument 'ament_cmake_args' from command line to 'None'
[0.570s] Level 5:colcon.colcon_core.verb:set package 'welder_description' build argument 'catkin_cmake_args' from command line to 'None'
[0.570s] Level 5:colcon.colcon_core.verb:set package 'welder_description' build argument 'catkin_skip_building_tests' from command line to 'False'
[0.570s] DEBUG:colcon.colcon_core.verb:Building package 'welder_description' with the following arguments: {'ament_cmake_args': None, 'build_base': '/home/kol/Documents/ros_workstation/Control/six_dof_robot_ws/build/welder_description', 'catkin_cmake_args': None, 'catkin_skip_building_tests': False, 'cmake_args': None, 'cmake_clean_cache': False, 'cmake_clean_first': False, 'cmake_force_configure': False, 'cmake_target': None, 'cmake_target_skip_unavailable': False, 'install_base': '/home/kol/Documents/ros_workstation/Control/six_dof_robot_ws/install/welder_description', 'merge_install': False, 'path': '/home/kol/Documents/ros_workstation/Control/six_dof_robot_ws/src/welder_description', 'symlink_install': False, 'test_result_base': None}
[0.571s] Level 5:colcon.colcon_core.verb:set package 'welder_moveit_config' build argument 'cmake_args' from command line to 'None'
[0.571s] Level 5:colcon.colcon_core.verb:set package 'welder_moveit_config' build argument 'cmake_target' from command line to 'None'
[0.571s] Level 5:colcon.colcon_core.verb:set package 'welder_moveit_config' build argument 'cmake_target_skip_unavailable' from command line to 'False'
[0.571s] Level 5:colcon.colcon_core.verb:set package 'welder_moveit_config' build argument 'cmake_clean_cache' from command line to 'False'
[0.571s] Level 5:colcon.colcon_core.verb:set package 'welder_moveit_config' build argument 'cmake_clean_first' from command line to 'False'
[0.571s] Level 5:colcon.colcon_core.verb:set package 'welder_moveit_config' build argument 'cmake_force_configure' from command line to 'False'
[0.571s] Level 5:colcon.colcon_core.verb:set package 'welder_moveit_config' build argument 'ament_cmake_args' from command line to 'None'
[0.571s] Level 5:colcon.colcon_core.verb:set package 'welder_moveit_config' build argument 'catkin_cmake_args' from command line to 'None'
[0.571s] Level 5:colcon.colcon_core.verb:set package 'welder_moveit_config' build argument 'catkin_skip_building_tests' from command line to 'False'
[0.571s] DEBUG:colcon.colcon_core.verb:Building package 'welder_moveit_config' with the following arguments: {'ament_cmake_args': None, 'build_base': '/home/kol/Documents/ros_workstation/Control/six_dof_robot_ws/build/welder_moveit_config', 'catkin_cmake_args': None, 'catkin_skip_building_tests': False, 'cmake_args': None, 'cmake_clean_cache': False, 'cmake_clean_first': False, 'cmake_force_configure': False, 'cmake_target': None, 'cmake_target_skip_unavailable': False, 'install_base': '/home/kol/Documents/ros_workstation/Control/six_dof_robot_ws/install/welder_moveit_config', 'merge_install': False, 'path': '/home/kol/Documents/ros_workstation/Control/six_dof_robot_ws/src/welder_moveit_config', 'symlink_install': False, 'test_result_base': None}
[0.571s] INFO:colcon.colcon_core.executor:Executing jobs using 'parallel' executor
[0.572s] DEBUG:colcon.colcon_parallel_executor.executor.parallel:run_until_complete
[0.572s] INFO:colcon.colcon_ros.task.ament_python.build:Building ROS package in '/home/kol/Documents/ros_workstation/Control/six_dof_robot_ws/src/welder_description' with build type 'ament_python'
[0.573s] Level 1:colcon.colcon_core.shell:create_environment_hook('welder_description', 'ament_prefix_path')
[0.576s] INFO:colcon.colcon_core.plugin_system:Skipping extension 'colcon_core.shell.bat': Not used on non-Windows systems
[0.576s] INFO:colcon.colcon_core.shell:Creating environment hook '/home/kol/Documents/ros_workstation/Control/six_dof_robot_ws/install/welder_description/share/welder_description/hook/ament_prefix_path.ps1'
[0.577s] INFO:colcon.colcon_core.shell:Creating environment descriptor '/home/kol/Documents/ros_workstation/Control/six_dof_robot_ws/install/welder_description/share/welder_description/hook/ament_prefix_path.dsv'
[0.577s] INFO:colcon.colcon_core.shell:Creating environment hook '/home/kol/Documents/ros_workstation/Control/six_dof_robot_ws/install/welder_description/share/welder_description/hook/ament_prefix_path.sh'
[0.578s] INFO:colcon.colcon_core.shell:Skip shell extension 'powershell' for command environment: Not usable outside of PowerShell
[0.578s] DEBUG:colcon.colcon_core.shell:Skip shell extension 'dsv' for command environment
[0.583s] INFO:colcon.colcon_ros.task.ament_python.build:Building ROS package in '/home/kol/Documents/ros_workstation/Control/six_dof_robot_ws/src/welder_control' with build type 'ament_python'
[0.583s] Level 1:colcon.colcon_core.shell:create_environment_hook('welder_control', 'ament_prefix_path')
[0.584s] INFO:colcon.colcon_core.shell:Creating environment hook '/home/kol/Documents/ros_workstation/Control/six_dof_robot_ws/install/welder_control/share/welder_control/hook/ament_prefix_path.ps1'
[0.585s] INFO:colcon.colcon_core.shell:Creating environment descriptor '/home/kol/Documents/ros_workstation/Control/six_dof_robot_ws/install/welder_control/share/welder_control/hook/ament_prefix_path.dsv'
[0.585s] INFO:colcon.colcon_core.shell:Creating environment hook '/home/kol/Documents/ros_workstation/Control/six_dof_robot_ws/install/welder_control/share/welder_control/hook/ament_prefix_path.sh'
[0.586s] INFO:colcon.colcon_core.shell:Skip shell extension 'powershell' for command environment: Not usable outside of PowerShell
[0.586s] DEBUG:colcon.colcon_core.shell:Skip shell extension 'dsv' for command environment
[1.027s] INFO:colcon.colcon_core.task.python.build:Building Python package in '/home/kol/Documents/ros_workstation/Control/six_dof_robot_ws/src/welder_description'
[1.028s] INFO:colcon.colcon_core.shell:Skip shell extension 'powershell' for command environment: Not usable outside of PowerShell
[1.028s] DEBUG:colcon.colcon_core.shell:Skip shell extension 'dsv' for command environment
[1.441s] INFO:colcon.colcon_core.task.python.build:Building Python package in '/home/kol/Documents/ros_workstation/Control/six_dof_robot_ws/src/welder_control'
[1.442s] INFO:colcon.colcon_core.shell:Skip shell extension 'powershell' for command environment: Not usable outside of PowerShell
[1.442s] DEBUG:colcon.colcon_core.shell:Skip shell extension 'dsv' for command environment
[2.206s] DEBUG:colcon.colcon_core.event_handler.log_command:Invoking command in '/home/kol/Documents/ros_workstation/Control/six_dof_robot_ws/src/welder_description': PYTHONPATH=/home/kol/Documents/ros_workstation/Control/six_dof_robot_ws/build/welder_description/prefix_override:/usr/lib/python3/dist-packages/colcon_core/task/python/colcon_distutils_commands:/home/kol/Documents/ros_workstation/Control/six_dof_robot_ws/install/welder_description/lib/python3.10/site-packages:${PYTHONPATH} /usr/bin/python3 -W ignore:setup.py install is deprecated -W ignore:easy_install command is deprecated setup.py egg_info --egg-base ../../build/welder_description build --build-base /home/kol/Documents/ros_workstation/Control/six_dof_robot_ws/build/welder_description/build install --record /home/kol/Documents/ros_workstation/Control/six_dof_robot_ws/build/welder_description/install.log --single-version-externally-managed install_data
[2.212s] DEBUG:colcon.colcon_core.event_handler.log_command:Invoking command in '/home/kol/Documents/ros_workstation/Control/six_dof_robot_ws/src/welder_control': PYTHONPATH=/home/kol/Documents/ros_workstation/Control/six_dof_robot_ws/build/welder_control/prefix_override:/usr/lib/python3/dist-packages/colcon_core/task/python/colcon_distutils_commands:/home/kol/Documents/ros_workstation/Control/six_dof_robot_ws/install/welder_control/lib/python3.10/site-packages:${PYTHONPATH} /usr/bin/python3 -W ignore:setup.py install is deprecated -W ignore:easy_install command is deprecated setup.py egg_info --egg-base ../../build/welder_control build --build-base /home/kol/Documents/ros_workstation/Control/six_dof_robot_ws/build/welder_control/build install --record /home/kol/Documents/ros_workstation/Control/six_dof_robot_ws/build/welder_control/install.log --single-version-externally-managed install_data
[2.743s] DEBUG:colcon.colcon_core.event_handler.log_command:Invoked command in '/home/kol/Documents/ros_workstation/Control/six_dof_robot_ws/src/welder_control' returned '0': PYTHONPATH=/home/kol/Documents/ros_workstation/Control/six_dof_robot_ws/build/welder_control/prefix_override:/usr/lib/python3/dist-packages/colcon_core/task/python/colcon_distutils_commands:/home/kol/Documents/ros_workstation/Control/six_dof_robot_ws/install/welder_control/lib/python3.10/site-packages:${PYTHONPATH} /usr/bin/python3 -W ignore:setup.py install is deprecated -W ignore:easy_install command is deprecated setup.py egg_info --egg-base ../../build/welder_control build --build-base /home/kol/Documents/ros_workstation/Control/six_dof_robot_ws/build/welder_control/build install --record /home/kol/Documents/ros_workstation/Control/six_dof_robot_ws/build/welder_control/install.log --single-version-externally-managed install_data
[2.753s] Level 1:colcon.colcon_core.environment:checking '/home/kol/Documents/ros_workstation/Control/six_dof_robot_ws/install/welder_control' for CMake module files
[2.754s] Level 1:colcon.colcon_core.environment:checking '/home/kol/Documents/ros_workstation/Control/six_dof_robot_ws/install/welder_control' for CMake config files
[2.756s] Level 1:colcon.colcon_core.environment:checking '/home/kol/Documents/ros_workstation/Control/six_dof_robot_ws/install/welder_control/lib'
[2.756s] Level 1:colcon.colcon_core.environment:checking '/home/kol/Documents/ros_workstation/Control/six_dof_robot_ws/install/welder_control/bin'
[2.756s] Level 1:colcon.colcon_core.environment:checking '/home/kol/Documents/ros_workstation/Control/six_dof_robot_ws/install/welder_control/lib/pkgconfig/welder_control.pc'
[2.757s] Level 1:colcon.colcon_core.environment:checking '/home/kol/Documents/ros_workstation/Control/six_dof_robot_ws/install/welder_control/lib/python3.10/site-packages'
[2.757s] Level 1:colcon.colcon_core.shell:create_environment_hook('welder_control', 'pythonpath')
[2.757s] INFO:colcon.colcon_core.shell:Creating environment hook '/home/kol/Documents/ros_workstation/Control/six_dof_robot_ws/install/welder_control/share/welder_control/hook/pythonpath.ps1'
[2.759s] INFO:colcon.colcon_core.shell:Creating environment descriptor '/home/kol/Documents/ros_workstation/Control/six_dof_robot_ws/install/welder_control/share/welder_control/hook/pythonpath.dsv'
[2.760s] INFO:colcon.colcon_core.shell:Creating environment hook '/home/kol/Documents/ros_workstation/Control/six_dof_robot_ws/install/welder_control/share/welder_control/hook/pythonpath.sh'
[2.761s] Level 1:colcon.colcon_core.environment:checking '/home/kol/Documents/ros_workstation/Control/six_dof_robot_ws/install/welder_control/bin'
[2.761s] Level 1:colcon.colcon_core.environment:create_environment_scripts_only(welder_control)
[2.762s] INFO:colcon.colcon_core.shell:Creating package script '/home/kol/Documents/ros_workstation/Control/six_dof_robot_ws/install/welder_control/share/welder_control/package.ps1'
[2.765s] INFO:colcon.colcon_core.shell:Creating package descriptor '/home/kol/Documents/ros_workstation/Control/six_dof_robot_ws/install/welder_control/share/welder_control/package.dsv'
[2.766s] INFO:colcon.colcon_core.shell:Creating package script '/home/kol/Documents/ros_workstation/Control/six_dof_robot_ws/install/welder_control/share/welder_control/package.sh'
[2.768s] INFO:colcon.colcon_core.shell:Creating package script '/home/kol/Documents/ros_workstation/Control/six_dof_robot_ws/install/welder_control/share/welder_control/package.bash'
[2.769s] INFO:colcon.colcon_core.shell:Creating package script '/home/kol/Documents/ros_workstation/Control/six_dof_robot_ws/install/welder_control/share/welder_control/package.zsh'
[2.771s] Level 1:colcon.colcon_core.environment:create_file_with_runtime_dependencies(/home/kol/Documents/ros_workstation/Control/six_dof_robot_ws/install/welder_control/share/colcon-core/packages/welder_control)
[2.777s] Level 1:colcon.colcon_core.environment:checking '/home/kol/Documents/ros_workstation/Control/six_dof_robot_ws/install/welder_description' for CMake module files
[2.778s] DEBUG:colcon.colcon_core.event_handler.log_command:Invoked command in '/home/kol/Documents/ros_workstation/Control/six_dof_robot_ws/src/welder_description' returned '0': PYTHONPATH=/home/kol/Documents/ros_workstation/Control/six_dof_robot_ws/build/welder_description/prefix_override:/usr/lib/python3/dist-packages/colcon_core/task/python/colcon_distutils_commands:/home/kol/Documents/ros_workstation/Control/six_dof_robot_ws/install/welder_description/lib/python3.10/site-packages:${PYTHONPATH} /usr/bin/python3 -W ignore:setup.py install is deprecated -W ignore:easy_install command is deprecated setup.py egg_info --egg-base ../../build/welder_description build --build-base /home/kol/Documents/ros_workstation/Control/six_dof_robot_ws/build/welder_description/build install --record /home/kol/Documents/ros_workstation/Control/six_dof_robot_ws/build/welder_description/install.log --single-version-externally-managed install_data
[2.778s] Level 1:colcon.colcon_core.environment:checking '/home/kol/Documents/ros_workstation/Control/six_dof_robot_ws/install/welder_description' for CMake config files
[2.779s] Level 1:colcon.colcon_core.environment:checking '/home/kol/Documents/ros_workstation/Control/six_dof_robot_ws/install/welder_description/lib'
[2.779s] Level 1:colcon.colcon_core.environment:checking '/home/kol/Documents/ros_workstation/Control/six_dof_robot_ws/install/welder_description/bin'
[2.779s] Level 1:colcon.colcon_core.environment:checking '/home/kol/Documents/ros_workstation/Control/six_dof_robot_ws/install/welder_description/lib/pkgconfig/welder_description.pc'
[2.779s] Level 1:colcon.colcon_core.environment:checking '/home/kol/Documents/ros_workstation/Control/six_dof_robot_ws/install/welder_description/lib/python3.10/site-packages'
[2.779s] Level 1:colcon.colcon_core.shell:create_environment_hook('welder_description', 'pythonpath')
[2.780s] INFO:colcon.colcon_core.shell:Creating environment hook '/home/kol/Documents/ros_workstation/Control/six_dof_robot_ws/install/welder_description/share/welder_description/hook/pythonpath.ps1'
[2.780s] INFO:colcon.colcon_core.shell:Creating environment descriptor '/home/kol/Documents/ros_workstation/Control/six_dof_robot_ws/install/welder_description/share/welder_description/hook/pythonpath.dsv'
[2.781s] INFO:colcon.colcon_core.shell:Creating environment hook '/home/kol/Documents/ros_workstation/Control/six_dof_robot_ws/install/welder_description/share/welder_description/hook/pythonpath.sh'
[2.781s] Level 1:colcon.colcon_core.environment:checking '/home/kol/Documents/ros_workstation/Control/six_dof_robot_ws/install/welder_description/bin'
[2.781s] Level 1:colcon.colcon_core.environment:create_environment_scripts_only(welder_description)
[2.782s] INFO:colcon.colcon_core.shell:Creating package script '/home/kol/Documents/ros_workstation/Control/six_dof_robot_ws/install/welder_description/share/welder_description/package.ps1'
[2.783s] INFO:colcon.colcon_core.shell:Creating package descriptor '/home/kol/Documents/ros_workstation/Control/six_dof_robot_ws/install/welder_description/share/welder_description/package.dsv'
[2.783s] INFO:colcon.colcon_core.shell:Creating package script '/home/kol/Documents/ros_workstation/Control/six_dof_robot_ws/install/welder_description/share/welder_description/package.sh'
[2.784s] INFO:colcon.colcon_core.shell:Creating package script '/home/kol/Documents/ros_workstation/Control/six_dof_robot_ws/install/welder_description/share/welder_description/package.bash'
[2.784s] INFO:colcon.colcon_core.shell:Creating package script '/home/kol/Documents/ros_workstation/Control/six_dof_robot_ws/install/welder_description/share/welder_description/package.zsh'
[2.785s] Level 1:colcon.colcon_core.environment:create_file_with_runtime_dependencies(/home/kol/Documents/ros_workstation/Control/six_dof_robot_ws/install/welder_description/share/colcon-core/packages/welder_description)
[2.785s] INFO:colcon.colcon_ros.task.ament_cmake.build:Building ROS package in '/home/kol/Documents/ros_workstation/Control/six_dof_robot_ws/src/welder_moveit_config' with build type 'ament_cmake'
[2.786s] INFO:colcon.colcon_cmake.task.cmake.build:Building CMake package in '/home/kol/Documents/ros_workstation/Control/six_dof_robot_ws/src/welder_moveit_config'
[2.786s] INFO:colcon.colcon_core.shell:Skip shell extension 'powershell' for command environment: Not usable outside of PowerShell
[2.786s] DEBUG:colcon.colcon_core.shell:Skip shell extension 'dsv' for command environment
[2.799s] DEBUG:colcon.colcon_core.event_handler.log_command:Invoking command in '/home/kol/Documents/ros_workstation/Control/six_dof_robot_ws/build/welder_moveit_config': AMENT_PREFIX_PATH=/home/kol/Documents/ros_workstation/Control/six_dof_robot_ws/install/welder_description:${AMENT_PREFIX_PATH} CMAKE_PREFIX_PATH=${CMAKE_PREFIX_PATH}:/opt/ros/humble PYTHONPATH=/home/kol/Documents/ros_workstation/Control/six_dof_robot_ws/install/welder_description/lib/python3.10/site-packages:${PYTHONPATH} /usr/bin/cmake /home/kol/Documents/ros_workstation/Control/six_dof_robot_ws/src/welder_moveit_config -DCMAKE_INSTALL_PREFIX=/home/kol/Documents/ros_workstation/Control/six_dof_robot_ws/install/welder_moveit_config
[3.773s] DEBUG:colcon.colcon_core.event_handler.log_command:Invoked command in '/home/kol/Documents/ros_workstation/Control/six_dof_robot_ws/build/welder_moveit_config' returned '0': AMENT_PREFIX_PATH=/home/kol/Documents/ros_workstation/Control/six_dof_robot_ws/install/welder_description:${AMENT_PREFIX_PATH} CMAKE_PREFIX_PATH=${CMAKE_PREFIX_PATH}:/opt/ros/humble PYTHONPATH=/home/kol/Documents/ros_workstation/Control/six_dof_robot_ws/install/welder_description/lib/python3.10/site-packages:${PYTHONPATH} /usr/bin/cmake /home/kol/Documents/ros_workstation/Control/six_dof_robot_ws/src/welder_moveit_config -DCMAKE_INSTALL_PREFIX=/home/kol/Documents/ros_workstation/Control/six_dof_robot_ws/install/welder_moveit_config
[3.775s] DEBUG:colcon.colcon_core.event_handler.log_command:Invoking command in '/home/kol/Documents/ros_workstation/Control/six_dof_robot_ws/build/welder_moveit_config': AMENT_PREFIX_PATH=/home/kol/Documents/ros_workstation/Control/six_dof_robot_ws/install/welder_description:${AMENT_PREFIX_PATH} CMAKE_PREFIX_PATH=${CMAKE_PREFIX_PATH}:/opt/ros/humble PYTHONPATH=/home/kol/Documents/ros_workstation/Control/six_dof_robot_ws/install/welder_description/lib/python3.10/site-packages:${PYTHONPATH} /usr/bin/cmake --build /home/kol/Documents/ros_workstation/Control/six_dof_robot_ws/build/welder_moveit_config -- -j4 -l4
[3.823s] DEBUG:colcon.colcon_core.event_handler.log_command:Invoked command in '/home/kol/Documents/ros_workstation/Control/six_dof_robot_ws/build/welder_moveit_config' returned '0': AMENT_PREFIX_PATH=/home/kol/Documents/ros_workstation/Control/six_dof_robot_ws/install/welder_description:${AMENT_PREFIX_PATH} CMAKE_PREFIX_PATH=${CMAKE_PREFIX_PATH}:/opt/ros/humble PYTHONPATH=/home/kol/Documents/ros_workstation/Control/six_dof_robot_ws/install/welder_description/lib/python3.10/site-packages:${PYTHONPATH} /usr/bin/cmake --build /home/kol/Documents/ros_workstation/Control/six_dof_robot_ws/build/welder_moveit_config -- -j4 -l4
[3.837s] DEBUG:colcon.colcon_core.event_handler.log_command:Invoking command in '/home/kol/Documents/ros_workstation/Control/six_dof_robot_ws/build/welder_moveit_config': AMENT_PREFIX_PATH=/home/kol/Documents/ros_workstation/Control/six_dof_robot_ws/install/welder_description:${AMENT_PREFIX_PATH} CMAKE_PREFIX_PATH=${CMAKE_PREFIX_PATH}:/opt/ros/humble PYTHONPATH=/home/kol/Documents/ros_workstation/Control/six_dof_robot_ws/install/welder_description/lib/python3.10/site-packages:${PYTHONPATH} /usr/bin/cmake --install /home/kol/Documents/ros_workstation/Control/six_dof_robot_ws/build/welder_moveit_config
[3.853s] Level 1:colcon.colcon_core.environment:create_environment_scripts_only(welder_moveit_config)
[3.854s] Level 1:colcon.colcon_core.environment:checking '/home/kol/Documents/ros_workstation/Control/six_dof_robot_ws/install/welder_moveit_config' for CMake module files
[3.854s] DEBUG:colcon.colcon_core.event_handler.log_command:Invoked command in '/home/kol/Documents/ros_workstation/Control/six_dof_robot_ws/build/welder_moveit_config' returned '0': AMENT_PREFIX_PATH=/home/kol/Documents/ros_workstation/Control/six_dof_robot_ws/install/welder_description:${AMENT_PREFIX_PATH} CMAKE_PREFIX_PATH=${CMAKE_PREFIX_PATH}:/opt/ros/humble PYTHONPATH=/home/kol/Documents/ros_workstation/Control/six_dof_robot_ws/install/welder_description/lib/python3.10/site-packages:${PYTHONPATH} /usr/bin/cmake --install /home/kol/Documents/ros_workstation/Control/six_dof_robot_ws/build/welder_moveit_config
[3.855s] Level 1:colcon.colcon_core.environment:checking '/home/kol/Documents/ros_workstation/Control/six_dof_robot_ws/install/welder_moveit_config' for CMake config files
[3.855s] Level 1:colcon.colcon_core.shell:create_environment_hook('welder_moveit_config', 'cmake_prefix_path')
[3.855s] INFO:colcon.colcon_core.shell:Creating environment hook '/home/kol/Documents/ros_workstation/Control/six_dof_robot_ws/install/welder_moveit_config/share/welder_moveit_config/hook/cmake_prefix_path.ps1'
[3.856s] INFO:colcon.colcon_core.shell:Creating environment descriptor '/home/kol/Documents/ros_workstation/Control/six_dof_robot_ws/install/welder_moveit_config/share/welder_moveit_config/hook/cmake_prefix_path.dsv'
[3.856s] INFO:colcon.colcon_core.shell:Creating environment hook '/home/kol/Documents/ros_workstation/Control/six_dof_robot_ws/install/welder_moveit_config/share/welder_moveit_config/hook/cmake_prefix_path.sh'
[3.857s] Level 1:colcon.colcon_core.environment:checking '/home/kol/Documents/ros_workstation/Control/six_dof_robot_ws/install/welder_moveit_config/bin'
[3.857s] Level 1:colcon.colcon_core.environment:checking '/home/kol/Documents/ros_workstation/Control/six_dof_robot_ws/install/welder_moveit_config/lib/pkgconfig/welder_moveit_config.pc'
[3.857s] Level 1:colcon.colcon_core.environment:checking '/home/kol/Documents/ros_workstation/Control/six_dof_robot_ws/install/welder_moveit_config/lib/python3.10/site-packages'
[3.858s] Level 1:colcon.colcon_core.environment:checking '/home/kol/Documents/ros_workstation/Control/six_dof_robot_ws/install/welder_moveit_config/bin'
[3.858s] INFO:colcon.colcon_core.shell:Creating package script '/home/kol/Documents/ros_workstation/Control/six_dof_robot_ws/install/welder_moveit_config/share/welder_moveit_config/package.ps1'
[3.859s] INFO:colcon.colcon_core.shell:Creating package descriptor '/home/kol/Documents/ros_workstation/Control/six_dof_robot_ws/install/welder_moveit_config/share/welder_moveit_config/package.dsv'
[3.859s] INFO:colcon.colcon_core.shell:Creating package script '/home/kol/Documents/ros_workstation/Control/six_dof_robot_ws/install/welder_moveit_config/share/welder_moveit_config/package.sh'
[3.860s] INFO:colcon.colcon_core.shell:Creating package script '/home/kol/Documents/ros_workstation/Control/six_dof_robot_ws/install/welder_moveit_config/share/welder_moveit_config/package.bash'
[3.860s] INFO:colcon.colcon_core.shell:Creating package script '/home/kol/Documents/ros_workstation/Control/six_dof_robot_ws/install/welder_moveit_config/share/welder_moveit_config/package.zsh'
[3.860s] Level 1:colcon.colcon_core.environment:create_file_with_runtime_dependencies(/home/kol/Documents/ros_workstation/Control/six_dof_robot_ws/install/welder_moveit_config/share/colcon-core/packages/welder_moveit_config)
[3.861s] Level 1:colcon.colcon_core.environment:create_environment_scripts_only(welder_moveit_config)
[3.861s] Level 1:colcon.colcon_core.environment:checking '/home/kol/Documents/ros_workstation/Control/six_dof_robot_ws/install/welder_moveit_config' for CMake module files
[3.862s] Level 1:colcon.colcon_core.environment:checking '/home/kol/Documents/ros_workstation/Control/six_dof_robot_ws/install/welder_moveit_config' for CMake config files
[3.862s] Level 1:colcon.colcon_core.shell:create_environment_hook('welder_moveit_config', 'cmake_prefix_path')
[3.863s] INFO:colcon.colcon_core.shell:Creating environment hook '/home/kol/Documents/ros_workstation/Control/six_dof_robot_ws/install/welder_moveit_config/share/welder_moveit_config/hook/cmake_prefix_path.ps1'
[3.863s] INFO:colcon.colcon_core.shell:Creating environment descriptor '/home/kol/Documents/ros_workstation/Control/six_dof_robot_ws/install/welder_moveit_config/share/welder_moveit_config/hook/cmake_prefix_path.dsv'
[3.863s] INFO:colcon.colcon_core.shell:Creating environment hook '/home/kol/Documents/ros_workstation/Control/six_dof_robot_ws/install/welder_moveit_config/share/welder_moveit_config/hook/cmake_prefix_path.sh'
[3.864s] Level 1:colcon.colcon_core.environment:checking '/home/kol/Documents/ros_workstation/Control/six_dof_robot_ws/install/welder_moveit_config/bin'
[3.864s] Level 1:colcon.colcon_core.environment:checking '/home/kol/Documents/ros_workstation/Control/six_dof_robot_ws/install/welder_moveit_config/lib/pkgconfig/welder_moveit_config.pc'
[3.864s] Level 1:colcon.colcon_core.environment:checking '/home/kol/Documents/ros_workstation/Control/six_dof_robot_ws/install/welder_moveit_config/lib/python3.10/site-packages'
[3.865s] Level 1:colcon.colcon_core.environment:checking '/home/kol/Documents/ros_workstation/Control/six_dof_robot_ws/install/welder_moveit_config/bin'
[3.865s] INFO:colcon.colcon_core.shell:Creating package script '/home/kol/Documents/ros_workstation/Control/six_dof_robot_ws/install/welder_moveit_config/share/welder_moveit_config/package.ps1'
[3.866s] INFO:colcon.colcon_core.shell:Creating package descriptor '/home/kol/Documents/ros_workstation/Control/six_dof_robot_ws/install/welder_moveit_config/share/welder_moveit_config/package.dsv'
[3.866s] INFO:colcon.colcon_core.shell:Creating package script '/home/kol/Documents/ros_workstation/Control/six_dof_robot_ws/install/welder_moveit_config/share/welder_moveit_config/package.sh'
[3.867s] INFO:colcon.colcon_core.shell:Creating package script '/home/kol/Documents/ros_workstation/Control/six_dof_robot_ws/install/welder_moveit_config/share/welder_moveit_config/package.bash'
[3.867s] INFO:colcon.colcon_core.shell:Creating package script '/home/kol/Documents/ros_workstation/Control/six_dof_robot_ws/install/welder_moveit_config/share/welder_moveit_config/package.zsh'
[3.868s] Level 1:colcon.colcon_core.environment:create_file_with_runtime_dependencies(/home/kol/Documents/ros_workstation/Control/six_dof_robot_ws/install/welder_moveit_config/share/colcon-core/packages/welder_moveit_config)
[3.868s] DEBUG:colcon.colcon_parallel_executor.executor.parallel:closing loop
[3.868s] DEBUG:colcon.colcon_parallel_executor.executor.parallel:loop closed
[3.868s] DEBUG:colcon.colcon_parallel_executor.executor.parallel:run_until_complete finished with '0'
[3.868s] DEBUG:colcon.colcon_core.event_reactor:joining thread
[3.875s] INFO:colcon.colcon_core.plugin_system:Skipping extension 'colcon_notification.desktop_notification.terminal_notifier': Not used on non-Darwin systems
[3.875s] INFO:colcon.colcon_core.plugin_system:Skipping extension 'colcon_notification.desktop_notification.win32': Not used on non-Windows systems
[3.875s] INFO:colcon.colcon_notification.desktop_notification:Sending desktop notification using 'notify2'
[3.885s] DEBUG:colcon.colcon_core.event_reactor:joined thread
[3.885s] INFO:colcon.colcon_core.shell:Creating prefix script '/home/kol/Documents/ros_workstation/Control/six_dof_robot_ws/install/local_setup.ps1'
[3.886s] INFO:colcon.colcon_core.shell:Creating prefix util module '/home/kol/Documents/ros_workstation/Control/six_dof_robot_ws/install/_local_setup_util_ps1.py'
[3.888s] INFO:colcon.colcon_core.shell:Creating prefix chain script '/home/kol/Documents/ros_workstation/Control/six_dof_robot_ws/install/setup.ps1'
[3.889s] INFO:colcon.colcon_core.shell:Creating prefix script '/home/kol/Documents/ros_workstation/Control/six_dof_robot_ws/install/local_setup.sh'
[3.890s] INFO:colcon.colcon_core.shell:Creating prefix util module '/home/kol/Documents/ros_workstation/Control/six_dof_robot_ws/install/_local_setup_util_sh.py'
[3.891s] INFO:colcon.colcon_core.shell:Creating prefix chain script '/home/kol/Documents/ros_workstation/Control/six_dof_robot_ws/install/setup.sh'
[3.892s] INFO:colcon.colcon_core.shell:Creating prefix script '/home/kol/Documents/ros_workstation/Control/six_dof_robot_ws/install/local_setup.bash'
[3.893s] INFO:colcon.colcon_core.shell:Creating prefix chain script '/home/kol/Documents/ros_workstation/Control/six_dof_robot_ws/install/setup.bash'
[3.894s] INFO:colcon.colcon_core.shell:Creating prefix script '/home/kol/Documents/ros_workstation/Control/six_dof_robot_ws/install/local_setup.zsh'
[3.894s] INFO:colcon.colcon_core.shell:Creating prefix chain script '/home/kol/Documents/ros_workstation/Control/six_dof_robot_ws/install/setup.zsh'
