[0.011s] Invoking command in '/home/kol/Documents/ros_workstation/boilerplate/build/boilerplate': CMAKE_PREFIX_PATH=/opt/ros/humble /usr/bin/cmake /home/kol/Documents/ros_workstation/boilerplate/src/boilerplate -DAMENT_CMAKE_SYMLINK_INSTALL=1 -DCMAKE_INSTALL_PREFIX=/home/kol/Documents/ros_workstation/boilerplate/install/boilerplate
[0.107s] -- The C compiler identification is GNU 11.4.0
[0.202s] -- The CXX compiler identification is GNU 11.4.0
[0.211s] -- Detecting C compiler ABI info
[0.279s] -- Detecting C compiler ABI info - done
[0.286s] -- Check for working C compiler: /usr/bin/cc - skipped
[0.286s] -- Detecting C compile features
[0.287s] -- Detecting C compile features - done
[0.290s] -- Detecting CXX compiler ABI info
[0.366s] -- Detecting CXX compiler ABI info - done
[0.373s] -- Check for working CXX compiler: /usr/bin/c++ - skipped
[0.374s] -- Detecting CXX compile features
[0.374s] -- Detecting CXX compile features - done
[0.377s] -- Found ament_cmake: 1.3.11 (/opt/ros/humble/share/ament_cmake/cmake)
[0.520s] -- Found Python3: /usr/bin/python3 (found version "3.10.12") found components: Interpreter 
[0.585s] -- Override CMake install command with custom implementation using symlinks instead of copying resources
[0.619s] -- Found rclcpp: 16.0.12 (/opt/ros/humble/share/rclcpp/cmake)
[0.676s] -- Found rosidl_generator_c: 3.1.6 (/opt/ros/humble/share/rosidl_generator_c/cmake)
[0.682s] -- Found rosidl_adapter: 3.1.6 (/opt/ros/humble/share/rosidl_adapter/cmake)
[0.692s] -- Found rosidl_generator_cpp: 3.1.6 (/opt/ros/humble/share/rosidl_generator_cpp/cmake)
[0.707s] -- Using all available rosidl_typesupport_c: rosidl_typesupport_fastrtps_c;rosidl_typesupport_introspection_c
[0.726s] -- Using all available rosidl_typesupport_cpp: rosidl_typesupport_fastrtps_cpp;rosidl_typesupport_introspection_cpp
[0.782s] -- Found rmw_implementation_cmake: 6.1.2 (/opt/ros/humble/share/rmw_implementation_cmake/cmake)
[0.785s] -- Found rmw_fastrtps_cpp: 6.2.7 (/opt/ros/humble/share/rmw_fastrtps_cpp/cmake)
[0.874s] -- Found OpenSSL: /usr/lib/x86_64-linux-gnu/libcrypto.so (found version "3.0.2")  
[0.900s] -- Found FastRTPS: /opt/ros/humble/include  
[0.942s] -- Using RMW implementation 'rmw_fastrtps_cpp' as default
[0.953s] -- Looking for pthread.h
[1.023s] -- Looking for pthread.h - found
[1.024s] -- Performing Test CMAKE_HAVE_LIBC_PTHREAD
[1.093s] -- Performing Test CMAKE_HAVE_LIBC_PTHREAD - Success
[1.094s] -- Found Threads: TRUE  
[1.160s] -- Found turtlesim: 1.4.2 (/opt/ros/humble/share/turtlesim/cmake)
[1.208s] -- Found geometry_msgs: 4.8.0 (/opt/ros/humble/share/geometry_msgs/cmake)
[1.224s] -- Found ament_lint_auto: 0.12.12 (/opt/ros/humble/share/ament_lint_auto/cmake)
[1.306s] -- Added test 'cppcheck' to perform static code analysis on C / C++ code
[1.306s] -- Configured cppcheck include dirs: 
[1.306s] -- Configured cppcheck exclude dirs and/or files: 
[1.307s] -- Added test 'flake8' to check Python code syntax and style conventions
[1.307s] -- Added test 'lint_cmake' to check CMake code style
[1.308s] -- Added test 'pep257' to check Python code against some of the docstring style conventions in PEP 257
[1.309s] -- Added test 'uncrustify' to check C / C++ code style
[1.309s] -- Configured uncrustify additional arguments: 
[1.310s] -- Added test 'xmllint' to check XML markup files
[1.311s] -- Configuring done
[1.316s] -- Generating done
[1.318s] -- Build files have been written to: /home/kol/Documents/ros_workstation/boilerplate/build/boilerplate
[1.327s] Invoked command in '/home/kol/Documents/ros_workstation/boilerplate/build/boilerplate' returned '0': CMAKE_PREFIX_PATH=/opt/ros/humble /usr/bin/cmake /home/kol/Documents/ros_workstation/boilerplate/src/boilerplate -DAMENT_CMAKE_SYMLINK_INSTALL=1 -DCMAKE_INSTALL_PREFIX=/home/kol/Documents/ros_workstation/boilerplate/install/boilerplate
[1.330s] Invoking command in '/home/kol/Documents/ros_workstation/boilerplate/build/boilerplate': CMAKE_PREFIX_PATH=/opt/ros/humble /usr/bin/cmake --build /home/kol/Documents/ros_workstation/boilerplate/build/boilerplate -- -j4 -l4
[1.369s] Invoked command in '/home/kol/Documents/ros_workstation/boilerplate/build/boilerplate' returned '0': CMAKE_PREFIX_PATH=/opt/ros/humble /usr/bin/cmake --build /home/kol/Documents/ros_workstation/boilerplate/build/boilerplate -- -j4 -l4
[1.379s] Invoking command in '/home/kol/Documents/ros_workstation/boilerplate/build/boilerplate': CMAKE_PREFIX_PATH=/opt/ros/humble /usr/bin/cmake --install /home/kol/Documents/ros_workstation/boilerplate/build/boilerplate
[1.386s] -- Install configuration: ""
[1.386s] -- Execute custom install script
[1.386s] -- Symlinking: /home/kol/Documents/ros_workstation/boilerplate/install/boilerplate/share/ament_index/resource_index/package_run_dependencies/boilerplate
[1.395s] -- Symlinking: /home/kol/Documents/ros_workstation/boilerplate/install/boilerplate/share/ament_index/resource_index/parent_prefix_path/boilerplate
[1.403s] -- Symlinking: /home/kol/Documents/ros_workstation/boilerplate/install/boilerplate/share/boilerplate/environment/ament_prefix_path.sh
[1.411s] -- Symlinking: /home/kol/Documents/ros_workstation/boilerplate/install/boilerplate/share/boilerplate/environment/ament_prefix_path.dsv
[1.419s] -- Symlinking: /home/kol/Documents/ros_workstation/boilerplate/install/boilerplate/share/boilerplate/environment/path.sh
[1.427s] -- Symlinking: /home/kol/Documents/ros_workstation/boilerplate/install/boilerplate/share/boilerplate/environment/path.dsv
[1.436s] -- Symlinking: /home/kol/Documents/ros_workstation/boilerplate/install/boilerplate/share/boilerplate/local_setup.bash
[1.445s] -- Symlinking: /home/kol/Documents/ros_workstation/boilerplate/install/boilerplate/share/boilerplate/local_setup.sh
[1.453s] -- Symlinking: /home/kol/Documents/ros_workstation/boilerplate/install/boilerplate/share/boilerplate/local_setup.zsh
[1.461s] -- Symlinking: /home/kol/Documents/ros_workstation/boilerplate/install/boilerplate/share/boilerplate/local_setup.dsv
[1.469s] -- Symlinking: /home/kol/Documents/ros_workstation/boilerplate/install/boilerplate/share/boilerplate/package.dsv
[1.477s] -- Symlinking: /home/kol/Documents/ros_workstation/boilerplate/install/boilerplate/share/ament_index/resource_index/packages/boilerplate
[1.485s] -- Symlinking: /home/kol/Documents/ros_workstation/boilerplate/install/boilerplate/share/boilerplate/cmake/boilerplateConfig.cmake
[1.493s] -- Symlinking: /home/kol/Documents/ros_workstation/boilerplate/install/boilerplate/share/boilerplate/cmake/boilerplateConfig-version.cmake
[1.501s] -- Symlinking: /home/kol/Documents/ros_workstation/boilerplate/install/boilerplate/share/boilerplate/package.xml
[1.511s] Invoked command in '/home/kol/Documents/ros_workstation/boilerplate/build/boilerplate' returned '0': CMAKE_PREFIX_PATH=/opt/ros/humble /usr/bin/cmake --install /home/kol/Documents/ros_workstation/boilerplate/build/boilerplate
