-- Install configuration: ""
-- Up-to-date: /home/kol/Documents/ros_workstation/Control/Arm/install/boilerplate_cfg2/share/ament_index/resource_index/package_run_dependencies/boilerplate_cfg2
-- Up-to-date: /home/kol/Documents/ros_workstation/Control/Arm/install/boilerplate_cfg2/share/ament_index/resource_index/parent_prefix_path/boilerplate_cfg2
-- Up-to-date: /home/kol/Documents/ros_workstation/Control/Arm/install/boilerplate_cfg2/share/boilerplate_cfg2/environment/ament_prefix_path.sh
-- Up-to-date: /home/kol/Documents/ros_workstation/Control/Arm/install/boilerplate_cfg2/share/boilerplate_cfg2/environment/ament_prefix_path.dsv
-- Up-to-date: /home/kol/Documents/ros_workstation/Control/Arm/install/boilerplate_cfg2/share/boilerplate_cfg2/environment/path.sh
-- Up-to-date: /home/kol/Documents/ros_workstation/Control/Arm/install/boilerplate_cfg2/share/boilerplate_cfg2/environment/path.dsv
-- Up-to-date: /home/kol/Documents/ros_workstation/Control/Arm/install/boilerplate_cfg2/share/boilerplate_cfg2/local_setup.bash
-- Up-to-date: /home/kol/Documents/ros_workstation/Control/Arm/install/boilerplate_cfg2/share/boilerplate_cfg2/local_setup.sh
-- Up-to-date: /home/kol/Documents/ros_workstation/Control/Arm/install/boilerplate_cfg2/share/boilerplate_cfg2/local_setup.zsh
-- Up-to-date: /home/kol/Documents/ros_workstation/Control/Arm/install/boilerplate_cfg2/share/boilerplate_cfg2/local_setup.dsv
-- Up-to-date: /home/kol/Documents/ros_workstation/Control/Arm/install/boilerplate_cfg2/share/boilerplate_cfg2/package.dsv
-- Up-to-date: /home/kol/Documents/ros_workstation/Control/Arm/install/boilerplate_cfg2/share/ament_index/resource_index/packages/boilerplate_cfg2
-- Up-to-date: /home/kol/Documents/ros_workstation/Control/Arm/install/boilerplate_cfg2/share/boilerplate_cfg2/cmake/boilerplate_cfg2Config.cmake
-- Up-to-date: /home/kol/Documents/ros_workstation/Control/Arm/install/boilerplate_cfg2/share/boilerplate_cfg2/cmake/boilerplate_cfg2Config-version.cmake
-- Up-to-date: /home/kol/Documents/ros_workstation/Control/Arm/install/boilerplate_cfg2/share/boilerplate_cfg2/package.xml
-- Up-to-date: /home/kol/Documents/ros_workstation/Control/Arm/install/boilerplate_cfg2/share/boilerplate_cfg2/launch
-- Up-to-date: /home/kol/Documents/ros_workstation/Control/Arm/install/boilerplate_cfg2/share/boilerplate_cfg2/launch/rsp.launch.py
-- Up-to-date: /home/kol/Documents/ros_workstation/Control/Arm/install/boilerplate_cfg2/share/boilerplate_cfg2/launch/move_group.launch.py
-- Up-to-date: /home/kol/Documents/ros_workstation/Control/Arm/install/boilerplate_cfg2/share/boilerplate_cfg2/launch/spawn_controllers.launch.py
-- Up-to-date: /home/kol/Documents/ros_workstation/Control/Arm/install/boilerplate_cfg2/share/boilerplate_cfg2/launch/demo.launch.py
-- Up-to-date: /home/kol/Documents/ros_workstation/Control/Arm/install/boilerplate_cfg2/share/boilerplate_cfg2/launch/setup_assistant.launch.py
-- Up-to-date: /home/kol/Documents/ros_workstation/Control/Arm/install/boilerplate_cfg2/share/boilerplate_cfg2/launch/moveit_rviz.launch.py
-- Up-to-date: /home/kol/Documents/ros_workstation/Control/Arm/install/boilerplate_cfg2/share/boilerplate_cfg2/launch/static_virtual_joint_tfs.launch.py
-- Up-to-date: /home/kol/Documents/ros_workstation/Control/Arm/install/boilerplate_cfg2/share/boilerplate_cfg2/launch/warehouse_db.launch.py
-- Up-to-date: /home/kol/Documents/ros_workstation/Control/Arm/install/boilerplate_cfg2/share/boilerplate_cfg2/config
-- Up-to-date: /home/kol/Documents/ros_workstation/Control/Arm/install/boilerplate_cfg2/share/boilerplate_cfg2/config/moveit.rviz
-- Up-to-date: /home/kol/Documents/ros_workstation/Control/Arm/install/boilerplate_cfg2/share/boilerplate_cfg2/config/moveit_controllers.yaml
-- Up-to-date: /home/kol/Documents/ros_workstation/Control/Arm/install/boilerplate_cfg2/share/boilerplate_cfg2/config/ros2_controllers.yaml
-- Up-to-date: /home/kol/Documents/ros_workstation/Control/Arm/install/boilerplate_cfg2/share/boilerplate_cfg2/config/joint_limits.yaml
-- Up-to-date: /home/kol/Documents/ros_workstation/Control/Arm/install/boilerplate_cfg2/share/boilerplate_cfg2/config/kinematics.yaml
-- Up-to-date: /home/kol/Documents/ros_workstation/Control/Arm/install/boilerplate_cfg2/share/boilerplate_cfg2/config/initial_positions.yaml
-- Up-to-date: /home/kol/Documents/ros_workstation/Control/Arm/install/boilerplate_cfg2/share/boilerplate_cfg2/config/FiveDoFBot.srdf
-- Up-to-date: /home/kol/Documents/ros_workstation/Control/Arm/install/boilerplate_cfg2/share/boilerplate_cfg2/config/pilz_cartesian_limits.yaml
-- Installing: /home/kol/Documents/ros_workstation/Control/Arm/install/boilerplate_cfg2/share/boilerplate_cfg2/config/FiveDoFBot.ros2_control.xacro
-- Up-to-date: /home/kol/Documents/ros_workstation/Control/Arm/install/boilerplate_cfg2/share/boilerplate_cfg2/config/FiveDoFBot.urdf.xacro
-- Up-to-date: /home/kol/Documents/ros_workstation/Control/Arm/install/boilerplate_cfg2/share/boilerplate_cfg2/.setup_assistant
