[0.018s] Invoking command in '/home/kol/Documents/ros_workstation/Control/Arm/build/boilerplate_cfg2': CMAKE_PREFIX_PATH=/home/kol/Documents/ros_workstation/Control/Arm/install/boilerplate:/home/kol/Documents/ros_workstation/Control/Arm/install/boilerplate_cfg2:/home/kol/Documents/ros_workstation/Control/Arm/install/boilerplate_mvt_cfg:/opt/ros/humble /usr/bin/cmake --build /home/kol/Documents/ros_workstation/Control/Arm/build/boilerplate_cfg2 -- -j4 -l4
[0.072s] Invoked command in '/home/kol/Documents/ros_workstation/Control/Arm/build/boilerplate_cfg2' returned '0': CMAKE_PREFIX_PATH=/home/kol/Documents/ros_workstation/Control/Arm/install/boilerplate:/home/kol/Documents/ros_workstation/Control/Arm/install/boilerplate_cfg2:/home/kol/Documents/ros_workstation/Control/Arm/install/boilerplate_mvt_cfg:/opt/ros/humble /usr/bin/cmake --build /home/kol/Documents/ros_workstation/Control/Arm/build/boilerplate_cfg2 -- -j4 -l4
[0.078s] Invoking command in '/home/kol/Documents/ros_workstation/Control/Arm/build/boilerplate_cfg2': CMAKE_PREFIX_PATH=/home/kol/Documents/ros_workstation/Control/Arm/install/boilerplate:/home/kol/Documents/ros_workstation/Control/Arm/install/boilerplate_cfg2:/home/kol/Documents/ros_workstation/Control/Arm/install/boilerplate_mvt_cfg:/opt/ros/humble /usr/bin/cmake --install /home/kol/Documents/ros_workstation/Control/Arm/build/boilerplate_cfg2
[0.098s] -- Install configuration: ""
[0.098s] -- Up-to-date: /home/kol/Documents/ros_workstation/Control/Arm/install/boilerplate_cfg2/share/ament_index/resource_index/package_run_dependencies/boilerplate_cfg2
[0.099s] -- Up-to-date: /home/kol/Documents/ros_workstation/Control/Arm/install/boilerplate_cfg2/share/ament_index/resource_index/parent_prefix_path/boilerplate_cfg2
[0.104s] -- Up-to-date: /home/kol/Documents/ros_workstation/Control/Arm/install/boilerplate_cfg2/share/boilerplate_cfg2/environment/ament_prefix_path.sh
[0.105s] -- Up-to-date: /home/kol/Documents/ros_workstation/Control/Arm/install/boilerplate_cfg2/share/boilerplate_cfg2/environment/ament_prefix_path.dsv
[0.105s] -- Up-to-date: /home/kol/Documents/ros_workstation/Control/Arm/install/boilerplate_cfg2/share/boilerplate_cfg2/environment/path.sh
[0.105s] -- Up-to-date: /home/kol/Documents/ros_workstation/Control/Arm/install/boilerplate_cfg2/share/boilerplate_cfg2/environment/path.dsv
[0.105s] -- Up-to-date: /home/kol/Documents/ros_workstation/Control/Arm/install/boilerplate_cfg2/share/boilerplate_cfg2/local_setup.bash
[0.105s] -- Up-to-date: /home/kol/Documents/ros_workstation/Control/Arm/install/boilerplate_cfg2/share/boilerplate_cfg2/local_setup.sh
[0.106s] -- Up-to-date: /home/kol/Documents/ros_workstation/Control/Arm/install/boilerplate_cfg2/share/boilerplate_cfg2/local_setup.zsh
[0.106s] -- Up-to-date: /home/kol/Documents/ros_workstation/Control/Arm/install/boilerplate_cfg2/share/boilerplate_cfg2/local_setup.dsv
[0.106s] -- Up-to-date: /home/kol/Documents/ros_workstation/Control/Arm/install/boilerplate_cfg2/share/boilerplate_cfg2/package.dsv
[0.107s] -- Up-to-date: /home/kol/Documents/ros_workstation/Control/Arm/install/boilerplate_cfg2/share/ament_index/resource_index/packages/boilerplate_cfg2
[0.107s] -- Up-to-date: /home/kol/Documents/ros_workstation/Control/Arm/install/boilerplate_cfg2/share/boilerplate_cfg2/cmake/boilerplate_cfg2Config.cmake
[0.107s] -- Up-to-date: /home/kol/Documents/ros_workstation/Control/Arm/install/boilerplate_cfg2/share/boilerplate_cfg2/cmake/boilerplate_cfg2Config-version.cmake
[0.107s] -- Up-to-date: /home/kol/Documents/ros_workstation/Control/Arm/install/boilerplate_cfg2/share/boilerplate_cfg2/package.xml
[0.107s] -- Up-to-date: /home/kol/Documents/ros_workstation/Control/Arm/install/boilerplate_cfg2/share/boilerplate_cfg2/launch
[0.111s] -- Up-to-date: /home/kol/Documents/ros_workstation/Control/Arm/install/boilerplate_cfg2/share/boilerplate_cfg2/launch/rsp.launch.py
[0.111s] -- Up-to-date: /home/kol/Documents/ros_workstation/Control/Arm/install/boilerplate_cfg2/share/boilerplate_cfg2/launch/move_group.launch.py
[0.111s] -- Up-to-date: /home/kol/Documents/ros_workstation/Control/Arm/install/boilerplate_cfg2/share/boilerplate_cfg2/launch/spawn_controllers.launch.py
[0.111s] -- Up-to-date: /home/kol/Documents/ros_workstation/Control/Arm/install/boilerplate_cfg2/share/boilerplate_cfg2/launch/demo.launch.py
[0.112s] -- Up-to-date: /home/kol/Documents/ros_workstation/Control/Arm/install/boilerplate_cfg2/share/boilerplate_cfg2/launch/setup_assistant.launch.py
[0.112s] -- Up-to-date: /home/kol/Documents/ros_workstation/Control/Arm/install/boilerplate_cfg2/share/boilerplate_cfg2/launch/moveit_rviz.launch.py
[0.112s] -- Up-to-date: /home/kol/Documents/ros_workstation/Control/Arm/install/boilerplate_cfg2/share/boilerplate_cfg2/launch/static_virtual_joint_tfs.launch.py
[0.113s] -- Up-to-date: /home/kol/Documents/ros_workstation/Control/Arm/install/boilerplate_cfg2/share/boilerplate_cfg2/launch/warehouse_db.launch.py
[0.113s] -- Up-to-date: /home/kol/Documents/ros_workstation/Control/Arm/install/boilerplate_cfg2/share/boilerplate_cfg2/config
[0.113s] -- Up-to-date: /home/kol/Documents/ros_workstation/Control/Arm/install/boilerplate_cfg2/share/boilerplate_cfg2/config/moveit.rviz
[0.113s] -- Up-to-date: /home/kol/Documents/ros_workstation/Control/Arm/install/boilerplate_cfg2/share/boilerplate_cfg2/config/moveit_controllers.yaml
[0.113s] -- Up-to-date: /home/kol/Documents/ros_workstation/Control/Arm/install/boilerplate_cfg2/share/boilerplate_cfg2/config/ros2_controllers.yaml
[0.113s] -- Up-to-date: /home/kol/Documents/ros_workstation/Control/Arm/install/boilerplate_cfg2/share/boilerplate_cfg2/config/joint_limits.yaml
[0.114s] -- Up-to-date: /home/kol/Documents/ros_workstation/Control/Arm/install/boilerplate_cfg2/share/boilerplate_cfg2/config/kinematics.yaml
[0.114s] -- Up-to-date: /home/kol/Documents/ros_workstation/Control/Arm/install/boilerplate_cfg2/share/boilerplate_cfg2/config/initial_positions.yaml
[0.114s] -- Up-to-date: /home/kol/Documents/ros_workstation/Control/Arm/install/boilerplate_cfg2/share/boilerplate_cfg2/config/FiveDoFBot.srdf
[0.114s] -- Up-to-date: /home/kol/Documents/ros_workstation/Control/Arm/install/boilerplate_cfg2/share/boilerplate_cfg2/config/pilz_cartesian_limits.yaml
[0.114s] -- Installing: /home/kol/Documents/ros_workstation/Control/Arm/install/boilerplate_cfg2/share/boilerplate_cfg2/config/FiveDoFBot.ros2_control.xacro
[0.115s] -- Up-to-date: /home/kol/Documents/ros_workstation/Control/Arm/install/boilerplate_cfg2/share/boilerplate_cfg2/config/FiveDoFBot.urdf.xacro
[0.115s] -- Up-to-date: /home/kol/Documents/ros_workstation/Control/Arm/install/boilerplate_cfg2/share/boilerplate_cfg2/.setup_assistant
[0.115s] Invoked command in '/home/kol/Documents/ros_workstation/Control/Arm/build/boilerplate_cfg2' returned '0': CMAKE_PREFIX_PATH=/home/kol/Documents/ros_workstation/Control/Arm/install/boilerplate:/home/kol/Documents/ros_workstation/Control/Arm/install/boilerplate_cfg2:/home/kol/Documents/ros_workstation/Control/Arm/install/boilerplate_mvt_cfg:/opt/ros/humble /usr/bin/cmake --install /home/kol/Documents/ros_workstation/Control/Arm/build/boilerplate_cfg2
