-- Install configuration: ""
-- Up-to-date: /home/kol/Documents/ros_workstation/ArmBots/ArmBot_1/install/boilerplate/share/boilerplate/config
-- Installing: /home/kol/Documents/ros_workstation/ArmBots/ArmBot_1/install/boilerplate/share/boilerplate/launch
-- Installing: /home/kol/Documents/ros_workstation/ArmBots/ArmBot_1/install/boilerplate/share/boilerplate/launch/rsp.launch.py
-- Installing: /home/kol/Documents/ros_workstation/ArmBots/ArmBot_1/install/boilerplate/share/boilerplate/meshes
-- Installing: /home/kol/Documents/ros_workstation/ArmBots/ArmBot_1/install/boilerplate/share/boilerplate/meshes/link_3_1.stl
-- Installing: /home/kol/Documents/ros_workstation/ArmBots/ArmBot_1/install/boilerplate/share/boilerplate/meshes/link_1_1.stl
-- Installing: /home/kol/Documents/ros_workstation/ArmBots/ArmBot_1/install/boilerplate/share/boilerplate/meshes/base_link.stl
-- Installing: /home/kol/Documents/ros_workstation/ArmBots/ArmBot_1/install/boilerplate/share/boilerplate/meshes/link_5_1.stl
-- Installing: /home/kol/Documents/ros_workstation/ArmBots/ArmBot_1/install/boilerplate/share/boilerplate/meshes/link_4_1.stl
-- Installing: /home/kol/Documents/ros_workstation/ArmBots/ArmBot_1/install/boilerplate/share/boilerplate/meshes/link_2_1.stl
-- Installing: /home/kol/Documents/ros_workstation/ArmBots/ArmBot_1/install/boilerplate/share/boilerplate/urdf
-- Installing: /home/kol/Documents/ros_workstation/ArmBots/ArmBot_1/install/boilerplate/share/boilerplate/urdf/arm.urdf.xacro
-- Up-to-date: /home/kol/Documents/ros_workstation/ArmBots/ArmBot_1/install/boilerplate/share/ament_index/resource_index/package_run_dependencies/boilerplate
-- Installing: /home/kol/Documents/ros_workstation/ArmBots/ArmBot_1/install/boilerplate/share/ament_index/resource_index/parent_prefix_path/boilerplate
-- Up-to-date: /home/kol/Documents/ros_workstation/ArmBots/ArmBot_1/install/boilerplate/share/boilerplate/environment/ament_prefix_path.sh
-- Installing: /home/kol/Documents/ros_workstation/ArmBots/ArmBot_1/install/boilerplate/share/boilerplate/environment/ament_prefix_path.dsv
-- Up-to-date: /home/kol/Documents/ros_workstation/ArmBots/ArmBot_1/install/boilerplate/share/boilerplate/environment/path.sh
-- Installing: /home/kol/Documents/ros_workstation/ArmBots/ArmBot_1/install/boilerplate/share/boilerplate/environment/path.dsv
-- Up-to-date: /home/kol/Documents/ros_workstation/ArmBots/ArmBot_1/install/boilerplate/share/boilerplate/local_setup.bash
-- Up-to-date: /home/kol/Documents/ros_workstation/ArmBots/ArmBot_1/install/boilerplate/share/boilerplate/local_setup.sh
-- Up-to-date: /home/kol/Documents/ros_workstation/ArmBots/ArmBot_1/install/boilerplate/share/boilerplate/local_setup.zsh
-- Installing: /home/kol/Documents/ros_workstation/ArmBots/ArmBot_1/install/boilerplate/share/boilerplate/local_setup.dsv
-- Up-to-date: /home/kol/Documents/ros_workstation/ArmBots/ArmBot_1/install/boilerplate/share/boilerplate/package.dsv
-- Up-to-date: /home/kol/Documents/ros_workstation/ArmBots/ArmBot_1/install/boilerplate/share/ament_index/resource_index/packages/boilerplate
-- Up-to-date: /home/kol/Documents/ros_workstation/ArmBots/ArmBot_1/install/boilerplate/share/boilerplate/cmake/boilerplateConfig.cmake
-- Up-to-date: /home/kol/Documents/ros_workstation/ArmBots/ArmBot_1/install/boilerplate/share/boilerplate/cmake/boilerplateConfig-version.cmake
-- Up-to-date: /home/kol/Documents/ros_workstation/ArmBots/ArmBot_1/install/boilerplate/share/boilerplate/package.xml
