[0.011s] Invoking command in '/home/kol/Documents/ros_workstation/Launch/launch_1/build/launch_1': CMAKE_PREFIX_PATH=${CMAKE_PREFIX_PATH}:/opt/ros/humble /usr/bin/cmake --build /home/kol/Documents/ros_workstation/Launch/launch_1/build/launch_1 -- -j4 -l4
[0.035s] -- Found ament_cmake: 1.3.11 (/opt/ros/humble/share/ament_cmake/cmake)
[0.159s] -- Found ament_lint_auto: 0.12.12 (/opt/ros/humble/share/ament_lint_auto/cmake)
[0.225s] -- Added test 'flake8' to check Python code syntax and style conventions
[0.225s] -- Added test 'lint_cmake' to check CMake code style
[0.226s] -- Added test 'pep257' to check Python code against some of the docstring style conventions in PEP 257
[0.227s] -- Added test 'xmllint' to check XML markup files
[0.228s] -- Configuring done
[0.231s] -- Generating done
[0.233s] -- Build files have been written to: /home/kol/Documents/ros_workstation/Launch/launch_1/build/launch_1
[0.254s] Invoked command in '/home/kol/Documents/ros_workstation/Launch/launch_1/build/launch_1' returned '0': CMAKE_PREFIX_PATH=${CMAKE_PREFIX_PATH}:/opt/ros/humble /usr/bin/cmake --build /home/kol/Documents/ros_workstation/Launch/launch_1/build/launch_1 -- -j4 -l4
[0.267s] Invoking command in '/home/kol/Documents/ros_workstation/Launch/launch_1/build/launch_1': CMAKE_PREFIX_PATH=${CMAKE_PREFIX_PATH}:/opt/ros/humble /usr/bin/cmake --install /home/kol/Documents/ros_workstation/Launch/launch_1/build/launch_1
[0.276s] -- Install configuration: ""
[0.277s] -- Up-to-date: /home/kol/Documents/ros_workstation/Launch/launch_1/install/launch_1/share/launch_1/launch
[0.277s] -- Up-to-date: /home/kol/Documents/ros_workstation/Launch/launch_1/install/launch_1/share/launch_1/launch/.vscode
[0.277s] -- Up-to-date: /home/kol/Documents/ros_workstation/Launch/launch_1/install/launch_1/share/launch_1/launch/.vscode/c_cpp_properties.json
[0.277s] -- Up-to-date: /home/kol/Documents/ros_workstation/Launch/launch_1/install/launch_1/share/launch_1/launch/.vscode/settings.json
[0.277s] -- Up-to-date: /home/kol/Documents/ros_workstation/Launch/launch_1/install/launch_1/share/launch_1/launch/launch_file.py
[0.277s] -- Up-to-date: /home/kol/Documents/ros_workstation/Launch/launch_1/install/launch_1/share/ament_index/resource_index/package_run_dependencies/launch_1
[0.278s] -- Installing: /home/kol/Documents/ros_workstation/Launch/launch_1/install/launch_1/share/ament_index/resource_index/parent_prefix_path/launch_1
[0.278s] -- Up-to-date: /home/kol/Documents/ros_workstation/Launch/launch_1/install/launch_1/share/launch_1/environment/ament_prefix_path.sh
[0.278s] -- Installing: /home/kol/Documents/ros_workstation/Launch/launch_1/install/launch_1/share/launch_1/environment/ament_prefix_path.dsv
[0.278s] -- Up-to-date: /home/kol/Documents/ros_workstation/Launch/launch_1/install/launch_1/share/launch_1/environment/path.sh
[0.278s] -- Installing: /home/kol/Documents/ros_workstation/Launch/launch_1/install/launch_1/share/launch_1/environment/path.dsv
[0.278s] -- Up-to-date: /home/kol/Documents/ros_workstation/Launch/launch_1/install/launch_1/share/launch_1/local_setup.bash
[0.279s] -- Up-to-date: /home/kol/Documents/ros_workstation/Launch/launch_1/install/launch_1/share/launch_1/local_setup.sh
[0.279s] -- Up-to-date: /home/kol/Documents/ros_workstation/Launch/launch_1/install/launch_1/share/launch_1/local_setup.zsh
[0.279s] -- Installing: /home/kol/Documents/ros_workstation/Launch/launch_1/install/launch_1/share/launch_1/local_setup.dsv
[0.279s] -- Installing: /home/kol/Documents/ros_workstation/Launch/launch_1/install/launch_1/share/launch_1/package.dsv
[0.279s] -- Up-to-date: /home/kol/Documents/ros_workstation/Launch/launch_1/install/launch_1/share/ament_index/resource_index/packages/launch_1
[0.279s] -- Up-to-date: /home/kol/Documents/ros_workstation/Launch/launch_1/install/launch_1/share/launch_1/cmake/launch_1Config.cmake
[0.279s] -- Up-to-date: /home/kol/Documents/ros_workstation/Launch/launch_1/install/launch_1/share/launch_1/cmake/launch_1Config-version.cmake
[0.280s] -- Up-to-date: /home/kol/Documents/ros_workstation/Launch/launch_1/install/launch_1/share/launch_1/package.xml
[0.281s] Invoked command in '/home/kol/Documents/ros_workstation/Launch/launch_1/build/launch_1' returned '0': CMAKE_PREFIX_PATH=${CMAKE_PREFIX_PATH}:/opt/ros/humble /usr/bin/cmake --install /home/kol/Documents/ros_workstation/Launch/launch_1/build/launch_1
