[0.017s] Invoking command in '/home/kol/Documents/ros_workstation/Control/six_dof_robot_ws/build/welder_mvt_cfg_4': AMENT_PREFIX_PATH=/home/kol/Documents/ros_workstation/Control/six_dof_robot_ws/install/welder_description:/home/kol/Documents/ros_workstation/Control/six_dof_robot_ws/install/welder_mvt_cf3:/home/kol/Documents/ros_workstation/Control/six_dof_robot_ws/install/welder_mvt_cfg_2:/home/kol/Documents/ros_workstation/Control/six_dof_robot_ws/install/welder_moveit_config:/home/kol/Documents/ros_workstation/Control/six_dof_robot_ws/install/welder_control:/home/kol/Documents/ros_workstation/Control/six_dof_robot_ws/install/moveit_control:/opt/ros/humble CMAKE_PREFIX_PATH=${CMAKE_PREFIX_PATH}:/home/kol/Documents/ros_workstation/Control/six_dof_robot_ws/install/welder_description:/home/kol/Documents/ros_workstation/Control/six_dof_robot_ws/install/welder_control:/opt/ros/humble /usr/bin/cmake /home/kol/Documents/ros_workstation/Control/six_dof_robot_ws/src/welder_mvt_cfg_4 -DCMAKE_INSTALL_PREFIX=/home/kol/Documents/ros_workstation/Control/six_dof_robot_ws/install/welder_mvt_cfg_4
[0.095s] -- The C compiler identification is GNU 11.4.0
[0.158s] -- The CXX compiler identification is GNU 11.4.0
[0.165s] -- Detecting C compiler ABI info
[0.228s] -- Detecting C compiler ABI info - done
[0.235s] -- Check for working C compiler: /usr/bin/cc - skipped
[0.235s] -- Detecting C compile features
[0.235s] -- Detecting C compile features - done
[0.239s] -- Detecting CXX compiler ABI info
[0.321s] -- Detecting CXX compiler ABI info - done
[0.333s] -- Check for working CXX compiler: /usr/bin/c++ - skipped
[0.333s] -- Detecting CXX compile features
[0.334s] -- Detecting CXX compile features - done
[0.337s] -- Found ament_cmake: 1.3.11 (/opt/ros/humble/share/ament_cmake/cmake)
[0.484s] -- Found Python3: /usr/bin/python3 (found version "3.10.12") found components: Interpreter 
[0.641s] -- Configuring done
[0.644s] -- Generating done
[0.645s] -- Build files have been written to: /home/kol/Documents/ros_workstation/Control/six_dof_robot_ws/build/welder_mvt_cfg_4
[0.649s] Invoked command in '/home/kol/Documents/ros_workstation/Control/six_dof_robot_ws/build/welder_mvt_cfg_4' returned '0': AMENT_PREFIX_PATH=/home/kol/Documents/ros_workstation/Control/six_dof_robot_ws/install/welder_description:/home/kol/Documents/ros_workstation/Control/six_dof_robot_ws/install/welder_mvt_cf3:/home/kol/Documents/ros_workstation/Control/six_dof_robot_ws/install/welder_mvt_cfg_2:/home/kol/Documents/ros_workstation/Control/six_dof_robot_ws/install/welder_moveit_config:/home/kol/Documents/ros_workstation/Control/six_dof_robot_ws/install/welder_control:/home/kol/Documents/ros_workstation/Control/six_dof_robot_ws/install/moveit_control:/opt/ros/humble CMAKE_PREFIX_PATH=${CMAKE_PREFIX_PATH}:/home/kol/Documents/ros_workstation/Control/six_dof_robot_ws/install/welder_description:/home/kol/Documents/ros_workstation/Control/six_dof_robot_ws/install/welder_control:/opt/ros/humble /usr/bin/cmake /home/kol/Documents/ros_workstation/Control/six_dof_robot_ws/src/welder_mvt_cfg_4 -DCMAKE_INSTALL_PREFIX=/home/kol/Documents/ros_workstation/Control/six_dof_robot_ws/install/welder_mvt_cfg_4
[0.650s] Invoking command in '/home/kol/Documents/ros_workstation/Control/six_dof_robot_ws/build/welder_mvt_cfg_4': AMENT_PREFIX_PATH=/home/kol/Documents/ros_workstation/Control/six_dof_robot_ws/install/welder_description:/home/kol/Documents/ros_workstation/Control/six_dof_robot_ws/install/welder_mvt_cf3:/home/kol/Documents/ros_workstation/Control/six_dof_robot_ws/install/welder_mvt_cfg_2:/home/kol/Documents/ros_workstation/Control/six_dof_robot_ws/install/welder_moveit_config:/home/kol/Documents/ros_workstation/Control/six_dof_robot_ws/install/welder_control:/home/kol/Documents/ros_workstation/Control/six_dof_robot_ws/install/moveit_control:/opt/ros/humble CMAKE_PREFIX_PATH=${CMAKE_PREFIX_PATH}:/home/kol/Documents/ros_workstation/Control/six_dof_robot_ws/install/welder_description:/home/kol/Documents/ros_workstation/Control/six_dof_robot_ws/install/welder_control:/opt/ros/humble /usr/bin/cmake --build /home/kol/Documents/ros_workstation/Control/six_dof_robot_ws/build/welder_mvt_cfg_4 -- -j4 -l4
[0.685s] Invoked command in '/home/kol/Documents/ros_workstation/Control/six_dof_robot_ws/build/welder_mvt_cfg_4' returned '0': AMENT_PREFIX_PATH=/home/kol/Documents/ros_workstation/Control/six_dof_robot_ws/install/welder_description:/home/kol/Documents/ros_workstation/Control/six_dof_robot_ws/install/welder_mvt_cf3:/home/kol/Documents/ros_workstation/Control/six_dof_robot_ws/install/welder_mvt_cfg_2:/home/kol/Documents/ros_workstation/Control/six_dof_robot_ws/install/welder_moveit_config:/home/kol/Documents/ros_workstation/Control/six_dof_robot_ws/install/welder_control:/home/kol/Documents/ros_workstation/Control/six_dof_robot_ws/install/moveit_control:/opt/ros/humble CMAKE_PREFIX_PATH=${CMAKE_PREFIX_PATH}:/home/kol/Documents/ros_workstation/Control/six_dof_robot_ws/install/welder_description:/home/kol/Documents/ros_workstation/Control/six_dof_robot_ws/install/welder_control:/opt/ros/humble /usr/bin/cmake --build /home/kol/Documents/ros_workstation/Control/six_dof_robot_ws/build/welder_mvt_cfg_4 -- -j4 -l4
[0.687s] Invoking command in '/home/kol/Documents/ros_workstation/Control/six_dof_robot_ws/build/welder_mvt_cfg_4': AMENT_PREFIX_PATH=/home/kol/Documents/ros_workstation/Control/six_dof_robot_ws/install/welder_description:/home/kol/Documents/ros_workstation/Control/six_dof_robot_ws/install/welder_mvt_cf3:/home/kol/Documents/ros_workstation/Control/six_dof_robot_ws/install/welder_mvt_cfg_2:/home/kol/Documents/ros_workstation/Control/six_dof_robot_ws/install/welder_moveit_config:/home/kol/Documents/ros_workstation/Control/six_dof_robot_ws/install/welder_control:/home/kol/Documents/ros_workstation/Control/six_dof_robot_ws/install/moveit_control:/opt/ros/humble CMAKE_PREFIX_PATH=${CMAKE_PREFIX_PATH}:/home/kol/Documents/ros_workstation/Control/six_dof_robot_ws/install/welder_description:/home/kol/Documents/ros_workstation/Control/six_dof_robot_ws/install/welder_control:/opt/ros/humble /usr/bin/cmake --install /home/kol/Documents/ros_workstation/Control/six_dof_robot_ws/build/welder_mvt_cfg_4
[0.694s] -- Install configuration: ""
[0.694s] -- Installing: /home/kol/Documents/ros_workstation/Control/six_dof_robot_ws/install/welder_mvt_cfg_4/share/ament_index/resource_index/package_run_dependencies/welder_mvt_cfg_4
[0.694s] -- Installing: /home/kol/Documents/ros_workstation/Control/six_dof_robot_ws/install/welder_mvt_cfg_4/share/ament_index/resource_index/parent_prefix_path/welder_mvt_cfg_4
[0.695s] -- Installing: /home/kol/Documents/ros_workstation/Control/six_dof_robot_ws/install/welder_mvt_cfg_4/share/welder_mvt_cfg_4/environment/ament_prefix_path.sh
[0.695s] -- Installing: /home/kol/Documents/ros_workstation/Control/six_dof_robot_ws/install/welder_mvt_cfg_4/share/welder_mvt_cfg_4/environment/ament_prefix_path.dsv
[0.695s] -- Installing: /home/kol/Documents/ros_workstation/Control/six_dof_robot_ws/install/welder_mvt_cfg_4/share/welder_mvt_cfg_4/environment/path.sh
[0.695s] -- Installing: /home/kol/Documents/ros_workstation/Control/six_dof_robot_ws/install/welder_mvt_cfg_4/share/welder_mvt_cfg_4/environment/path.dsv
[0.695s] -- Installing: /home/kol/Documents/ros_workstation/Control/six_dof_robot_ws/install/welder_mvt_cfg_4/share/welder_mvt_cfg_4/local_setup.bash
[0.695s] -- Installing: /home/kol/Documents/ros_workstation/Control/six_dof_robot_ws/install/welder_mvt_cfg_4/share/welder_mvt_cfg_4/local_setup.sh
[0.695s] -- Installing: /home/kol/Documents/ros_workstation/Control/six_dof_robot_ws/install/welder_mvt_cfg_4/share/welder_mvt_cfg_4/local_setup.zsh
[0.696s] -- Installing: /home/kol/Documents/ros_workstation/Control/six_dof_robot_ws/install/welder_mvt_cfg_4/share/welder_mvt_cfg_4/local_setup.dsv
[0.696s] -- Installing: /home/kol/Documents/ros_workstation/Control/six_dof_robot_ws/install/welder_mvt_cfg_4/share/welder_mvt_cfg_4/package.dsv
[0.696s] -- Installing: /home/kol/Documents/ros_workstation/Control/six_dof_robot_ws/install/welder_mvt_cfg_4/share/ament_index/resource_index/packages/welder_mvt_cfg_4
[0.696s] -- Installing: /home/kol/Documents/ros_workstation/Control/six_dof_robot_ws/install/welder_mvt_cfg_4/share/welder_mvt_cfg_4/cmake/welder_mvt_cfg_4Config.cmake
[0.696s] -- Installing: /home/kol/Documents/ros_workstation/Control/six_dof_robot_ws/install/welder_mvt_cfg_4/share/welder_mvt_cfg_4/cmake/welder_mvt_cfg_4Config-version.cmake
[0.696s] -- Installing: /home/kol/Documents/ros_workstation/Control/six_dof_robot_ws/install/welder_mvt_cfg_4/share/welder_mvt_cfg_4/package.xml
[0.697s] -- Installing: /home/kol/Documents/ros_workstation/Control/six_dof_robot_ws/install/welder_mvt_cfg_4/share/welder_mvt_cfg_4/launch
[0.697s] -- Installing: /home/kol/Documents/ros_workstation/Control/six_dof_robot_ws/install/welder_mvt_cfg_4/share/welder_mvt_cfg_4/launch/rsp.launch.py
[0.697s] -- Installing: /home/kol/Documents/ros_workstation/Control/six_dof_robot_ws/install/welder_mvt_cfg_4/share/welder_mvt_cfg_4/launch/move_group.launch.py
[0.697s] -- Installing: /home/kol/Documents/ros_workstation/Control/six_dof_robot_ws/install/welder_mvt_cfg_4/share/welder_mvt_cfg_4/launch/spawn_controllers.launch.py
[0.697s] -- Installing: /home/kol/Documents/ros_workstation/Control/six_dof_robot_ws/install/welder_mvt_cfg_4/share/welder_mvt_cfg_4/launch/demo.launch.py
[0.697s] -- Installing: /home/kol/Documents/ros_workstation/Control/six_dof_robot_ws/install/welder_mvt_cfg_4/share/welder_mvt_cfg_4/launch/setup_assistant.launch.py
[0.697s] -- Installing: /home/kol/Documents/ros_workstation/Control/six_dof_robot_ws/install/welder_mvt_cfg_4/share/welder_mvt_cfg_4/launch/moveit_rviz.launch.py
[0.697s] -- Installing: /home/kol/Documents/ros_workstation/Control/six_dof_robot_ws/install/welder_mvt_cfg_4/share/welder_mvt_cfg_4/launch/static_virtual_joint_tfs.launch.py
[0.698s] -- Installing: /home/kol/Documents/ros_workstation/Control/six_dof_robot_ws/install/welder_mvt_cfg_4/share/welder_mvt_cfg_4/launch/warehouse_db.launch.py
[0.698s] -- Installing: /home/kol/Documents/ros_workstation/Control/six_dof_robot_ws/install/welder_mvt_cfg_4/share/welder_mvt_cfg_4/config
[0.698s] -- Installing: /home/kol/Documents/ros_workstation/Control/six_dof_robot_ws/install/welder_mvt_cfg_4/share/welder_mvt_cfg_4/config/moveit.rviz
[0.698s] -- Installing: /home/kol/Documents/ros_workstation/Control/six_dof_robot_ws/install/welder_mvt_cfg_4/share/welder_mvt_cfg_4/config/ros2_controllers.yaml
[0.698s] -- Installing: /home/kol/Documents/ros_workstation/Control/six_dof_robot_ws/install/welder_mvt_cfg_4/share/welder_mvt_cfg_4/config/joint_limits.yaml
[0.698s] -- Installing: /home/kol/Documents/ros_workstation/Control/six_dof_robot_ws/install/welder_mvt_cfg_4/share/welder_mvt_cfg_4/config/welder.ros2_control.xacro
[0.698s] -- Installing: /home/kol/Documents/ros_workstation/Control/six_dof_robot_ws/install/welder_mvt_cfg_4/share/welder_mvt_cfg_4/config/kinematics.yaml
[0.698s] -- Installing: /home/kol/Documents/ros_workstation/Control/six_dof_robot_ws/install/welder_mvt_cfg_4/share/welder_mvt_cfg_4/config/initial_positions.yaml
[0.699s] -- Installing: /home/kol/Documents/ros_workstation/Control/six_dof_robot_ws/install/welder_mvt_cfg_4/share/welder_mvt_cfg_4/config/welder.srdf
[0.699s] -- Installing: /home/kol/Documents/ros_workstation/Control/six_dof_robot_ws/install/welder_mvt_cfg_4/share/welder_mvt_cfg_4/config/pilz_cartesian_limits.yaml
[0.699s] -- Installing: /home/kol/Documents/ros_workstation/Control/six_dof_robot_ws/install/welder_mvt_cfg_4/share/welder_mvt_cfg_4/config/welder.urdf.xacro
[0.699s] -- Installing: /home/kol/Documents/ros_workstation/Control/six_dof_robot_ws/install/welder_mvt_cfg_4/share/welder_mvt_cfg_4/.setup_assistant
[0.701s] Invoked command in '/home/kol/Documents/ros_workstation/Control/six_dof_robot_ws/build/welder_mvt_cfg_4' returned '0': AMENT_PREFIX_PATH=/home/kol/Documents/ros_workstation/Control/six_dof_robot_ws/install/welder_description:/home/kol/Documents/ros_workstation/Control/six_dof_robot_ws/install/welder_mvt_cf3:/home/kol/Documents/ros_workstation/Control/six_dof_robot_ws/install/welder_mvt_cfg_2:/home/kol/Documents/ros_workstation/Control/six_dof_robot_ws/install/welder_moveit_config:/home/kol/Documents/ros_workstation/Control/six_dof_robot_ws/install/welder_control:/home/kol/Documents/ros_workstation/Control/six_dof_robot_ws/install/moveit_control:/opt/ros/humble CMAKE_PREFIX_PATH=${CMAKE_PREFIX_PATH}:/home/kol/Documents/ros_workstation/Control/six_dof_robot_ws/install/welder_description:/home/kol/Documents/ros_workstation/Control/six_dof_robot_ws/install/welder_control:/opt/ros/humble /usr/bin/cmake --install /home/kol/Documents/ros_workstation/Control/six_dof_robot_ws/build/welder_mvt_cfg_4
