[0.125s] DEBUG:colcon:Command line arguments: ['/usr/bin/colcon', 'build']
[0.125s] DEBUG:colcon:Parsed command line arguments: Namespace(log_base=None, log_level=None, verb_name='build', build_base='build', install_base='install', merge_install=False, symlink_install=False, test_result_base=None, continue_on_error=False, executor='parallel', parallel_workers=4, event_handlers=None, ignore_user_meta=False, metas=['./colcon.meta'], base_paths=['.'], packages_ignore=None, packages_ignore_regex=None, paths=None, packages_up_to=None, packages_up_to_regex=None, packages_above=None, packages_above_and_dependencies=None, packages_above_depth=None, packages_select_by_dep=None, packages_skip_by_dep=None, packages_skip_up_to=None, packages_select_build_failed=False, packages_skip_build_finished=False, packages_select_test_failures=False, packages_skip_test_passed=False, packages_select=None, packages_skip=None, packages_select_regex=None, packages_skip_regex=None, packages_start=None, packages_end=None, allow_overriding=[], cmake_args=None, cmake_target=None, cmake_target_skip_unavailable=False, cmake_clean_cache=False, cmake_clean_first=False, cmake_force_configure=False, ament_cmake_args=None, catkin_cmake_args=None, catkin_skip_building_tests=False, mixin_files=None, mixin=None, verb_parser=<colcon_mixin.mixin.mixin_argument.MixinArgumentDecorator object at 0x7ec26ce99de0>, verb_extension=<colcon_core.verb.build.BuildVerb object at 0x7ec26ce99870>, main=<bound method BuildVerb.main of <colcon_core.verb.build.BuildVerb object at 0x7ec26ce99870>>, mixin_verb=('build',))
[0.368s] Level 1:colcon.colcon_core.package_discovery:discover_packages(colcon_meta) check parameters
[0.368s] Level 1:colcon.colcon_core.package_discovery:discover_packages(recursive) check parameters
[0.368s] Level 1:colcon.colcon_core.package_discovery:discover_packages(ignore) check parameters
[0.368s] Level 1:colcon.colcon_core.package_discovery:discover_packages(path) check parameters
[0.369s] Level 1:colcon.colcon_core.package_discovery:discover_packages(colcon_meta) discover
[0.369s] Level 1:colcon.colcon_core.package_discovery:discover_packages(recursive) discover
[0.369s] INFO:colcon.colcon_core.package_discovery:Crawling recursively for packages in '/home/kol/Documents/ros_workstation/Control/panda'
[0.369s] Level 1:colcon.colcon_core.package_identification:_identify(.) by extensions ['ignore', 'ignore_ament_install']
[0.369s] Level 1:colcon.colcon_core.package_identification:_identify(.) by extension 'ignore'
[0.369s] Level 1:colcon.colcon_core.package_identification:_identify(.) by extension 'ignore_ament_install'
[0.369s] Level 1:colcon.colcon_core.package_identification:_identify(.) by extensions ['colcon_pkg']
[0.369s] Level 1:colcon.colcon_core.package_identification:_identify(.) by extension 'colcon_pkg'
[0.369s] Level 1:colcon.colcon_core.package_identification:_identify(.) by extensions ['colcon_meta']
[0.370s] Level 1:colcon.colcon_core.package_identification:_identify(.) by extension 'colcon_meta'
[0.370s] Level 1:colcon.colcon_core.package_identification:_identify(.) by extensions ['ros']
[0.370s] Level 1:colcon.colcon_core.package_identification:_identify(.) by extension 'ros'
[0.382s] Level 1:colcon.colcon_core.package_identification:_identify(.) by extensions ['cmake', 'python']
[0.382s] Level 1:colcon.colcon_core.package_identification:_identify(.) by extension 'cmake'
[0.382s] Level 1:colcon.colcon_core.package_identification:_identify(.) by extension 'python'
[0.382s] Level 1:colcon.colcon_core.package_identification:_identify(.) by extensions ['python_setup_py']
[0.382s] Level 1:colcon.colcon_core.package_identification:_identify(.) by extension 'python_setup_py'
[0.382s] Level 1:colcon.colcon_core.package_identification:_identify(build) by extensions ['ignore', 'ignore_ament_install']
[0.382s] Level 1:colcon.colcon_core.package_identification:_identify(build) by extension 'ignore'
[0.382s] Level 1:colcon.colcon_core.package_identification:_identify(build) ignored
[0.382s] Level 1:colcon.colcon_core.package_identification:_identify(install) by extensions ['ignore', 'ignore_ament_install']
[0.382s] Level 1:colcon.colcon_core.package_identification:_identify(install) by extension 'ignore'
[0.382s] Level 1:colcon.colcon_core.package_identification:_identify(install) ignored
[0.382s] Level 1:colcon.colcon_core.package_identification:_identify(log) by extensions ['ignore', 'ignore_ament_install']
[0.382s] Level 1:colcon.colcon_core.package_identification:_identify(log) by extension 'ignore'
[0.382s] Level 1:colcon.colcon_core.package_identification:_identify(log) ignored
[0.382s] Level 1:colcon.colcon_core.package_identification:_identify(src) by extensions ['ignore', 'ignore_ament_install']
[0.383s] Level 1:colcon.colcon_core.package_identification:_identify(src) by extension 'ignore'
[0.383s] Level 1:colcon.colcon_core.package_identification:_identify(src) by extension 'ignore_ament_install'
[0.383s] Level 1:colcon.colcon_core.package_identification:_identify(src) by extensions ['colcon_pkg']
[0.383s] Level 1:colcon.colcon_core.package_identification:_identify(src) by extension 'colcon_pkg'
[0.383s] Level 1:colcon.colcon_core.package_identification:_identify(src) by extensions ['colcon_meta']
[0.383s] Level 1:colcon.colcon_core.package_identification:_identify(src) by extension 'colcon_meta'
[0.383s] Level 1:colcon.colcon_core.package_identification:_identify(src) by extensions ['ros']
[0.383s] Level 1:colcon.colcon_core.package_identification:_identify(src) by extension 'ros'
[0.383s] Level 1:colcon.colcon_core.package_identification:_identify(src) by extensions ['cmake', 'python']
[0.383s] Level 1:colcon.colcon_core.package_identification:_identify(src) by extension 'cmake'
[0.383s] Level 1:colcon.colcon_core.package_identification:_identify(src) by extension 'python'
[0.383s] Level 1:colcon.colcon_core.package_identification:_identify(src) by extensions ['python_setup_py']
[0.383s] Level 1:colcon.colcon_core.package_identification:_identify(src) by extension 'python_setup_py'
[0.383s] Level 1:colcon.colcon_core.package_identification:_identify(src/dual_arm_panda_moveit_config) by extensions ['ignore', 'ignore_ament_install']
[0.383s] Level 1:colcon.colcon_core.package_identification:_identify(src/dual_arm_panda_moveit_config) by extension 'ignore'
[0.383s] Level 1:colcon.colcon_core.package_identification:_identify(src/dual_arm_panda_moveit_config) by extension 'ignore_ament_install'
[0.383s] Level 1:colcon.colcon_core.package_identification:_identify(src/dual_arm_panda_moveit_config) by extensions ['colcon_pkg']
[0.383s] Level 1:colcon.colcon_core.package_identification:_identify(src/dual_arm_panda_moveit_config) by extension 'colcon_pkg'
[0.383s] Level 1:colcon.colcon_core.package_identification:_identify(src/dual_arm_panda_moveit_config) by extensions ['colcon_meta']
[0.383s] Level 1:colcon.colcon_core.package_identification:_identify(src/dual_arm_panda_moveit_config) by extension 'colcon_meta'
[0.383s] Level 1:colcon.colcon_core.package_identification:_identify(src/dual_arm_panda_moveit_config) by extensions ['ros']
[0.383s] Level 1:colcon.colcon_core.package_identification:_identify(src/dual_arm_panda_moveit_config) by extension 'ros'
[0.386s] DEBUG:colcon.colcon_core.package_identification:Package 'src/dual_arm_panda_moveit_config' with type 'ros.ament_cmake' and name 'dual_arm_panda_moveit_config'
[0.387s] Level 1:colcon.colcon_core.package_identification:_identify(src/panda_description) by extensions ['ignore', 'ignore_ament_install']
[0.387s] Level 1:colcon.colcon_core.package_identification:_identify(src/panda_description) by extension 'ignore'
[0.387s] Level 1:colcon.colcon_core.package_identification:_identify(src/panda_description) by extension 'ignore_ament_install'
[0.387s] Level 1:colcon.colcon_core.package_identification:_identify(src/panda_description) by extensions ['colcon_pkg']
[0.387s] Level 1:colcon.colcon_core.package_identification:_identify(src/panda_description) by extension 'colcon_pkg'
[0.387s] Level 1:colcon.colcon_core.package_identification:_identify(src/panda_description) by extensions ['colcon_meta']
[0.387s] Level 1:colcon.colcon_core.package_identification:_identify(src/panda_description) by extension 'colcon_meta'
[0.387s] Level 1:colcon.colcon_core.package_identification:_identify(src/panda_description) by extensions ['ros']
[0.387s] Level 1:colcon.colcon_core.package_identification:_identify(src/panda_description) by extension 'ros'
[0.388s] DEBUG:colcon.colcon_core.package_identification:Package 'src/panda_description' with type 'ros.ament_cmake' and name 'moveit_resources_panda_description'
[0.388s] Level 1:colcon.colcon_core.package_identification:_identify(src/panda_moveit_config) by extensions ['ignore', 'ignore_ament_install']
[0.388s] Level 1:colcon.colcon_core.package_identification:_identify(src/panda_moveit_config) by extension 'ignore'
[0.388s] Level 1:colcon.colcon_core.package_identification:_identify(src/panda_moveit_config) by extension 'ignore_ament_install'
[0.388s] Level 1:colcon.colcon_core.package_identification:_identify(src/panda_moveit_config) by extensions ['colcon_pkg']
[0.388s] Level 1:colcon.colcon_core.package_identification:_identify(src/panda_moveit_config) by extension 'colcon_pkg'
[0.388s] Level 1:colcon.colcon_core.package_identification:_identify(src/panda_moveit_config) by extensions ['colcon_meta']
[0.388s] Level 1:colcon.colcon_core.package_identification:_identify(src/panda_moveit_config) by extension 'colcon_meta'
[0.388s] Level 1:colcon.colcon_core.package_identification:_identify(src/panda_moveit_config) by extensions ['ros']
[0.388s] Level 1:colcon.colcon_core.package_identification:_identify(src/panda_moveit_config) by extension 'ros'
[0.389s] DEBUG:colcon.colcon_core.package_identification:Package 'src/panda_moveit_config' with type 'ros.ament_cmake' and name 'moveit_resources_panda_moveit_config'
[0.389s] Level 1:colcon.colcon_core.package_discovery:discover_packages(recursive) using defaults
[0.389s] Level 1:colcon.colcon_core.package_discovery:discover_packages(ignore) discover
[0.389s] Level 1:colcon.colcon_core.package_discovery:discover_packages(ignore) using defaults
[0.389s] Level 1:colcon.colcon_core.package_discovery:discover_packages(path) discover
[0.389s] Level 1:colcon.colcon_core.package_discovery:discover_packages(path) using defaults
[0.411s] Level 1:colcon.colcon_core.package_discovery:discover_packages(prefix_path) check parameters
[0.412s] Level 1:colcon.colcon_core.package_discovery:discover_packages(prefix_path) discover
[0.412s] WARNING:colcon.colcon_core.prefix_path.colcon:The path '/home/kol/Documents/test/moveit_resources/panda/install' in the environment variable COLCON_PREFIX_PATH doesn't exist
[0.412s] WARNING:colcon.colcon_ros.prefix_path.ament:The path '/home/kol/Documents/test/moveit_resources/panda/install/moveit_resources_panda_moveit_config' in the environment variable AMENT_PREFIX_PATH doesn't exist
[0.413s] WARNING:colcon.colcon_ros.prefix_path.ament:The path '/home/kol/Documents/test/moveit_resources/panda/install/dual_arm_panda_moveit_config' in the environment variable AMENT_PREFIX_PATH doesn't exist
[0.413s] WARNING:colcon.colcon_ros.prefix_path.ament:The path '/home/kol/Documents/test/moveit_resources/panda/install/moveit_resources_panda_description' in the environment variable AMENT_PREFIX_PATH doesn't exist
[0.413s] WARNING:colcon.colcon_ros.prefix_path.catkin:The path '/home/kol/Documents/test/moveit_resources/panda/install/moveit_resources_panda_moveit_config' in the environment variable CMAKE_PREFIX_PATH doesn't exist
[0.413s] WARNING:colcon.colcon_ros.prefix_path.catkin:The path '/home/kol/Documents/test/moveit_resources/panda/install/dual_arm_panda_moveit_config' in the environment variable CMAKE_PREFIX_PATH doesn't exist
[0.413s] WARNING:colcon.colcon_ros.prefix_path.catkin:The path '/home/kol/Documents/test/moveit_resources/panda/install/moveit_resources_panda_description' in the environment variable CMAKE_PREFIX_PATH doesn't exist
[0.415s] DEBUG:colcon.colcon_installed_package_information.package_discovery:Found 383 installed packages in /opt/ros/humble
[0.416s] Level 1:colcon.colcon_core.package_discovery:discover_packages(prefix_path) using defaults
[0.475s] Level 5:colcon.colcon_core.verb:set package 'moveit_resources_panda_description' build argument 'cmake_args' from command line to 'None'
[0.475s] Level 5:colcon.colcon_core.verb:set package 'moveit_resources_panda_description' build argument 'cmake_target' from command line to 'None'
[0.475s] Level 5:colcon.colcon_core.verb:set package 'moveit_resources_panda_description' build argument 'cmake_target_skip_unavailable' from command line to 'False'
[0.476s] Level 5:colcon.colcon_core.verb:set package 'moveit_resources_panda_description' build argument 'cmake_clean_cache' from command line to 'False'
[0.476s] Level 5:colcon.colcon_core.verb:set package 'moveit_resources_panda_description' build argument 'cmake_clean_first' from command line to 'False'
[0.476s] Level 5:colcon.colcon_core.verb:set package 'moveit_resources_panda_description' build argument 'cmake_force_configure' from command line to 'False'
[0.476s] Level 5:colcon.colcon_core.verb:set package 'moveit_resources_panda_description' build argument 'ament_cmake_args' from command line to 'None'
[0.476s] Level 5:colcon.colcon_core.verb:set package 'moveit_resources_panda_description' build argument 'catkin_cmake_args' from command line to 'None'
[0.476s] Level 5:colcon.colcon_core.verb:set package 'moveit_resources_panda_description' build argument 'catkin_skip_building_tests' from command line to 'False'
[0.476s] DEBUG:colcon.colcon_core.verb:Building package 'moveit_resources_panda_description' with the following arguments: {'ament_cmake_args': None, 'build_base': '/home/kol/Documents/ros_workstation/Control/panda/build/moveit_resources_panda_description', 'catkin_cmake_args': None, 'catkin_skip_building_tests': False, 'cmake_args': None, 'cmake_clean_cache': False, 'cmake_clean_first': False, 'cmake_force_configure': False, 'cmake_target': None, 'cmake_target_skip_unavailable': False, 'install_base': '/home/kol/Documents/ros_workstation/Control/panda/install/moveit_resources_panda_description', 'merge_install': False, 'path': '/home/kol/Documents/ros_workstation/Control/panda/src/panda_description', 'symlink_install': False, 'test_result_base': None}
[0.476s] Level 5:colcon.colcon_core.verb:set package 'dual_arm_panda_moveit_config' build argument 'cmake_args' from command line to 'None'
[0.476s] Level 5:colcon.colcon_core.verb:set package 'dual_arm_panda_moveit_config' build argument 'cmake_target' from command line to 'None'
[0.476s] Level 5:colcon.colcon_core.verb:set package 'dual_arm_panda_moveit_config' build argument 'cmake_target_skip_unavailable' from command line to 'False'
[0.476s] Level 5:colcon.colcon_core.verb:set package 'dual_arm_panda_moveit_config' build argument 'cmake_clean_cache' from command line to 'False'
[0.476s] Level 5:colcon.colcon_core.verb:set package 'dual_arm_panda_moveit_config' build argument 'cmake_clean_first' from command line to 'False'
[0.476s] Level 5:colcon.colcon_core.verb:set package 'dual_arm_panda_moveit_config' build argument 'cmake_force_configure' from command line to 'False'
[0.476s] Level 5:colcon.colcon_core.verb:set package 'dual_arm_panda_moveit_config' build argument 'ament_cmake_args' from command line to 'None'
[0.476s] Level 5:colcon.colcon_core.verb:set package 'dual_arm_panda_moveit_config' build argument 'catkin_cmake_args' from command line to 'None'
[0.476s] Level 5:colcon.colcon_core.verb:set package 'dual_arm_panda_moveit_config' build argument 'catkin_skip_building_tests' from command line to 'False'
[0.476s] DEBUG:colcon.colcon_core.verb:Building package 'dual_arm_panda_moveit_config' with the following arguments: {'ament_cmake_args': None, 'build_base': '/home/kol/Documents/ros_workstation/Control/panda/build/dual_arm_panda_moveit_config', 'catkin_cmake_args': None, 'catkin_skip_building_tests': False, 'cmake_args': None, 'cmake_clean_cache': False, 'cmake_clean_first': False, 'cmake_force_configure': False, 'cmake_target': None, 'cmake_target_skip_unavailable': False, 'install_base': '/home/kol/Documents/ros_workstation/Control/panda/install/dual_arm_panda_moveit_config', 'merge_install': False, 'path': '/home/kol/Documents/ros_workstation/Control/panda/src/dual_arm_panda_moveit_config', 'symlink_install': False, 'test_result_base': None}
[0.477s] Level 5:colcon.colcon_core.verb:set package 'moveit_resources_panda_moveit_config' build argument 'cmake_args' from command line to 'None'
[0.477s] Level 5:colcon.colcon_core.verb:set package 'moveit_resources_panda_moveit_config' build argument 'cmake_target' from command line to 'None'
[0.477s] Level 5:colcon.colcon_core.verb:set package 'moveit_resources_panda_moveit_config' build argument 'cmake_target_skip_unavailable' from command line to 'False'
[0.477s] Level 5:colcon.colcon_core.verb:set package 'moveit_resources_panda_moveit_config' build argument 'cmake_clean_cache' from command line to 'False'
[0.477s] Level 5:colcon.colcon_core.verb:set package 'moveit_resources_panda_moveit_config' build argument 'cmake_clean_first' from command line to 'False'
[0.477s] Level 5:colcon.colcon_core.verb:set package 'moveit_resources_panda_moveit_config' build argument 'cmake_force_configure' from command line to 'False'
[0.477s] Level 5:colcon.colcon_core.verb:set package 'moveit_resources_panda_moveit_config' build argument 'ament_cmake_args' from command line to 'None'
[0.477s] Level 5:colcon.colcon_core.verb:set package 'moveit_resources_panda_moveit_config' build argument 'catkin_cmake_args' from command line to 'None'
[0.477s] Level 5:colcon.colcon_core.verb:set package 'moveit_resources_panda_moveit_config' build argument 'catkin_skip_building_tests' from command line to 'False'
[0.477s] DEBUG:colcon.colcon_core.verb:Building package 'moveit_resources_panda_moveit_config' with the following arguments: {'ament_cmake_args': None, 'build_base': '/home/kol/Documents/ros_workstation/Control/panda/build/moveit_resources_panda_moveit_config', 'catkin_cmake_args': None, 'catkin_skip_building_tests': False, 'cmake_args': None, 'cmake_clean_cache': False, 'cmake_clean_first': False, 'cmake_force_configure': False, 'cmake_target': None, 'cmake_target_skip_unavailable': False, 'install_base': '/home/kol/Documents/ros_workstation/Control/panda/install/moveit_resources_panda_moveit_config', 'merge_install': False, 'path': '/home/kol/Documents/ros_workstation/Control/panda/src/panda_moveit_config', 'symlink_install': False, 'test_result_base': None}
[0.477s] INFO:colcon.colcon_core.executor:Executing jobs using 'parallel' executor
[0.478s] DEBUG:colcon.colcon_parallel_executor.executor.parallel:run_until_complete
[0.478s] INFO:colcon.colcon_ros.task.ament_cmake.build:Building ROS package in '/home/kol/Documents/ros_workstation/Control/panda/src/panda_description' with build type 'ament_cmake'
[0.479s] INFO:colcon.colcon_cmake.task.cmake.build:Building CMake package in '/home/kol/Documents/ros_workstation/Control/panda/src/panda_description'
[0.480s] INFO:colcon.colcon_core.plugin_system:Skipping extension 'colcon_core.shell.bat': Not used on non-Windows systems
[0.481s] INFO:colcon.colcon_core.shell:Skip shell extension 'powershell' for command environment: Not usable outside of PowerShell
[0.481s] DEBUG:colcon.colcon_core.shell:Skip shell extension 'dsv' for command environment
[0.490s] DEBUG:colcon.colcon_core.event_handler.log_command:Invoking command in '/home/kol/Documents/ros_workstation/Control/panda/build/moveit_resources_panda_description': CMAKE_PREFIX_PATH=${CMAKE_PREFIX_PATH}:/opt/ros/humble /usr/bin/cmake /home/kol/Documents/ros_workstation/Control/panda/src/panda_description -DCMAKE_INSTALL_PREFIX=/home/kol/Documents/ros_workstation/Control/panda/install/moveit_resources_panda_description
[1.138s] DEBUG:colcon.colcon_core.event_handler.log_command:Invoked command in '/home/kol/Documents/ros_workstation/Control/panda/build/moveit_resources_panda_description' returned '0': CMAKE_PREFIX_PATH=${CMAKE_PREFIX_PATH}:/opt/ros/humble /usr/bin/cmake /home/kol/Documents/ros_workstation/Control/panda/src/panda_description -DCMAKE_INSTALL_PREFIX=/home/kol/Documents/ros_workstation/Control/panda/install/moveit_resources_panda_description
[1.141s] DEBUG:colcon.colcon_core.event_handler.log_command:Invoking command in '/home/kol/Documents/ros_workstation/Control/panda/build/moveit_resources_panda_description': CMAKE_PREFIX_PATH=${CMAKE_PREFIX_PATH}:/opt/ros/humble /usr/bin/cmake --build /home/kol/Documents/ros_workstation/Control/panda/build/moveit_resources_panda_description -- -j4 -l4
[1.179s] DEBUG:colcon.colcon_core.event_handler.log_command:Invoked command in '/home/kol/Documents/ros_workstation/Control/panda/build/moveit_resources_panda_description' returned '0': CMAKE_PREFIX_PATH=${CMAKE_PREFIX_PATH}:/opt/ros/humble /usr/bin/cmake --build /home/kol/Documents/ros_workstation/Control/panda/build/moveit_resources_panda_description -- -j4 -l4
[1.189s] DEBUG:colcon.colcon_core.event_handler.log_command:Invoking command in '/home/kol/Documents/ros_workstation/Control/panda/build/moveit_resources_panda_description': CMAKE_PREFIX_PATH=${CMAKE_PREFIX_PATH}:/opt/ros/humble /usr/bin/cmake --install /home/kol/Documents/ros_workstation/Control/panda/build/moveit_resources_panda_description
[1.217s] Level 1:colcon.colcon_core.environment:create_environment_scripts_only(moveit_resources_panda_description)
[1.218s] DEBUG:colcon.colcon_core.event_handler.log_command:Invoked command in '/home/kol/Documents/ros_workstation/Control/panda/build/moveit_resources_panda_description' returned '0': CMAKE_PREFIX_PATH=${CMAKE_PREFIX_PATH}:/opt/ros/humble /usr/bin/cmake --install /home/kol/Documents/ros_workstation/Control/panda/build/moveit_resources_panda_description
[1.221s] Level 1:colcon.colcon_core.environment:checking '/home/kol/Documents/ros_workstation/Control/panda/install/moveit_resources_panda_description' for CMake module files
[1.222s] Level 1:colcon.colcon_core.environment:checking '/home/kol/Documents/ros_workstation/Control/panda/install/moveit_resources_panda_description' for CMake config files
[1.222s] Level 1:colcon.colcon_core.shell:create_environment_hook('moveit_resources_panda_description', 'cmake_prefix_path')
[1.223s] INFO:colcon.colcon_core.shell:Creating environment hook '/home/kol/Documents/ros_workstation/Control/panda/install/moveit_resources_panda_description/share/moveit_resources_panda_description/hook/cmake_prefix_path.ps1'
[1.224s] INFO:colcon.colcon_core.shell:Creating environment descriptor '/home/kol/Documents/ros_workstation/Control/panda/install/moveit_resources_panda_description/share/moveit_resources_panda_description/hook/cmake_prefix_path.dsv'
[1.224s] INFO:colcon.colcon_core.shell:Creating environment hook '/home/kol/Documents/ros_workstation/Control/panda/install/moveit_resources_panda_description/share/moveit_resources_panda_description/hook/cmake_prefix_path.sh'
[1.225s] Level 1:colcon.colcon_core.environment:checking '/home/kol/Documents/ros_workstation/Control/panda/install/moveit_resources_panda_description/bin'
[1.225s] Level 1:colcon.colcon_core.environment:checking '/home/kol/Documents/ros_workstation/Control/panda/install/moveit_resources_panda_description/lib/pkgconfig/moveit_resources_panda_description.pc'
[1.225s] Level 1:colcon.colcon_core.environment:checking '/home/kol/Documents/ros_workstation/Control/panda/install/moveit_resources_panda_description/lib/python3.10/site-packages'
[1.226s] Level 1:colcon.colcon_core.environment:checking '/home/kol/Documents/ros_workstation/Control/panda/install/moveit_resources_panda_description/bin'
[1.226s] INFO:colcon.colcon_core.shell:Creating package script '/home/kol/Documents/ros_workstation/Control/panda/install/moveit_resources_panda_description/share/moveit_resources_panda_description/package.ps1'
[1.227s] INFO:colcon.colcon_core.shell:Creating package descriptor '/home/kol/Documents/ros_workstation/Control/panda/install/moveit_resources_panda_description/share/moveit_resources_panda_description/package.dsv'
[1.227s] INFO:colcon.colcon_core.shell:Creating package script '/home/kol/Documents/ros_workstation/Control/panda/install/moveit_resources_panda_description/share/moveit_resources_panda_description/package.sh'
[1.228s] INFO:colcon.colcon_core.shell:Creating package script '/home/kol/Documents/ros_workstation/Control/panda/install/moveit_resources_panda_description/share/moveit_resources_panda_description/package.bash'
[1.229s] INFO:colcon.colcon_core.shell:Creating package script '/home/kol/Documents/ros_workstation/Control/panda/install/moveit_resources_panda_description/share/moveit_resources_panda_description/package.zsh'
[1.229s] Level 1:colcon.colcon_core.environment:create_file_with_runtime_dependencies(/home/kol/Documents/ros_workstation/Control/panda/install/moveit_resources_panda_description/share/colcon-core/packages/moveit_resources_panda_description)
[1.230s] Level 1:colcon.colcon_core.environment:create_environment_scripts_only(moveit_resources_panda_description)
[1.230s] Level 1:colcon.colcon_core.environment:checking '/home/kol/Documents/ros_workstation/Control/panda/install/moveit_resources_panda_description' for CMake module files
[1.231s] Level 1:colcon.colcon_core.environment:checking '/home/kol/Documents/ros_workstation/Control/panda/install/moveit_resources_panda_description' for CMake config files
[1.231s] Level 1:colcon.colcon_core.shell:create_environment_hook('moveit_resources_panda_description', 'cmake_prefix_path')
[1.231s] INFO:colcon.colcon_core.shell:Creating environment hook '/home/kol/Documents/ros_workstation/Control/panda/install/moveit_resources_panda_description/share/moveit_resources_panda_description/hook/cmake_prefix_path.ps1'
[1.231s] INFO:colcon.colcon_core.shell:Creating environment descriptor '/home/kol/Documents/ros_workstation/Control/panda/install/moveit_resources_panda_description/share/moveit_resources_panda_description/hook/cmake_prefix_path.dsv'
[1.232s] INFO:colcon.colcon_core.shell:Creating environment hook '/home/kol/Documents/ros_workstation/Control/panda/install/moveit_resources_panda_description/share/moveit_resources_panda_description/hook/cmake_prefix_path.sh'
[1.232s] Level 1:colcon.colcon_core.environment:checking '/home/kol/Documents/ros_workstation/Control/panda/install/moveit_resources_panda_description/bin'
[1.232s] Level 1:colcon.colcon_core.environment:checking '/home/kol/Documents/ros_workstation/Control/panda/install/moveit_resources_panda_description/lib/pkgconfig/moveit_resources_panda_description.pc'
[1.232s] Level 1:colcon.colcon_core.environment:checking '/home/kol/Documents/ros_workstation/Control/panda/install/moveit_resources_panda_description/lib/python3.10/site-packages'
[1.232s] Level 1:colcon.colcon_core.environment:checking '/home/kol/Documents/ros_workstation/Control/panda/install/moveit_resources_panda_description/bin'
[1.233s] INFO:colcon.colcon_core.shell:Creating package script '/home/kol/Documents/ros_workstation/Control/panda/install/moveit_resources_panda_description/share/moveit_resources_panda_description/package.ps1'
[1.233s] INFO:colcon.colcon_core.shell:Creating package descriptor '/home/kol/Documents/ros_workstation/Control/panda/install/moveit_resources_panda_description/share/moveit_resources_panda_description/package.dsv'
[1.234s] INFO:colcon.colcon_core.shell:Creating package script '/home/kol/Documents/ros_workstation/Control/panda/install/moveit_resources_panda_description/share/moveit_resources_panda_description/package.sh'
[1.234s] INFO:colcon.colcon_core.shell:Creating package script '/home/kol/Documents/ros_workstation/Control/panda/install/moveit_resources_panda_description/share/moveit_resources_panda_description/package.bash'
[1.234s] INFO:colcon.colcon_core.shell:Creating package script '/home/kol/Documents/ros_workstation/Control/panda/install/moveit_resources_panda_description/share/moveit_resources_panda_description/package.zsh'
[1.235s] Level 1:colcon.colcon_core.environment:create_file_with_runtime_dependencies(/home/kol/Documents/ros_workstation/Control/panda/install/moveit_resources_panda_description/share/colcon-core/packages/moveit_resources_panda_description)
[1.235s] INFO:colcon.colcon_ros.task.ament_cmake.build:Building ROS package in '/home/kol/Documents/ros_workstation/Control/panda/src/dual_arm_panda_moveit_config' with build type 'ament_cmake'
[1.235s] INFO:colcon.colcon_cmake.task.cmake.build:Building CMake package in '/home/kol/Documents/ros_workstation/Control/panda/src/dual_arm_panda_moveit_config'
[1.236s] INFO:colcon.colcon_core.shell:Skip shell extension 'powershell' for command environment: Not usable outside of PowerShell
[1.236s] DEBUG:colcon.colcon_core.shell:Skip shell extension 'dsv' for command environment
[1.241s] INFO:colcon.colcon_ros.task.ament_cmake.build:Building ROS package in '/home/kol/Documents/ros_workstation/Control/panda/src/panda_moveit_config' with build type 'ament_cmake'
[1.242s] INFO:colcon.colcon_cmake.task.cmake.build:Building CMake package in '/home/kol/Documents/ros_workstation/Control/panda/src/panda_moveit_config'
[1.242s] INFO:colcon.colcon_core.shell:Skip shell extension 'powershell' for command environment: Not usable outside of PowerShell
[1.242s] DEBUG:colcon.colcon_core.shell:Skip shell extension 'dsv' for command environment
[1.250s] DEBUG:colcon.colcon_core.event_handler.log_command:Invoking command in '/home/kol/Documents/ros_workstation/Control/panda/build/dual_arm_panda_moveit_config': AMENT_PREFIX_PATH=/home/kol/Documents/ros_workstation/Control/panda/install/moveit_resources_panda_description:${AMENT_PREFIX_PATH} CMAKE_PREFIX_PATH=/home/kol/Documents/ros_workstation/Control/panda/install/moveit_resources_panda_description:/home/kol/Documents/test/moveit_resources/panda/install/moveit_resources_panda_moveit_config:/home/kol/Documents/test/moveit_resources/panda/install/dual_arm_panda_moveit_config:/home/kol/Documents/test/moveit_resources/panda/install/moveit_resources_panda_description:/opt/ros/humble /usr/bin/cmake /home/kol/Documents/ros_workstation/Control/panda/src/dual_arm_panda_moveit_config -DCMAKE_INSTALL_PREFIX=/home/kol/Documents/ros_workstation/Control/panda/install/dual_arm_panda_moveit_config
[1.253s] DEBUG:colcon.colcon_core.event_handler.log_command:Invoking command in '/home/kol/Documents/ros_workstation/Control/panda/build/moveit_resources_panda_moveit_config': AMENT_PREFIX_PATH=/home/kol/Documents/ros_workstation/Control/panda/install/moveit_resources_panda_description:${AMENT_PREFIX_PATH} CMAKE_PREFIX_PATH=/home/kol/Documents/ros_workstation/Control/panda/install/moveit_resources_panda_description:/home/kol/Documents/test/moveit_resources/panda/install/moveit_resources_panda_moveit_config:/home/kol/Documents/test/moveit_resources/panda/install/dual_arm_panda_moveit_config:/home/kol/Documents/test/moveit_resources/panda/install/moveit_resources_panda_description:/opt/ros/humble /usr/bin/cmake /home/kol/Documents/ros_workstation/Control/panda/src/panda_moveit_config -DCMAKE_INSTALL_PREFIX=/home/kol/Documents/ros_workstation/Control/panda/install/moveit_resources_panda_moveit_config
[2.004s] DEBUG:colcon.colcon_core.event_handler.log_command:Invoked command in '/home/kol/Documents/ros_workstation/Control/panda/build/moveit_resources_panda_moveit_config' returned '0': AMENT_PREFIX_PATH=/home/kol/Documents/ros_workstation/Control/panda/install/moveit_resources_panda_description:${AMENT_PREFIX_PATH} CMAKE_PREFIX_PATH=/home/kol/Documents/ros_workstation/Control/panda/install/moveit_resources_panda_description:/home/kol/Documents/test/moveit_resources/panda/install/moveit_resources_panda_moveit_config:/home/kol/Documents/test/moveit_resources/panda/install/dual_arm_panda_moveit_config:/home/kol/Documents/test/moveit_resources/panda/install/moveit_resources_panda_description:/opt/ros/humble /usr/bin/cmake /home/kol/Documents/ros_workstation/Control/panda/src/panda_moveit_config -DCMAKE_INSTALL_PREFIX=/home/kol/Documents/ros_workstation/Control/panda/install/moveit_resources_panda_moveit_config
[2.006s] DEBUG:colcon.colcon_core.event_handler.log_command:Invoking command in '/home/kol/Documents/ros_workstation/Control/panda/build/moveit_resources_panda_moveit_config': AMENT_PREFIX_PATH=/home/kol/Documents/ros_workstation/Control/panda/install/moveit_resources_panda_description:${AMENT_PREFIX_PATH} CMAKE_PREFIX_PATH=/home/kol/Documents/ros_workstation/Control/panda/install/moveit_resources_panda_description:/home/kol/Documents/test/moveit_resources/panda/install/moveit_resources_panda_moveit_config:/home/kol/Documents/test/moveit_resources/panda/install/dual_arm_panda_moveit_config:/home/kol/Documents/test/moveit_resources/panda/install/moveit_resources_panda_description:/opt/ros/humble /usr/bin/cmake --build /home/kol/Documents/ros_workstation/Control/panda/build/moveit_resources_panda_moveit_config -- -j4 -l4
[2.009s] DEBUG:colcon.colcon_core.event_handler.log_command:Invoked command in '/home/kol/Documents/ros_workstation/Control/panda/build/dual_arm_panda_moveit_config' returned '0': AMENT_PREFIX_PATH=/home/kol/Documents/ros_workstation/Control/panda/install/moveit_resources_panda_description:${AMENT_PREFIX_PATH} CMAKE_PREFIX_PATH=/home/kol/Documents/ros_workstation/Control/panda/install/moveit_resources_panda_description:/home/kol/Documents/test/moveit_resources/panda/install/moveit_resources_panda_moveit_config:/home/kol/Documents/test/moveit_resources/panda/install/dual_arm_panda_moveit_config:/home/kol/Documents/test/moveit_resources/panda/install/moveit_resources_panda_description:/opt/ros/humble /usr/bin/cmake /home/kol/Documents/ros_workstation/Control/panda/src/dual_arm_panda_moveit_config -DCMAKE_INSTALL_PREFIX=/home/kol/Documents/ros_workstation/Control/panda/install/dual_arm_panda_moveit_config
[2.012s] DEBUG:colcon.colcon_core.event_handler.log_command:Invoking command in '/home/kol/Documents/ros_workstation/Control/panda/build/dual_arm_panda_moveit_config': AMENT_PREFIX_PATH=/home/kol/Documents/ros_workstation/Control/panda/install/moveit_resources_panda_description:${AMENT_PREFIX_PATH} CMAKE_PREFIX_PATH=/home/kol/Documents/ros_workstation/Control/panda/install/moveit_resources_panda_description:/home/kol/Documents/test/moveit_resources/panda/install/moveit_resources_panda_moveit_config:/home/kol/Documents/test/moveit_resources/panda/install/dual_arm_panda_moveit_config:/home/kol/Documents/test/moveit_resources/panda/install/moveit_resources_panda_description:/opt/ros/humble /usr/bin/cmake --build /home/kol/Documents/ros_workstation/Control/panda/build/dual_arm_panda_moveit_config -- -j4 -l4
[2.048s] DEBUG:colcon.colcon_core.event_handler.log_command:Invoked command in '/home/kol/Documents/ros_workstation/Control/panda/build/moveit_resources_panda_moveit_config' returned '0': AMENT_PREFIX_PATH=/home/kol/Documents/ros_workstation/Control/panda/install/moveit_resources_panda_description:${AMENT_PREFIX_PATH} CMAKE_PREFIX_PATH=/home/kol/Documents/ros_workstation/Control/panda/install/moveit_resources_panda_description:/home/kol/Documents/test/moveit_resources/panda/install/moveit_resources_panda_moveit_config:/home/kol/Documents/test/moveit_resources/panda/install/dual_arm_panda_moveit_config:/home/kol/Documents/test/moveit_resources/panda/install/moveit_resources_panda_description:/opt/ros/humble /usr/bin/cmake --build /home/kol/Documents/ros_workstation/Control/panda/build/moveit_resources_panda_moveit_config -- -j4 -l4
[2.050s] DEBUG:colcon.colcon_core.event_handler.log_command:Invoking command in '/home/kol/Documents/ros_workstation/Control/panda/build/moveit_resources_panda_moveit_config': AMENT_PREFIX_PATH=/home/kol/Documents/ros_workstation/Control/panda/install/moveit_resources_panda_description:${AMENT_PREFIX_PATH} CMAKE_PREFIX_PATH=/home/kol/Documents/ros_workstation/Control/panda/install/moveit_resources_panda_description:/home/kol/Documents/test/moveit_resources/panda/install/moveit_resources_panda_moveit_config:/home/kol/Documents/test/moveit_resources/panda/install/dual_arm_panda_moveit_config:/home/kol/Documents/test/moveit_resources/panda/install/moveit_resources_panda_description:/opt/ros/humble /usr/bin/cmake --install /home/kol/Documents/ros_workstation/Control/panda/build/moveit_resources_panda_moveit_config
[2.052s] DEBUG:colcon.colcon_core.event_handler.log_command:Invoked command in '/home/kol/Documents/ros_workstation/Control/panda/build/dual_arm_panda_moveit_config' returned '0': AMENT_PREFIX_PATH=/home/kol/Documents/ros_workstation/Control/panda/install/moveit_resources_panda_description:${AMENT_PREFIX_PATH} CMAKE_PREFIX_PATH=/home/kol/Documents/ros_workstation/Control/panda/install/moveit_resources_panda_description:/home/kol/Documents/test/moveit_resources/panda/install/moveit_resources_panda_moveit_config:/home/kol/Documents/test/moveit_resources/panda/install/dual_arm_panda_moveit_config:/home/kol/Documents/test/moveit_resources/panda/install/moveit_resources_panda_description:/opt/ros/humble /usr/bin/cmake --build /home/kol/Documents/ros_workstation/Control/panda/build/dual_arm_panda_moveit_config -- -j4 -l4
[2.054s] DEBUG:colcon.colcon_core.event_handler.log_command:Invoking command in '/home/kol/Documents/ros_workstation/Control/panda/build/dual_arm_panda_moveit_config': AMENT_PREFIX_PATH=/home/kol/Documents/ros_workstation/Control/panda/install/moveit_resources_panda_description:${AMENT_PREFIX_PATH} CMAKE_PREFIX_PATH=/home/kol/Documents/ros_workstation/Control/panda/install/moveit_resources_panda_description:/home/kol/Documents/test/moveit_resources/panda/install/moveit_resources_panda_moveit_config:/home/kol/Documents/test/moveit_resources/panda/install/dual_arm_panda_moveit_config:/home/kol/Documents/test/moveit_resources/panda/install/moveit_resources_panda_description:/opt/ros/humble /usr/bin/cmake --install /home/kol/Documents/ros_workstation/Control/panda/build/dual_arm_panda_moveit_config
[2.070s] Level 1:colcon.colcon_core.environment:create_environment_scripts_only(moveit_resources_panda_moveit_config)
[2.070s] Level 1:colcon.colcon_core.environment:checking '/home/kol/Documents/ros_workstation/Control/panda/install/moveit_resources_panda_moveit_config' for CMake module files
[2.073s] DEBUG:colcon.colcon_core.event_handler.log_command:Invoked command in '/home/kol/Documents/ros_workstation/Control/panda/build/moveit_resources_panda_moveit_config' returned '0': AMENT_PREFIX_PATH=/home/kol/Documents/ros_workstation/Control/panda/install/moveit_resources_panda_description:${AMENT_PREFIX_PATH} CMAKE_PREFIX_PATH=/home/kol/Documents/ros_workstation/Control/panda/install/moveit_resources_panda_description:/home/kol/Documents/test/moveit_resources/panda/install/moveit_resources_panda_moveit_config:/home/kol/Documents/test/moveit_resources/panda/install/dual_arm_panda_moveit_config:/home/kol/Documents/test/moveit_resources/panda/install/moveit_resources_panda_description:/opt/ros/humble /usr/bin/cmake --install /home/kol/Documents/ros_workstation/Control/panda/build/moveit_resources_panda_moveit_config
[2.073s] Level 1:colcon.colcon_core.environment:checking '/home/kol/Documents/ros_workstation/Control/panda/install/moveit_resources_panda_moveit_config' for CMake config files
[2.073s] Level 1:colcon.colcon_core.shell:create_environment_hook('moveit_resources_panda_moveit_config', 'cmake_prefix_path')
[2.074s] INFO:colcon.colcon_core.shell:Creating environment hook '/home/kol/Documents/ros_workstation/Control/panda/install/moveit_resources_panda_moveit_config/share/moveit_resources_panda_moveit_config/hook/cmake_prefix_path.ps1'
[2.074s] INFO:colcon.colcon_core.shell:Creating environment descriptor '/home/kol/Documents/ros_workstation/Control/panda/install/moveit_resources_panda_moveit_config/share/moveit_resources_panda_moveit_config/hook/cmake_prefix_path.dsv'
[2.074s] INFO:colcon.colcon_core.shell:Creating environment hook '/home/kol/Documents/ros_workstation/Control/panda/install/moveit_resources_panda_moveit_config/share/moveit_resources_panda_moveit_config/hook/cmake_prefix_path.sh'
[2.075s] Level 1:colcon.colcon_core.environment:checking '/home/kol/Documents/ros_workstation/Control/panda/install/moveit_resources_panda_moveit_config/bin'
[2.075s] Level 1:colcon.colcon_core.environment:checking '/home/kol/Documents/ros_workstation/Control/panda/install/moveit_resources_panda_moveit_config/lib/pkgconfig/moveit_resources_panda_moveit_config.pc'
[2.076s] Level 1:colcon.colcon_core.environment:checking '/home/kol/Documents/ros_workstation/Control/panda/install/moveit_resources_panda_moveit_config/lib/python3.10/site-packages'
[2.076s] Level 1:colcon.colcon_core.environment:checking '/home/kol/Documents/ros_workstation/Control/panda/install/moveit_resources_panda_moveit_config/bin'
[2.077s] INFO:colcon.colcon_core.shell:Creating package script '/home/kol/Documents/ros_workstation/Control/panda/install/moveit_resources_panda_moveit_config/share/moveit_resources_panda_moveit_config/package.ps1'
[2.078s] INFO:colcon.colcon_core.shell:Creating package descriptor '/home/kol/Documents/ros_workstation/Control/panda/install/moveit_resources_panda_moveit_config/share/moveit_resources_panda_moveit_config/package.dsv'
[2.079s] INFO:colcon.colcon_core.shell:Creating package script '/home/kol/Documents/ros_workstation/Control/panda/install/moveit_resources_panda_moveit_config/share/moveit_resources_panda_moveit_config/package.sh'
[2.080s] INFO:colcon.colcon_core.shell:Creating package script '/home/kol/Documents/ros_workstation/Control/panda/install/moveit_resources_panda_moveit_config/share/moveit_resources_panda_moveit_config/package.bash'
[2.080s] INFO:colcon.colcon_core.shell:Creating package script '/home/kol/Documents/ros_workstation/Control/panda/install/moveit_resources_panda_moveit_config/share/moveit_resources_panda_moveit_config/package.zsh'
[2.081s] Level 1:colcon.colcon_core.environment:create_file_with_runtime_dependencies(/home/kol/Documents/ros_workstation/Control/panda/install/moveit_resources_panda_moveit_config/share/colcon-core/packages/moveit_resources_panda_moveit_config)
[2.081s] Level 1:colcon.colcon_core.environment:create_environment_scripts_only(moveit_resources_panda_moveit_config)
[2.081s] Level 1:colcon.colcon_core.environment:checking '/home/kol/Documents/ros_workstation/Control/panda/install/moveit_resources_panda_moveit_config' for CMake module files
[2.082s] Level 1:colcon.colcon_core.environment:checking '/home/kol/Documents/ros_workstation/Control/panda/install/moveit_resources_panda_moveit_config' for CMake config files
[2.082s] Level 1:colcon.colcon_core.shell:create_environment_hook('moveit_resources_panda_moveit_config', 'cmake_prefix_path')
[2.082s] INFO:colcon.colcon_core.shell:Creating environment hook '/home/kol/Documents/ros_workstation/Control/panda/install/moveit_resources_panda_moveit_config/share/moveit_resources_panda_moveit_config/hook/cmake_prefix_path.ps1'
[2.082s] INFO:colcon.colcon_core.shell:Creating environment descriptor '/home/kol/Documents/ros_workstation/Control/panda/install/moveit_resources_panda_moveit_config/share/moveit_resources_panda_moveit_config/hook/cmake_prefix_path.dsv'
[2.083s] INFO:colcon.colcon_core.shell:Creating environment hook '/home/kol/Documents/ros_workstation/Control/panda/install/moveit_resources_panda_moveit_config/share/moveit_resources_panda_moveit_config/hook/cmake_prefix_path.sh'
[2.084s] Level 1:colcon.colcon_core.environment:checking '/home/kol/Documents/ros_workstation/Control/panda/install/moveit_resources_panda_moveit_config/bin'
[2.084s] Level 1:colcon.colcon_core.environment:checking '/home/kol/Documents/ros_workstation/Control/panda/install/moveit_resources_panda_moveit_config/lib/pkgconfig/moveit_resources_panda_moveit_config.pc'
[2.084s] Level 1:colcon.colcon_core.environment:checking '/home/kol/Documents/ros_workstation/Control/panda/install/moveit_resources_panda_moveit_config/lib/python3.10/site-packages'
[2.084s] Level 1:colcon.colcon_core.environment:checking '/home/kol/Documents/ros_workstation/Control/panda/install/moveit_resources_panda_moveit_config/bin'
[2.085s] INFO:colcon.colcon_core.shell:Creating package script '/home/kol/Documents/ros_workstation/Control/panda/install/moveit_resources_panda_moveit_config/share/moveit_resources_panda_moveit_config/package.ps1'
[2.085s] INFO:colcon.colcon_core.shell:Creating package descriptor '/home/kol/Documents/ros_workstation/Control/panda/install/moveit_resources_panda_moveit_config/share/moveit_resources_panda_moveit_config/package.dsv'
[2.085s] INFO:colcon.colcon_core.shell:Creating package script '/home/kol/Documents/ros_workstation/Control/panda/install/moveit_resources_panda_moveit_config/share/moveit_resources_panda_moveit_config/package.sh'
[2.086s] INFO:colcon.colcon_core.shell:Creating package script '/home/kol/Documents/ros_workstation/Control/panda/install/moveit_resources_panda_moveit_config/share/moveit_resources_panda_moveit_config/package.bash'
[2.087s] INFO:colcon.colcon_core.shell:Creating package script '/home/kol/Documents/ros_workstation/Control/panda/install/moveit_resources_panda_moveit_config/share/moveit_resources_panda_moveit_config/package.zsh'
[2.088s] Level 1:colcon.colcon_core.environment:create_file_with_runtime_dependencies(/home/kol/Documents/ros_workstation/Control/panda/install/moveit_resources_panda_moveit_config/share/colcon-core/packages/moveit_resources_panda_moveit_config)
[2.089s] Level 1:colcon.colcon_core.environment:create_environment_scripts_only(dual_arm_panda_moveit_config)
[2.089s] Level 1:colcon.colcon_core.environment:checking '/home/kol/Documents/ros_workstation/Control/panda/install/dual_arm_panda_moveit_config' for CMake module files
[2.090s] Level 1:colcon.colcon_core.environment:checking '/home/kol/Documents/ros_workstation/Control/panda/install/dual_arm_panda_moveit_config' for CMake config files
[2.090s] Level 1:colcon.colcon_core.shell:create_environment_hook('dual_arm_panda_moveit_config', 'cmake_prefix_path')
[2.091s] INFO:colcon.colcon_core.shell:Creating environment hook '/home/kol/Documents/ros_workstation/Control/panda/install/dual_arm_panda_moveit_config/share/dual_arm_panda_moveit_config/hook/cmake_prefix_path.ps1'
[2.091s] DEBUG:colcon.colcon_core.event_handler.log_command:Invoked command in '/home/kol/Documents/ros_workstation/Control/panda/build/dual_arm_panda_moveit_config' returned '0': AMENT_PREFIX_PATH=/home/kol/Documents/ros_workstation/Control/panda/install/moveit_resources_panda_description:${AMENT_PREFIX_PATH} CMAKE_PREFIX_PATH=/home/kol/Documents/ros_workstation/Control/panda/install/moveit_resources_panda_description:/home/kol/Documents/test/moveit_resources/panda/install/moveit_resources_panda_moveit_config:/home/kol/Documents/test/moveit_resources/panda/install/dual_arm_panda_moveit_config:/home/kol/Documents/test/moveit_resources/panda/install/moveit_resources_panda_description:/opt/ros/humble /usr/bin/cmake --install /home/kol/Documents/ros_workstation/Control/panda/build/dual_arm_panda_moveit_config
[2.092s] INFO:colcon.colcon_core.shell:Creating environment descriptor '/home/kol/Documents/ros_workstation/Control/panda/install/dual_arm_panda_moveit_config/share/dual_arm_panda_moveit_config/hook/cmake_prefix_path.dsv'
[2.092s] INFO:colcon.colcon_core.shell:Creating environment hook '/home/kol/Documents/ros_workstation/Control/panda/install/dual_arm_panda_moveit_config/share/dual_arm_panda_moveit_config/hook/cmake_prefix_path.sh'
[2.093s] Level 1:colcon.colcon_core.environment:checking '/home/kol/Documents/ros_workstation/Control/panda/install/dual_arm_panda_moveit_config/bin'
[2.093s] Level 1:colcon.colcon_core.environment:checking '/home/kol/Documents/ros_workstation/Control/panda/install/dual_arm_panda_moveit_config/lib/pkgconfig/dual_arm_panda_moveit_config.pc'
[2.093s] Level 1:colcon.colcon_core.environment:checking '/home/kol/Documents/ros_workstation/Control/panda/install/dual_arm_panda_moveit_config/lib/python3.10/site-packages'
[2.093s] Level 1:colcon.colcon_core.environment:checking '/home/kol/Documents/ros_workstation/Control/panda/install/dual_arm_panda_moveit_config/bin'
[2.093s] INFO:colcon.colcon_core.shell:Creating package script '/home/kol/Documents/ros_workstation/Control/panda/install/dual_arm_panda_moveit_config/share/dual_arm_panda_moveit_config/package.ps1'
[2.094s] INFO:colcon.colcon_core.shell:Creating package descriptor '/home/kol/Documents/ros_workstation/Control/panda/install/dual_arm_panda_moveit_config/share/dual_arm_panda_moveit_config/package.dsv'
[2.096s] INFO:colcon.colcon_core.shell:Creating package script '/home/kol/Documents/ros_workstation/Control/panda/install/dual_arm_panda_moveit_config/share/dual_arm_panda_moveit_config/package.sh'
[2.096s] INFO:colcon.colcon_core.shell:Creating package script '/home/kol/Documents/ros_workstation/Control/panda/install/dual_arm_panda_moveit_config/share/dual_arm_panda_moveit_config/package.bash'
[2.096s] INFO:colcon.colcon_core.shell:Creating package script '/home/kol/Documents/ros_workstation/Control/panda/install/dual_arm_panda_moveit_config/share/dual_arm_panda_moveit_config/package.zsh'
[2.097s] Level 1:colcon.colcon_core.environment:create_file_with_runtime_dependencies(/home/kol/Documents/ros_workstation/Control/panda/install/dual_arm_panda_moveit_config/share/colcon-core/packages/dual_arm_panda_moveit_config)
[2.097s] Level 1:colcon.colcon_core.environment:create_environment_scripts_only(dual_arm_panda_moveit_config)
[2.097s] Level 1:colcon.colcon_core.environment:checking '/home/kol/Documents/ros_workstation/Control/panda/install/dual_arm_panda_moveit_config' for CMake module files
[2.098s] Level 1:colcon.colcon_core.environment:checking '/home/kol/Documents/ros_workstation/Control/panda/install/dual_arm_panda_moveit_config' for CMake config files
[2.098s] Level 1:colcon.colcon_core.shell:create_environment_hook('dual_arm_panda_moveit_config', 'cmake_prefix_path')
[2.098s] INFO:colcon.colcon_core.shell:Creating environment hook '/home/kol/Documents/ros_workstation/Control/panda/install/dual_arm_panda_moveit_config/share/dual_arm_panda_moveit_config/hook/cmake_prefix_path.ps1'
[2.098s] INFO:colcon.colcon_core.shell:Creating environment descriptor '/home/kol/Documents/ros_workstation/Control/panda/install/dual_arm_panda_moveit_config/share/dual_arm_panda_moveit_config/hook/cmake_prefix_path.dsv'
[2.099s] INFO:colcon.colcon_core.shell:Creating environment hook '/home/kol/Documents/ros_workstation/Control/panda/install/dual_arm_panda_moveit_config/share/dual_arm_panda_moveit_config/hook/cmake_prefix_path.sh'
[2.099s] Level 1:colcon.colcon_core.environment:checking '/home/kol/Documents/ros_workstation/Control/panda/install/dual_arm_panda_moveit_config/bin'
[2.099s] Level 1:colcon.colcon_core.environment:checking '/home/kol/Documents/ros_workstation/Control/panda/install/dual_arm_panda_moveit_config/lib/pkgconfig/dual_arm_panda_moveit_config.pc'
[2.100s] Level 1:colcon.colcon_core.environment:checking '/home/kol/Documents/ros_workstation/Control/panda/install/dual_arm_panda_moveit_config/lib/python3.10/site-packages'
[2.100s] Level 1:colcon.colcon_core.environment:checking '/home/kol/Documents/ros_workstation/Control/panda/install/dual_arm_panda_moveit_config/bin'
[2.100s] INFO:colcon.colcon_core.shell:Creating package script '/home/kol/Documents/ros_workstation/Control/panda/install/dual_arm_panda_moveit_config/share/dual_arm_panda_moveit_config/package.ps1'
[2.101s] INFO:colcon.colcon_core.shell:Creating package descriptor '/home/kol/Documents/ros_workstation/Control/panda/install/dual_arm_panda_moveit_config/share/dual_arm_panda_moveit_config/package.dsv'
[2.101s] INFO:colcon.colcon_core.shell:Creating package script '/home/kol/Documents/ros_workstation/Control/panda/install/dual_arm_panda_moveit_config/share/dual_arm_panda_moveit_config/package.sh'
[2.101s] INFO:colcon.colcon_core.shell:Creating package script '/home/kol/Documents/ros_workstation/Control/panda/install/dual_arm_panda_moveit_config/share/dual_arm_panda_moveit_config/package.bash'
[2.102s] INFO:colcon.colcon_core.shell:Creating package script '/home/kol/Documents/ros_workstation/Control/panda/install/dual_arm_panda_moveit_config/share/dual_arm_panda_moveit_config/package.zsh'
[2.102s] Level 1:colcon.colcon_core.environment:create_file_with_runtime_dependencies(/home/kol/Documents/ros_workstation/Control/panda/install/dual_arm_panda_moveit_config/share/colcon-core/packages/dual_arm_panda_moveit_config)
[2.102s] DEBUG:colcon.colcon_parallel_executor.executor.parallel:closing loop
[2.103s] DEBUG:colcon.colcon_parallel_executor.executor.parallel:loop closed
[2.103s] DEBUG:colcon.colcon_parallel_executor.executor.parallel:run_until_complete finished with '0'
[2.103s] DEBUG:colcon.colcon_core.event_reactor:joining thread
[2.109s] INFO:colcon.colcon_core.plugin_system:Skipping extension 'colcon_notification.desktop_notification.terminal_notifier': Not used on non-Darwin systems
[2.109s] INFO:colcon.colcon_core.plugin_system:Skipping extension 'colcon_notification.desktop_notification.win32': Not used on non-Windows systems
[2.109s] INFO:colcon.colcon_notification.desktop_notification:Sending desktop notification using 'notify2'
[2.123s] DEBUG:colcon.colcon_core.event_reactor:joined thread
[2.123s] INFO:colcon.colcon_core.shell:Creating prefix script '/home/kol/Documents/ros_workstation/Control/panda/install/local_setup.ps1'
[2.124s] INFO:colcon.colcon_core.shell:Creating prefix util module '/home/kol/Documents/ros_workstation/Control/panda/install/_local_setup_util_ps1.py'
[2.125s] INFO:colcon.colcon_core.shell:Creating prefix chain script '/home/kol/Documents/ros_workstation/Control/panda/install/setup.ps1'
[2.126s] INFO:colcon.colcon_core.shell:Creating prefix script '/home/kol/Documents/ros_workstation/Control/panda/install/local_setup.sh'
[2.127s] INFO:colcon.colcon_core.shell:Creating prefix util module '/home/kol/Documents/ros_workstation/Control/panda/install/_local_setup_util_sh.py'
[2.127s] INFO:colcon.colcon_core.shell:Creating prefix chain script '/home/kol/Documents/ros_workstation/Control/panda/install/setup.sh'
[2.129s] INFO:colcon.colcon_core.shell:Creating prefix script '/home/kol/Documents/ros_workstation/Control/panda/install/local_setup.bash'
[2.130s] INFO:colcon.colcon_core.shell:Creating prefix chain script '/home/kol/Documents/ros_workstation/Control/panda/install/setup.bash'
[2.133s] INFO:colcon.colcon_core.shell:Creating prefix script '/home/kol/Documents/ros_workstation/Control/panda/install/local_setup.zsh'
[2.133s] INFO:colcon.colcon_core.shell:Creating prefix chain script '/home/kol/Documents/ros_workstation/Control/panda/install/setup.zsh'
