[35m[1mConsolidate compiler generated dependencies of target cust_sub[0m
[ 50%] Built target cust_sub
[35m[1mConsolidate compiler generated dependencies of target cust_pub[0m
[ 75%] [32mBuilding CXX object CMakeFiles/cust_pub.dir/src/pub.cpp.o[0m
[100%] [32m[1mLinking CXX executable cust_pub[0m
[100%] Built target cust_pub
-- Install configuration: ""
-- Up-to-date: /home/kol/Documents/ros_workstation/basics/ps9/install/ps9/lib/ps9/cust_sub
-- Installing: /home/kol/Documents/ros_workstation/basics/ps9/install/ps9/lib/ps9/cust_pub
-- Set runtime path of "/home/kol/Documents/ros_workstation/basics/ps9/install/ps9/lib/ps9/cust_pub" to ""
-- Up-to-date: /home/kol/Documents/ros_workstation/basics/ps9/install/ps9/share/ps9/launch
-- Up-to-date: /home/kol/Documents/ros_workstation/basics/ps9/install/ps9/share/ps9/launch/pkg.launch.py
-- Up-to-date: /home/kol/Documents/ros_workstation/basics/ps9/install/ps9/share/ament_index/resource_index/package_run_dependencies/ps9
-- Up-to-date: /home/kol/Documents/ros_workstation/basics/ps9/install/ps9/share/ament_index/resource_index/parent_prefix_path/ps9
-- Up-to-date: /home/kol/Documents/ros_workstation/basics/ps9/install/ps9/share/ps9/environment/ament_prefix_path.sh
-- Up-to-date: /home/kol/Documents/ros_workstation/basics/ps9/install/ps9/share/ps9/environment/ament_prefix_path.dsv
-- Up-to-date: /home/kol/Documents/ros_workstation/basics/ps9/install/ps9/share/ps9/environment/path.sh
-- Up-to-date: /home/kol/Documents/ros_workstation/basics/ps9/install/ps9/share/ps9/environment/path.dsv
-- Up-to-date: /home/kol/Documents/ros_workstation/basics/ps9/install/ps9/share/ps9/local_setup.bash
-- Up-to-date: /home/kol/Documents/ros_workstation/basics/ps9/install/ps9/share/ps9/local_setup.sh
-- Up-to-date: /home/kol/Documents/ros_workstation/basics/ps9/install/ps9/share/ps9/local_setup.zsh
-- Up-to-date: /home/kol/Documents/ros_workstation/basics/ps9/install/ps9/share/ps9/local_setup.dsv
-- Installing: /home/kol/Documents/ros_workstation/basics/ps9/install/ps9/share/ps9/package.dsv
-- Up-to-date: /home/kol/Documents/ros_workstation/basics/ps9/install/ps9/share/ament_index/resource_index/packages/ps9
-- Up-to-date: /home/kol/Documents/ros_workstation/basics/ps9/install/ps9/share/ps9/cmake/ps9Config.cmake
-- Up-to-date: /home/kol/Documents/ros_workstation/basics/ps9/install/ps9/share/ps9/cmake/ps9Config-version.cmake
-- Up-to-date: /home/kol/Documents/ros_workstation/basics/ps9/install/ps9/share/ps9/package.xml
