[0.017s] Invoking command in '/home/kol/Documents/ros_workstation/Control/six_dof_robot_ws/build/welder_mvt_cfg_2': AMENT_PREFIX_PATH=/home/kol/Documents/ros_workstation/Control/six_dof_robot_ws/install/welder_description:/home/kol/Documents/ros_workstation/Control/six_dof_robot_ws/install/welder_moveit_config:/home/kol/Documents/ros_workstation/Control/six_dof_robot_ws/install/welder_control:/home/kol/Documents/ros_workstation/Control/six_dof_robot_ws/install/moveit_control:/opt/ros/humble CMAKE_PREFIX_PATH=${CMAKE_PREFIX_PATH}:/home/kol/Documents/ros_workstation/Control/six_dof_robot_ws/install/welder_description:/home/kol/Documents/ros_workstation/Control/six_dof_robot_ws/install/welder_control:/opt/ros/humble /usr/bin/cmake /home/kol/Documents/ros_workstation/Control/six_dof_robot_ws/src/welder_mvt_cfg_2 -DCMAKE_INSTALL_PREFIX=/home/kol/Documents/ros_workstation/Control/six_dof_robot_ws/install/welder_mvt_cfg_2
[0.145s] -- The C compiler identification is GNU 11.4.0
[0.235s] -- The CXX compiler identification is GNU 11.4.0
[0.247s] -- Detecting C compiler ABI info
[0.335s] -- Detecting C compiler ABI info - done
[0.351s] -- Check for working C compiler: /usr/bin/cc - skipped
[0.351s] -- Detecting C compile features
[0.352s] -- Detecting C compile features - done
[0.355s] -- Detecting CXX compiler ABI info
[0.471s] -- Detecting CXX compiler ABI info - done
[0.481s] -- Check for working CXX compiler: /usr/bin/c++ - skipped
[0.482s] -- Detecting CXX compile features
[0.485s] -- Detecting CXX compile features - done
[0.487s] -- Found ament_cmake: 1.3.11 (/opt/ros/humble/share/ament_cmake/cmake)
[0.712s] -- Found Python3: /usr/bin/python3 (found version "3.10.12") found components: Interpreter 
[0.928s] -- Configuring done
[0.931s] -- Generating done
[0.934s] -- Build files have been written to: /home/kol/Documents/ros_workstation/Control/six_dof_robot_ws/build/welder_mvt_cfg_2
[0.939s] Invoked command in '/home/kol/Documents/ros_workstation/Control/six_dof_robot_ws/build/welder_mvt_cfg_2' returned '0': AMENT_PREFIX_PATH=/home/kol/Documents/ros_workstation/Control/six_dof_robot_ws/install/welder_description:/home/kol/Documents/ros_workstation/Control/six_dof_robot_ws/install/welder_moveit_config:/home/kol/Documents/ros_workstation/Control/six_dof_robot_ws/install/welder_control:/home/kol/Documents/ros_workstation/Control/six_dof_robot_ws/install/moveit_control:/opt/ros/humble CMAKE_PREFIX_PATH=${CMAKE_PREFIX_PATH}:/home/kol/Documents/ros_workstation/Control/six_dof_robot_ws/install/welder_description:/home/kol/Documents/ros_workstation/Control/six_dof_robot_ws/install/welder_control:/opt/ros/humble /usr/bin/cmake /home/kol/Documents/ros_workstation/Control/six_dof_robot_ws/src/welder_mvt_cfg_2 -DCMAKE_INSTALL_PREFIX=/home/kol/Documents/ros_workstation/Control/six_dof_robot_ws/install/welder_mvt_cfg_2
[0.941s] Invoking command in '/home/kol/Documents/ros_workstation/Control/six_dof_robot_ws/build/welder_mvt_cfg_2': AMENT_PREFIX_PATH=/home/kol/Documents/ros_workstation/Control/six_dof_robot_ws/install/welder_description:/home/kol/Documents/ros_workstation/Control/six_dof_robot_ws/install/welder_moveit_config:/home/kol/Documents/ros_workstation/Control/six_dof_robot_ws/install/welder_control:/home/kol/Documents/ros_workstation/Control/six_dof_robot_ws/install/moveit_control:/opt/ros/humble CMAKE_PREFIX_PATH=${CMAKE_PREFIX_PATH}:/home/kol/Documents/ros_workstation/Control/six_dof_robot_ws/install/welder_description:/home/kol/Documents/ros_workstation/Control/six_dof_robot_ws/install/welder_control:/opt/ros/humble /usr/bin/cmake --build /home/kol/Documents/ros_workstation/Control/six_dof_robot_ws/build/welder_mvt_cfg_2 -- -j4 -l4
[0.981s] Invoked command in '/home/kol/Documents/ros_workstation/Control/six_dof_robot_ws/build/welder_mvt_cfg_2' returned '0': AMENT_PREFIX_PATH=/home/kol/Documents/ros_workstation/Control/six_dof_robot_ws/install/welder_description:/home/kol/Documents/ros_workstation/Control/six_dof_robot_ws/install/welder_moveit_config:/home/kol/Documents/ros_workstation/Control/six_dof_robot_ws/install/welder_control:/home/kol/Documents/ros_workstation/Control/six_dof_robot_ws/install/moveit_control:/opt/ros/humble CMAKE_PREFIX_PATH=${CMAKE_PREFIX_PATH}:/home/kol/Documents/ros_workstation/Control/six_dof_robot_ws/install/welder_description:/home/kol/Documents/ros_workstation/Control/six_dof_robot_ws/install/welder_control:/opt/ros/humble /usr/bin/cmake --build /home/kol/Documents/ros_workstation/Control/six_dof_robot_ws/build/welder_mvt_cfg_2 -- -j4 -l4
[0.983s] Invoking command in '/home/kol/Documents/ros_workstation/Control/six_dof_robot_ws/build/welder_mvt_cfg_2': AMENT_PREFIX_PATH=/home/kol/Documents/ros_workstation/Control/six_dof_robot_ws/install/welder_description:/home/kol/Documents/ros_workstation/Control/six_dof_robot_ws/install/welder_moveit_config:/home/kol/Documents/ros_workstation/Control/six_dof_robot_ws/install/welder_control:/home/kol/Documents/ros_workstation/Control/six_dof_robot_ws/install/moveit_control:/opt/ros/humble CMAKE_PREFIX_PATH=${CMAKE_PREFIX_PATH}:/home/kol/Documents/ros_workstation/Control/six_dof_robot_ws/install/welder_description:/home/kol/Documents/ros_workstation/Control/six_dof_robot_ws/install/welder_control:/opt/ros/humble /usr/bin/cmake --install /home/kol/Documents/ros_workstation/Control/six_dof_robot_ws/build/welder_mvt_cfg_2
[0.992s] -- Install configuration: ""
[0.992s] -- Installing: /home/kol/Documents/ros_workstation/Control/six_dof_robot_ws/install/welder_mvt_cfg_2/share/ament_index/resource_index/package_run_dependencies/welder_mvt_cfg_2
[0.992s] -- Installing: /home/kol/Documents/ros_workstation/Control/six_dof_robot_ws/install/welder_mvt_cfg_2/share/ament_index/resource_index/parent_prefix_path/welder_mvt_cfg_2
[0.993s] -- Installing: /home/kol/Documents/ros_workstation/Control/six_dof_robot_ws/install/welder_mvt_cfg_2/share/welder_mvt_cfg_2/environment/ament_prefix_path.sh
[0.993s] -- Installing: /home/kol/Documents/ros_workstation/Control/six_dof_robot_ws/install/welder_mvt_cfg_2/share/welder_mvt_cfg_2/environment/ament_prefix_path.dsv
[0.993s] -- Installing: /home/kol/Documents/ros_workstation/Control/six_dof_robot_ws/install/welder_mvt_cfg_2/share/welder_mvt_cfg_2/environment/path.sh
[0.993s] -- Installing: /home/kol/Documents/ros_workstation/Control/six_dof_robot_ws/install/welder_mvt_cfg_2/share/welder_mvt_cfg_2/environment/path.dsv
[0.994s] -- Installing: /home/kol/Documents/ros_workstation/Control/six_dof_robot_ws/install/welder_mvt_cfg_2/share/welder_mvt_cfg_2/local_setup.bash
[0.994s] -- Installing: /home/kol/Documents/ros_workstation/Control/six_dof_robot_ws/install/welder_mvt_cfg_2/share/welder_mvt_cfg_2/local_setup.sh
[0.994s] -- Installing: /home/kol/Documents/ros_workstation/Control/six_dof_robot_ws/install/welder_mvt_cfg_2/share/welder_mvt_cfg_2/local_setup.zsh
[0.994s] -- Installing: /home/kol/Documents/ros_workstation/Control/six_dof_robot_ws/install/welder_mvt_cfg_2/share/welder_mvt_cfg_2/local_setup.dsv
[0.994s] -- Installing: /home/kol/Documents/ros_workstation/Control/six_dof_robot_ws/install/welder_mvt_cfg_2/share/welder_mvt_cfg_2/package.dsv
[0.995s] -- Installing: /home/kol/Documents/ros_workstation/Control/six_dof_robot_ws/install/welder_mvt_cfg_2/share/ament_index/resource_index/packages/welder_mvt_cfg_2
[0.995s] -- Installing: /home/kol/Documents/ros_workstation/Control/six_dof_robot_ws/install/welder_mvt_cfg_2/share/welder_mvt_cfg_2/cmake/welder_mvt_cfg_2Config.cmake
[0.995s] -- Installing: /home/kol/Documents/ros_workstation/Control/six_dof_robot_ws/install/welder_mvt_cfg_2/share/welder_mvt_cfg_2/cmake/welder_mvt_cfg_2Config-version.cmake
[0.995s] -- Installing: /home/kol/Documents/ros_workstation/Control/six_dof_robot_ws/install/welder_mvt_cfg_2/share/welder_mvt_cfg_2/package.xml
[0.995s] -- Installing: /home/kol/Documents/ros_workstation/Control/six_dof_robot_ws/install/welder_mvt_cfg_2/share/welder_mvt_cfg_2/launch
[0.996s] -- Installing: /home/kol/Documents/ros_workstation/Control/six_dof_robot_ws/install/welder_mvt_cfg_2/share/welder_mvt_cfg_2/launch/rsp.launch.py
[0.996s] -- Installing: /home/kol/Documents/ros_workstation/Control/six_dof_robot_ws/install/welder_mvt_cfg_2/share/welder_mvt_cfg_2/launch/move_group.launch.py
[0.996s] -- Installing: /home/kol/Documents/ros_workstation/Control/six_dof_robot_ws/install/welder_mvt_cfg_2/share/welder_mvt_cfg_2/launch/spawn_controllers.launch.py
[0.996s] -- Installing: /home/kol/Documents/ros_workstation/Control/six_dof_robot_ws/install/welder_mvt_cfg_2/share/welder_mvt_cfg_2/launch/demo.launch.py
[0.996s] -- Installing: /home/kol/Documents/ros_workstation/Control/six_dof_robot_ws/install/welder_mvt_cfg_2/share/welder_mvt_cfg_2/launch/setup_assistant.launch.py
[0.996s] -- Installing: /home/kol/Documents/ros_workstation/Control/six_dof_robot_ws/install/welder_mvt_cfg_2/share/welder_mvt_cfg_2/launch/moveit_rviz.launch.py
[0.997s] -- Installing: /home/kol/Documents/ros_workstation/Control/six_dof_robot_ws/install/welder_mvt_cfg_2/share/welder_mvt_cfg_2/launch/static_virtual_joint_tfs.launch.py
[0.997s] -- Installing: /home/kol/Documents/ros_workstation/Control/six_dof_robot_ws/install/welder_mvt_cfg_2/share/welder_mvt_cfg_2/launch/warehouse_db.launch.py
[0.997s] -- Installing: /home/kol/Documents/ros_workstation/Control/six_dof_robot_ws/install/welder_mvt_cfg_2/share/welder_mvt_cfg_2/config
[0.997s] -- Installing: /home/kol/Documents/ros_workstation/Control/six_dof_robot_ws/install/welder_mvt_cfg_2/share/welder_mvt_cfg_2/config/moveit.rviz
[0.997s] -- Installing: /home/kol/Documents/ros_workstation/Control/six_dof_robot_ws/install/welder_mvt_cfg_2/share/welder_mvt_cfg_2/config/moveit_controllers.yaml
[0.998s] -- Installing: /home/kol/Documents/ros_workstation/Control/six_dof_robot_ws/install/welder_mvt_cfg_2/share/welder_mvt_cfg_2/config/ros2_controllers.yaml
[0.998s] -- Installing: /home/kol/Documents/ros_workstation/Control/six_dof_robot_ws/install/welder_mvt_cfg_2/share/welder_mvt_cfg_2/config/joint_limits.yaml
[0.998s] -- Installing: /home/kol/Documents/ros_workstation/Control/six_dof_robot_ws/install/welder_mvt_cfg_2/share/welder_mvt_cfg_2/config/welder.ros2_control.xacro
[0.998s] -- Installing: /home/kol/Documents/ros_workstation/Control/six_dof_robot_ws/install/welder_mvt_cfg_2/share/welder_mvt_cfg_2/config/kinematics.yaml
[0.998s] -- Installing: /home/kol/Documents/ros_workstation/Control/six_dof_robot_ws/install/welder_mvt_cfg_2/share/welder_mvt_cfg_2/config/initial_positions.yaml
[0.999s] -- Installing: /home/kol/Documents/ros_workstation/Control/six_dof_robot_ws/install/welder_mvt_cfg_2/share/welder_mvt_cfg_2/config/welder.srdf
[0.999s] -- Installing: /home/kol/Documents/ros_workstation/Control/six_dof_robot_ws/install/welder_mvt_cfg_2/share/welder_mvt_cfg_2/config/pilz_cartesian_limits.yaml
[0.999s] -- Installing: /home/kol/Documents/ros_workstation/Control/six_dof_robot_ws/install/welder_mvt_cfg_2/share/welder_mvt_cfg_2/config/welder.urdf.xacro
[0.999s] -- Installing: /home/kol/Documents/ros_workstation/Control/six_dof_robot_ws/install/welder_mvt_cfg_2/share/welder_mvt_cfg_2/.setup_assistant
[1.006s] Invoked command in '/home/kol/Documents/ros_workstation/Control/six_dof_robot_ws/build/welder_mvt_cfg_2' returned '0': AMENT_PREFIX_PATH=/home/kol/Documents/ros_workstation/Control/six_dof_robot_ws/install/welder_description:/home/kol/Documents/ros_workstation/Control/six_dof_robot_ws/install/welder_moveit_config:/home/kol/Documents/ros_workstation/Control/six_dof_robot_ws/install/welder_control:/home/kol/Documents/ros_workstation/Control/six_dof_robot_ws/install/moveit_control:/opt/ros/humble CMAKE_PREFIX_PATH=${CMAKE_PREFIX_PATH}:/home/kol/Documents/ros_workstation/Control/six_dof_robot_ws/install/welder_description:/home/kol/Documents/ros_workstation/Control/six_dof_robot_ws/install/welder_control:/opt/ros/humble /usr/bin/cmake --install /home/kol/Documents/ros_workstation/Control/six_dof_robot_ws/build/welder_mvt_cfg_2
