[0.012s] Invoking command in '/home/kol/Documents/ros_workstation/ArmBots/ArmBot_1/build/boilerplate': CMAKE_PREFIX_PATH=/opt/ros/humble /usr/bin/cmake /home/kol/Documents/ros_workstation/ArmBots/ArmBot_1/src/boilerplate -DAMENT_CMAKE_SYMLINK_INSTALL=1 -DCMAKE_INSTALL_PREFIX=/home/kol/Documents/ros_workstation/ArmBots/ArmBot_1/install/boilerplate
[0.070s] -- The C compiler identification is GNU 11.4.0
[0.125s] -- The CXX compiler identification is GNU 11.4.0
[0.137s] -- Detecting C compiler ABI info
[0.216s] -- Detecting C compiler ABI info - done
[0.224s] -- Check for working C compiler: /usr/bin/cc - skipped
[0.224s] -- Detecting C compile features
[0.225s] -- Detecting C compile features - done
[0.229s] -- Detecting CXX compiler ABI info
[0.310s] -- Detecting CXX compiler ABI info - done
[0.320s] -- Check for working CXX compiler: /usr/bin/c++ - skipped
[0.321s] -- Detecting CXX compile features
[0.321s] -- Detecting CXX compile features - done
[0.323s] -- Found ament_cmake: 1.3.11 (/opt/ros/humble/share/ament_cmake/cmake)
[0.500s] -- Found Python3: /usr/bin/python3 (found version "3.10.12") found components: Interpreter 
[0.569s] -- Override CMake install command with custom implementation using symlinks instead of copying resources
[0.602s] -- Found ament_lint_auto: 0.12.12 (/opt/ros/humble/share/ament_lint_auto/cmake)
[0.707s] -- Added test 'flake8' to check Python code syntax and style conventions
[0.709s] -- Added test 'lint_cmake' to check CMake code style
[0.710s] -- Added test 'pep257' to check Python code against some of the docstring style conventions in PEP 257
[0.713s] -- Added test 'xmllint' to check XML markup files
[0.715s] -- Configuring done
[0.720s] -- Generating done
[0.722s] -- Build files have been written to: /home/kol/Documents/ros_workstation/ArmBots/ArmBot_1/build/boilerplate
[0.730s] Invoked command in '/home/kol/Documents/ros_workstation/ArmBots/ArmBot_1/build/boilerplate' returned '0': CMAKE_PREFIX_PATH=/opt/ros/humble /usr/bin/cmake /home/kol/Documents/ros_workstation/ArmBots/ArmBot_1/src/boilerplate -DAMENT_CMAKE_SYMLINK_INSTALL=1 -DCMAKE_INSTALL_PREFIX=/home/kol/Documents/ros_workstation/ArmBots/ArmBot_1/install/boilerplate
[0.733s] Invoking command in '/home/kol/Documents/ros_workstation/ArmBots/ArmBot_1/build/boilerplate': CMAKE_PREFIX_PATH=/opt/ros/humble /usr/bin/cmake --build /home/kol/Documents/ros_workstation/ArmBots/ArmBot_1/build/boilerplate -- -j4 -l4
[0.770s] Invoked command in '/home/kol/Documents/ros_workstation/ArmBots/ArmBot_1/build/boilerplate' returned '0': CMAKE_PREFIX_PATH=/opt/ros/humble /usr/bin/cmake --build /home/kol/Documents/ros_workstation/ArmBots/ArmBot_1/build/boilerplate -- -j4 -l4
[0.781s] Invoking command in '/home/kol/Documents/ros_workstation/ArmBots/ArmBot_1/build/boilerplate': CMAKE_PREFIX_PATH=/opt/ros/humble /usr/bin/cmake --install /home/kol/Documents/ros_workstation/ArmBots/ArmBot_1/build/boilerplate
[0.787s] -- Install configuration: ""
[0.788s] -- Execute custom install script
[0.788s] -- Symlinking: /home/kol/Documents/ros_workstation/ArmBots/ArmBot_1/install/boilerplate/share/boilerplate/config/robot_controls.yaml
[0.797s] -- Symlinking: /home/kol/Documents/ros_workstation/ArmBots/ArmBot_1/install/boilerplate/share/boilerplate/launch/__pycache__/rsp.launch.d.er
[0.809s] -- Symlinking: /home/kol/Documents/ros_workstation/ArmBots/ArmBot_1/install/boilerplate/share/boilerplate/launch/__pycache__/rsp2.launch.d.er
[0.818s] -- Symlinking: /home/kol/Documents/ros_workstation/ArmBots/ArmBot_1/install/boilerplate/share/boilerplate/launch/__pycache__/sim.launch.d.er
[0.826s] -- Symlinking: /home/kol/Documents/ros_workstation/ArmBots/ArmBot_1/install/boilerplate/share/boilerplate/launch/__pycache__/sim2.launch.d.er
[0.836s] -- Symlinking: /home/kol/Documents/ros_workstation/ArmBots/ArmBot_1/install/boilerplate/share/boilerplate/launch/rsp2.launch.py
[0.845s] -- Symlinking: /home/kol/Documents/ros_workstation/ArmBots/ArmBot_1/install/boilerplate/share/boilerplate/launch/sim2.launch.py
[0.856s] -- Symlinking: /home/kol/Documents/ros_workstation/ArmBots/ArmBot_1/install/boilerplate/share/boilerplate/meshes/base_link.stl
[0.865s] -- Symlinking: /home/kol/Documents/ros_workstation/ArmBots/ArmBot_1/install/boilerplate/share/boilerplate/meshes/link_1_1.stl
[0.873s] -- Symlinking: /home/kol/Documents/ros_workstation/ArmBots/ArmBot_1/install/boilerplate/share/boilerplate/meshes/link_2_1.stl
[0.884s] -- Symlinking: /home/kol/Documents/ros_workstation/ArmBots/ArmBot_1/install/boilerplate/share/boilerplate/meshes/link_3_1.stl
[0.903s] -- Symlinking: /home/kol/Documents/ros_workstation/ArmBots/ArmBot_1/install/boilerplate/share/boilerplate/meshes/link_4_1.stl
[0.914s] -- Symlinking: /home/kol/Documents/ros_workstation/ArmBots/ArmBot_1/install/boilerplate/share/boilerplate/meshes/link_5_1.stl
[0.923s] -- Symlinking: /home/kol/Documents/ros_workstation/ArmBots/ArmBot_1/install/boilerplate/share/boilerplate/urdf/arm.urdf.xacro
[0.932s] -- Symlinking: /home/kol/Documents/ros_workstation/ArmBots/ArmBot_1/install/boilerplate/share/boilerplate/urdf/ros2_control.xacro
[0.943s] -- Symlinking: /home/kol/Documents/ros_workstation/ArmBots/ArmBot_1/install/boilerplate/share/ament_index/resource_index/package_run_dependencies/boilerplate
[0.953s] -- Symlinking: /home/kol/Documents/ros_workstation/ArmBots/ArmBot_1/install/boilerplate/share/ament_index/resource_index/parent_prefix_path/boilerplate
[0.961s] -- Symlinking: /home/kol/Documents/ros_workstation/ArmBots/ArmBot_1/install/boilerplate/share/boilerplate/environment/ament_prefix_path.sh
[0.970s] -- Symlinking: /home/kol/Documents/ros_workstation/ArmBots/ArmBot_1/install/boilerplate/share/boilerplate/environment/ament_prefix_path.dsv
[0.979s] -- Symlinking: /home/kol/Documents/ros_workstation/ArmBots/ArmBot_1/install/boilerplate/share/boilerplate/environment/path.sh
[0.987s] -- Symlinking: /home/kol/Documents/ros_workstation/ArmBots/ArmBot_1/install/boilerplate/share/boilerplate/environment/path.dsv
[0.996s] -- Symlinking: /home/kol/Documents/ros_workstation/ArmBots/ArmBot_1/install/boilerplate/share/boilerplate/local_setup.bash
[1.005s] -- Symlinking: /home/kol/Documents/ros_workstation/ArmBots/ArmBot_1/install/boilerplate/share/boilerplate/local_setup.sh
[1.013s] -- Symlinking: /home/kol/Documents/ros_workstation/ArmBots/ArmBot_1/install/boilerplate/share/boilerplate/local_setup.zsh
[1.022s] -- Symlinking: /home/kol/Documents/ros_workstation/ArmBots/ArmBot_1/install/boilerplate/share/boilerplate/local_setup.dsv
[1.031s] -- Symlinking: /home/kol/Documents/ros_workstation/ArmBots/ArmBot_1/install/boilerplate/share/boilerplate/package.dsv
[1.040s] -- Symlinking: /home/kol/Documents/ros_workstation/ArmBots/ArmBot_1/install/boilerplate/share/ament_index/resource_index/packages/boilerplate
[1.050s] -- Symlinking: /home/kol/Documents/ros_workstation/ArmBots/ArmBot_1/install/boilerplate/share/boilerplate/cmake/boilerplateConfig.cmake
[1.059s] -- Symlinking: /home/kol/Documents/ros_workstation/ArmBots/ArmBot_1/install/boilerplate/share/boilerplate/cmake/boilerplateConfig-version.cmake
[1.068s] -- Symlinking: /home/kol/Documents/ros_workstation/ArmBots/ArmBot_1/install/boilerplate/share/boilerplate/package.xml
[1.078s] Invoked command in '/home/kol/Documents/ros_workstation/ArmBots/ArmBot_1/build/boilerplate' returned '0': CMAKE_PREFIX_PATH=/opt/ros/humble /usr/bin/cmake --install /home/kol/Documents/ros_workstation/ArmBots/ArmBot_1/build/boilerplate
