[0.020s] Invoking command in '/home/kol/Documents/ros_workstation/basics/ps9/build/ps9': CMAKE_PREFIX_PATH=/opt/ros/humble /usr/bin/cmake --build /home/kol/Documents/ros_workstation/basics/ps9/build/ps9 -- -j4 -l4
[0.071s] [35m[1mConsolidate compiler generated dependencies of target cust_sub[0m
[0.083s] [ 50%] Built target cust_pub
[0.088s] [100%] Built target cust_sub
[0.098s] Invoked command in '/home/kol/Documents/ros_workstation/basics/ps9/build/ps9' returned '0': CMAKE_PREFIX_PATH=/opt/ros/humble /usr/bin/cmake --build /home/kol/Documents/ros_workstation/basics/ps9/build/ps9 -- -j4 -l4
[0.108s] Invoking command in '/home/kol/Documents/ros_workstation/basics/ps9/build/ps9': CMAKE_PREFIX_PATH=/opt/ros/humble /usr/bin/cmake --install /home/kol/Documents/ros_workstation/basics/ps9/build/ps9
[0.117s] -- Install configuration: ""
[0.117s] -- Up-to-date: /home/kol/Documents/ros_workstation/basics/ps9/install/ps9/lib/ps9/cust_sub
[0.118s] -- Up-to-date: /home/kol/Documents/ros_workstation/basics/ps9/install/ps9/lib/ps9/cust_pub
[0.118s] -- Up-to-date: /home/kol/Documents/ros_workstation/basics/ps9/install/ps9/share/ps9/launch
[0.118s] -- Up-to-date: /home/kol/Documents/ros_workstation/basics/ps9/install/ps9/share/ps9/launch/pkg.launch.py
[0.118s] -- Up-to-date: /home/kol/Documents/ros_workstation/basics/ps9/install/ps9/share/ament_index/resource_index/package_run_dependencies/ps9
[0.119s] -- Up-to-date: /home/kol/Documents/ros_workstation/basics/ps9/install/ps9/share/ament_index/resource_index/parent_prefix_path/ps9
[0.119s] -- Up-to-date: /home/kol/Documents/ros_workstation/basics/ps9/install/ps9/share/ps9/environment/ament_prefix_path.sh
[0.119s] -- Up-to-date: /home/kol/Documents/ros_workstation/basics/ps9/install/ps9/share/ps9/environment/ament_prefix_path.dsv
[0.119s] -- Up-to-date: /home/kol/Documents/ros_workstation/basics/ps9/install/ps9/share/ps9/environment/path.sh
[0.119s] -- Up-to-date: /home/kol/Documents/ros_workstation/basics/ps9/install/ps9/share/ps9/environment/path.dsv
[0.119s] -- Up-to-date: /home/kol/Documents/ros_workstation/basics/ps9/install/ps9/share/ps9/local_setup.bash
[0.119s] -- Up-to-date: /home/kol/Documents/ros_workstation/basics/ps9/install/ps9/share/ps9/local_setup.sh
[0.119s] -- Up-to-date: /home/kol/Documents/ros_workstation/basics/ps9/install/ps9/share/ps9/local_setup.zsh
[0.119s] -- Up-to-date: /home/kol/Documents/ros_workstation/basics/ps9/install/ps9/share/ps9/local_setup.dsv
[0.120s] -- Installing: /home/kol/Documents/ros_workstation/basics/ps9/install/ps9/share/ps9/package.dsv
[0.120s] -- Up-to-date: /home/kol/Documents/ros_workstation/basics/ps9/install/ps9/share/ament_index/resource_index/packages/ps9
[0.120s] -- Up-to-date: /home/kol/Documents/ros_workstation/basics/ps9/install/ps9/share/ps9/cmake/ps9Config.cmake
[0.120s] -- Up-to-date: /home/kol/Documents/ros_workstation/basics/ps9/install/ps9/share/ps9/cmake/ps9Config-version.cmake
[0.120s] -- Up-to-date: /home/kol/Documents/ros_workstation/basics/ps9/install/ps9/share/ps9/package.xml
[0.126s] Invoked command in '/home/kol/Documents/ros_workstation/basics/ps9/build/ps9' returned '0': CMAKE_PREFIX_PATH=/opt/ros/humble /usr/bin/cmake --install /home/kol/Documents/ros_workstation/basics/ps9/build/ps9
