-- Found ament_cmake: 1.3.11 (/opt/ros/humble/share/ament_cmake/cmake)
-- Configuring done
-- Generating done
-- Build files have been written to: /home/kol/Documents/ros_workstation/Control/six_dof_robot_ws/build/welder_mvt_cfg_5
-- Install configuration: ""
-- Up-to-date: /home/kol/Documents/ros_workstation/Control/six_dof_robot_ws/install/welder_mvt_cfg_5/share/ament_index/resource_index/package_run_dependencies/welder_mvt_cfg_5
-- Up-to-date: /home/kol/Documents/ros_workstation/Control/six_dof_robot_ws/install/welder_mvt_cfg_5/share/ament_index/resource_index/parent_prefix_path/welder_mvt_cfg_5
-- Up-to-date: /home/kol/Documents/ros_workstation/Control/six_dof_robot_ws/install/welder_mvt_cfg_5/share/welder_mvt_cfg_5/environment/ament_prefix_path.sh
-- Installing: /home/kol/Documents/ros_workstation/Control/six_dof_robot_ws/install/welder_mvt_cfg_5/share/welder_mvt_cfg_5/environment/ament_prefix_path.dsv
-- Up-to-date: /home/kol/Documents/ros_workstation/Control/six_dof_robot_ws/install/welder_mvt_cfg_5/share/welder_mvt_cfg_5/environment/path.sh
-- Installing: /home/kol/Documents/ros_workstation/Control/six_dof_robot_ws/install/welder_mvt_cfg_5/share/welder_mvt_cfg_5/environment/path.dsv
-- Up-to-date: /home/kol/Documents/ros_workstation/Control/six_dof_robot_ws/install/welder_mvt_cfg_5/share/welder_mvt_cfg_5/local_setup.bash
-- Up-to-date: /home/kol/Documents/ros_workstation/Control/six_dof_robot_ws/install/welder_mvt_cfg_5/share/welder_mvt_cfg_5/local_setup.sh
-- Up-to-date: /home/kol/Documents/ros_workstation/Control/six_dof_robot_ws/install/welder_mvt_cfg_5/share/welder_mvt_cfg_5/local_setup.zsh
-- Installing: /home/kol/Documents/ros_workstation/Control/six_dof_robot_ws/install/welder_mvt_cfg_5/share/welder_mvt_cfg_5/local_setup.dsv
-- Installing: /home/kol/Documents/ros_workstation/Control/six_dof_robot_ws/install/welder_mvt_cfg_5/share/welder_mvt_cfg_5/package.dsv
-- Up-to-date: /home/kol/Documents/ros_workstation/Control/six_dof_robot_ws/install/welder_mvt_cfg_5/share/ament_index/resource_index/packages/welder_mvt_cfg_5
-- Up-to-date: /home/kol/Documents/ros_workstation/Control/six_dof_robot_ws/install/welder_mvt_cfg_5/share/welder_mvt_cfg_5/cmake/welder_mvt_cfg_5Config.cmake
-- Up-to-date: /home/kol/Documents/ros_workstation/Control/six_dof_robot_ws/install/welder_mvt_cfg_5/share/welder_mvt_cfg_5/cmake/welder_mvt_cfg_5Config-version.cmake
-- Installing: /home/kol/Documents/ros_workstation/Control/six_dof_robot_ws/install/welder_mvt_cfg_5/share/welder_mvt_cfg_5/package.xml
-- Up-to-date: /home/kol/Documents/ros_workstation/Control/six_dof_robot_ws/install/welder_mvt_cfg_5/share/welder_mvt_cfg_5/launch
-- Installing: /home/kol/Documents/ros_workstation/Control/six_dof_robot_ws/install/welder_mvt_cfg_5/share/welder_mvt_cfg_5/launch/rsp.launch.py
-- Installing: /home/kol/Documents/ros_workstation/Control/six_dof_robot_ws/install/welder_mvt_cfg_5/share/welder_mvt_cfg_5/launch/move_group.launch.py
-- Installing: /home/kol/Documents/ros_workstation/Control/six_dof_robot_ws/install/welder_mvt_cfg_5/share/welder_mvt_cfg_5/launch/spawn_controllers.launch.py
-- Installing: /home/kol/Documents/ros_workstation/Control/six_dof_robot_ws/install/welder_mvt_cfg_5/share/welder_mvt_cfg_5/launch/demo.launch.py
-- Installing: /home/kol/Documents/ros_workstation/Control/six_dof_robot_ws/install/welder_mvt_cfg_5/share/welder_mvt_cfg_5/launch/setup_assistant.launch.py
-- Installing: /home/kol/Documents/ros_workstation/Control/six_dof_robot_ws/install/welder_mvt_cfg_5/share/welder_mvt_cfg_5/launch/moveit_rviz.launch.py
-- Installing: /home/kol/Documents/ros_workstation/Control/six_dof_robot_ws/install/welder_mvt_cfg_5/share/welder_mvt_cfg_5/launch/static_virtual_joint_tfs.launch.py
-- Installing: /home/kol/Documents/ros_workstation/Control/six_dof_robot_ws/install/welder_mvt_cfg_5/share/welder_mvt_cfg_5/launch/warehouse_db.launch.py
-- Up-to-date: /home/kol/Documents/ros_workstation/Control/six_dof_robot_ws/install/welder_mvt_cfg_5/share/welder_mvt_cfg_5/config
-- Installing: /home/kol/Documents/ros_workstation/Control/six_dof_robot_ws/install/welder_mvt_cfg_5/share/welder_mvt_cfg_5/config/moveit.rviz
-- Installing: /home/kol/Documents/ros_workstation/Control/six_dof_robot_ws/install/welder_mvt_cfg_5/share/welder_mvt_cfg_5/config/moveit_controllers.yaml
-- Installing: /home/kol/Documents/ros_workstation/Control/six_dof_robot_ws/install/welder_mvt_cfg_5/share/welder_mvt_cfg_5/config/ros2_controllers.yaml
-- Installing: /home/kol/Documents/ros_workstation/Control/six_dof_robot_ws/install/welder_mvt_cfg_5/share/welder_mvt_cfg_5/config/joint_limits.yaml
-- Up-to-date: /home/kol/Documents/ros_workstation/Control/six_dof_robot_ws/install/welder_mvt_cfg_5/share/welder_mvt_cfg_5/config/welder.ros2_control.xacro
-- Installing: /home/kol/Documents/ros_workstation/Control/six_dof_robot_ws/install/welder_mvt_cfg_5/share/welder_mvt_cfg_5/config/kinematics.yaml
-- Up-to-date: /home/kol/Documents/ros_workstation/Control/six_dof_robot_ws/install/welder_mvt_cfg_5/share/welder_mvt_cfg_5/config/initial_positions.yaml
-- Installing: /home/kol/Documents/ros_workstation/Control/six_dof_robot_ws/install/welder_mvt_cfg_5/share/welder_mvt_cfg_5/config/welder.srdf
-- Installing: /home/kol/Documents/ros_workstation/Control/six_dof_robot_ws/install/welder_mvt_cfg_5/share/welder_mvt_cfg_5/config/sensors_3d.yaml
-- Installing: /home/kol/Documents/ros_workstation/Control/six_dof_robot_ws/install/welder_mvt_cfg_5/share/welder_mvt_cfg_5/config/pilz_cartesian_limits.yaml
-- Up-to-date: /home/kol/Documents/ros_workstation/Control/six_dof_robot_ws/install/welder_mvt_cfg_5/share/welder_mvt_cfg_5/config/welder.urdf.xacro
-- Installing: /home/kol/Documents/ros_workstation/Control/six_dof_robot_ws/install/welder_mvt_cfg_5/share/welder_mvt_cfg_5/.setup_assistant
