[0.025s] Invoking command in '/home/kol/Documents/ros_workstation/Control/Arm/build/boilerplate_cfg3': CMAKE_PREFIX_PATH=/home/kol/Documents/ros_workstation/Control/Arm/install/boilerplate:/home/kol/Documents/ros_workstation/Control/Arm/install/boilerplate_cfg2:/home/kol/Documents/ros_workstation/Control/Arm/install/boilerplate_mvt_cfg:/opt/ros/humble /usr/bin/cmake /home/kol/Documents/ros_workstation/Control/Arm/src/boilerplate_cfg3 -DCMAKE_INSTALL_PREFIX=/home/kol/Documents/ros_workstation/Control/Arm/install/boilerplate_cfg3
[0.143s] -- The C compiler identification is GNU 11.4.0
[0.225s] -- The CXX compiler identification is GNU 11.4.0
[0.234s] -- Detecting C compiler ABI info
[0.319s] -- Detecting C compiler ABI info - done
[0.338s] -- Check for working C compiler: /usr/bin/cc - skipped
[0.340s] -- Detecting C compile features
[0.341s] -- Detecting C compile features - done
[0.348s] -- Detecting CXX compiler ABI info
[0.448s] -- Detecting CXX compiler ABI info - done
[0.458s] -- Check for working CXX compiler: /usr/bin/c++ - skipped
[0.458s] -- Detecting CXX compile features
[0.459s] -- Detecting CXX compile features - done
[0.462s] -- Found ament_cmake: 1.3.11 (/opt/ros/humble/share/ament_cmake/cmake)
[0.668s] -- Found Python3: /usr/bin/python3 (found version "3.10.12") found components: Interpreter 
[0.886s] -- Configuring done
[0.890s] -- Generating done
[0.892s] -- Build files have been written to: /home/kol/Documents/ros_workstation/Control/Arm/build/boilerplate_cfg3
[0.897s] Invoked command in '/home/kol/Documents/ros_workstation/Control/Arm/build/boilerplate_cfg3' returned '0': CMAKE_PREFIX_PATH=/home/kol/Documents/ros_workstation/Control/Arm/install/boilerplate:/home/kol/Documents/ros_workstation/Control/Arm/install/boilerplate_cfg2:/home/kol/Documents/ros_workstation/Control/Arm/install/boilerplate_mvt_cfg:/opt/ros/humble /usr/bin/cmake /home/kol/Documents/ros_workstation/Control/Arm/src/boilerplate_cfg3 -DCMAKE_INSTALL_PREFIX=/home/kol/Documents/ros_workstation/Control/Arm/install/boilerplate_cfg3
[0.899s] Invoking command in '/home/kol/Documents/ros_workstation/Control/Arm/build/boilerplate_cfg3': CMAKE_PREFIX_PATH=/home/kol/Documents/ros_workstation/Control/Arm/install/boilerplate:/home/kol/Documents/ros_workstation/Control/Arm/install/boilerplate_cfg2:/home/kol/Documents/ros_workstation/Control/Arm/install/boilerplate_mvt_cfg:/opt/ros/humble /usr/bin/cmake --build /home/kol/Documents/ros_workstation/Control/Arm/build/boilerplate_cfg3 -- -j4 -l4
[0.946s] Invoked command in '/home/kol/Documents/ros_workstation/Control/Arm/build/boilerplate_cfg3' returned '0': CMAKE_PREFIX_PATH=/home/kol/Documents/ros_workstation/Control/Arm/install/boilerplate:/home/kol/Documents/ros_workstation/Control/Arm/install/boilerplate_cfg2:/home/kol/Documents/ros_workstation/Control/Arm/install/boilerplate_mvt_cfg:/opt/ros/humble /usr/bin/cmake --build /home/kol/Documents/ros_workstation/Control/Arm/build/boilerplate_cfg3 -- -j4 -l4
[0.948s] Invoking command in '/home/kol/Documents/ros_workstation/Control/Arm/build/boilerplate_cfg3': CMAKE_PREFIX_PATH=/home/kol/Documents/ros_workstation/Control/Arm/install/boilerplate:/home/kol/Documents/ros_workstation/Control/Arm/install/boilerplate_cfg2:/home/kol/Documents/ros_workstation/Control/Arm/install/boilerplate_mvt_cfg:/opt/ros/humble /usr/bin/cmake --install /home/kol/Documents/ros_workstation/Control/Arm/build/boilerplate_cfg3
[0.957s] -- Install configuration: ""
[0.957s] -- Installing: /home/kol/Documents/ros_workstation/Control/Arm/install/boilerplate_cfg3/share/ament_index/resource_index/package_run_dependencies/boilerplate_cfg3
[0.957s] -- Installing: /home/kol/Documents/ros_workstation/Control/Arm/install/boilerplate_cfg3/share/ament_index/resource_index/parent_prefix_path/boilerplate_cfg3
[0.957s] -- Installing: /home/kol/Documents/ros_workstation/Control/Arm/install/boilerplate_cfg3/share/boilerplate_cfg3/environment/ament_prefix_path.sh
[0.957s] -- Installing: /home/kol/Documents/ros_workstation/Control/Arm/install/boilerplate_cfg3/share/boilerplate_cfg3/environment/ament_prefix_path.dsv
[0.958s] -- Installing: /home/kol/Documents/ros_workstation/Control/Arm/install/boilerplate_cfg3/share/boilerplate_cfg3/environment/path.sh
[0.958s] -- Installing: /home/kol/Documents/ros_workstation/Control/Arm/install/boilerplate_cfg3/share/boilerplate_cfg3/environment/path.dsv
[0.958s] -- Installing: /home/kol/Documents/ros_workstation/Control/Arm/install/boilerplate_cfg3/share/boilerplate_cfg3/local_setup.bash
[0.958s] -- Installing: /home/kol/Documents/ros_workstation/Control/Arm/install/boilerplate_cfg3/share/boilerplate_cfg3/local_setup.sh
[0.958s] -- Installing: /home/kol/Documents/ros_workstation/Control/Arm/install/boilerplate_cfg3/share/boilerplate_cfg3/local_setup.zsh
[0.959s] -- Installing: /home/kol/Documents/ros_workstation/Control/Arm/install/boilerplate_cfg3/share/boilerplate_cfg3/local_setup.dsv
[0.959s] -- Installing: /home/kol/Documents/ros_workstation/Control/Arm/install/boilerplate_cfg3/share/boilerplate_cfg3/package.dsv
[0.959s] -- Installing: /home/kol/Documents/ros_workstation/Control/Arm/install/boilerplate_cfg3/share/ament_index/resource_index/packages/boilerplate_cfg3
[0.959s] -- Installing: /home/kol/Documents/ros_workstation/Control/Arm/install/boilerplate_cfg3/share/boilerplate_cfg3/cmake/boilerplate_cfg3Config.cmake
[0.959s] -- Installing: /home/kol/Documents/ros_workstation/Control/Arm/install/boilerplate_cfg3/share/boilerplate_cfg3/cmake/boilerplate_cfg3Config-version.cmake
[0.960s] -- Installing: /home/kol/Documents/ros_workstation/Control/Arm/install/boilerplate_cfg3/share/boilerplate_cfg3/package.xml
[0.960s] -- Installing: /home/kol/Documents/ros_workstation/Control/Arm/install/boilerplate_cfg3/share/boilerplate_cfg3/launch
[0.960s] -- Installing: /home/kol/Documents/ros_workstation/Control/Arm/install/boilerplate_cfg3/share/boilerplate_cfg3/launch/rsp.launch.py
[0.960s] -- Installing: /home/kol/Documents/ros_workstation/Control/Arm/install/boilerplate_cfg3/share/boilerplate_cfg3/launch/move_group.launch.py
[0.960s] -- Installing: /home/kol/Documents/ros_workstation/Control/Arm/install/boilerplate_cfg3/share/boilerplate_cfg3/launch/spawn_controllers.launch.py
[0.960s] -- Installing: /home/kol/Documents/ros_workstation/Control/Arm/install/boilerplate_cfg3/share/boilerplate_cfg3/launch/demo.launch.py
[0.961s] -- Installing: /home/kol/Documents/ros_workstation/Control/Arm/install/boilerplate_cfg3/share/boilerplate_cfg3/launch/setup_assistant.launch.py
[0.961s] -- Installing: /home/kol/Documents/ros_workstation/Control/Arm/install/boilerplate_cfg3/share/boilerplate_cfg3/launch/moveit_rviz.launch.py
[0.961s] -- Installing: /home/kol/Documents/ros_workstation/Control/Arm/install/boilerplate_cfg3/share/boilerplate_cfg3/launch/static_virtual_joint_tfs.launch.py
[0.961s] -- Installing: /home/kol/Documents/ros_workstation/Control/Arm/install/boilerplate_cfg3/share/boilerplate_cfg3/launch/warehouse_db.launch.py
[0.961s] -- Installing: /home/kol/Documents/ros_workstation/Control/Arm/install/boilerplate_cfg3/share/boilerplate_cfg3/config
[0.962s] -- Installing: /home/kol/Documents/ros_workstation/Control/Arm/install/boilerplate_cfg3/share/boilerplate_cfg3/config/moveit.rviz
[0.962s] -- Installing: /home/kol/Documents/ros_workstation/Control/Arm/install/boilerplate_cfg3/share/boilerplate_cfg3/config/ros2_controllers.yaml
[0.962s] -- Installing: /home/kol/Documents/ros_workstation/Control/Arm/install/boilerplate_cfg3/share/boilerplate_cfg3/config/joint_limits.yaml
[0.962s] -- Installing: /home/kol/Documents/ros_workstation/Control/Arm/install/boilerplate_cfg3/share/boilerplate_cfg3/config/kinematics.yaml
[0.962s] -- Installing: /home/kol/Documents/ros_workstation/Control/Arm/install/boilerplate_cfg3/share/boilerplate_cfg3/config/initial_positions.yaml
[0.962s] -- Installing: /home/kol/Documents/ros_workstation/Control/Arm/install/boilerplate_cfg3/share/boilerplate_cfg3/config/FiveDoFBot.srdf
[0.963s] -- Installing: /home/kol/Documents/ros_workstation/Control/Arm/install/boilerplate_cfg3/share/boilerplate_cfg3/config/pilz_cartesian_limits.yaml
[0.963s] -- Installing: /home/kol/Documents/ros_workstation/Control/Arm/install/boilerplate_cfg3/share/boilerplate_cfg3/config/FiveDoFBot.ros2_control.xacro
[0.963s] -- Installing: /home/kol/Documents/ros_workstation/Control/Arm/install/boilerplate_cfg3/share/boilerplate_cfg3/config/FiveDoFBot.urdf.xacro
[0.963s] -- Installing: /home/kol/Documents/ros_workstation/Control/Arm/install/boilerplate_cfg3/share/boilerplate_cfg3/.setup_assistant
[0.965s] Invoked command in '/home/kol/Documents/ros_workstation/Control/Arm/build/boilerplate_cfg3' returned '0': CMAKE_PREFIX_PATH=/home/kol/Documents/ros_workstation/Control/Arm/install/boilerplate:/home/kol/Documents/ros_workstation/Control/Arm/install/boilerplate_cfg2:/home/kol/Documents/ros_workstation/Control/Arm/install/boilerplate_mvt_cfg:/opt/ros/humble /usr/bin/cmake --install /home/kol/Documents/ros_workstation/Control/Arm/build/boilerplate_cfg3
