[0.010s] Invoking command in '/home/kol/Documents/ros_workstation/worlds/sixdof/src/build/sixdof': CMAKE_PREFIX_PATH=${CMAKE_PREFIX_PATH}:/opt/ros/humble /usr/bin/cmake /home/kol/Documents/ros_workstation/worlds/sixdof/src/sixdof -DCMAKE_INSTALL_PREFIX=/home/kol/Documents/ros_workstation/worlds/sixdof/src/install/sixdof
[0.073s] -- The C compiler identification is GNU 11.4.0
[0.134s] -- The CXX compiler identification is GNU 11.4.0
[0.141s] -- Detecting C compiler ABI info
[0.213s] -- Detecting C compiler ABI info - done
[0.223s] -- Check for working C compiler: /usr/bin/cc - skipped
[0.223s] -- Detecting C compile features
[0.223s] -- Detecting C compile features - done
[0.226s] -- Detecting CXX compiler ABI info
[0.312s] -- Detecting CXX compiler ABI info - done
[0.322s] -- Check for working CXX compiler: /usr/bin/c++ - skipped
[0.322s] -- Detecting CXX compile features
[0.322s] -- Detecting CXX compile features - done
[0.325s] -- Found ament_cmake: 1.3.11 (/opt/ros/humble/share/ament_cmake/cmake)
[0.494s] -- Found Python3: /usr/bin/python3 (found version "3.10.12") found components: Interpreter 
[0.595s] -- Found ament_lint_auto: 0.12.12 (/opt/ros/humble/share/ament_lint_auto/cmake)
[0.681s] -- Added test 'flake8' to check Python code syntax and style conventions
[0.682s] -- Added test 'lint_cmake' to check CMake code style
[0.683s] -- Added test 'pep257' to check Python code against some of the docstring style conventions in PEP 257
[0.686s] -- Added test 'xmllint' to check XML markup files
[0.687s] -- Configuring done
[0.690s] -- Generating done
[0.692s] -- Build files have been written to: /home/kol/Documents/ros_workstation/worlds/sixdof/src/build/sixdof
[0.696s] Invoked command in '/home/kol/Documents/ros_workstation/worlds/sixdof/src/build/sixdof' returned '0': CMAKE_PREFIX_PATH=${CMAKE_PREFIX_PATH}:/opt/ros/humble /usr/bin/cmake /home/kol/Documents/ros_workstation/worlds/sixdof/src/sixdof -DCMAKE_INSTALL_PREFIX=/home/kol/Documents/ros_workstation/worlds/sixdof/src/install/sixdof
[0.699s] Invoking command in '/home/kol/Documents/ros_workstation/worlds/sixdof/src/build/sixdof': CMAKE_PREFIX_PATH=${CMAKE_PREFIX_PATH}:/opt/ros/humble /usr/bin/cmake --build /home/kol/Documents/ros_workstation/worlds/sixdof/src/build/sixdof -- -j4 -l4
[0.740s] Invoked command in '/home/kol/Documents/ros_workstation/worlds/sixdof/src/build/sixdof' returned '0': CMAKE_PREFIX_PATH=${CMAKE_PREFIX_PATH}:/opt/ros/humble /usr/bin/cmake --build /home/kol/Documents/ros_workstation/worlds/sixdof/src/build/sixdof -- -j4 -l4
[0.752s] Invoking command in '/home/kol/Documents/ros_workstation/worlds/sixdof/src/build/sixdof': CMAKE_PREFIX_PATH=${CMAKE_PREFIX_PATH}:/opt/ros/humble /usr/bin/cmake --install /home/kol/Documents/ros_workstation/worlds/sixdof/src/build/sixdof
[0.758s] -- Install configuration: ""
[0.759s] -- Installing: /home/kol/Documents/ros_workstation/worlds/sixdof/src/install/sixdof/share/sixdof/launch
[0.759s] -- Installing: /home/kol/Documents/ros_workstation/worlds/sixdof/src/install/sixdof/share/sixdof/launch/__pycache__
[0.759s] -- Installing: /home/kol/Documents/ros_workstation/worlds/sixdof/src/install/sixdof/share/sixdof/launch/__pycache__/display.launch.d.er
[0.759s] -- Installing: /home/kol/Documents/ros_workstation/worlds/sixdof/src/install/sixdof/share/sixdof/launch/display.launch.py
[0.759s] -- Installing: /home/kol/Documents/ros_workstation/worlds/sixdof/src/install/sixdof/share/sixdof/launch/gazebo.launch.py
[0.759s] -- Installing: /home/kol/Documents/ros_workstation/worlds/sixdof/src/install/sixdof/share/sixdof/meshes
[0.759s] -- Installing: /home/kol/Documents/ros_workstation/worlds/sixdof/src/install/sixdof/share/sixdof/meshes/link_3_1.stl
[0.759s] -- Installing: /home/kol/Documents/ros_workstation/worlds/sixdof/src/install/sixdof/share/sixdof/meshes/link_1_1.stl
[0.760s] -- Installing: /home/kol/Documents/ros_workstation/worlds/sixdof/src/install/sixdof/share/sixdof/meshes/base_link.stl
[0.760s] -- Installing: /home/kol/Documents/ros_workstation/worlds/sixdof/src/install/sixdof/share/sixdof/meshes/cube.dae
[0.760s] -- Installing: /home/kol/Documents/ros_workstation/worlds/sixdof/src/install/sixdof/share/sixdof/meshes/link_5_1.stl
[0.760s] -- Installing: /home/kol/Documents/ros_workstation/worlds/sixdof/src/install/sixdof/share/sixdof/meshes/link_4_1.stl
[0.761s] -- Installing: /home/kol/Documents/ros_workstation/worlds/sixdof/src/install/sixdof/share/sixdof/meshes/link_6_1.stl
[0.761s] -- Installing: /home/kol/Documents/ros_workstation/worlds/sixdof/src/install/sixdof/share/sixdof/meshes/link_2_1.stl
[0.761s] -- Installing: /home/kol/Documents/ros_workstation/worlds/sixdof/src/install/sixdof/share/sixdof/urdf
[0.761s] -- Installing: /home/kol/Documents/ros_workstation/worlds/sixdof/src/install/sixdof/share/sixdof/urdf/welder.xacro
[0.761s] -- Installing: /home/kol/Documents/ros_workstation/worlds/sixdof/src/install/sixdof/share/sixdof/urdf/cube.urdf.xacro
[0.761s] -- Installing: /home/kol/Documents/ros_workstation/worlds/sixdof/src/install/sixdof/share/sixdof/urdf/weldercopy.urdf
[0.762s] -- Installing: /home/kol/Documents/ros_workstation/worlds/sixdof/src/install/sixdof/share/ament_index/resource_index/package_run_dependencies/sixdof
[0.762s] -- Installing: /home/kol/Documents/ros_workstation/worlds/sixdof/src/install/sixdof/share/ament_index/resource_index/parent_prefix_path/sixdof
[0.762s] -- Installing: /home/kol/Documents/ros_workstation/worlds/sixdof/src/install/sixdof/share/sixdof/environment/ament_prefix_path.sh
[0.762s] -- Installing: /home/kol/Documents/ros_workstation/worlds/sixdof/src/install/sixdof/share/sixdof/environment/ament_prefix_path.dsv
[0.763s] -- Installing: /home/kol/Documents/ros_workstation/worlds/sixdof/src/install/sixdof/share/sixdof/environment/path.sh
[0.763s] -- Installing: /home/kol/Documents/ros_workstation/worlds/sixdof/src/install/sixdof/share/sixdof/environment/path.dsv
[0.763s] -- Installing: /home/kol/Documents/ros_workstation/worlds/sixdof/src/install/sixdof/share/sixdof/local_setup.bash
[0.763s] -- Installing: /home/kol/Documents/ros_workstation/worlds/sixdof/src/install/sixdof/share/sixdof/local_setup.sh
[0.764s] -- Installing: /home/kol/Documents/ros_workstation/worlds/sixdof/src/install/sixdof/share/sixdof/local_setup.zsh
[0.766s] -- Installing: /home/kol/Documents/ros_workstation/worlds/sixdof/src/install/sixdof/share/sixdof/local_setup.dsv
[0.766s] -- Installing: /home/kol/Documents/ros_workstation/worlds/sixdof/src/install/sixdof/share/sixdof/package.dsv
[0.766s] -- Installing: /home/kol/Documents/ros_workstation/worlds/sixdof/src/install/sixdof/share/ament_index/resource_index/packages/sixdof
[0.767s] -- Installing: /home/kol/Documents/ros_workstation/worlds/sixdof/src/install/sixdof/share/sixdof/cmake/sixdofConfig.cmake
[0.767s] -- Installing: /home/kol/Documents/ros_workstation/worlds/sixdof/src/install/sixdof/share/sixdof/cmake/sixdofConfig-version.cmake
[0.767s] -- Installing: /home/kol/Documents/ros_workstation/worlds/sixdof/src/install/sixdof/share/sixdof/package.xml
[0.768s] Invoked command in '/home/kol/Documents/ros_workstation/worlds/sixdof/src/build/sixdof' returned '0': CMAKE_PREFIX_PATH=${CMAKE_PREFIX_PATH}:/opt/ros/humble /usr/bin/cmake --install /home/kol/Documents/ros_workstation/worlds/sixdof/src/build/sixdof
