[1.784s] Invoking command in '/home/kol/Documents/ros_workstation/Control/six_dof_robot_ws/src/welder_description': PYTHONPATH=/home/kol/Documents/ros_workstation/Control/six_dof_robot_ws/build/welder_description/prefix_override:/usr/lib/python3/dist-packages/colcon_core/task/python/colcon_distutils_commands:/home/kol/Documents/ros_workstation/Control/six_dof_robot_ws/install/welder_description/lib/python3.10/site-packages:${PYTHONPATH} /usr/bin/python3 -W ignore:setup.py install is deprecated -W ignore:easy_install command is deprecated setup.py egg_info --egg-base ../../build/welder_description build --build-base /home/kol/Documents/ros_workstation/Control/six_dof_robot_ws/build/welder_description/build install --record /home/kol/Documents/ros_workstation/Control/six_dof_robot_ws/build/welder_description/install.log --single-version-externally-managed install_data
[2.384s] running egg_info
[2.386s] writing ../../build/welder_description/welder_description.egg-info/PKG-INFO
[2.386s] writing dependency_links to ../../build/welder_description/welder_description.egg-info/dependency_links.txt
[2.386s] writing entry points to ../../build/welder_description/welder_description.egg-info/entry_points.txt
[2.387s] writing requirements to ../../build/welder_description/welder_description.egg-info/requires.txt
[2.387s] writing top-level names to ../../build/welder_description/welder_description.egg-info/top_level.txt
[2.391s] reading manifest file '../../build/welder_description/welder_description.egg-info/SOURCES.txt'
[2.393s] writing manifest file '../../build/welder_description/welder_description.egg-info/SOURCES.txt'
[2.394s] running build
[2.394s] running build_py
[2.395s] running install
[2.395s] running install_lib
[2.397s] running install_data
[2.398s] running install_egg_info
[2.402s] removing '/home/kol/Documents/ros_workstation/Control/six_dof_robot_ws/install/welder_description/lib/python3.10/site-packages/welder_description-0.0.0-py3.10.egg-info' (and everything under it)
[2.403s] Copying ../../build/welder_description/welder_description.egg-info to /home/kol/Documents/ros_workstation/Control/six_dof_robot_ws/install/welder_description/lib/python3.10/site-packages/welder_description-0.0.0-py3.10.egg-info
[2.404s] running install_scripts
[2.451s] writing list of installed files to '/home/kol/Documents/ros_workstation/Control/six_dof_robot_ws/build/welder_description/install.log'
[2.491s] Invoked command in '/home/kol/Documents/ros_workstation/Control/six_dof_robot_ws/src/welder_description' returned '0': PYTHONPATH=/home/kol/Documents/ros_workstation/Control/six_dof_robot_ws/build/welder_description/prefix_override:/usr/lib/python3/dist-packages/colcon_core/task/python/colcon_distutils_commands:/home/kol/Documents/ros_workstation/Control/six_dof_robot_ws/install/welder_description/lib/python3.10/site-packages:${PYTHONPATH} /usr/bin/python3 -W ignore:setup.py install is deprecated -W ignore:easy_install command is deprecated setup.py egg_info --egg-base ../../build/welder_description build --build-base /home/kol/Documents/ros_workstation/Control/six_dof_robot_ws/build/welder_description/build install --record /home/kol/Documents/ros_workstation/Control/six_dof_robot_ws/build/welder_description/install.log --single-version-externally-managed install_data
