[0.009s] Invoking command in '/home/kol/Documents/ros_workstation/ArmBots/ArmBot_1/build/boilerplate': CMAKE_PREFIX_PATH=${CMAKE_PREFIX_PATH}:/opt/ros/humble /usr/bin/cmake --build /home/kol/Documents/ros_workstation/ArmBots/ArmBot_1/build/boilerplate -- -j4 -l4
[0.033s] -- Found ament_cmake: 1.3.11 (/opt/ros/humble/share/ament_cmake/cmake)
[0.153s] -- Found ament_lint_auto: 0.12.12 (/opt/ros/humble/share/ament_lint_auto/cmake)
[0.225s] -- Added test 'flake8' to check Python code syntax and style conventions
[0.226s] -- Added test 'lint_cmake' to check CMake code style
[0.228s] -- Added test 'pep257' to check Python code against some of the docstring style conventions in PEP 257
[0.235s] -- Added test 'xmllint' to check XML markup files
[0.235s] -- Configuring done
[0.239s] -- Generating done
[0.241s] -- Build files have been written to: /home/kol/Documents/ros_workstation/ArmBots/ArmBot_1/build/boilerplate
[0.262s] Invoked command in '/home/kol/Documents/ros_workstation/ArmBots/ArmBot_1/build/boilerplate' returned '0': CMAKE_PREFIX_PATH=${CMAKE_PREFIX_PATH}:/opt/ros/humble /usr/bin/cmake --build /home/kol/Documents/ros_workstation/ArmBots/ArmBot_1/build/boilerplate -- -j4 -l4
[0.272s] Invoking command in '/home/kol/Documents/ros_workstation/ArmBots/ArmBot_1/build/boilerplate': CMAKE_PREFIX_PATH=${CMAKE_PREFIX_PATH}:/opt/ros/humble /usr/bin/cmake --install /home/kol/Documents/ros_workstation/ArmBots/ArmBot_1/build/boilerplate
[0.280s] -- Install configuration: ""
[0.280s] -- Installing: /home/kol/Documents/ros_workstation/ArmBots/ArmBot_1/install/boilerplate/share/boilerplate/config
[0.280s] [31mCMake Error at cmake_install.cmake:46 (file):
[0.280s]   file INSTALL cannot find
[0.280s]   "/home/kol/Documents/ros_workstation/ArmBots/ArmBot_1/src/boilerplate/launch":
[0.280s]   No such file or directory.
[0.280s] 
[0.280s] [0m
[0.281s] Invoked command in '/home/kol/Documents/ros_workstation/ArmBots/ArmBot_1/build/boilerplate' returned '1': CMAKE_PREFIX_PATH=${CMAKE_PREFIX_PATH}:/opt/ros/humble /usr/bin/cmake --install /home/kol/Documents/ros_workstation/ArmBots/ArmBot_1/build/boilerplate
