-- Install configuration: ""
-- Up-to-date: /home/kol/Documents/ros_workstation/Control/six_dof_robot_ws/install/welder_mvt_cf3/share/ament_index/resource_index/package_run_dependencies/welder_mvt_cf3
-- Up-to-date: /home/kol/Documents/ros_workstation/Control/six_dof_robot_ws/install/welder_mvt_cf3/share/ament_index/resource_index/parent_prefix_path/welder_mvt_cf3
-- Up-to-date: /home/kol/Documents/ros_workstation/Control/six_dof_robot_ws/install/welder_mvt_cf3/share/welder_mvt_cf3/environment/ament_prefix_path.sh
-- Up-to-date: /home/kol/Documents/ros_workstation/Control/six_dof_robot_ws/install/welder_mvt_cf3/share/welder_mvt_cf3/environment/ament_prefix_path.dsv
-- Up-to-date: /home/kol/Documents/ros_workstation/Control/six_dof_robot_ws/install/welder_mvt_cf3/share/welder_mvt_cf3/environment/path.sh
-- Up-to-date: /home/kol/Documents/ros_workstation/Control/six_dof_robot_ws/install/welder_mvt_cf3/share/welder_mvt_cf3/environment/path.dsv
-- Up-to-date: /home/kol/Documents/ros_workstation/Control/six_dof_robot_ws/install/welder_mvt_cf3/share/welder_mvt_cf3/local_setup.bash
-- Up-to-date: /home/kol/Documents/ros_workstation/Control/six_dof_robot_ws/install/welder_mvt_cf3/share/welder_mvt_cf3/local_setup.sh
-- Up-to-date: /home/kol/Documents/ros_workstation/Control/six_dof_robot_ws/install/welder_mvt_cf3/share/welder_mvt_cf3/local_setup.zsh
-- Up-to-date: /home/kol/Documents/ros_workstation/Control/six_dof_robot_ws/install/welder_mvt_cf3/share/welder_mvt_cf3/local_setup.dsv
-- Up-to-date: /home/kol/Documents/ros_workstation/Control/six_dof_robot_ws/install/welder_mvt_cf3/share/welder_mvt_cf3/package.dsv
-- Up-to-date: /home/kol/Documents/ros_workstation/Control/six_dof_robot_ws/install/welder_mvt_cf3/share/ament_index/resource_index/packages/welder_mvt_cf3
-- Up-to-date: /home/kol/Documents/ros_workstation/Control/six_dof_robot_ws/install/welder_mvt_cf3/share/welder_mvt_cf3/cmake/welder_mvt_cf3Config.cmake
-- Up-to-date: /home/kol/Documents/ros_workstation/Control/six_dof_robot_ws/install/welder_mvt_cf3/share/welder_mvt_cf3/cmake/welder_mvt_cf3Config-version.cmake
-- Up-to-date: /home/kol/Documents/ros_workstation/Control/six_dof_robot_ws/install/welder_mvt_cf3/share/welder_mvt_cf3/package.xml
-- Up-to-date: /home/kol/Documents/ros_workstation/Control/six_dof_robot_ws/install/welder_mvt_cf3/share/welder_mvt_cf3/launch
-- Up-to-date: /home/kol/Documents/ros_workstation/Control/six_dof_robot_ws/install/welder_mvt_cf3/share/welder_mvt_cf3/launch/rsp.launch.py
-- Up-to-date: /home/kol/Documents/ros_workstation/Control/six_dof_robot_ws/install/welder_mvt_cf3/share/welder_mvt_cf3/launch/move_group.launch.py
-- Up-to-date: /home/kol/Documents/ros_workstation/Control/six_dof_robot_ws/install/welder_mvt_cf3/share/welder_mvt_cf3/launch/spawn_controllers.launch.py
-- Up-to-date: /home/kol/Documents/ros_workstation/Control/six_dof_robot_ws/install/welder_mvt_cf3/share/welder_mvt_cf3/launch/demo.launch.py
-- Up-to-date: /home/kol/Documents/ros_workstation/Control/six_dof_robot_ws/install/welder_mvt_cf3/share/welder_mvt_cf3/launch/setup_assistant.launch.py
-- Up-to-date: /home/kol/Documents/ros_workstation/Control/six_dof_robot_ws/install/welder_mvt_cf3/share/welder_mvt_cf3/launch/moveit_rviz.launch.py
-- Up-to-date: /home/kol/Documents/ros_workstation/Control/six_dof_robot_ws/install/welder_mvt_cf3/share/welder_mvt_cf3/launch/static_virtual_joint_tfs.launch.py
-- Up-to-date: /home/kol/Documents/ros_workstation/Control/six_dof_robot_ws/install/welder_mvt_cf3/share/welder_mvt_cf3/launch/warehouse_db.launch.py
-- Up-to-date: /home/kol/Documents/ros_workstation/Control/six_dof_robot_ws/install/welder_mvt_cf3/share/welder_mvt_cf3/config
-- Up-to-date: /home/kol/Documents/ros_workstation/Control/six_dof_robot_ws/install/welder_mvt_cf3/share/welder_mvt_cf3/config/moveit.rviz
-- Up-to-date: /home/kol/Documents/ros_workstation/Control/six_dof_robot_ws/install/welder_mvt_cf3/share/welder_mvt_cf3/config/ros2_controllers.yaml
-- Up-to-date: /home/kol/Documents/ros_workstation/Control/six_dof_robot_ws/install/welder_mvt_cf3/share/welder_mvt_cf3/config/joint_limits.yaml
-- Up-to-date: /home/kol/Documents/ros_workstation/Control/six_dof_robot_ws/install/welder_mvt_cf3/share/welder_mvt_cf3/config/welder.ros2_control.xacro
-- Up-to-date: /home/kol/Documents/ros_workstation/Control/six_dof_robot_ws/install/welder_mvt_cf3/share/welder_mvt_cf3/config/kinematics.yaml
-- Up-to-date: /home/kol/Documents/ros_workstation/Control/six_dof_robot_ws/install/welder_mvt_cf3/share/welder_mvt_cf3/config/initial_positions.yaml
-- Up-to-date: /home/kol/Documents/ros_workstation/Control/six_dof_robot_ws/install/welder_mvt_cf3/share/welder_mvt_cf3/config/welder.srdf
-- Up-to-date: /home/kol/Documents/ros_workstation/Control/six_dof_robot_ws/install/welder_mvt_cf3/share/welder_mvt_cf3/config/pilz_cartesian_limits.yaml
-- Up-to-date: /home/kol/Documents/ros_workstation/Control/six_dof_robot_ws/install/welder_mvt_cf3/share/welder_mvt_cf3/config/welder.urdf.xacro
-- Up-to-date: /home/kol/Documents/ros_workstation/Control/six_dof_robot_ws/install/welder_mvt_cf3/share/welder_mvt_cf3/.setup_assistant
