[0.320s] DEBUG:colcon:Command line arguments: ['/usr/bin/colcon', 'list', '-p', '--base-paths', '/home/kol/Documents/ros_workstation/Launch/launch_1']
[0.320s] DEBUG:colcon:Parsed command line arguments: Namespace(log_base=None, log_level=None, verb_name='list', build_base='build', ignore_user_meta=False, metas=['./colcon.meta'], base_paths=['/home/kol/Documents/ros_workstation/Launch/launch_1'], packages_ignore=None, packages_ignore_regex=None, paths=None, packages_up_to=None, packages_up_to_regex=None, packages_above=None, packages_above_and_dependencies=None, packages_above_depth=None, packages_select_by_dep=None, packages_skip_by_dep=None, packages_skip_up_to=None, packages_select_build_failed=False, packages_skip_build_finished=False, packages_select_test_failures=False, packages_skip_test_passed=False, packages_select=None, packages_skip=None, packages_select_regex=None, packages_skip_regex=None, packages_start=None, packages_end=None, allow_overriding=[], topological_order=False, names_only=False, paths_only=True, topological_graph=False, topological_graph_dot=False, topological_graph_density=False, topological_graph_legend=False, topological_graph_dot_cluster=False, topological_graph_dot_include_skipped=False, mixin_files=None, mixin=None, verb_parser=<colcon_mixin.mixin.mixin_argument.MixinArgumentDecorator object at 0x74a54ea57820>, verb_extension=<colcon_package_information.verb.list.ListVerb object at 0x74a54ea56b30>, main=<bound method ListVerb.main of <colcon_package_information.verb.list.ListVerb object at 0x74a54ea56b30>>, mixin_verb=('list',))
[0.822s] Level 1:colcon.colcon_core.package_discovery:discover_packages(colcon_meta) check parameters
[0.822s] Level 1:colcon.colcon_core.package_discovery:discover_packages(recursive) check parameters
[0.822s] Level 1:colcon.colcon_core.package_discovery:discover_packages(ignore) check parameters
[0.822s] Level 1:colcon.colcon_core.package_discovery:discover_packages(path) check parameters
[0.822s] Level 1:colcon.colcon_core.package_discovery:discover_packages(recursive) discover
[0.822s] INFO:colcon.colcon_core.package_discovery:Crawling recursively for packages in '/home/kol/Documents/ros_workstation/Launch/launch_1'
[0.822s] Level 1:colcon.colcon_core.package_identification:_identify(/home/kol/Documents/ros_workstation/Launch/launch_1) by extensions ['ignore', 'ignore_ament_install']
[0.822s] Level 1:colcon.colcon_core.package_identification:_identify(/home/kol/Documents/ros_workstation/Launch/launch_1) by extension 'ignore'
[0.822s] Level 1:colcon.colcon_core.package_identification:_identify(/home/kol/Documents/ros_workstation/Launch/launch_1) by extension 'ignore_ament_install'
[0.822s] Level 1:colcon.colcon_core.package_identification:_identify(/home/kol/Documents/ros_workstation/Launch/launch_1) by extensions ['colcon_pkg']
[0.822s] Level 1:colcon.colcon_core.package_identification:_identify(/home/kol/Documents/ros_workstation/Launch/launch_1) by extension 'colcon_pkg'
[0.822s] Level 1:colcon.colcon_core.package_identification:_identify(/home/kol/Documents/ros_workstation/Launch/launch_1) by extensions ['colcon_meta']
[0.822s] Level 1:colcon.colcon_core.package_identification:_identify(/home/kol/Documents/ros_workstation/Launch/launch_1) by extension 'colcon_meta'
[0.823s] Level 1:colcon.colcon_core.package_identification:_identify(/home/kol/Documents/ros_workstation/Launch/launch_1) by extensions ['ros']
[0.823s] Level 1:colcon.colcon_core.package_identification:_identify(/home/kol/Documents/ros_workstation/Launch/launch_1) by extension 'ros'
[0.852s] Level 1:colcon.colcon_core.package_identification:_identify(/home/kol/Documents/ros_workstation/Launch/launch_1) by extensions ['cmake', 'python']
[0.852s] Level 1:colcon.colcon_core.package_identification:_identify(/home/kol/Documents/ros_workstation/Launch/launch_1) by extension 'cmake'
[0.853s] Level 1:colcon.colcon_core.package_identification:_identify(/home/kol/Documents/ros_workstation/Launch/launch_1) by extension 'python'
[0.853s] Level 1:colcon.colcon_core.package_identification:_identify(/home/kol/Documents/ros_workstation/Launch/launch_1) by extensions ['python_setup_py']
[0.853s] Level 1:colcon.colcon_core.package_identification:_identify(/home/kol/Documents/ros_workstation/Launch/launch_1) by extension 'python_setup_py'
[0.858s] Level 1:colcon.colcon_core.package_identification:_identify(/home/kol/Documents/ros_workstation/Launch/launch_1/log) by extensions ['ignore', 'ignore_ament_install']
[0.858s] Level 1:colcon.colcon_core.package_identification:_identify(/home/kol/Documents/ros_workstation/Launch/launch_1/log) by extension 'ignore'
[0.858s] Level 1:colcon.colcon_core.package_identification:_identify(/home/kol/Documents/ros_workstation/Launch/launch_1/log) ignored
[0.858s] Level 1:colcon.colcon_core.package_identification:_identify(/home/kol/Documents/ros_workstation/Launch/launch_1/src) by extensions ['ignore', 'ignore_ament_install']
[0.858s] Level 1:colcon.colcon_core.package_identification:_identify(/home/kol/Documents/ros_workstation/Launch/launch_1/src) by extension 'ignore'
[0.858s] Level 1:colcon.colcon_core.package_identification:_identify(/home/kol/Documents/ros_workstation/Launch/launch_1/src) by extension 'ignore_ament_install'
[0.859s] Level 1:colcon.colcon_core.package_identification:_identify(/home/kol/Documents/ros_workstation/Launch/launch_1/src) by extensions ['colcon_pkg']
[0.859s] Level 1:colcon.colcon_core.package_identification:_identify(/home/kol/Documents/ros_workstation/Launch/launch_1/src) by extension 'colcon_pkg'
[0.859s] Level 1:colcon.colcon_core.package_identification:_identify(/home/kol/Documents/ros_workstation/Launch/launch_1/src) by extensions ['colcon_meta']
[0.859s] Level 1:colcon.colcon_core.package_identification:_identify(/home/kol/Documents/ros_workstation/Launch/launch_1/src) by extension 'colcon_meta'
[0.859s] Level 1:colcon.colcon_core.package_identification:_identify(/home/kol/Documents/ros_workstation/Launch/launch_1/src) by extensions ['ros']
[0.859s] Level 1:colcon.colcon_core.package_identification:_identify(/home/kol/Documents/ros_workstation/Launch/launch_1/src) by extension 'ros'
[0.859s] Level 1:colcon.colcon_core.package_identification:_identify(/home/kol/Documents/ros_workstation/Launch/launch_1/src) by extensions ['cmake', 'python']
[0.859s] Level 1:colcon.colcon_core.package_identification:_identify(/home/kol/Documents/ros_workstation/Launch/launch_1/src) by extension 'cmake'
[0.859s] Level 1:colcon.colcon_core.package_identification:_identify(/home/kol/Documents/ros_workstation/Launch/launch_1/src) by extension 'python'
[0.859s] Level 1:colcon.colcon_core.package_identification:_identify(/home/kol/Documents/ros_workstation/Launch/launch_1/src) by extensions ['python_setup_py']
[0.859s] Level 1:colcon.colcon_core.package_identification:_identify(/home/kol/Documents/ros_workstation/Launch/launch_1/src) by extension 'python_setup_py'
[0.861s] Level 1:colcon.colcon_core.package_identification:_identify(/home/kol/Documents/ros_workstation/Launch/launch_1/src/launch_1) by extensions ['ignore', 'ignore_ament_install']
[0.862s] Level 1:colcon.colcon_core.package_identification:_identify(/home/kol/Documents/ros_workstation/Launch/launch_1/src/launch_1) by extension 'ignore'
[0.862s] Level 1:colcon.colcon_core.package_identification:_identify(/home/kol/Documents/ros_workstation/Launch/launch_1/src/launch_1) by extension 'ignore_ament_install'
[0.862s] Level 1:colcon.colcon_core.package_identification:_identify(/home/kol/Documents/ros_workstation/Launch/launch_1/src/launch_1) by extensions ['colcon_pkg']
[0.862s] Level 1:colcon.colcon_core.package_identification:_identify(/home/kol/Documents/ros_workstation/Launch/launch_1/src/launch_1) by extension 'colcon_pkg'
[0.862s] Level 1:colcon.colcon_core.package_identification:_identify(/home/kol/Documents/ros_workstation/Launch/launch_1/src/launch_1) by extensions ['colcon_meta']
[0.862s] Level 1:colcon.colcon_core.package_identification:_identify(/home/kol/Documents/ros_workstation/Launch/launch_1/src/launch_1) by extension 'colcon_meta'
[0.862s] Level 1:colcon.colcon_core.package_identification:_identify(/home/kol/Documents/ros_workstation/Launch/launch_1/src/launch_1) by extensions ['ros']
[0.863s] Level 1:colcon.colcon_core.package_identification:_identify(/home/kol/Documents/ros_workstation/Launch/launch_1/src/launch_1) by extension 'ros'
[0.870s] DEBUG:colcon.colcon_core.package_identification:Package '/home/kol/Documents/ros_workstation/Launch/launch_1/src/launch_1' with type 'ros.ament_cmake' and name 'launch_1'
[0.870s] Level 1:colcon.colcon_core.package_discovery:discover_packages(recursive) using defaults
