[1.355s] Invoking command in '/home/kol/Documents/ros_workstation/Control/six_dof_robot_ws/src/welder_control': PYTHONPATH=/home/kol/Documents/ros_workstation/Control/six_dof_robot_ws/build/welder_control/prefix_override:/usr/lib/python3/dist-packages/colcon_core/task/python/colcon_distutils_commands:/home/kol/Documents/ros_workstation/Control/six_dof_robot_ws/install/welder_control/lib/python3.10/site-packages:${PYTHONPATH} /usr/bin/python3 -W ignore:setup.py install is deprecated -W ignore:easy_install command is deprecated setup.py egg_info --egg-base ../../build/welder_control build --build-base /home/kol/Documents/ros_workstation/Control/six_dof_robot_ws/build/welder_control/build install --record /home/kol/Documents/ros_workstation/Control/six_dof_robot_ws/build/welder_control/install.log --single-version-externally-managed install_data
[1.726s] running egg_info
[1.727s] writing ../../build/welder_control/welder_control.egg-info/PKG-INFO
[1.728s] writing dependency_links to ../../build/welder_control/welder_control.egg-info/dependency_links.txt
[1.728s] writing entry points to ../../build/welder_control/welder_control.egg-info/entry_points.txt
[1.728s] writing requirements to ../../build/welder_control/welder_control.egg-info/requires.txt
[1.728s] writing top-level names to ../../build/welder_control/welder_control.egg-info/top_level.txt
[1.730s] reading manifest file '../../build/welder_control/welder_control.egg-info/SOURCES.txt'
[1.731s] writing manifest file '../../build/welder_control/welder_control.egg-info/SOURCES.txt'
[1.732s] running build
[1.732s] running build_py
[1.732s] running install
[1.732s] running install_lib
[1.734s] running install_data
[1.734s] running install_egg_info
[1.739s] removing '/home/kol/Documents/ros_workstation/Control/six_dof_robot_ws/install/welder_control/lib/python3.10/site-packages/welder_control-0.0.0-py3.10.egg-info' (and everything under it)
[1.739s] Copying ../../build/welder_control/welder_control.egg-info to /home/kol/Documents/ros_workstation/Control/six_dof_robot_ws/install/welder_control/lib/python3.10/site-packages/welder_control-0.0.0-py3.10.egg-info
[1.740s] running install_scripts
[1.765s] Installing welder_cont script to /home/kol/Documents/ros_workstation/Control/six_dof_robot_ws/install/welder_control/lib/welder_control
[1.766s] writing list of installed files to '/home/kol/Documents/ros_workstation/Control/six_dof_robot_ws/build/welder_control/install.log'
[1.802s] Invoked command in '/home/kol/Documents/ros_workstation/Control/six_dof_robot_ws/src/welder_control' returned '0': PYTHONPATH=/home/kol/Documents/ros_workstation/Control/six_dof_robot_ws/build/welder_control/prefix_override:/usr/lib/python3/dist-packages/colcon_core/task/python/colcon_distutils_commands:/home/kol/Documents/ros_workstation/Control/six_dof_robot_ws/install/welder_control/lib/python3.10/site-packages:${PYTHONPATH} /usr/bin/python3 -W ignore:setup.py install is deprecated -W ignore:easy_install command is deprecated setup.py egg_info --egg-base ../../build/welder_control build --build-base /home/kol/Documents/ros_workstation/Control/six_dof_robot_ws/build/welder_control/build install --record /home/kol/Documents/ros_workstation/Control/six_dof_robot_ws/build/welder_control/install.log --single-version-externally-managed install_data
