[0.373s] Invoking command in '/home/kol/Documents/ros_workstation/Control/six_dof_robot_ws/build/moveit_control': CMAKE_PREFIX_PATH=${CMAKE_PREFIX_PATH}:/home/kol/Documents/ros_workstation/Control/six_dof_robot_ws/install/welder_description:/home/kol/Documents/ros_workstation/Control/six_dof_robot_ws/install/welder_control:/opt/ros/humble /usr/bin/cmake --build /home/kol/Documents/ros_workstation/Control/six_dof_robot_ws/build/moveit_control -- -j4 -l4
[0.439s] [100%] Built target hello_mvt
[0.729s] Invoked command in '/home/kol/Documents/ros_workstation/Control/six_dof_robot_ws/build/moveit_control' returned '0': CMAKE_PREFIX_PATH=${CMAKE_PREFIX_PATH}:/home/kol/Documents/ros_workstation/Control/six_dof_robot_ws/install/welder_description:/home/kol/Documents/ros_workstation/Control/six_dof_robot_ws/install/welder_control:/opt/ros/humble /usr/bin/cmake --build /home/kol/Documents/ros_workstation/Control/six_dof_robot_ws/build/moveit_control -- -j4 -l4
[0.739s] Invoking command in '/home/kol/Documents/ros_workstation/Control/six_dof_robot_ws/build/moveit_control': CMAKE_PREFIX_PATH=${CMAKE_PREFIX_PATH}:/home/kol/Documents/ros_workstation/Control/six_dof_robot_ws/install/welder_description:/home/kol/Documents/ros_workstation/Control/six_dof_robot_ws/install/welder_control:/opt/ros/humble /usr/bin/cmake --install /home/kol/Documents/ros_workstation/Control/six_dof_robot_ws/build/moveit_control
[0.748s] -- Install configuration: ""
[0.748s] -- Up-to-date: /home/kol/Documents/ros_workstation/Control/six_dof_robot_ws/install/moveit_control/lib/moveit_control/hello_mvt
[0.748s] -- Up-to-date: /home/kol/Documents/ros_workstation/Control/six_dof_robot_ws/install/moveit_control/share/ament_index/resource_index/package_run_dependencies/moveit_control
[0.749s] -- Up-to-date: /home/kol/Documents/ros_workstation/Control/six_dof_robot_ws/install/moveit_control/share/ament_index/resource_index/parent_prefix_path/moveit_control
[0.749s] -- Up-to-date: /home/kol/Documents/ros_workstation/Control/six_dof_robot_ws/install/moveit_control/share/moveit_control/environment/ament_prefix_path.sh
[0.749s] -- Up-to-date: /home/kol/Documents/ros_workstation/Control/six_dof_robot_ws/install/moveit_control/share/moveit_control/environment/ament_prefix_path.dsv
[0.749s] -- Up-to-date: /home/kol/Documents/ros_workstation/Control/six_dof_robot_ws/install/moveit_control/share/moveit_control/environment/path.sh
[0.749s] -- Up-to-date: /home/kol/Documents/ros_workstation/Control/six_dof_robot_ws/install/moveit_control/share/moveit_control/environment/path.dsv
[0.749s] -- Up-to-date: /home/kol/Documents/ros_workstation/Control/six_dof_robot_ws/install/moveit_control/share/moveit_control/local_setup.bash
[0.749s] -- Up-to-date: /home/kol/Documents/ros_workstation/Control/six_dof_robot_ws/install/moveit_control/share/moveit_control/local_setup.sh
[0.749s] -- Up-to-date: /home/kol/Documents/ros_workstation/Control/six_dof_robot_ws/install/moveit_control/share/moveit_control/local_setup.zsh
[0.750s] -- Up-to-date: /home/kol/Documents/ros_workstation/Control/six_dof_robot_ws/install/moveit_control/share/moveit_control/local_setup.dsv
[0.750s] -- Installing: /home/kol/Documents/ros_workstation/Control/six_dof_robot_ws/install/moveit_control/share/moveit_control/package.dsv
[0.750s] -- Up-to-date: /home/kol/Documents/ros_workstation/Control/six_dof_robot_ws/install/moveit_control/share/ament_index/resource_index/packages/moveit_control
[0.750s] -- Up-to-date: /home/kol/Documents/ros_workstation/Control/six_dof_robot_ws/install/moveit_control/share/moveit_control/cmake/moveit_controlConfig.cmake
[0.750s] -- Up-to-date: /home/kol/Documents/ros_workstation/Control/six_dof_robot_ws/install/moveit_control/share/moveit_control/cmake/moveit_controlConfig-version.cmake
[0.750s] -- Up-to-date: /home/kol/Documents/ros_workstation/Control/six_dof_robot_ws/install/moveit_control/share/moveit_control/package.xml
[0.754s] Invoked command in '/home/kol/Documents/ros_workstation/Control/six_dof_robot_ws/build/moveit_control' returned '0': CMAKE_PREFIX_PATH=${CMAKE_PREFIX_PATH}:/home/kol/Documents/ros_workstation/Control/six_dof_robot_ws/install/welder_description:/home/kol/Documents/ros_workstation/Control/six_dof_robot_ws/install/welder_control:/opt/ros/humble /usr/bin/cmake --install /home/kol/Documents/ros_workstation/Control/six_dof_robot_ws/build/moveit_control
