[0.010s] Invoking command in '/home/kol/Documents/ros_workstation/worlds/sixdof/build/sixdof': CMAKE_PREFIX_PATH=${CMAKE_PREFIX_PATH}:/opt/ros/humble /usr/bin/cmake --build /home/kol/Documents/ros_workstation/worlds/sixdof/build/sixdof -- -j4 -l4
[0.047s] Invoked command in '/home/kol/Documents/ros_workstation/worlds/sixdof/build/sixdof' returned '0': CMAKE_PREFIX_PATH=${CMAKE_PREFIX_PATH}:/opt/ros/humble /usr/bin/cmake --build /home/kol/Documents/ros_workstation/worlds/sixdof/build/sixdof -- -j4 -l4
[0.057s] Invoking command in '/home/kol/Documents/ros_workstation/worlds/sixdof/build/sixdof': CMAKE_PREFIX_PATH=${CMAKE_PREFIX_PATH}:/opt/ros/humble /usr/bin/cmake --install /home/kol/Documents/ros_workstation/worlds/sixdof/build/sixdof
[0.065s] -- Install configuration: ""
[0.065s] -- Up-to-date: /home/kol/Documents/ros_workstation/worlds/sixdof/install/sixdof/share/sixdof/launch
[0.065s] -- Up-to-date: /home/kol/Documents/ros_workstation/worlds/sixdof/install/sixdof/share/sixdof/launch/__pycache__
[0.065s] -- Up-to-date: /home/kol/Documents/ros_workstation/worlds/sixdof/install/sixdof/share/sixdof/launch/__pycache__/display.launch.d.er
[0.066s] -- Up-to-date: /home/kol/Documents/ros_workstation/worlds/sixdof/install/sixdof/share/sixdof/launch/display.launch.py
[0.066s] -- Up-to-date: /home/kol/Documents/ros_workstation/worlds/sixdof/install/sixdof/share/sixdof/launch/gazebo.launch.py
[0.066s] -- Up-to-date: /home/kol/Documents/ros_workstation/worlds/sixdof/install/sixdof/share/sixdof/meshes
[0.066s] -- Up-to-date: /home/kol/Documents/ros_workstation/worlds/sixdof/install/sixdof/share/sixdof/meshes/link_3_1.stl
[0.066s] -- Up-to-date: /home/kol/Documents/ros_workstation/worlds/sixdof/install/sixdof/share/sixdof/meshes/link_1_1.stl
[0.066s] -- Up-to-date: /home/kol/Documents/ros_workstation/worlds/sixdof/install/sixdof/share/sixdof/meshes/base_link.stl
[0.066s] -- Up-to-date: /home/kol/Documents/ros_workstation/worlds/sixdof/install/sixdof/share/sixdof/meshes/cube.dae
[0.066s] -- Up-to-date: /home/kol/Documents/ros_workstation/worlds/sixdof/install/sixdof/share/sixdof/meshes/link_5_1.stl
[0.066s] -- Up-to-date: /home/kol/Documents/ros_workstation/worlds/sixdof/install/sixdof/share/sixdof/meshes/link_4_1.stl
[0.066s] -- Up-to-date: /home/kol/Documents/ros_workstation/worlds/sixdof/install/sixdof/share/sixdof/meshes/link_6_1.stl
[0.066s] -- Up-to-date: /home/kol/Documents/ros_workstation/worlds/sixdof/install/sixdof/share/sixdof/meshes/link_2_1.stl
[0.067s] -- Up-to-date: /home/kol/Documents/ros_workstation/worlds/sixdof/install/sixdof/share/sixdof/urdf
[0.067s] -- Installing: /home/kol/Documents/ros_workstation/worlds/sixdof/install/sixdof/share/sixdof/urdf/welder.xacro
[0.067s] -- Up-to-date: /home/kol/Documents/ros_workstation/worlds/sixdof/install/sixdof/share/sixdof/urdf/cube.urdf.xacro
[0.067s] -- Up-to-date: /home/kol/Documents/ros_workstation/worlds/sixdof/install/sixdof/share/sixdof/urdf/weldercopy.urdf
[0.067s] -- Up-to-date: /home/kol/Documents/ros_workstation/worlds/sixdof/install/sixdof/share/ament_index/resource_index/package_run_dependencies/sixdof
[0.067s] -- Up-to-date: /home/kol/Documents/ros_workstation/worlds/sixdof/install/sixdof/share/ament_index/resource_index/parent_prefix_path/sixdof
[0.067s] -- Up-to-date: /home/kol/Documents/ros_workstation/worlds/sixdof/install/sixdof/share/sixdof/environment/ament_prefix_path.sh
[0.067s] -- Up-to-date: /home/kol/Documents/ros_workstation/worlds/sixdof/install/sixdof/share/sixdof/environment/ament_prefix_path.dsv
[0.067s] -- Up-to-date: /home/kol/Documents/ros_workstation/worlds/sixdof/install/sixdof/share/sixdof/environment/path.sh
[0.067s] -- Up-to-date: /home/kol/Documents/ros_workstation/worlds/sixdof/install/sixdof/share/sixdof/environment/path.dsv
[0.068s] -- Up-to-date: /home/kol/Documents/ros_workstation/worlds/sixdof/install/sixdof/share/sixdof/local_setup.bash
[0.068s] -- Up-to-date: /home/kol/Documents/ros_workstation/worlds/sixdof/install/sixdof/share/sixdof/local_setup.sh
[0.068s] -- Up-to-date: /home/kol/Documents/ros_workstation/worlds/sixdof/install/sixdof/share/sixdof/local_setup.zsh
[0.068s] -- Up-to-date: /home/kol/Documents/ros_workstation/worlds/sixdof/install/sixdof/share/sixdof/local_setup.dsv
[0.068s] -- Installing: /home/kol/Documents/ros_workstation/worlds/sixdof/install/sixdof/share/sixdof/package.dsv
[0.068s] -- Up-to-date: /home/kol/Documents/ros_workstation/worlds/sixdof/install/sixdof/share/ament_index/resource_index/packages/sixdof
[0.068s] -- Up-to-date: /home/kol/Documents/ros_workstation/worlds/sixdof/install/sixdof/share/sixdof/cmake/sixdofConfig.cmake
[0.068s] -- Up-to-date: /home/kol/Documents/ros_workstation/worlds/sixdof/install/sixdof/share/sixdof/cmake/sixdofConfig-version.cmake
[0.068s] -- Up-to-date: /home/kol/Documents/ros_workstation/worlds/sixdof/install/sixdof/share/sixdof/package.xml
[0.069s] Invoked command in '/home/kol/Documents/ros_workstation/worlds/sixdof/build/sixdof' returned '0': CMAKE_PREFIX_PATH=${CMAKE_PREFIX_PATH}:/opt/ros/humble /usr/bin/cmake --install /home/kol/Documents/ros_workstation/worlds/sixdof/build/sixdof
