[1.446s] Invoking command in '/home/kol/Documents/ros_workstation/Control/six_dof_robot_ws/src/welder_description': PYTHONPATH=/home/kol/Documents/ros_workstation/Control/six_dof_robot_ws/build/welder_description/prefix_override:/usr/lib/python3/dist-packages/colcon_core/task/python/colcon_distutils_commands:/home/kol/Documents/ros_workstation/Control/six_dof_robot_ws/install/welder_description/lib/python3.10/site-packages:${PYTHONPATH} /usr/bin/python3 -W ignore:setup.py install is deprecated -W ignore:easy_install command is deprecated setup.py egg_info --egg-base ../../build/welder_description build --build-base /home/kol/Documents/ros_workstation/Control/six_dof_robot_ws/build/welder_description/build install --record /home/kol/Documents/ros_workstation/Control/six_dof_robot_ws/build/welder_description/install.log --single-version-externally-managed install_data
[1.829s] running egg_info
[1.831s] writing ../../build/welder_description/welder_description.egg-info/PKG-INFO
[1.834s] writing dependency_links to ../../build/welder_description/welder_description.egg-info/dependency_links.txt
[1.834s] writing entry points to ../../build/welder_description/welder_description.egg-info/entry_points.txt
[1.835s] writing requirements to ../../build/welder_description/welder_description.egg-info/requires.txt
[1.835s] writing top-level names to ../../build/welder_description/welder_description.egg-info/top_level.txt
[1.836s] reading manifest file '../../build/welder_description/welder_description.egg-info/SOURCES.txt'
[1.837s] writing manifest file '../../build/welder_description/welder_description.egg-info/SOURCES.txt'
[1.837s] running build
[1.837s] running build_py
[1.837s] running install
[1.838s] running install_lib
[1.839s] running install_data
[1.843s] running install_egg_info
[1.844s] removing '/home/kol/Documents/ros_workstation/Control/six_dof_robot_ws/install/welder_description/lib/python3.10/site-packages/welder_description-0.0.0-py3.10.egg-info' (and everything under it)
[1.845s] Copying ../../build/welder_description/welder_description.egg-info to /home/kol/Documents/ros_workstation/Control/six_dof_robot_ws/install/welder_description/lib/python3.10/site-packages/welder_description-0.0.0-py3.10.egg-info
[1.846s] running install_scripts
[1.871s] writing list of installed files to '/home/kol/Documents/ros_workstation/Control/six_dof_robot_ws/build/welder_description/install.log'
[1.903s] Invoked command in '/home/kol/Documents/ros_workstation/Control/six_dof_robot_ws/src/welder_description' returned '0': PYTHONPATH=/home/kol/Documents/ros_workstation/Control/six_dof_robot_ws/build/welder_description/prefix_override:/usr/lib/python3/dist-packages/colcon_core/task/python/colcon_distutils_commands:/home/kol/Documents/ros_workstation/Control/six_dof_robot_ws/install/welder_description/lib/python3.10/site-packages:${PYTHONPATH} /usr/bin/python3 -W ignore:setup.py install is deprecated -W ignore:easy_install command is deprecated setup.py egg_info --egg-base ../../build/welder_description build --build-base /home/kol/Documents/ros_workstation/Control/six_dof_robot_ws/build/welder_description/build install --record /home/kol/Documents/ros_workstation/Control/six_dof_robot_ws/build/welder_description/install.log --single-version-externally-managed install_data
