-- Install configuration: ""
-- Up-to-date: /home/kol/Documents/ros_workstation/Control/six_dof_robot_ws/install/welder_mvt_cfg_4/share/ament_index/resource_index/package_run_dependencies/welder_mvt_cfg_4
-- Up-to-date: /home/kol/Documents/ros_workstation/Control/six_dof_robot_ws/install/welder_mvt_cfg_4/share/ament_index/resource_index/parent_prefix_path/welder_mvt_cfg_4
-- Up-to-date: /home/kol/Documents/ros_workstation/Control/six_dof_robot_ws/install/welder_mvt_cfg_4/share/welder_mvt_cfg_4/environment/ament_prefix_path.sh
-- Up-to-date: /home/kol/Documents/ros_workstation/Control/six_dof_robot_ws/install/welder_mvt_cfg_4/share/welder_mvt_cfg_4/environment/ament_prefix_path.dsv
-- Up-to-date: /home/kol/Documents/ros_workstation/Control/six_dof_robot_ws/install/welder_mvt_cfg_4/share/welder_mvt_cfg_4/environment/path.sh
-- Up-to-date: /home/kol/Documents/ros_workstation/Control/six_dof_robot_ws/install/welder_mvt_cfg_4/share/welder_mvt_cfg_4/environment/path.dsv
-- Up-to-date: /home/kol/Documents/ros_workstation/Control/six_dof_robot_ws/install/welder_mvt_cfg_4/share/welder_mvt_cfg_4/local_setup.bash
-- Up-to-date: /home/kol/Documents/ros_workstation/Control/six_dof_robot_ws/install/welder_mvt_cfg_4/share/welder_mvt_cfg_4/local_setup.sh
-- Up-to-date: /home/kol/Documents/ros_workstation/Control/six_dof_robot_ws/install/welder_mvt_cfg_4/share/welder_mvt_cfg_4/local_setup.zsh
-- Up-to-date: /home/kol/Documents/ros_workstation/Control/six_dof_robot_ws/install/welder_mvt_cfg_4/share/welder_mvt_cfg_4/local_setup.dsv
-- Up-to-date: /home/kol/Documents/ros_workstation/Control/six_dof_robot_ws/install/welder_mvt_cfg_4/share/welder_mvt_cfg_4/package.dsv
-- Up-to-date: /home/kol/Documents/ros_workstation/Control/six_dof_robot_ws/install/welder_mvt_cfg_4/share/ament_index/resource_index/packages/welder_mvt_cfg_4
-- Up-to-date: /home/kol/Documents/ros_workstation/Control/six_dof_robot_ws/install/welder_mvt_cfg_4/share/welder_mvt_cfg_4/cmake/welder_mvt_cfg_4Config.cmake
-- Up-to-date: /home/kol/Documents/ros_workstation/Control/six_dof_robot_ws/install/welder_mvt_cfg_4/share/welder_mvt_cfg_4/cmake/welder_mvt_cfg_4Config-version.cmake
-- Up-to-date: /home/kol/Documents/ros_workstation/Control/six_dof_robot_ws/install/welder_mvt_cfg_4/share/welder_mvt_cfg_4/package.xml
-- Up-to-date: /home/kol/Documents/ros_workstation/Control/six_dof_robot_ws/install/welder_mvt_cfg_4/share/welder_mvt_cfg_4/launch
-- Up-to-date: /home/kol/Documents/ros_workstation/Control/six_dof_robot_ws/install/welder_mvt_cfg_4/share/welder_mvt_cfg_4/launch/rsp.launch.py
-- Up-to-date: /home/kol/Documents/ros_workstation/Control/six_dof_robot_ws/install/welder_mvt_cfg_4/share/welder_mvt_cfg_4/launch/move_group.launch.py
-- Up-to-date: /home/kol/Documents/ros_workstation/Control/six_dof_robot_ws/install/welder_mvt_cfg_4/share/welder_mvt_cfg_4/launch/spawn_controllers.launch.py
-- Up-to-date: /home/kol/Documents/ros_workstation/Control/six_dof_robot_ws/install/welder_mvt_cfg_4/share/welder_mvt_cfg_4/launch/demo.launch.py
-- Up-to-date: /home/kol/Documents/ros_workstation/Control/six_dof_robot_ws/install/welder_mvt_cfg_4/share/welder_mvt_cfg_4/launch/setup_assistant.launch.py
-- Up-to-date: /home/kol/Documents/ros_workstation/Control/six_dof_robot_ws/install/welder_mvt_cfg_4/share/welder_mvt_cfg_4/launch/moveit_rviz.launch.py
-- Up-to-date: /home/kol/Documents/ros_workstation/Control/six_dof_robot_ws/install/welder_mvt_cfg_4/share/welder_mvt_cfg_4/launch/static_virtual_joint_tfs.launch.py
-- Up-to-date: /home/kol/Documents/ros_workstation/Control/six_dof_robot_ws/install/welder_mvt_cfg_4/share/welder_mvt_cfg_4/launch/warehouse_db.launch.py
-- Up-to-date: /home/kol/Documents/ros_workstation/Control/six_dof_robot_ws/install/welder_mvt_cfg_4/share/welder_mvt_cfg_4/config
-- Up-to-date: /home/kol/Documents/ros_workstation/Control/six_dof_robot_ws/install/welder_mvt_cfg_4/share/welder_mvt_cfg_4/config/moveit.rviz
-- Up-to-date: /home/kol/Documents/ros_workstation/Control/six_dof_robot_ws/install/welder_mvt_cfg_4/share/welder_mvt_cfg_4/config/ros2_controllers.yaml
-- Up-to-date: /home/kol/Documents/ros_workstation/Control/six_dof_robot_ws/install/welder_mvt_cfg_4/share/welder_mvt_cfg_4/config/joint_limits.yaml
-- Up-to-date: /home/kol/Documents/ros_workstation/Control/six_dof_robot_ws/install/welder_mvt_cfg_4/share/welder_mvt_cfg_4/config/welder.ros2_control.xacro
-- Up-to-date: /home/kol/Documents/ros_workstation/Control/six_dof_robot_ws/install/welder_mvt_cfg_4/share/welder_mvt_cfg_4/config/kinematics.yaml
-- Up-to-date: /home/kol/Documents/ros_workstation/Control/six_dof_robot_ws/install/welder_mvt_cfg_4/share/welder_mvt_cfg_4/config/initial_positions.yaml
-- Up-to-date: /home/kol/Documents/ros_workstation/Control/six_dof_robot_ws/install/welder_mvt_cfg_4/share/welder_mvt_cfg_4/config/welder.srdf
-- Up-to-date: /home/kol/Documents/ros_workstation/Control/six_dof_robot_ws/install/welder_mvt_cfg_4/share/welder_mvt_cfg_4/config/pilz_cartesian_limits.yaml
-- Up-to-date: /home/kol/Documents/ros_workstation/Control/six_dof_robot_ws/install/welder_mvt_cfg_4/share/welder_mvt_cfg_4/config/welder.urdf.xacro
-- Up-to-date: /home/kol/Documents/ros_workstation/Control/six_dof_robot_ws/install/welder_mvt_cfg_4/share/welder_mvt_cfg_4/.setup_assistant
