-- Install configuration: ""
-- Up-to-date: /home/kol/Documents/ros_workstation/pipebot/src/install/pipebot/share/pipebot/launch
-- Up-to-date: /home/kol/Documents/ros_workstation/pipebot/src/install/pipebot/share/pipebot/launch/sim.launch.py
-- Up-to-date: /home/kol/Documents/ros_workstation/pipebot/src/install/pipebot/share/pipebot/launch/rsp.launch.py
-- Up-to-date: /home/kol/Documents/ros_workstation/pipebot/src/install/pipebot/share/pipebot/launch/__pycache__
-- Up-to-date: /home/kol/Documents/ros_workstation/pipebot/src/install/pipebot/share/pipebot/launch/__pycache__/sim.launch.d.er
-- Up-to-date: /home/kol/Documents/ros_workstation/pipebot/src/install/pipebot/share/pipebot/launch/__pycache__/rsp.launch.d.er
-- Up-to-date: /home/kol/Documents/ros_workstation/pipebot/src/install/pipebot/share/pipebot/pipebot
-- Up-to-date: /home/kol/Documents/ros_workstation/pipebot/src/install/pipebot/share/pipebot/pipebot/robot.urdf.xacro
-- Up-to-date: /home/kol/Documents/ros_workstation/pipebot/src/install/pipebot/share/pipebot/pipebot/assets
-- Up-to-date: /home/kol/Documents/ros_workstation/pipebot/src/install/pipebot/share/pipebot/pipebot/assets/part_2.part
-- Up-to-date: /home/kol/Documents/ros_workstation/pipebot/src/install/pipebot/share/pipebot/pipebot/assets/part_1.stl
-- Up-to-date: /home/kol/Documents/ros_workstation/pipebot/src/install/pipebot/share/pipebot/pipebot/assets/part_3.stl
-- Up-to-date: /home/kol/Documents/ros_workstation/pipebot/src/install/pipebot/share/pipebot/pipebot/assets/part_2.stl
-- Up-to-date: /home/kol/Documents/ros_workstation/pipebot/src/install/pipebot/share/pipebot/pipebot/assets/part_3.part
-- Up-to-date: /home/kol/Documents/ros_workstation/pipebot/src/install/pipebot/share/pipebot/pipebot/assets/part_1.part
-- Up-to-date: /home/kol/Documents/ros_workstation/pipebot/src/install/pipebot/share/pipebot/pipebot/config.json
-- Up-to-date: /home/kol/Documents/ros_workstation/pipebot/src/install/pipebot/share/ament_index/resource_index/package_run_dependencies/pipebot
-- Up-to-date: /home/kol/Documents/ros_workstation/pipebot/src/install/pipebot/share/ament_index/resource_index/parent_prefix_path/pipebot
-- Up-to-date: /home/kol/Documents/ros_workstation/pipebot/src/install/pipebot/share/pipebot/environment/ament_prefix_path.sh
-- Up-to-date: /home/kol/Documents/ros_workstation/pipebot/src/install/pipebot/share/pipebot/environment/ament_prefix_path.dsv
-- Up-to-date: /home/kol/Documents/ros_workstation/pipebot/src/install/pipebot/share/pipebot/environment/path.sh
-- Up-to-date: /home/kol/Documents/ros_workstation/pipebot/src/install/pipebot/share/pipebot/environment/path.dsv
-- Up-to-date: /home/kol/Documents/ros_workstation/pipebot/src/install/pipebot/share/pipebot/local_setup.bash
-- Up-to-date: /home/kol/Documents/ros_workstation/pipebot/src/install/pipebot/share/pipebot/local_setup.sh
-- Up-to-date: /home/kol/Documents/ros_workstation/pipebot/src/install/pipebot/share/pipebot/local_setup.zsh
-- Up-to-date: /home/kol/Documents/ros_workstation/pipebot/src/install/pipebot/share/pipebot/local_setup.dsv
-- Up-to-date: /home/kol/Documents/ros_workstation/pipebot/src/install/pipebot/share/pipebot/package.dsv
-- Up-to-date: /home/kol/Documents/ros_workstation/pipebot/src/install/pipebot/share/ament_index/resource_index/packages/pipebot
-- Up-to-date: /home/kol/Documents/ros_workstation/pipebot/src/install/pipebot/share/pipebot/cmake/pipebotConfig.cmake
-- Up-to-date: /home/kol/Documents/ros_workstation/pipebot/src/install/pipebot/share/pipebot/cmake/pipebotConfig-version.cmake
-- Up-to-date: /home/kol/Documents/ros_workstation/pipebot/src/install/pipebot/share/pipebot/package.xml
