[0.018s] Invoking command in '/home/kol/Documents/ros_workstation/pipebot/src/build/pipebot': CMAKE_PREFIX_PATH=${CMAKE_PREFIX_PATH}:/opt/ros/humble /usr/bin/cmake --build /home/kol/Documents/ros_workstation/pipebot/src/build/pipebot -- -j4 -l4
[0.072s] Invoked command in '/home/kol/Documents/ros_workstation/pipebot/src/build/pipebot' returned '0': CMAKE_PREFIX_PATH=${CMAKE_PREFIX_PATH}:/opt/ros/humble /usr/bin/cmake --build /home/kol/Documents/ros_workstation/pipebot/src/build/pipebot -- -j4 -l4
[0.086s] Invoking command in '/home/kol/Documents/ros_workstation/pipebot/src/build/pipebot': CMAKE_PREFIX_PATH=${CMAKE_PREFIX_PATH}:/opt/ros/humble /usr/bin/cmake --install /home/kol/Documents/ros_workstation/pipebot/src/build/pipebot
[0.094s] -- Install configuration: ""
[0.095s] -- Up-to-date: /home/kol/Documents/ros_workstation/pipebot/src/install/pipebot/share/pipebot/launch
[0.095s] -- Up-to-date: /home/kol/Documents/ros_workstation/pipebot/src/install/pipebot/share/pipebot/launch/sim.launch.py
[0.095s] -- Up-to-date: /home/kol/Documents/ros_workstation/pipebot/src/install/pipebot/share/pipebot/launch/rsp.launch.py
[0.095s] -- Up-to-date: /home/kol/Documents/ros_workstation/pipebot/src/install/pipebot/share/pipebot/launch/__pycache__
[0.095s] -- Up-to-date: /home/kol/Documents/ros_workstation/pipebot/src/install/pipebot/share/pipebot/launch/__pycache__/sim.launch.d.er
[0.095s] -- Up-to-date: /home/kol/Documents/ros_workstation/pipebot/src/install/pipebot/share/pipebot/launch/__pycache__/rsp.launch.d.er
[0.095s] -- Up-to-date: /home/kol/Documents/ros_workstation/pipebot/src/install/pipebot/share/pipebot/pipebot
[0.096s] -- Up-to-date: /home/kol/Documents/ros_workstation/pipebot/src/install/pipebot/share/pipebot/pipebot/robot.urdf.xacro
[0.096s] -- Up-to-date: /home/kol/Documents/ros_workstation/pipebot/src/install/pipebot/share/pipebot/pipebot/assets
[0.096s] -- Up-to-date: /home/kol/Documents/ros_workstation/pipebot/src/install/pipebot/share/pipebot/pipebot/assets/part_2.part
[0.096s] -- Up-to-date: /home/kol/Documents/ros_workstation/pipebot/src/install/pipebot/share/pipebot/pipebot/assets/part_1.stl
[0.096s] -- Up-to-date: /home/kol/Documents/ros_workstation/pipebot/src/install/pipebot/share/pipebot/pipebot/assets/part_3.stl
[0.096s] -- Up-to-date: /home/kol/Documents/ros_workstation/pipebot/src/install/pipebot/share/pipebot/pipebot/assets/part_2.stl
[0.097s] -- Up-to-date: /home/kol/Documents/ros_workstation/pipebot/src/install/pipebot/share/pipebot/pipebot/assets/part_3.part
[0.097s] -- Up-to-date: /home/kol/Documents/ros_workstation/pipebot/src/install/pipebot/share/pipebot/pipebot/assets/part_1.part
[0.097s] -- Up-to-date: /home/kol/Documents/ros_workstation/pipebot/src/install/pipebot/share/pipebot/pipebot/config.json
[0.097s] -- Up-to-date: /home/kol/Documents/ros_workstation/pipebot/src/install/pipebot/share/ament_index/resource_index/package_run_dependencies/pipebot
[0.097s] -- Up-to-date: /home/kol/Documents/ros_workstation/pipebot/src/install/pipebot/share/ament_index/resource_index/parent_prefix_path/pipebot
[0.097s] -- Up-to-date: /home/kol/Documents/ros_workstation/pipebot/src/install/pipebot/share/pipebot/environment/ament_prefix_path.sh
[0.097s] -- Up-to-date: /home/kol/Documents/ros_workstation/pipebot/src/install/pipebot/share/pipebot/environment/ament_prefix_path.dsv
[0.097s] -- Up-to-date: /home/kol/Documents/ros_workstation/pipebot/src/install/pipebot/share/pipebot/environment/path.sh
[0.097s] -- Up-to-date: /home/kol/Documents/ros_workstation/pipebot/src/install/pipebot/share/pipebot/environment/path.dsv
[0.098s] -- Up-to-date: /home/kol/Documents/ros_workstation/pipebot/src/install/pipebot/share/pipebot/local_setup.bash
[0.098s] -- Up-to-date: /home/kol/Documents/ros_workstation/pipebot/src/install/pipebot/share/pipebot/local_setup.sh
[0.098s] -- Up-to-date: /home/kol/Documents/ros_workstation/pipebot/src/install/pipebot/share/pipebot/local_setup.zsh
[0.098s] -- Up-to-date: /home/kol/Documents/ros_workstation/pipebot/src/install/pipebot/share/pipebot/local_setup.dsv
[0.098s] -- Up-to-date: /home/kol/Documents/ros_workstation/pipebot/src/install/pipebot/share/pipebot/package.dsv
[0.099s] -- Up-to-date: /home/kol/Documents/ros_workstation/pipebot/src/install/pipebot/share/ament_index/resource_index/packages/pipebot
[0.100s] -- Up-to-date: /home/kol/Documents/ros_workstation/pipebot/src/install/pipebot/share/pipebot/cmake/pipebotConfig.cmake
[0.100s] -- Up-to-date: /home/kol/Documents/ros_workstation/pipebot/src/install/pipebot/share/pipebot/cmake/pipebotConfig-version.cmake
[0.100s] -- Up-to-date: /home/kol/Documents/ros_workstation/pipebot/src/install/pipebot/share/pipebot/package.xml
[0.100s] Invoked command in '/home/kol/Documents/ros_workstation/pipebot/src/build/pipebot' returned '0': CMAKE_PREFIX_PATH=${CMAKE_PREFIX_PATH}:/opt/ros/humble /usr/bin/cmake --install /home/kol/Documents/ros_workstation/pipebot/src/build/pipebot
