[0.027s] Invoking command in '/home/kol/Documents/ros_workstation/ps_5/build/ps5': CMAKE_PREFIX_PATH=/opt/ros/humble /usr/bin/cmake /home/kol/Documents/ros_workstation/ps_5/src/ps5 -DCMAKE_INSTALL_PREFIX=/home/kol/Documents/ros_workstation/ps_5/install/ps5
[0.175s] -- The C compiler identification is GNU 11.4.0
[0.288s] -- The CXX compiler identification is GNU 11.4.0
[0.304s] -- Detecting C compiler ABI info
[0.486s] -- Detecting C compiler ABI info - done
[0.493s] -- Check for working C compiler: /usr/bin/cc - skipped
[0.502s] -- Detecting C compile features
[0.504s] -- Detecting C compile features - done
[0.512s] -- Detecting CXX compiler ABI info
[0.708s] -- Detecting CXX compiler ABI info - done
[0.716s] -- Check for working CXX compiler: /usr/bin/c++ - skipped
[0.717s] -- Detecting CXX compile features
[0.717s] -- Detecting CXX compile features - done
[0.733s] -- Found ament_cmake: 1.3.11 (/opt/ros/humble/share/ament_cmake/cmake)
[0.995s] -- Found Python3: /usr/bin/python3 (found version "3.10.12") found components: Interpreter 
[1.114s] -- Found rclcpp: 16.0.12 (/opt/ros/humble/share/rclcpp/cmake)
[1.166s] -- Found rosidl_generator_c: 3.1.6 (/opt/ros/humble/share/rosidl_generator_c/cmake)
[1.172s] -- Found rosidl_adapter: 3.1.6 (/opt/ros/humble/share/rosidl_adapter/cmake)
[1.182s] -- Found rosidl_generator_cpp: 3.1.6 (/opt/ros/humble/share/rosidl_generator_cpp/cmake)
[1.197s] -- Using all available rosidl_typesupport_c: rosidl_typesupport_fastrtps_c;rosidl_typesupport_introspection_c
[1.215s] -- Using all available rosidl_typesupport_cpp: rosidl_typesupport_fastrtps_cpp;rosidl_typesupport_introspection_cpp
[1.269s] -- Found rmw_implementation_cmake: 6.1.2 (/opt/ros/humble/share/rmw_implementation_cmake/cmake)
[1.273s] -- Found rmw_fastrtps_cpp: 6.2.7 (/opt/ros/humble/share/rmw_fastrtps_cpp/cmake)
[1.545s] -- Found OpenSSL: /usr/lib/x86_64-linux-gnu/libcrypto.so (found version "3.0.2")  
[1.595s] -- Found FastRTPS: /opt/ros/humble/include  
[1.661s] -- Using RMW implementation 'rmw_fastrtps_cpp' as default
[1.676s] -- Looking for pthread.h
[1.870s] -- Looking for pthread.h - found
[1.871s] -- Performing Test CMAKE_HAVE_LIBC_PTHREAD
[2.060s] -- Performing Test CMAKE_HAVE_LIBC_PTHREAD - Success
[2.062s] -- Found Threads: TRUE  
[2.154s] -- Found geometry_msgs: 4.8.0 (/opt/ros/humble/share/geometry_msgs/cmake)
[2.171s] -- Found turtlesim: 1.4.2 (/opt/ros/humble/share/turtlesim/cmake)
[2.217s] [31mCMake Error at CMakeLists.txt:15 (ament_cmake_dependencies):
[2.217s]   Unknown CMake command "ament_cmake_dependencies".
[2.217s] 
[2.217s] [0m
[2.217s] -- Configuring incomplete, errors occurred!
[2.217s] See also "/home/kol/Documents/ros_workstation/ps_5/build/ps5/CMakeFiles/CMakeOutput.log".
[2.226s] Invoked command in '/home/kol/Documents/ros_workstation/ps_5/build/ps5' returned '1': CMAKE_PREFIX_PATH=/opt/ros/humble /usr/bin/cmake /home/kol/Documents/ros_workstation/ps_5/src/ps5 -DCMAKE_INSTALL_PREFIX=/home/kol/Documents/ros_workstation/ps_5/install/ps5
