[35m[1mConsolidate compiler generated dependencies of target cust_pub[0m
[35m[1mConsolidate compiler generated dependencies of target cust_sub[0m
[ 50%] [32mBuilding CXX object CMakeFiles/cust_sub.dir/src/sub.cpp.o[0m
[ 50%] [32mBuilding CXX object CMakeFiles/cust_pub.dir/src/pub.cpp.o[0m
[ 75%] [32m[1mLinking CXX executable cust_pub[0m
[ 75%] Built target cust_pub
[100%] [32m[1mLinking CXX executable cust_sub[0m
[100%] Built target cust_sub
-- Install configuration: ""
-- Installing: /home/kol/Documents/ros_workstation/ps8/install/ps8/lib/ps8/cust_sub
-- Set runtime path of "/home/kol/Documents/ros_workstation/ps8/install/ps8/lib/ps8/cust_sub" to ""
-- Installing: /home/kol/Documents/ros_workstation/ps8/install/ps8/lib/ps8/cust_pub
-- Set runtime path of "/home/kol/Documents/ros_workstation/ps8/install/ps8/lib/ps8/cust_pub" to ""
-- Up-to-date: /home/kol/Documents/ros_workstation/ps8/install/ps8/share/ps8/launch
-- Up-to-date: /home/kol/Documents/ros_workstation/ps8/install/ps8/share/ps8/launch/pkg.launch.py
-- Up-to-date: /home/kol/Documents/ros_workstation/ps8/install/ps8/share/ament_index/resource_index/package_run_dependencies/ps8
-- Up-to-date: /home/kol/Documents/ros_workstation/ps8/install/ps8/share/ament_index/resource_index/parent_prefix_path/ps8
-- Up-to-date: /home/kol/Documents/ros_workstation/ps8/install/ps8/share/ps8/environment/ament_prefix_path.sh
-- Up-to-date: /home/kol/Documents/ros_workstation/ps8/install/ps8/share/ps8/environment/ament_prefix_path.dsv
-- Up-to-date: /home/kol/Documents/ros_workstation/ps8/install/ps8/share/ps8/environment/path.sh
-- Up-to-date: /home/kol/Documents/ros_workstation/ps8/install/ps8/share/ps8/environment/path.dsv
-- Up-to-date: /home/kol/Documents/ros_workstation/ps8/install/ps8/share/ps8/local_setup.bash
-- Up-to-date: /home/kol/Documents/ros_workstation/ps8/install/ps8/share/ps8/local_setup.sh
-- Up-to-date: /home/kol/Documents/ros_workstation/ps8/install/ps8/share/ps8/local_setup.zsh
-- Up-to-date: /home/kol/Documents/ros_workstation/ps8/install/ps8/share/ps8/local_setup.dsv
-- Up-to-date: /home/kol/Documents/ros_workstation/ps8/install/ps8/share/ps8/package.dsv
-- Up-to-date: /home/kol/Documents/ros_workstation/ps8/install/ps8/share/ament_index/resource_index/packages/ps8
-- Up-to-date: /home/kol/Documents/ros_workstation/ps8/install/ps8/share/ps8/cmake/ps8Config.cmake
-- Up-to-date: /home/kol/Documents/ros_workstation/ps8/install/ps8/share/ps8/cmake/ps8Config-version.cmake
-- Up-to-date: /home/kol/Documents/ros_workstation/ps8/install/ps8/share/ps8/package.xml
