-- Found ament_cmake: 1.3.11 (/opt/ros/humble/share/ament_cmake/cmake)
-- Found rclcpp: 16.0.12 (/opt/ros/humble/share/rclcpp/cmake)
-- Found rosidl_generator_c: 3.1.6 (/opt/ros/humble/share/rosidl_generator_c/cmake)
-- Found rosidl_adapter: 3.1.6 (/opt/ros/humble/share/rosidl_adapter/cmake)
-- Found rosidl_generator_cpp: 3.1.6 (/opt/ros/humble/share/rosidl_generator_cpp/cmake)
-- Using all available rosidl_typesupport_c: rosidl_typesupport_fastrtps_c;rosidl_typesupport_introspection_c
-- Using all available rosidl_typesupport_cpp: rosidl_typesupport_fastrtps_cpp;rosidl_typesupport_introspection_cpp
-- Found rmw_implementation_cmake: 6.1.2 (/opt/ros/humble/share/rmw_implementation_cmake/cmake)
-- Found rmw_fastrtps_cpp: 6.2.7 (/opt/ros/humble/share/rmw_fastrtps_cpp/cmake)
-- Using RMW implementation 'rmw_fastrtps_cpp' as default
-- Found trajectory_msgs: 4.8.0 (/opt/ros/humble/share/trajectory_msgs/cmake)
-- Found ament_lint_auto: 0.12.12 (/opt/ros/humble/share/ament_lint_auto/cmake)
-- Added test 'cppcheck' to perform static code analysis on C / C++ code
-- Configured cppcheck include dirs: 
-- Configured cppcheck exclude dirs and/or files: 
-- Added test 'lint_cmake' to check CMake code style
-- Added test 'uncrustify' to check C / C++ code style
-- Configured uncrustify additional arguments: 
-- Added test 'xmllint' to check XML markup files
-- Configuring done
-- Generating done
-- Build files have been written to: /home/kol/Documents/ros_workstation/ArmBots/ArmBot_1/build/robotcontroller
[ 50%] [32mBuilding CXX object CMakeFiles/robot_cont.dir/src/robotcont.cpp.o[0m
[01m[K/home/kol/Documents/ros_workstation/ArmBots/ArmBot_1/src/robotcontroller/src/robotcont.cpp:2:1:[m[K [01;35m[Kwarning: [m[KISO C++ forbids declaration of ‘[01m[Kmain[m[K’ with no type [[01;35m[K]8;;https://gcc.gnu.org/onlinedocs/gcc/Warning-Options.html#index-Wpedantic-Wpedantic]8;;[m[K]
    2 | [01;35m[Kmain[m[K(){}
      | [01;35m[K^~~~[m[K
[100%] [32m[1mLinking CXX executable robot_cont[0m
[100%] Built target robot_cont
-- Install configuration: ""
-- Installing: /home/kol/Documents/ros_workstation/ArmBots/ArmBot_1/install/robotcontroller/lib/robotcontroller/robot_cont
-- Set runtime path of "/home/kol/Documents/ros_workstation/ArmBots/ArmBot_1/install/robotcontroller/lib/robotcontroller/robot_cont" to ""
-- Installing: /home/kol/Documents/ros_workstation/ArmBots/ArmBot_1/install/robotcontroller/share/ament_index/resource_index/package_run_dependencies/robotcontroller
-- Installing: /home/kol/Documents/ros_workstation/ArmBots/ArmBot_1/install/robotcontroller/share/ament_index/resource_index/parent_prefix_path/robotcontroller
-- Installing: /home/kol/Documents/ros_workstation/ArmBots/ArmBot_1/install/robotcontroller/share/robotcontroller/environment/ament_prefix_path.sh
-- Installing: /home/kol/Documents/ros_workstation/ArmBots/ArmBot_1/install/robotcontroller/share/robotcontroller/environment/ament_prefix_path.dsv
-- Installing: /home/kol/Documents/ros_workstation/ArmBots/ArmBot_1/install/robotcontroller/share/robotcontroller/environment/path.sh
-- Installing: /home/kol/Documents/ros_workstation/ArmBots/ArmBot_1/install/robotcontroller/share/robotcontroller/environment/path.dsv
-- Installing: /home/kol/Documents/ros_workstation/ArmBots/ArmBot_1/install/robotcontroller/share/robotcontroller/local_setup.bash
-- Installing: /home/kol/Documents/ros_workstation/ArmBots/ArmBot_1/install/robotcontroller/share/robotcontroller/local_setup.sh
-- Installing: /home/kol/Documents/ros_workstation/ArmBots/ArmBot_1/install/robotcontroller/share/robotcontroller/local_setup.zsh
-- Installing: /home/kol/Documents/ros_workstation/ArmBots/ArmBot_1/install/robotcontroller/share/robotcontroller/local_setup.dsv
-- Installing: /home/kol/Documents/ros_workstation/ArmBots/ArmBot_1/install/robotcontroller/share/robotcontroller/package.dsv
-- Installing: /home/kol/Documents/ros_workstation/ArmBots/ArmBot_1/install/robotcontroller/share/ament_index/resource_index/packages/robotcontroller
-- Installing: /home/kol/Documents/ros_workstation/ArmBots/ArmBot_1/install/robotcontroller/share/robotcontroller/cmake/robotcontrollerConfig.cmake
-- Installing: /home/kol/Documents/ros_workstation/ArmBots/ArmBot_1/install/robotcontroller/share/robotcontroller/cmake/robotcontrollerConfig-version.cmake
-- Installing: /home/kol/Documents/ros_workstation/ArmBots/ArmBot_1/install/robotcontroller/share/robotcontroller/package.xml
