[0.017s] Invoking command in '/home/kol/Documents/ros_workstation/ArmBots/ArmBot_1/build/robotcontroller': CMAKE_PREFIX_PATH=/opt/ros/humble /usr/bin/cmake /home/kol/Documents/ros_workstation/ArmBots/ArmBot_1/src/robotcontroller -DCMAKE_INSTALL_PREFIX=/home/kol/Documents/ros_workstation/ArmBots/ArmBot_1/install/robotcontroller
[0.033s] -- Found ament_cmake: 1.3.11 (/opt/ros/humble/share/ament_cmake/cmake)
[0.215s] -- Found rclcpp: 16.0.12 (/opt/ros/humble/share/rclcpp/cmake)
[0.255s] -- Found rosidl_generator_c: 3.1.6 (/opt/ros/humble/share/rosidl_generator_c/cmake)
[0.258s] -- Found rosidl_adapter: 3.1.6 (/opt/ros/humble/share/rosidl_adapter/cmake)
[0.266s] -- Found rosidl_generator_cpp: 3.1.6 (/opt/ros/humble/share/rosidl_generator_cpp/cmake)
[0.278s] -- Using all available rosidl_typesupport_c: rosidl_typesupport_fastrtps_c;rosidl_typesupport_introspection_c
[0.294s] -- Using all available rosidl_typesupport_cpp: rosidl_typesupport_fastrtps_cpp;rosidl_typesupport_introspection_cpp
[0.337s] -- Found rmw_implementation_cmake: 6.1.2 (/opt/ros/humble/share/rmw_implementation_cmake/cmake)
[0.339s] -- Found rmw_fastrtps_cpp: 6.2.7 (/opt/ros/humble/share/rmw_fastrtps_cpp/cmake)
[0.471s] -- Using RMW implementation 'rmw_fastrtps_cpp' as default
[0.535s] -- Found trajectory_msgs: 4.8.0 (/opt/ros/humble/share/trajectory_msgs/cmake)
[0.573s] -- Found ament_lint_auto: 0.12.12 (/opt/ros/humble/share/ament_lint_auto/cmake)
[0.662s] -- Added test 'cppcheck' to perform static code analysis on C / C++ code
[0.662s] -- Configured cppcheck include dirs: 
[0.662s] -- Configured cppcheck exclude dirs and/or files: 
[0.663s] -- Added test 'lint_cmake' to check CMake code style
[0.664s] -- Added test 'uncrustify' to check C / C++ code style
[0.664s] -- Configured uncrustify additional arguments: 
[0.665s] -- Added test 'xmllint' to check XML markup files
[0.666s] -- Configuring done
[0.679s] -- Generating done
[0.683s] -- Build files have been written to: /home/kol/Documents/ros_workstation/ArmBots/ArmBot_1/build/robotcontroller
[0.692s] Invoked command in '/home/kol/Documents/ros_workstation/ArmBots/ArmBot_1/build/robotcontroller' returned '0': CMAKE_PREFIX_PATH=/opt/ros/humble /usr/bin/cmake /home/kol/Documents/ros_workstation/ArmBots/ArmBot_1/src/robotcontroller -DCMAKE_INSTALL_PREFIX=/home/kol/Documents/ros_workstation/ArmBots/ArmBot_1/install/robotcontroller
[0.694s] Invoking command in '/home/kol/Documents/ros_workstation/ArmBots/ArmBot_1/build/robotcontroller': CMAKE_PREFIX_PATH=/opt/ros/humble /usr/bin/cmake --build /home/kol/Documents/ros_workstation/ArmBots/ArmBot_1/build/robotcontroller -- -j4 -l4
[0.762s] [ 50%] [32mBuilding CXX object CMakeFiles/robot_cont.dir/src/robotcont.cpp.o[0m
[0.776s] [01m[K/home/kol/Documents/ros_workstation/ArmBots/ArmBot_1/src/robotcontroller/src/robotcont.cpp:2:1:[m[K [01;35m[Kwarning: [m[KISO C++ forbids declaration of ‘[01m[Kmain[m[K’ with no type [[01;35m[K]8;;https://gcc.gnu.org/onlinedocs/gcc/Warning-Options.html#index-Wpedantic-Wpedantic]8;;[m[K]
[0.776s]     2 | [01;35m[Kmain[m[K(){}
[0.776s]       | [01;35m[K^~~~[m[K
[0.796s] [100%] [32m[1mLinking CXX executable robot_cont[0m
[0.915s] [100%] Built target robot_cont
[0.932s] Invoked command in '/home/kol/Documents/ros_workstation/ArmBots/ArmBot_1/build/robotcontroller' returned '0': CMAKE_PREFIX_PATH=/opt/ros/humble /usr/bin/cmake --build /home/kol/Documents/ros_workstation/ArmBots/ArmBot_1/build/robotcontroller -- -j4 -l4
[0.935s] Invoking command in '/home/kol/Documents/ros_workstation/ArmBots/ArmBot_1/build/robotcontroller': CMAKE_PREFIX_PATH=/opt/ros/humble /usr/bin/cmake --install /home/kol/Documents/ros_workstation/ArmBots/ArmBot_1/build/robotcontroller
[0.945s] -- Install configuration: ""
[0.946s] -- Installing: /home/kol/Documents/ros_workstation/ArmBots/ArmBot_1/install/robotcontroller/lib/robotcontroller/robot_cont
[0.946s] -- Set runtime path of "/home/kol/Documents/ros_workstation/ArmBots/ArmBot_1/install/robotcontroller/lib/robotcontroller/robot_cont" to ""
[0.947s] -- Installing: /home/kol/Documents/ros_workstation/ArmBots/ArmBot_1/install/robotcontroller/share/ament_index/resource_index/package_run_dependencies/robotcontroller
[0.947s] -- Installing: /home/kol/Documents/ros_workstation/ArmBots/ArmBot_1/install/robotcontroller/share/ament_index/resource_index/parent_prefix_path/robotcontroller
[0.947s] -- Installing: /home/kol/Documents/ros_workstation/ArmBots/ArmBot_1/install/robotcontroller/share/robotcontroller/environment/ament_prefix_path.sh
[0.948s] -- Installing: /home/kol/Documents/ros_workstation/ArmBots/ArmBot_1/install/robotcontroller/share/robotcontroller/environment/ament_prefix_path.dsv
[0.948s] -- Installing: /home/kol/Documents/ros_workstation/ArmBots/ArmBot_1/install/robotcontroller/share/robotcontroller/environment/path.sh
[0.948s] -- Installing: /home/kol/Documents/ros_workstation/ArmBots/ArmBot_1/install/robotcontroller/share/robotcontroller/environment/path.dsv
[0.949s] -- Installing: /home/kol/Documents/ros_workstation/ArmBots/ArmBot_1/install/robotcontroller/share/robotcontroller/local_setup.bash
[0.949s] -- Installing: /home/kol/Documents/ros_workstation/ArmBots/ArmBot_1/install/robotcontroller/share/robotcontroller/local_setup.sh
[0.949s] -- Installing: /home/kol/Documents/ros_workstation/ArmBots/ArmBot_1/install/robotcontroller/share/robotcontroller/local_setup.zsh
[0.950s] -- Installing: /home/kol/Documents/ros_workstation/ArmBots/ArmBot_1/install/robotcontroller/share/robotcontroller/local_setup.dsv
[0.950s] -- Installing: /home/kol/Documents/ros_workstation/ArmBots/ArmBot_1/install/robotcontroller/share/robotcontroller/package.dsv
[0.950s] -- Installing: /home/kol/Documents/ros_workstation/ArmBots/ArmBot_1/install/robotcontroller/share/ament_index/resource_index/packages/robotcontroller
[0.950s] -- Installing: /home/kol/Documents/ros_workstation/ArmBots/ArmBot_1/install/robotcontroller/share/robotcontroller/cmake/robotcontrollerConfig.cmake
[0.951s] -- Installing: /home/kol/Documents/ros_workstation/ArmBots/ArmBot_1/install/robotcontroller/share/robotcontroller/cmake/robotcontrollerConfig-version.cmake
[0.951s] -- Installing: /home/kol/Documents/ros_workstation/ArmBots/ArmBot_1/install/robotcontroller/share/robotcontroller/package.xml
[0.954s] Invoked command in '/home/kol/Documents/ros_workstation/ArmBots/ArmBot_1/build/robotcontroller' returned '0': CMAKE_PREFIX_PATH=/opt/ros/humble /usr/bin/cmake --install /home/kol/Documents/ros_workstation/ArmBots/ArmBot_1/build/robotcontroller
