[0.125s] DEBUG:colcon:Command line arguments: ['/usr/bin/colcon', 'build']
[0.125s] DEBUG:colcon:Parsed command line arguments: Namespace(log_base=None, log_level=None, verb_name='build', build_base='build', install_base='install', merge_install=False, symlink_install=False, test_result_base=None, continue_on_error=False, executor='parallel', parallel_workers=4, event_handlers=None, ignore_user_meta=False, metas=['./colcon.meta'], base_paths=['.'], packages_ignore=None, packages_ignore_regex=None, paths=None, packages_up_to=None, packages_up_to_regex=None, packages_above=None, packages_above_and_dependencies=None, packages_above_depth=None, packages_select_by_dep=None, packages_skip_by_dep=None, packages_skip_up_to=None, packages_select_build_failed=False, packages_skip_build_finished=False, packages_select_test_failures=False, packages_skip_test_passed=False, packages_select=None, packages_skip=None, packages_select_regex=None, packages_skip_regex=None, packages_start=None, packages_end=None, allow_overriding=[], cmake_args=None, cmake_target=None, cmake_target_skip_unavailable=False, cmake_clean_cache=False, cmake_clean_first=False, cmake_force_configure=False, ament_cmake_args=None, catkin_cmake_args=None, catkin_skip_building_tests=False, mixin_files=None, mixin=None, verb_parser=<colcon_mixin.mixin.mixin_argument.MixinArgumentDecorator object at 0x724148f928f0>, verb_extension=<colcon_core.verb.build.BuildVerb object at 0x724148f922f0>, main=<bound method BuildVerb.main of <colcon_core.verb.build.BuildVerb object at 0x724148f922f0>>, mixin_verb=('build',))
[0.372s] Level 1:colcon.colcon_core.package_discovery:discover_packages(colcon_meta) check parameters
[0.372s] Level 1:colcon.colcon_core.package_discovery:discover_packages(recursive) check parameters
[0.372s] Level 1:colcon.colcon_core.package_discovery:discover_packages(ignore) check parameters
[0.372s] Level 1:colcon.colcon_core.package_discovery:discover_packages(path) check parameters
[0.372s] Level 1:colcon.colcon_core.package_discovery:discover_packages(colcon_meta) discover
[0.372s] Level 1:colcon.colcon_core.package_discovery:discover_packages(recursive) discover
[0.372s] INFO:colcon.colcon_core.package_discovery:Crawling recursively for packages in '/home/kol/Documents/ros_workstation/Control/six_dof_robot_ws'
[0.372s] Level 1:colcon.colcon_core.package_identification:_identify(.) by extensions ['ignore', 'ignore_ament_install']
[0.372s] Level 1:colcon.colcon_core.package_identification:_identify(.) by extension 'ignore'
[0.373s] Level 1:colcon.colcon_core.package_identification:_identify(.) by extension 'ignore_ament_install'
[0.373s] Level 1:colcon.colcon_core.package_identification:_identify(.) by extensions ['colcon_pkg']
[0.373s] Level 1:colcon.colcon_core.package_identification:_identify(.) by extension 'colcon_pkg'
[0.373s] Level 1:colcon.colcon_core.package_identification:_identify(.) by extensions ['colcon_meta']
[0.373s] Level 1:colcon.colcon_core.package_identification:_identify(.) by extension 'colcon_meta'
[0.373s] Level 1:colcon.colcon_core.package_identification:_identify(.) by extensions ['ros']
[0.373s] Level 1:colcon.colcon_core.package_identification:_identify(.) by extension 'ros'
[0.384s] Level 1:colcon.colcon_core.package_identification:_identify(.) by extensions ['cmake', 'python']
[0.384s] Level 1:colcon.colcon_core.package_identification:_identify(.) by extension 'cmake'
[0.384s] Level 1:colcon.colcon_core.package_identification:_identify(.) by extension 'python'
[0.384s] Level 1:colcon.colcon_core.package_identification:_identify(.) by extensions ['python_setup_py']
[0.384s] Level 1:colcon.colcon_core.package_identification:_identify(.) by extension 'python_setup_py'
[0.384s] Level 1:colcon.colcon_core.package_identification:_identify(build) by extensions ['ignore', 'ignore_ament_install']
[0.385s] Level 1:colcon.colcon_core.package_identification:_identify(build) by extension 'ignore'
[0.385s] Level 1:colcon.colcon_core.package_identification:_identify(build) ignored
[0.385s] Level 1:colcon.colcon_core.package_identification:_identify(install) by extensions ['ignore', 'ignore_ament_install']
[0.385s] Level 1:colcon.colcon_core.package_identification:_identify(install) by extension 'ignore'
[0.385s] Level 1:colcon.colcon_core.package_identification:_identify(install) ignored
[0.385s] Level 1:colcon.colcon_core.package_identification:_identify(log) by extensions ['ignore', 'ignore_ament_install']
[0.385s] Level 1:colcon.colcon_core.package_identification:_identify(log) by extension 'ignore'
[0.385s] Level 1:colcon.colcon_core.package_identification:_identify(log) ignored
[0.385s] Level 1:colcon.colcon_core.package_identification:_identify(src) by extensions ['ignore', 'ignore_ament_install']
[0.385s] Level 1:colcon.colcon_core.package_identification:_identify(src) by extension 'ignore'
[0.385s] Level 1:colcon.colcon_core.package_identification:_identify(src) by extension 'ignore_ament_install'
[0.385s] Level 1:colcon.colcon_core.package_identification:_identify(src) by extensions ['colcon_pkg']
[0.385s] Level 1:colcon.colcon_core.package_identification:_identify(src) by extension 'colcon_pkg'
[0.385s] Level 1:colcon.colcon_core.package_identification:_identify(src) by extensions ['colcon_meta']
[0.385s] Level 1:colcon.colcon_core.package_identification:_identify(src) by extension 'colcon_meta'
[0.385s] Level 1:colcon.colcon_core.package_identification:_identify(src) by extensions ['ros']
[0.386s] Level 1:colcon.colcon_core.package_identification:_identify(src) by extension 'ros'
[0.386s] Level 1:colcon.colcon_core.package_identification:_identify(src) by extensions ['cmake', 'python']
[0.386s] Level 1:colcon.colcon_core.package_identification:_identify(src) by extension 'cmake'
[0.386s] Level 1:colcon.colcon_core.package_identification:_identify(src) by extension 'python'
[0.386s] Level 1:colcon.colcon_core.package_identification:_identify(src) by extensions ['python_setup_py']
[0.386s] Level 1:colcon.colcon_core.package_identification:_identify(src) by extension 'python_setup_py'
[0.386s] Level 1:colcon.colcon_core.package_identification:_identify(src/moveit_control) by extensions ['ignore', 'ignore_ament_install']
[0.386s] Level 1:colcon.colcon_core.package_identification:_identify(src/moveit_control) by extension 'ignore'
[0.386s] Level 1:colcon.colcon_core.package_identification:_identify(src/moveit_control) by extension 'ignore_ament_install'
[0.386s] Level 1:colcon.colcon_core.package_identification:_identify(src/moveit_control) by extensions ['colcon_pkg']
[0.386s] Level 1:colcon.colcon_core.package_identification:_identify(src/moveit_control) by extension 'colcon_pkg'
[0.386s] Level 1:colcon.colcon_core.package_identification:_identify(src/moveit_control) by extensions ['colcon_meta']
[0.386s] Level 1:colcon.colcon_core.package_identification:_identify(src/moveit_control) by extension 'colcon_meta'
[0.386s] Level 1:colcon.colcon_core.package_identification:_identify(src/moveit_control) by extensions ['ros']
[0.386s] Level 1:colcon.colcon_core.package_identification:_identify(src/moveit_control) by extension 'ros'
[0.389s] DEBUG:colcon.colcon_core.package_identification:Package 'src/moveit_control' with type 'ros.ament_cmake' and name 'moveit_control'
[0.389s] Level 1:colcon.colcon_core.package_identification:_identify(src/welder_control) by extensions ['ignore', 'ignore_ament_install']
[0.389s] Level 1:colcon.colcon_core.package_identification:_identify(src/welder_control) by extension 'ignore'
[0.389s] Level 1:colcon.colcon_core.package_identification:_identify(src/welder_control) by extension 'ignore_ament_install'
[0.389s] Level 1:colcon.colcon_core.package_identification:_identify(src/welder_control) by extensions ['colcon_pkg']
[0.389s] Level 1:colcon.colcon_core.package_identification:_identify(src/welder_control) by extension 'colcon_pkg'
[0.389s] Level 1:colcon.colcon_core.package_identification:_identify(src/welder_control) by extensions ['colcon_meta']
[0.389s] Level 1:colcon.colcon_core.package_identification:_identify(src/welder_control) by extension 'colcon_meta'
[0.389s] Level 1:colcon.colcon_core.package_identification:_identify(src/welder_control) by extensions ['ros']
[0.389s] Level 1:colcon.colcon_core.package_identification:_identify(src/welder_control) by extension 'ros'
[0.390s] DEBUG:colcon.colcon_core.package_identification:Package 'src/welder_control' with type 'ros.ament_python' and name 'welder_control'
[0.390s] Level 1:colcon.colcon_core.package_identification:_identify(src/welder_description) by extensions ['ignore', 'ignore_ament_install']
[0.390s] Level 1:colcon.colcon_core.package_identification:_identify(src/welder_description) by extension 'ignore'
[0.390s] Level 1:colcon.colcon_core.package_identification:_identify(src/welder_description) by extension 'ignore_ament_install'
[0.390s] Level 1:colcon.colcon_core.package_identification:_identify(src/welder_description) by extensions ['colcon_pkg']
[0.390s] Level 1:colcon.colcon_core.package_identification:_identify(src/welder_description) by extension 'colcon_pkg'
[0.390s] Level 1:colcon.colcon_core.package_identification:_identify(src/welder_description) by extensions ['colcon_meta']
[0.390s] Level 1:colcon.colcon_core.package_identification:_identify(src/welder_description) by extension 'colcon_meta'
[0.390s] Level 1:colcon.colcon_core.package_identification:_identify(src/welder_description) by extensions ['ros']
[0.391s] Level 1:colcon.colcon_core.package_identification:_identify(src/welder_description) by extension 'ros'
[0.392s] DEBUG:colcon.colcon_core.package_identification:Package 'src/welder_description' with type 'ros.ament_python' and name 'welder_description'
[0.392s] Level 1:colcon.colcon_core.package_identification:_identify(src/welder_moveit_config) by extensions ['ignore', 'ignore_ament_install']
[0.392s] Level 1:colcon.colcon_core.package_identification:_identify(src/welder_moveit_config) by extension 'ignore'
[0.392s] Level 1:colcon.colcon_core.package_identification:_identify(src/welder_moveit_config) by extension 'ignore_ament_install'
[0.392s] Level 1:colcon.colcon_core.package_identification:_identify(src/welder_moveit_config) by extensions ['colcon_pkg']
[0.392s] Level 1:colcon.colcon_core.package_identification:_identify(src/welder_moveit_config) by extension 'colcon_pkg'
[0.392s] Level 1:colcon.colcon_core.package_identification:_identify(src/welder_moveit_config) by extensions ['colcon_meta']
[0.392s] Level 1:colcon.colcon_core.package_identification:_identify(src/welder_moveit_config) by extension 'colcon_meta'
[0.392s] Level 1:colcon.colcon_core.package_identification:_identify(src/welder_moveit_config) by extensions ['ros']
[0.392s] Level 1:colcon.colcon_core.package_identification:_identify(src/welder_moveit_config) by extension 'ros'
[0.393s] DEBUG:colcon.colcon_core.package_identification:Package 'src/welder_moveit_config' with type 'ros.ament_cmake' and name 'welder_moveit_config'
[0.393s] Level 1:colcon.colcon_core.package_discovery:discover_packages(recursive) using defaults
[0.393s] Level 1:colcon.colcon_core.package_discovery:discover_packages(ignore) discover
[0.393s] Level 1:colcon.colcon_core.package_discovery:discover_packages(ignore) using defaults
[0.393s] Level 1:colcon.colcon_core.package_discovery:discover_packages(path) discover
[0.393s] Level 1:colcon.colcon_core.package_discovery:discover_packages(path) using defaults
[0.416s] Level 1:colcon.colcon_core.package_discovery:discover_packages(prefix_path) check parameters
[0.416s] Level 1:colcon.colcon_core.package_discovery:discover_packages(prefix_path) discover
[0.418s] DEBUG:colcon.colcon_installed_package_information.package_discovery:Found 4 installed packages in /home/kol/Documents/ros_workstation/Control/six_dof_robot_ws/install
[0.420s] DEBUG:colcon.colcon_installed_package_information.package_discovery:Found 383 installed packages in /opt/ros/humble
[0.422s] Level 1:colcon.colcon_core.package_discovery:discover_packages(prefix_path) using defaults
[0.479s] Level 5:colcon.colcon_core.verb:set package 'moveit_control' build argument 'cmake_args' from command line to 'None'
[0.479s] Level 5:colcon.colcon_core.verb:set package 'moveit_control' build argument 'cmake_target' from command line to 'None'
[0.480s] Level 5:colcon.colcon_core.verb:set package 'moveit_control' build argument 'cmake_target_skip_unavailable' from command line to 'False'
[0.480s] Level 5:colcon.colcon_core.verb:set package 'moveit_control' build argument 'cmake_clean_cache' from command line to 'False'
[0.480s] Level 5:colcon.colcon_core.verb:set package 'moveit_control' build argument 'cmake_clean_first' from command line to 'False'
[0.480s] Level 5:colcon.colcon_core.verb:set package 'moveit_control' build argument 'cmake_force_configure' from command line to 'False'
[0.480s] Level 5:colcon.colcon_core.verb:set package 'moveit_control' build argument 'ament_cmake_args' from command line to 'None'
[0.480s] Level 5:colcon.colcon_core.verb:set package 'moveit_control' build argument 'catkin_cmake_args' from command line to 'None'
[0.480s] Level 5:colcon.colcon_core.verb:set package 'moveit_control' build argument 'catkin_skip_building_tests' from command line to 'False'
[0.480s] DEBUG:colcon.colcon_core.verb:Building package 'moveit_control' with the following arguments: {'ament_cmake_args': None, 'build_base': '/home/kol/Documents/ros_workstation/Control/six_dof_robot_ws/build/moveit_control', 'catkin_cmake_args': None, 'catkin_skip_building_tests': False, 'cmake_args': None, 'cmake_clean_cache': False, 'cmake_clean_first': False, 'cmake_force_configure': False, 'cmake_target': None, 'cmake_target_skip_unavailable': False, 'install_base': '/home/kol/Documents/ros_workstation/Control/six_dof_robot_ws/install/moveit_control', 'merge_install': False, 'path': '/home/kol/Documents/ros_workstation/Control/six_dof_robot_ws/src/moveit_control', 'symlink_install': False, 'test_result_base': None}
[0.480s] Level 5:colcon.colcon_core.verb:set package 'welder_control' build argument 'cmake_args' from command line to 'None'
[0.480s] Level 5:colcon.colcon_core.verb:set package 'welder_control' build argument 'cmake_target' from command line to 'None'
[0.480s] Level 5:colcon.colcon_core.verb:set package 'welder_control' build argument 'cmake_target_skip_unavailable' from command line to 'False'
[0.480s] Level 5:colcon.colcon_core.verb:set package 'welder_control' build argument 'cmake_clean_cache' from command line to 'False'
[0.480s] Level 5:colcon.colcon_core.verb:set package 'welder_control' build argument 'cmake_clean_first' from command line to 'False'
[0.480s] Level 5:colcon.colcon_core.verb:set package 'welder_control' build argument 'cmake_force_configure' from command line to 'False'
[0.480s] Level 5:colcon.colcon_core.verb:set package 'welder_control' build argument 'ament_cmake_args' from command line to 'None'
[0.480s] Level 5:colcon.colcon_core.verb:set package 'welder_control' build argument 'catkin_cmake_args' from command line to 'None'
[0.480s] Level 5:colcon.colcon_core.verb:set package 'welder_control' build argument 'catkin_skip_building_tests' from command line to 'False'
[0.480s] DEBUG:colcon.colcon_core.verb:Building package 'welder_control' with the following arguments: {'ament_cmake_args': None, 'build_base': '/home/kol/Documents/ros_workstation/Control/six_dof_robot_ws/build/welder_control', 'catkin_cmake_args': None, 'catkin_skip_building_tests': False, 'cmake_args': None, 'cmake_clean_cache': False, 'cmake_clean_first': False, 'cmake_force_configure': False, 'cmake_target': None, 'cmake_target_skip_unavailable': False, 'install_base': '/home/kol/Documents/ros_workstation/Control/six_dof_robot_ws/install/welder_control', 'merge_install': False, 'path': '/home/kol/Documents/ros_workstation/Control/six_dof_robot_ws/src/welder_control', 'symlink_install': False, 'test_result_base': None}
[0.481s] Level 5:colcon.colcon_core.verb:set package 'welder_description' build argument 'cmake_args' from command line to 'None'
[0.481s] Level 5:colcon.colcon_core.verb:set package 'welder_description' build argument 'cmake_target' from command line to 'None'
[0.481s] Level 5:colcon.colcon_core.verb:set package 'welder_description' build argument 'cmake_target_skip_unavailable' from command line to 'False'
[0.481s] Level 5:colcon.colcon_core.verb:set package 'welder_description' build argument 'cmake_clean_cache' from command line to 'False'
[0.481s] Level 5:colcon.colcon_core.verb:set package 'welder_description' build argument 'cmake_clean_first' from command line to 'False'
[0.481s] Level 5:colcon.colcon_core.verb:set package 'welder_description' build argument 'cmake_force_configure' from command line to 'False'
[0.481s] Level 5:colcon.colcon_core.verb:set package 'welder_description' build argument 'ament_cmake_args' from command line to 'None'
[0.481s] Level 5:colcon.colcon_core.verb:set package 'welder_description' build argument 'catkin_cmake_args' from command line to 'None'
[0.481s] Level 5:colcon.colcon_core.verb:set package 'welder_description' build argument 'catkin_skip_building_tests' from command line to 'False'
[0.481s] DEBUG:colcon.colcon_core.verb:Building package 'welder_description' with the following arguments: {'ament_cmake_args': None, 'build_base': '/home/kol/Documents/ros_workstation/Control/six_dof_robot_ws/build/welder_description', 'catkin_cmake_args': None, 'catkin_skip_building_tests': False, 'cmake_args': None, 'cmake_clean_cache': False, 'cmake_clean_first': False, 'cmake_force_configure': False, 'cmake_target': None, 'cmake_target_skip_unavailable': False, 'install_base': '/home/kol/Documents/ros_workstation/Control/six_dof_robot_ws/install/welder_description', 'merge_install': False, 'path': '/home/kol/Documents/ros_workstation/Control/six_dof_robot_ws/src/welder_description', 'symlink_install': False, 'test_result_base': None}
[0.481s] Level 5:colcon.colcon_core.verb:set package 'welder_moveit_config' build argument 'cmake_args' from command line to 'None'
[0.481s] Level 5:colcon.colcon_core.verb:set package 'welder_moveit_config' build argument 'cmake_target' from command line to 'None'
[0.481s] Level 5:colcon.colcon_core.verb:set package 'welder_moveit_config' build argument 'cmake_target_skip_unavailable' from command line to 'False'
[0.482s] Level 5:colcon.colcon_core.verb:set package 'welder_moveit_config' build argument 'cmake_clean_cache' from command line to 'False'
[0.482s] Level 5:colcon.colcon_core.verb:set package 'welder_moveit_config' build argument 'cmake_clean_first' from command line to 'False'
[0.482s] Level 5:colcon.colcon_core.verb:set package 'welder_moveit_config' build argument 'cmake_force_configure' from command line to 'False'
[0.482s] Level 5:colcon.colcon_core.verb:set package 'welder_moveit_config' build argument 'ament_cmake_args' from command line to 'None'
[0.482s] Level 5:colcon.colcon_core.verb:set package 'welder_moveit_config' build argument 'catkin_cmake_args' from command line to 'None'
[0.482s] Level 5:colcon.colcon_core.verb:set package 'welder_moveit_config' build argument 'catkin_skip_building_tests' from command line to 'False'
[0.482s] DEBUG:colcon.colcon_core.verb:Building package 'welder_moveit_config' with the following arguments: {'ament_cmake_args': None, 'build_base': '/home/kol/Documents/ros_workstation/Control/six_dof_robot_ws/build/welder_moveit_config', 'catkin_cmake_args': None, 'catkin_skip_building_tests': False, 'cmake_args': None, 'cmake_clean_cache': False, 'cmake_clean_first': False, 'cmake_force_configure': False, 'cmake_target': None, 'cmake_target_skip_unavailable': False, 'install_base': '/home/kol/Documents/ros_workstation/Control/six_dof_robot_ws/install/welder_moveit_config', 'merge_install': False, 'path': '/home/kol/Documents/ros_workstation/Control/six_dof_robot_ws/src/welder_moveit_config', 'symlink_install': False, 'test_result_base': None}
[0.482s] INFO:colcon.colcon_core.executor:Executing jobs using 'parallel' executor
[0.483s] DEBUG:colcon.colcon_parallel_executor.executor.parallel:run_until_complete
[0.483s] INFO:colcon.colcon_ros.task.ament_python.build:Building ROS package in '/home/kol/Documents/ros_workstation/Control/six_dof_robot_ws/src/welder_description' with build type 'ament_python'
[0.483s] Level 1:colcon.colcon_core.shell:create_environment_hook('welder_description', 'ament_prefix_path')
[0.486s] INFO:colcon.colcon_core.plugin_system:Skipping extension 'colcon_core.shell.bat': Not used on non-Windows systems
[0.486s] INFO:colcon.colcon_core.shell:Creating environment hook '/home/kol/Documents/ros_workstation/Control/six_dof_robot_ws/install/welder_description/share/welder_description/hook/ament_prefix_path.ps1'
[0.487s] INFO:colcon.colcon_core.shell:Creating environment descriptor '/home/kol/Documents/ros_workstation/Control/six_dof_robot_ws/install/welder_description/share/welder_description/hook/ament_prefix_path.dsv'
[0.488s] INFO:colcon.colcon_core.shell:Creating environment hook '/home/kol/Documents/ros_workstation/Control/six_dof_robot_ws/install/welder_description/share/welder_description/hook/ament_prefix_path.sh'
[0.489s] INFO:colcon.colcon_core.shell:Skip shell extension 'powershell' for command environment: Not usable outside of PowerShell
[0.489s] DEBUG:colcon.colcon_core.shell:Skip shell extension 'dsv' for command environment
[0.493s] INFO:colcon.colcon_ros.task.ament_cmake.build:Building ROS package in '/home/kol/Documents/ros_workstation/Control/six_dof_robot_ws/src/moveit_control' with build type 'ament_cmake'
[0.494s] INFO:colcon.colcon_cmake.task.cmake.build:Building CMake package in '/home/kol/Documents/ros_workstation/Control/six_dof_robot_ws/src/moveit_control'
[0.494s] INFO:colcon.colcon_core.shell:Skip shell extension 'powershell' for command environment: Not usable outside of PowerShell
[0.494s] DEBUG:colcon.colcon_core.shell:Skip shell extension 'dsv' for command environment
[0.498s] INFO:colcon.colcon_ros.task.ament_python.build:Building ROS package in '/home/kol/Documents/ros_workstation/Control/six_dof_robot_ws/src/welder_control' with build type 'ament_python'
[0.499s] Level 1:colcon.colcon_core.shell:create_environment_hook('welder_control', 'ament_prefix_path')
[0.499s] INFO:colcon.colcon_core.shell:Creating environment hook '/home/kol/Documents/ros_workstation/Control/six_dof_robot_ws/install/welder_control/share/welder_control/hook/ament_prefix_path.ps1'
[0.500s] INFO:colcon.colcon_core.shell:Creating environment descriptor '/home/kol/Documents/ros_workstation/Control/six_dof_robot_ws/install/welder_control/share/welder_control/hook/ament_prefix_path.dsv'
[0.500s] INFO:colcon.colcon_core.shell:Creating environment hook '/home/kol/Documents/ros_workstation/Control/six_dof_robot_ws/install/welder_control/share/welder_control/hook/ament_prefix_path.sh'
[0.501s] INFO:colcon.colcon_core.shell:Skip shell extension 'powershell' for command environment: Not usable outside of PowerShell
[0.501s] DEBUG:colcon.colcon_core.shell:Skip shell extension 'dsv' for command environment
[0.857s] INFO:colcon.colcon_core.task.python.build:Building Python package in '/home/kol/Documents/ros_workstation/Control/six_dof_robot_ws/src/welder_description'
[0.857s] INFO:colcon.colcon_core.shell:Skip shell extension 'powershell' for command environment: Not usable outside of PowerShell
[0.857s] DEBUG:colcon.colcon_core.shell:Skip shell extension 'dsv' for command environment
[0.866s] DEBUG:colcon.colcon_core.event_handler.log_command:Invoking command in '/home/kol/Documents/ros_workstation/Control/six_dof_robot_ws/build/moveit_control': CMAKE_PREFIX_PATH=${CMAKE_PREFIX_PATH}:/home/kol/Documents/ros_workstation/Control/six_dof_robot_ws/install/welder_description:/home/kol/Documents/ros_workstation/Control/six_dof_robot_ws/install/welder_control:/opt/ros/humble /usr/bin/cmake --build /home/kol/Documents/ros_workstation/Control/six_dof_robot_ws/build/moveit_control -- -j4 -l4
[1.250s] INFO:colcon.colcon_core.task.python.build:Building Python package in '/home/kol/Documents/ros_workstation/Control/six_dof_robot_ws/src/welder_control'
[1.251s] INFO:colcon.colcon_core.shell:Skip shell extension 'powershell' for command environment: Not usable outside of PowerShell
[1.251s] DEBUG:colcon.colcon_core.shell:Skip shell extension 'dsv' for command environment
[2.090s] DEBUG:colcon.colcon_core.event_handler.log_command:Invoking command in '/home/kol/Documents/ros_workstation/Control/six_dof_robot_ws/src/welder_description': PYTHONPATH=/home/kol/Documents/ros_workstation/Control/six_dof_robot_ws/build/welder_description/prefix_override:/usr/lib/python3/dist-packages/colcon_core/task/python/colcon_distutils_commands:/home/kol/Documents/ros_workstation/Control/six_dof_robot_ws/install/welder_description/lib/python3.10/site-packages:${PYTHONPATH} /usr/bin/python3 -W ignore:setup.py install is deprecated -W ignore:easy_install command is deprecated setup.py egg_info --egg-base ../../build/welder_description build --build-base /home/kol/Documents/ros_workstation/Control/six_dof_robot_ws/build/welder_description/build install --record /home/kol/Documents/ros_workstation/Control/six_dof_robot_ws/build/welder_description/install.log --single-version-externally-managed install_data
[2.176s] DEBUG:colcon.colcon_core.event_handler.log_command:Invoking command in '/home/kol/Documents/ros_workstation/Control/six_dof_robot_ws/src/welder_control': PYTHONPATH=/home/kol/Documents/ros_workstation/Control/six_dof_robot_ws/build/welder_control/prefix_override:/usr/lib/python3/dist-packages/colcon_core/task/python/colcon_distutils_commands:/home/kol/Documents/ros_workstation/Control/six_dof_robot_ws/install/welder_control/lib/python3.10/site-packages:${PYTHONPATH} /usr/bin/python3 -W ignore:setup.py install is deprecated -W ignore:easy_install command is deprecated setup.py egg_info --egg-base ../../build/welder_control build --build-base /home/kol/Documents/ros_workstation/Control/six_dof_robot_ws/build/welder_control/build install --record /home/kol/Documents/ros_workstation/Control/six_dof_robot_ws/build/welder_control/install.log --single-version-externally-managed install_data
[2.562s] DEBUG:colcon.colcon_core.event_handler.log_command:Invoked command in '/home/kol/Documents/ros_workstation/Control/six_dof_robot_ws/src/welder_description' returned '0': PYTHONPATH=/home/kol/Documents/ros_workstation/Control/six_dof_robot_ws/build/welder_description/prefix_override:/usr/lib/python3/dist-packages/colcon_core/task/python/colcon_distutils_commands:/home/kol/Documents/ros_workstation/Control/six_dof_robot_ws/install/welder_description/lib/python3.10/site-packages:${PYTHONPATH} /usr/bin/python3 -W ignore:setup.py install is deprecated -W ignore:easy_install command is deprecated setup.py egg_info --egg-base ../../build/welder_description build --build-base /home/kol/Documents/ros_workstation/Control/six_dof_robot_ws/build/welder_description/build install --record /home/kol/Documents/ros_workstation/Control/six_dof_robot_ws/build/welder_description/install.log --single-version-externally-managed install_data
[2.566s] Level 1:colcon.colcon_core.environment:checking '/home/kol/Documents/ros_workstation/Control/six_dof_robot_ws/install/welder_description' for CMake module files
[2.567s] Level 1:colcon.colcon_core.environment:checking '/home/kol/Documents/ros_workstation/Control/six_dof_robot_ws/install/welder_description' for CMake config files
[2.568s] Level 1:colcon.colcon_core.environment:checking '/home/kol/Documents/ros_workstation/Control/six_dof_robot_ws/install/welder_description/lib'
[2.568s] Level 1:colcon.colcon_core.environment:checking '/home/kol/Documents/ros_workstation/Control/six_dof_robot_ws/install/welder_description/bin'
[2.568s] Level 1:colcon.colcon_core.environment:checking '/home/kol/Documents/ros_workstation/Control/six_dof_robot_ws/install/welder_description/lib/pkgconfig/welder_description.pc'
[2.568s] Level 1:colcon.colcon_core.environment:checking '/home/kol/Documents/ros_workstation/Control/six_dof_robot_ws/install/welder_description/lib/python3.10/site-packages'
[2.568s] Level 1:colcon.colcon_core.shell:create_environment_hook('welder_description', 'pythonpath')
[2.568s] INFO:colcon.colcon_core.shell:Creating environment hook '/home/kol/Documents/ros_workstation/Control/six_dof_robot_ws/install/welder_description/share/welder_description/hook/pythonpath.ps1'
[2.569s] INFO:colcon.colcon_core.shell:Creating environment descriptor '/home/kol/Documents/ros_workstation/Control/six_dof_robot_ws/install/welder_description/share/welder_description/hook/pythonpath.dsv'
[2.569s] INFO:colcon.colcon_core.shell:Creating environment hook '/home/kol/Documents/ros_workstation/Control/six_dof_robot_ws/install/welder_description/share/welder_description/hook/pythonpath.sh'
[2.570s] Level 1:colcon.colcon_core.environment:checking '/home/kol/Documents/ros_workstation/Control/six_dof_robot_ws/install/welder_description/bin'
[2.570s] Level 1:colcon.colcon_core.environment:create_environment_scripts_only(welder_description)
[2.571s] INFO:colcon.colcon_core.shell:Creating package script '/home/kol/Documents/ros_workstation/Control/six_dof_robot_ws/install/welder_description/share/welder_description/package.ps1'
[2.572s] INFO:colcon.colcon_core.shell:Creating package descriptor '/home/kol/Documents/ros_workstation/Control/six_dof_robot_ws/install/welder_description/share/welder_description/package.dsv'
[2.573s] INFO:colcon.colcon_core.shell:Creating package script '/home/kol/Documents/ros_workstation/Control/six_dof_robot_ws/install/welder_description/share/welder_description/package.sh'
[2.574s] INFO:colcon.colcon_core.shell:Creating package script '/home/kol/Documents/ros_workstation/Control/six_dof_robot_ws/install/welder_description/share/welder_description/package.bash'
[2.575s] INFO:colcon.colcon_core.shell:Creating package script '/home/kol/Documents/ros_workstation/Control/six_dof_robot_ws/install/welder_description/share/welder_description/package.zsh'
[2.576s] Level 1:colcon.colcon_core.environment:create_file_with_runtime_dependencies(/home/kol/Documents/ros_workstation/Control/six_dof_robot_ws/install/welder_description/share/colcon-core/packages/welder_description)
[2.576s] INFO:colcon.colcon_ros.task.ament_cmake.build:Building ROS package in '/home/kol/Documents/ros_workstation/Control/six_dof_robot_ws/src/welder_moveit_config' with build type 'ament_cmake'
[2.577s] INFO:colcon.colcon_cmake.task.cmake.build:Building CMake package in '/home/kol/Documents/ros_workstation/Control/six_dof_robot_ws/src/welder_moveit_config'
[2.577s] INFO:colcon.colcon_core.shell:Skip shell extension 'powershell' for command environment: Not usable outside of PowerShell
[2.577s] DEBUG:colcon.colcon_core.shell:Skip shell extension 'dsv' for command environment
[2.591s] DEBUG:colcon.colcon_core.event_handler.log_command:Invoking command in '/home/kol/Documents/ros_workstation/Control/six_dof_robot_ws/build/welder_moveit_config': AMENT_PREFIX_PATH=/home/kol/Documents/ros_workstation/Control/six_dof_robot_ws/install/welder_description:/home/kol/Documents/ros_workstation/Control/six_dof_robot_ws/install/welder_moveit_config:/home/kol/Documents/ros_workstation/Control/six_dof_robot_ws/install/welder_control:/home/kol/Documents/ros_workstation/Control/six_dof_robot_ws/install/moveit_control:/opt/ros/humble CMAKE_PREFIX_PATH=${CMAKE_PREFIX_PATH}:/home/kol/Documents/ros_workstation/Control/six_dof_robot_ws/install/welder_description:/home/kol/Documents/ros_workstation/Control/six_dof_robot_ws/install/welder_control:/opt/ros/humble /usr/bin/cmake --build /home/kol/Documents/ros_workstation/Control/six_dof_robot_ws/build/welder_moveit_config -- -j4 -l4
[2.641s] DEBUG:colcon.colcon_core.event_handler.log_command:Invoked command in '/home/kol/Documents/ros_workstation/Control/six_dof_robot_ws/build/welder_moveit_config' returned '0': AMENT_PREFIX_PATH=/home/kol/Documents/ros_workstation/Control/six_dof_robot_ws/install/welder_description:/home/kol/Documents/ros_workstation/Control/six_dof_robot_ws/install/welder_moveit_config:/home/kol/Documents/ros_workstation/Control/six_dof_robot_ws/install/welder_control:/home/kol/Documents/ros_workstation/Control/six_dof_robot_ws/install/moveit_control:/opt/ros/humble CMAKE_PREFIX_PATH=${CMAKE_PREFIX_PATH}:/home/kol/Documents/ros_workstation/Control/six_dof_robot_ws/install/welder_description:/home/kol/Documents/ros_workstation/Control/six_dof_robot_ws/install/welder_control:/opt/ros/humble /usr/bin/cmake --build /home/kol/Documents/ros_workstation/Control/six_dof_robot_ws/build/welder_moveit_config -- -j4 -l4
[2.655s] DEBUG:colcon.colcon_core.event_handler.log_command:Invoking command in '/home/kol/Documents/ros_workstation/Control/six_dof_robot_ws/build/welder_moveit_config': AMENT_PREFIX_PATH=/home/kol/Documents/ros_workstation/Control/six_dof_robot_ws/install/welder_description:/home/kol/Documents/ros_workstation/Control/six_dof_robot_ws/install/welder_moveit_config:/home/kol/Documents/ros_workstation/Control/six_dof_robot_ws/install/welder_control:/home/kol/Documents/ros_workstation/Control/six_dof_robot_ws/install/moveit_control:/opt/ros/humble CMAKE_PREFIX_PATH=${CMAKE_PREFIX_PATH}:/home/kol/Documents/ros_workstation/Control/six_dof_robot_ws/install/welder_description:/home/kol/Documents/ros_workstation/Control/six_dof_robot_ws/install/welder_control:/opt/ros/humble /usr/bin/cmake --install /home/kol/Documents/ros_workstation/Control/six_dof_robot_ws/build/welder_moveit_config
[2.670s] Level 1:colcon.colcon_core.environment:create_environment_scripts_only(welder_moveit_config)
[2.671s] Level 1:colcon.colcon_core.environment:checking '/home/kol/Documents/ros_workstation/Control/six_dof_robot_ws/install/welder_moveit_config' for CMake module files
[2.672s] DEBUG:colcon.colcon_core.event_handler.log_command:Invoked command in '/home/kol/Documents/ros_workstation/Control/six_dof_robot_ws/build/welder_moveit_config' returned '0': AMENT_PREFIX_PATH=/home/kol/Documents/ros_workstation/Control/six_dof_robot_ws/install/welder_description:/home/kol/Documents/ros_workstation/Control/six_dof_robot_ws/install/welder_moveit_config:/home/kol/Documents/ros_workstation/Control/six_dof_robot_ws/install/welder_control:/home/kol/Documents/ros_workstation/Control/six_dof_robot_ws/install/moveit_control:/opt/ros/humble CMAKE_PREFIX_PATH=${CMAKE_PREFIX_PATH}:/home/kol/Documents/ros_workstation/Control/six_dof_robot_ws/install/welder_description:/home/kol/Documents/ros_workstation/Control/six_dof_robot_ws/install/welder_control:/opt/ros/humble /usr/bin/cmake --install /home/kol/Documents/ros_workstation/Control/six_dof_robot_ws/build/welder_moveit_config
[2.672s] Level 1:colcon.colcon_core.environment:checking '/home/kol/Documents/ros_workstation/Control/six_dof_robot_ws/install/welder_moveit_config' for CMake config files
[2.673s] Level 1:colcon.colcon_core.shell:create_environment_hook('welder_moveit_config', 'cmake_prefix_path')
[2.673s] INFO:colcon.colcon_core.shell:Creating environment hook '/home/kol/Documents/ros_workstation/Control/six_dof_robot_ws/install/welder_moveit_config/share/welder_moveit_config/hook/cmake_prefix_path.ps1'
[2.674s] INFO:colcon.colcon_core.shell:Creating environment descriptor '/home/kol/Documents/ros_workstation/Control/six_dof_robot_ws/install/welder_moveit_config/share/welder_moveit_config/hook/cmake_prefix_path.dsv'
[2.675s] INFO:colcon.colcon_core.shell:Creating environment hook '/home/kol/Documents/ros_workstation/Control/six_dof_robot_ws/install/welder_moveit_config/share/welder_moveit_config/hook/cmake_prefix_path.sh'
[2.676s] Level 1:colcon.colcon_core.environment:checking '/home/kol/Documents/ros_workstation/Control/six_dof_robot_ws/install/welder_moveit_config/bin'
[2.676s] Level 1:colcon.colcon_core.environment:checking '/home/kol/Documents/ros_workstation/Control/six_dof_robot_ws/install/welder_moveit_config/lib/pkgconfig/welder_moveit_config.pc'
[2.676s] Level 1:colcon.colcon_core.environment:checking '/home/kol/Documents/ros_workstation/Control/six_dof_robot_ws/install/welder_moveit_config/lib/python3.10/site-packages'
[2.677s] Level 1:colcon.colcon_core.environment:checking '/home/kol/Documents/ros_workstation/Control/six_dof_robot_ws/install/welder_moveit_config/bin'
[2.677s] INFO:colcon.colcon_core.shell:Creating package script '/home/kol/Documents/ros_workstation/Control/six_dof_robot_ws/install/welder_moveit_config/share/welder_moveit_config/package.ps1'
[2.677s] INFO:colcon.colcon_core.shell:Creating package descriptor '/home/kol/Documents/ros_workstation/Control/six_dof_robot_ws/install/welder_moveit_config/share/welder_moveit_config/package.dsv'
[2.678s] INFO:colcon.colcon_core.shell:Creating package script '/home/kol/Documents/ros_workstation/Control/six_dof_robot_ws/install/welder_moveit_config/share/welder_moveit_config/package.sh'
[2.679s] INFO:colcon.colcon_core.shell:Creating package script '/home/kol/Documents/ros_workstation/Control/six_dof_robot_ws/install/welder_moveit_config/share/welder_moveit_config/package.bash'
[2.679s] INFO:colcon.colcon_core.shell:Creating package script '/home/kol/Documents/ros_workstation/Control/six_dof_robot_ws/install/welder_moveit_config/share/welder_moveit_config/package.zsh'
[2.680s] Level 1:colcon.colcon_core.environment:create_file_with_runtime_dependencies(/home/kol/Documents/ros_workstation/Control/six_dof_robot_ws/install/welder_moveit_config/share/colcon-core/packages/welder_moveit_config)
[2.680s] Level 1:colcon.colcon_core.environment:create_environment_scripts_only(welder_moveit_config)
[2.681s] Level 1:colcon.colcon_core.environment:checking '/home/kol/Documents/ros_workstation/Control/six_dof_robot_ws/install/welder_moveit_config' for CMake module files
[2.681s] Level 1:colcon.colcon_core.environment:checking '/home/kol/Documents/ros_workstation/Control/six_dof_robot_ws/install/welder_moveit_config' for CMake config files
[2.682s] Level 1:colcon.colcon_core.shell:create_environment_hook('welder_moveit_config', 'cmake_prefix_path')
[2.682s] INFO:colcon.colcon_core.shell:Creating environment hook '/home/kol/Documents/ros_workstation/Control/six_dof_robot_ws/install/welder_moveit_config/share/welder_moveit_config/hook/cmake_prefix_path.ps1'
[2.683s] INFO:colcon.colcon_core.shell:Creating environment descriptor '/home/kol/Documents/ros_workstation/Control/six_dof_robot_ws/install/welder_moveit_config/share/welder_moveit_config/hook/cmake_prefix_path.dsv'
[2.683s] INFO:colcon.colcon_core.shell:Creating environment hook '/home/kol/Documents/ros_workstation/Control/six_dof_robot_ws/install/welder_moveit_config/share/welder_moveit_config/hook/cmake_prefix_path.sh'
[2.684s] Level 1:colcon.colcon_core.environment:checking '/home/kol/Documents/ros_workstation/Control/six_dof_robot_ws/install/welder_moveit_config/bin'
[2.684s] Level 1:colcon.colcon_core.environment:checking '/home/kol/Documents/ros_workstation/Control/six_dof_robot_ws/install/welder_moveit_config/lib/pkgconfig/welder_moveit_config.pc'
[2.684s] Level 1:colcon.colcon_core.environment:checking '/home/kol/Documents/ros_workstation/Control/six_dof_robot_ws/install/welder_moveit_config/lib/python3.10/site-packages'
[2.685s] Level 1:colcon.colcon_core.environment:checking '/home/kol/Documents/ros_workstation/Control/six_dof_robot_ws/install/welder_moveit_config/bin'
[2.685s] INFO:colcon.colcon_core.shell:Creating package script '/home/kol/Documents/ros_workstation/Control/six_dof_robot_ws/install/welder_moveit_config/share/welder_moveit_config/package.ps1'
[2.686s] INFO:colcon.colcon_core.shell:Creating package descriptor '/home/kol/Documents/ros_workstation/Control/six_dof_robot_ws/install/welder_moveit_config/share/welder_moveit_config/package.dsv'
[2.687s] INFO:colcon.colcon_core.shell:Creating package script '/home/kol/Documents/ros_workstation/Control/six_dof_robot_ws/install/welder_moveit_config/share/welder_moveit_config/package.sh'
[2.687s] INFO:colcon.colcon_core.shell:Creating package script '/home/kol/Documents/ros_workstation/Control/six_dof_robot_ws/install/welder_moveit_config/share/welder_moveit_config/package.bash'
[2.688s] INFO:colcon.colcon_core.shell:Creating package script '/home/kol/Documents/ros_workstation/Control/six_dof_robot_ws/install/welder_moveit_config/share/welder_moveit_config/package.zsh'
[2.688s] Level 1:colcon.colcon_core.environment:create_file_with_runtime_dependencies(/home/kol/Documents/ros_workstation/Control/six_dof_robot_ws/install/welder_moveit_config/share/colcon-core/packages/welder_moveit_config)
[2.854s] Level 1:colcon.colcon_core.environment:checking '/home/kol/Documents/ros_workstation/Control/six_dof_robot_ws/install/welder_control' for CMake module files
[2.855s] DEBUG:colcon.colcon_core.event_handler.log_command:Invoked command in '/home/kol/Documents/ros_workstation/Control/six_dof_robot_ws/src/welder_control' returned '0': PYTHONPATH=/home/kol/Documents/ros_workstation/Control/six_dof_robot_ws/build/welder_control/prefix_override:/usr/lib/python3/dist-packages/colcon_core/task/python/colcon_distutils_commands:/home/kol/Documents/ros_workstation/Control/six_dof_robot_ws/install/welder_control/lib/python3.10/site-packages:${PYTHONPATH} /usr/bin/python3 -W ignore:setup.py install is deprecated -W ignore:easy_install command is deprecated setup.py egg_info --egg-base ../../build/welder_control build --build-base /home/kol/Documents/ros_workstation/Control/six_dof_robot_ws/build/welder_control/build install --record /home/kol/Documents/ros_workstation/Control/six_dof_robot_ws/build/welder_control/install.log --single-version-externally-managed install_data
[2.855s] Level 1:colcon.colcon_core.environment:checking '/home/kol/Documents/ros_workstation/Control/six_dof_robot_ws/install/welder_control' for CMake config files
[2.856s] Level 1:colcon.colcon_core.environment:checking '/home/kol/Documents/ros_workstation/Control/six_dof_robot_ws/install/welder_control/lib'
[2.856s] Level 1:colcon.colcon_core.environment:checking '/home/kol/Documents/ros_workstation/Control/six_dof_robot_ws/install/welder_control/bin'
[2.856s] Level 1:colcon.colcon_core.environment:checking '/home/kol/Documents/ros_workstation/Control/six_dof_robot_ws/install/welder_control/lib/pkgconfig/welder_control.pc'
[2.856s] Level 1:colcon.colcon_core.environment:checking '/home/kol/Documents/ros_workstation/Control/six_dof_robot_ws/install/welder_control/lib/python3.10/site-packages'
[2.856s] Level 1:colcon.colcon_core.shell:create_environment_hook('welder_control', 'pythonpath')
[2.857s] INFO:colcon.colcon_core.shell:Creating environment hook '/home/kol/Documents/ros_workstation/Control/six_dof_robot_ws/install/welder_control/share/welder_control/hook/pythonpath.ps1'
[2.857s] INFO:colcon.colcon_core.shell:Creating environment descriptor '/home/kol/Documents/ros_workstation/Control/six_dof_robot_ws/install/welder_control/share/welder_control/hook/pythonpath.dsv'
[2.858s] INFO:colcon.colcon_core.shell:Creating environment hook '/home/kol/Documents/ros_workstation/Control/six_dof_robot_ws/install/welder_control/share/welder_control/hook/pythonpath.sh'
[2.858s] Level 1:colcon.colcon_core.environment:checking '/home/kol/Documents/ros_workstation/Control/six_dof_robot_ws/install/welder_control/bin'
[2.858s] Level 1:colcon.colcon_core.environment:create_environment_scripts_only(welder_control)
[2.859s] INFO:colcon.colcon_core.shell:Creating package script '/home/kol/Documents/ros_workstation/Control/six_dof_robot_ws/install/welder_control/share/welder_control/package.ps1'
[2.859s] INFO:colcon.colcon_core.shell:Creating package descriptor '/home/kol/Documents/ros_workstation/Control/six_dof_robot_ws/install/welder_control/share/welder_control/package.dsv'
[2.860s] INFO:colcon.colcon_core.shell:Creating package script '/home/kol/Documents/ros_workstation/Control/six_dof_robot_ws/install/welder_control/share/welder_control/package.sh'
[2.860s] INFO:colcon.colcon_core.shell:Creating package script '/home/kol/Documents/ros_workstation/Control/six_dof_robot_ws/install/welder_control/share/welder_control/package.bash'
[2.861s] INFO:colcon.colcon_core.shell:Creating package script '/home/kol/Documents/ros_workstation/Control/six_dof_robot_ws/install/welder_control/share/welder_control/package.zsh'
[2.861s] Level 1:colcon.colcon_core.environment:create_file_with_runtime_dependencies(/home/kol/Documents/ros_workstation/Control/six_dof_robot_ws/install/welder_control/share/colcon-core/packages/welder_control)
[9.895s] DEBUG:colcon.colcon_core.event_handler.log_command:Invoked command in '/home/kol/Documents/ros_workstation/Control/six_dof_robot_ws/build/moveit_control' returned '0': CMAKE_PREFIX_PATH=${CMAKE_PREFIX_PATH}:/home/kol/Documents/ros_workstation/Control/six_dof_robot_ws/install/welder_description:/home/kol/Documents/ros_workstation/Control/six_dof_robot_ws/install/welder_control:/opt/ros/humble /usr/bin/cmake --build /home/kol/Documents/ros_workstation/Control/six_dof_robot_ws/build/moveit_control -- -j4 -l4
[9.896s] DEBUG:colcon.colcon_core.event_handler.log_command:Invoking command in '/home/kol/Documents/ros_workstation/Control/six_dof_robot_ws/build/moveit_control': CMAKE_PREFIX_PATH=${CMAKE_PREFIX_PATH}:/home/kol/Documents/ros_workstation/Control/six_dof_robot_ws/install/welder_description:/home/kol/Documents/ros_workstation/Control/six_dof_robot_ws/install/welder_control:/opt/ros/humble /usr/bin/cmake --install /home/kol/Documents/ros_workstation/Control/six_dof_robot_ws/build/moveit_control
[9.908s] Level 1:colcon.colcon_core.environment:create_environment_scripts_only(moveit_control)
[9.908s] Level 1:colcon.colcon_core.environment:checking '/home/kol/Documents/ros_workstation/Control/six_dof_robot_ws/install/moveit_control' for CMake module files
[9.909s] DEBUG:colcon.colcon_core.event_handler.log_command:Invoked command in '/home/kol/Documents/ros_workstation/Control/six_dof_robot_ws/build/moveit_control' returned '0': CMAKE_PREFIX_PATH=${CMAKE_PREFIX_PATH}:/home/kol/Documents/ros_workstation/Control/six_dof_robot_ws/install/welder_description:/home/kol/Documents/ros_workstation/Control/six_dof_robot_ws/install/welder_control:/opt/ros/humble /usr/bin/cmake --install /home/kol/Documents/ros_workstation/Control/six_dof_robot_ws/build/moveit_control
[9.909s] Level 1:colcon.colcon_core.environment:checking '/home/kol/Documents/ros_workstation/Control/six_dof_robot_ws/install/moveit_control' for CMake config files
[9.910s] Level 1:colcon.colcon_core.shell:create_environment_hook('moveit_control', 'cmake_prefix_path')
[9.910s] INFO:colcon.colcon_core.shell:Creating environment hook '/home/kol/Documents/ros_workstation/Control/six_dof_robot_ws/install/moveit_control/share/moveit_control/hook/cmake_prefix_path.ps1'
[9.911s] INFO:colcon.colcon_core.shell:Creating environment descriptor '/home/kol/Documents/ros_workstation/Control/six_dof_robot_ws/install/moveit_control/share/moveit_control/hook/cmake_prefix_path.dsv'
[9.911s] INFO:colcon.colcon_core.shell:Creating environment hook '/home/kol/Documents/ros_workstation/Control/six_dof_robot_ws/install/moveit_control/share/moveit_control/hook/cmake_prefix_path.sh'
[9.912s] Level 1:colcon.colcon_core.environment:checking '/home/kol/Documents/ros_workstation/Control/six_dof_robot_ws/install/moveit_control/lib'
[9.912s] Level 1:colcon.colcon_core.environment:checking '/home/kol/Documents/ros_workstation/Control/six_dof_robot_ws/install/moveit_control/bin'
[9.912s] Level 1:colcon.colcon_core.environment:checking '/home/kol/Documents/ros_workstation/Control/six_dof_robot_ws/install/moveit_control/lib/pkgconfig/moveit_control.pc'
[9.912s] Level 1:colcon.colcon_core.environment:checking '/home/kol/Documents/ros_workstation/Control/six_dof_robot_ws/install/moveit_control/lib/python3.10/site-packages'
[9.912s] Level 1:colcon.colcon_core.environment:checking '/home/kol/Documents/ros_workstation/Control/six_dof_robot_ws/install/moveit_control/bin'
[9.913s] INFO:colcon.colcon_core.shell:Creating package script '/home/kol/Documents/ros_workstation/Control/six_dof_robot_ws/install/moveit_control/share/moveit_control/package.ps1'
[9.913s] INFO:colcon.colcon_core.shell:Creating package descriptor '/home/kol/Documents/ros_workstation/Control/six_dof_robot_ws/install/moveit_control/share/moveit_control/package.dsv'
[9.914s] INFO:colcon.colcon_core.shell:Creating package script '/home/kol/Documents/ros_workstation/Control/six_dof_robot_ws/install/moveit_control/share/moveit_control/package.sh'
[9.914s] INFO:colcon.colcon_core.shell:Creating package script '/home/kol/Documents/ros_workstation/Control/six_dof_robot_ws/install/moveit_control/share/moveit_control/package.bash'
[9.914s] INFO:colcon.colcon_core.shell:Creating package script '/home/kol/Documents/ros_workstation/Control/six_dof_robot_ws/install/moveit_control/share/moveit_control/package.zsh'
[9.915s] Level 1:colcon.colcon_core.environment:create_file_with_runtime_dependencies(/home/kol/Documents/ros_workstation/Control/six_dof_robot_ws/install/moveit_control/share/colcon-core/packages/moveit_control)
[9.915s] Level 1:colcon.colcon_core.environment:create_environment_scripts_only(moveit_control)
[9.915s] Level 1:colcon.colcon_core.environment:checking '/home/kol/Documents/ros_workstation/Control/six_dof_robot_ws/install/moveit_control' for CMake module files
[9.916s] Level 1:colcon.colcon_core.environment:checking '/home/kol/Documents/ros_workstation/Control/six_dof_robot_ws/install/moveit_control' for CMake config files
[9.917s] Level 1:colcon.colcon_core.shell:create_environment_hook('moveit_control', 'cmake_prefix_path')
[9.917s] INFO:colcon.colcon_core.shell:Creating environment hook '/home/kol/Documents/ros_workstation/Control/six_dof_robot_ws/install/moveit_control/share/moveit_control/hook/cmake_prefix_path.ps1'
[9.917s] INFO:colcon.colcon_core.shell:Creating environment descriptor '/home/kol/Documents/ros_workstation/Control/six_dof_robot_ws/install/moveit_control/share/moveit_control/hook/cmake_prefix_path.dsv'
[9.918s] INFO:colcon.colcon_core.shell:Creating environment hook '/home/kol/Documents/ros_workstation/Control/six_dof_robot_ws/install/moveit_control/share/moveit_control/hook/cmake_prefix_path.sh'
[9.918s] Level 1:colcon.colcon_core.environment:checking '/home/kol/Documents/ros_workstation/Control/six_dof_robot_ws/install/moveit_control/lib'
[9.918s] Level 1:colcon.colcon_core.environment:checking '/home/kol/Documents/ros_workstation/Control/six_dof_robot_ws/install/moveit_control/bin'
[9.918s] Level 1:colcon.colcon_core.environment:checking '/home/kol/Documents/ros_workstation/Control/six_dof_robot_ws/install/moveit_control/lib/pkgconfig/moveit_control.pc'
[9.919s] Level 1:colcon.colcon_core.environment:checking '/home/kol/Documents/ros_workstation/Control/six_dof_robot_ws/install/moveit_control/lib/python3.10/site-packages'
[9.919s] Level 1:colcon.colcon_core.environment:checking '/home/kol/Documents/ros_workstation/Control/six_dof_robot_ws/install/moveit_control/bin'
[9.919s] INFO:colcon.colcon_core.shell:Creating package script '/home/kol/Documents/ros_workstation/Control/six_dof_robot_ws/install/moveit_control/share/moveit_control/package.ps1'
[9.920s] INFO:colcon.colcon_core.shell:Creating package descriptor '/home/kol/Documents/ros_workstation/Control/six_dof_robot_ws/install/moveit_control/share/moveit_control/package.dsv'
[9.921s] INFO:colcon.colcon_core.shell:Creating package script '/home/kol/Documents/ros_workstation/Control/six_dof_robot_ws/install/moveit_control/share/moveit_control/package.sh'
[9.921s] INFO:colcon.colcon_core.shell:Creating package script '/home/kol/Documents/ros_workstation/Control/six_dof_robot_ws/install/moveit_control/share/moveit_control/package.bash'
[9.922s] INFO:colcon.colcon_core.shell:Creating package script '/home/kol/Documents/ros_workstation/Control/six_dof_robot_ws/install/moveit_control/share/moveit_control/package.zsh'
[9.922s] Level 1:colcon.colcon_core.environment:create_file_with_runtime_dependencies(/home/kol/Documents/ros_workstation/Control/six_dof_robot_ws/install/moveit_control/share/colcon-core/packages/moveit_control)
[9.923s] DEBUG:colcon.colcon_parallel_executor.executor.parallel:closing loop
[9.923s] DEBUG:colcon.colcon_parallel_executor.executor.parallel:loop closed
[9.923s] DEBUG:colcon.colcon_parallel_executor.executor.parallel:run_until_complete finished with '0'
[9.923s] DEBUG:colcon.colcon_core.event_reactor:joining thread
[9.929s] INFO:colcon.colcon_core.plugin_system:Skipping extension 'colcon_notification.desktop_notification.terminal_notifier': Not used on non-Darwin systems
[9.929s] INFO:colcon.colcon_core.plugin_system:Skipping extension 'colcon_notification.desktop_notification.win32': Not used on non-Windows systems
[9.929s] INFO:colcon.colcon_notification.desktop_notification:Sending desktop notification using 'notify2'
[9.936s] DEBUG:colcon.colcon_core.event_reactor:joined thread
[9.937s] INFO:colcon.colcon_core.shell:Creating prefix script '/home/kol/Documents/ros_workstation/Control/six_dof_robot_ws/install/local_setup.ps1'
[9.938s] INFO:colcon.colcon_core.shell:Creating prefix util module '/home/kol/Documents/ros_workstation/Control/six_dof_robot_ws/install/_local_setup_util_ps1.py'
[9.939s] INFO:colcon.colcon_core.shell:Creating prefix chain script '/home/kol/Documents/ros_workstation/Control/six_dof_robot_ws/install/setup.ps1'
[9.940s] INFO:colcon.colcon_core.shell:Creating prefix script '/home/kol/Documents/ros_workstation/Control/six_dof_robot_ws/install/local_setup.sh'
[9.941s] INFO:colcon.colcon_core.shell:Creating prefix util module '/home/kol/Documents/ros_workstation/Control/six_dof_robot_ws/install/_local_setup_util_sh.py'
[9.941s] INFO:colcon.colcon_core.shell:Creating prefix chain script '/home/kol/Documents/ros_workstation/Control/six_dof_robot_ws/install/setup.sh'
[9.943s] INFO:colcon.colcon_core.shell:Creating prefix script '/home/kol/Documents/ros_workstation/Control/six_dof_robot_ws/install/local_setup.bash'
[9.943s] INFO:colcon.colcon_core.shell:Creating prefix chain script '/home/kol/Documents/ros_workstation/Control/six_dof_robot_ws/install/setup.bash'
[9.945s] INFO:colcon.colcon_core.shell:Creating prefix script '/home/kol/Documents/ros_workstation/Control/six_dof_robot_ws/install/local_setup.zsh'
[9.945s] INFO:colcon.colcon_core.shell:Creating prefix chain script '/home/kol/Documents/ros_workstation/Control/six_dof_robot_ws/install/setup.zsh'
