[1.408s] Invoking command in '/home/kol/Documents/ros_workstation/Control/six_dof_robot_ws/src/welder_description': PYTHONPATH=/home/kol/Documents/ros_workstation/Control/six_dof_robot_ws/build/welder_description/prefix_override:/usr/lib/python3/dist-packages/colcon_core/task/python/colcon_distutils_commands:/home/kol/Documents/ros_workstation/Control/six_dof_robot_ws/install/welder_description/lib/python3.10/site-packages:${PYTHONPATH} /usr/bin/python3 -W ignore:setup.py install is deprecated -W ignore:easy_install command is deprecated setup.py egg_info --egg-base ../../build/welder_description build --build-base /home/kol/Documents/ros_workstation/Control/six_dof_robot_ws/build/welder_description/build install --record /home/kol/Documents/ros_workstation/Control/six_dof_robot_ws/build/welder_description/install.log --single-version-externally-managed install_data
[1.758s] running egg_info
[1.759s] creating ../../build/welder_description/welder_description.egg-info
[1.760s] writing ../../build/welder_description/welder_description.egg-info/PKG-INFO
[1.760s] writing dependency_links to ../../build/welder_description/welder_description.egg-info/dependency_links.txt
[1.760s] writing entry points to ../../build/welder_description/welder_description.egg-info/entry_points.txt
[1.760s] writing requirements to ../../build/welder_description/welder_description.egg-info/requires.txt
[1.761s] writing top-level names to ../../build/welder_description/welder_description.egg-info/top_level.txt
[1.761s] writing manifest file '../../build/welder_description/welder_description.egg-info/SOURCES.txt'
[1.763s] reading manifest file '../../build/welder_description/welder_description.egg-info/SOURCES.txt'
[1.764s] writing manifest file '../../build/welder_description/welder_description.egg-info/SOURCES.txt'
[1.764s] running build
[1.764s] running build_py
[1.764s] creating /home/kol/Documents/ros_workstation/Control/six_dof_robot_ws/build/welder_description/build
[1.764s] creating /home/kol/Documents/ros_workstation/Control/six_dof_robot_ws/build/welder_description/build/lib
[1.765s] creating /home/kol/Documents/ros_workstation/Control/six_dof_robot_ws/build/welder_description/build/lib/welder_description
[1.765s] copying welder_description/__init__.py -> /home/kol/Documents/ros_workstation/Control/six_dof_robot_ws/build/welder_description/build/lib/welder_description
[1.765s] running install
[1.765s] running install_lib
[1.766s] creating /home/kol/Documents/ros_workstation/Control/six_dof_robot_ws/install/welder_description/lib/python3.10/site-packages/welder_description
[1.766s] copying /home/kol/Documents/ros_workstation/Control/six_dof_robot_ws/build/welder_description/build/lib/welder_description/__init__.py -> /home/kol/Documents/ros_workstation/Control/six_dof_robot_ws/install/welder_description/lib/python3.10/site-packages/welder_description
[1.767s] byte-compiling /home/kol/Documents/ros_workstation/Control/six_dof_robot_ws/install/welder_description/lib/python3.10/site-packages/welder_description/__init__.py to __init__.cpython-310.pyc
[1.767s] running install_data
[1.767s] creating /home/kol/Documents/ros_workstation/Control/six_dof_robot_ws/install/welder_description/share/ament_index
[1.767s] creating /home/kol/Documents/ros_workstation/Control/six_dof_robot_ws/install/welder_description/share/ament_index/resource_index
[1.768s] creating /home/kol/Documents/ros_workstation/Control/six_dof_robot_ws/install/welder_description/share/ament_index/resource_index/packages
[1.768s] copying resource/welder_description -> /home/kol/Documents/ros_workstation/Control/six_dof_robot_ws/install/welder_description/share/ament_index/resource_index/packages
[1.768s] copying package.xml -> /home/kol/Documents/ros_workstation/Control/six_dof_robot_ws/install/welder_description/share/welder_description
[1.768s] creating /home/kol/Documents/ros_workstation/Control/six_dof_robot_ws/install/welder_description/share/welder_description/launch
[1.768s] copying launch/display.launch.py -> /home/kol/Documents/ros_workstation/Control/six_dof_robot_ws/install/welder_description/share/welder_description/launch
[1.768s] copying launch/gazebo.launch.py -> /home/kol/Documents/ros_workstation/Control/six_dof_robot_ws/install/welder_description/share/welder_description/launch
[1.768s] creating /home/kol/Documents/ros_workstation/Control/six_dof_robot_ws/install/welder_description/share/welder_description/urdf
[1.769s] copying urdf/welder.trans -> /home/kol/Documents/ros_workstation/Control/six_dof_robot_ws/install/welder_description/share/welder_description/urdf
[1.769s] copying urdf/welder.xacro -> /home/kol/Documents/ros_workstation/Control/six_dof_robot_ws/install/welder_description/share/welder_description/urdf
[1.769s] copying urdf/ros2_control.xacro -> /home/kol/Documents/ros_workstation/Control/six_dof_robot_ws/install/welder_description/share/welder_description/urdf
[1.769s] copying urdf/welder.gazebo -> /home/kol/Documents/ros_workstation/Control/six_dof_robot_ws/install/welder_description/share/welder_description/urdf
[1.769s] creating /home/kol/Documents/ros_workstation/Control/six_dof_robot_ws/install/welder_description/share/welder_description/meshes
[1.769s] copying meshes/link_3_1.stl -> /home/kol/Documents/ros_workstation/Control/six_dof_robot_ws/install/welder_description/share/welder_description/meshes
[1.770s] copying meshes/link_1_1.stl -> /home/kol/Documents/ros_workstation/Control/six_dof_robot_ws/install/welder_description/share/welder_description/meshes
[1.771s] copying meshes/base_link.stl -> /home/kol/Documents/ros_workstation/Control/six_dof_robot_ws/install/welder_description/share/welder_description/meshes
[1.772s] copying meshes/link_5_1.stl -> /home/kol/Documents/ros_workstation/Control/six_dof_robot_ws/install/welder_description/share/welder_description/meshes
[1.772s] copying meshes/link_4_1.stl -> /home/kol/Documents/ros_workstation/Control/six_dof_robot_ws/install/welder_description/share/welder_description/meshes
[1.772s] copying meshes/link_6_1.stl -> /home/kol/Documents/ros_workstation/Control/six_dof_robot_ws/install/welder_description/share/welder_description/meshes
[1.772s] copying meshes/link_2_1.stl -> /home/kol/Documents/ros_workstation/Control/six_dof_robot_ws/install/welder_description/share/welder_description/meshes
[1.772s] creating /home/kol/Documents/ros_workstation/Control/six_dof_robot_ws/install/welder_description/share/welder_description/config
[1.772s] copying config/my_controllers.yaml -> /home/kol/Documents/ros_workstation/Control/six_dof_robot_ws/install/welder_description/share/welder_description/config
[1.772s] copying config/display.rviz -> /home/kol/Documents/ros_workstation/Control/six_dof_robot_ws/install/welder_description/share/welder_description/config
[1.773s] running install_egg_info
[1.774s] Copying ../../build/welder_description/welder_description.egg-info to /home/kol/Documents/ros_workstation/Control/six_dof_robot_ws/install/welder_description/lib/python3.10/site-packages/welder_description-0.0.0-py3.10.egg-info
[1.775s] running install_scripts
[1.799s] writing list of installed files to '/home/kol/Documents/ros_workstation/Control/six_dof_robot_ws/build/welder_description/install.log'
[1.844s] Invoked command in '/home/kol/Documents/ros_workstation/Control/six_dof_robot_ws/src/welder_description' returned '0': PYTHONPATH=/home/kol/Documents/ros_workstation/Control/six_dof_robot_ws/build/welder_description/prefix_override:/usr/lib/python3/dist-packages/colcon_core/task/python/colcon_distutils_commands:/home/kol/Documents/ros_workstation/Control/six_dof_robot_ws/install/welder_description/lib/python3.10/site-packages:${PYTHONPATH} /usr/bin/python3 -W ignore:setup.py install is deprecated -W ignore:easy_install command is deprecated setup.py egg_info --egg-base ../../build/welder_description build --build-base /home/kol/Documents/ros_workstation/Control/six_dof_robot_ws/build/welder_description/build install --record /home/kol/Documents/ros_workstation/Control/six_dof_robot_ws/build/welder_description/install.log --single-version-externally-managed install_data
