[0.014s] Invoking command in '/home/kol/Documents/ros_workstation/Control/Arm/build/boilerplate': CMAKE_PREFIX_PATH=/opt/ros/humble /usr/bin/cmake /home/kol/Documents/ros_workstation/Control/Arm/src/boilerplate -DCMAKE_INSTALL_PREFIX=/home/kol/Documents/ros_workstation/Control/Arm/install/boilerplate
[0.135s] -- The C compiler identification is GNU 11.4.0
[0.288s] -- The CXX compiler identification is GNU 11.4.0
[0.316s] -- Detecting C compiler ABI info
[0.443s] -- Detecting C compiler ABI info - done
[0.452s] -- Check for working C compiler: /usr/bin/cc - skipped
[0.453s] -- Detecting C compile features
[0.454s] -- Detecting C compile features - done
[0.458s] -- Detecting CXX compiler ABI info
[0.572s] -- Detecting CXX compiler ABI info - done
[0.586s] -- Check for working CXX compiler: /usr/bin/c++ - skipped
[0.587s] -- Detecting CXX compile features
[0.587s] -- Detecting CXX compile features - done
[0.592s] -- Found ament_cmake: 1.3.11 (/opt/ros/humble/share/ament_cmake/cmake)
[0.794s] -- Found Python3: /usr/bin/python3 (found version "3.10.12") found components: Interpreter 
[0.930s] -- Found ament_lint_auto: 0.12.12 (/opt/ros/humble/share/ament_lint_auto/cmake)
[1.039s] -- Added test 'flake8' to check Python code syntax and style conventions
[1.041s] -- Added test 'lint_cmake' to check CMake code style
[1.042s] -- Added test 'pep257' to check Python code against some of the docstring style conventions in PEP 257
[1.044s] -- Added test 'xmllint' to check XML markup files
[1.046s] -- Configuring done
[1.050s] -- Generating done
[1.053s] -- Build files have been written to: /home/kol/Documents/ros_workstation/Control/Arm/build/boilerplate
[1.059s] Invoked command in '/home/kol/Documents/ros_workstation/Control/Arm/build/boilerplate' returned '0': CMAKE_PREFIX_PATH=/opt/ros/humble /usr/bin/cmake /home/kol/Documents/ros_workstation/Control/Arm/src/boilerplate -DCMAKE_INSTALL_PREFIX=/home/kol/Documents/ros_workstation/Control/Arm/install/boilerplate
[1.061s] Invoking command in '/home/kol/Documents/ros_workstation/Control/Arm/build/boilerplate': CMAKE_PREFIX_PATH=/opt/ros/humble /usr/bin/cmake --build /home/kol/Documents/ros_workstation/Control/Arm/build/boilerplate -- -j4 -l4
[1.109s] Invoked command in '/home/kol/Documents/ros_workstation/Control/Arm/build/boilerplate' returned '0': CMAKE_PREFIX_PATH=/opt/ros/humble /usr/bin/cmake --build /home/kol/Documents/ros_workstation/Control/Arm/build/boilerplate -- -j4 -l4
[1.122s] Invoking command in '/home/kol/Documents/ros_workstation/Control/Arm/build/boilerplate': CMAKE_PREFIX_PATH=/opt/ros/humble /usr/bin/cmake --install /home/kol/Documents/ros_workstation/Control/Arm/build/boilerplate
[1.131s] -- Install configuration: ""
[1.132s] -- Installing: /home/kol/Documents/ros_workstation/Control/Arm/install/boilerplate/share/boilerplate/config
[1.132s] -- Installing: /home/kol/Documents/ros_workstation/Control/Arm/install/boilerplate/share/boilerplate/config/robot_controls.yaml
[1.132s] -- Installing: /home/kol/Documents/ros_workstation/Control/Arm/install/boilerplate/share/boilerplate/launch
[1.132s] -- Installing: /home/kol/Documents/ros_workstation/Control/Arm/install/boilerplate/share/boilerplate/launch/rsp2.launch.py
[1.132s] -- Installing: /home/kol/Documents/ros_workstation/Control/Arm/install/boilerplate/share/boilerplate/launch/sim2.launch.py
[1.133s] -- Installing: /home/kol/Documents/ros_workstation/Control/Arm/install/boilerplate/share/boilerplate/launch/__pycache__
[1.133s] -- Installing: /home/kol/Documents/ros_workstation/Control/Arm/install/boilerplate/share/boilerplate/launch/__pycache__/sim2.launch.d.er
[1.133s] -- Installing: /home/kol/Documents/ros_workstation/Control/Arm/install/boilerplate/share/boilerplate/launch/__pycache__/sim.launch.d.er
[1.133s] -- Installing: /home/kol/Documents/ros_workstation/Control/Arm/install/boilerplate/share/boilerplate/launch/__pycache__/rsp2.launch.d.er
[1.134s] -- Installing: /home/kol/Documents/ros_workstation/Control/Arm/install/boilerplate/share/boilerplate/launch/__pycache__/rsp.launch.d.er
[1.134s] -- Installing: /home/kol/Documents/ros_workstation/Control/Arm/install/boilerplate/share/boilerplate/meshes
[1.134s] -- Installing: /home/kol/Documents/ros_workstation/Control/Arm/install/boilerplate/share/boilerplate/meshes/link_3_1.stl
[1.135s] -- Installing: /home/kol/Documents/ros_workstation/Control/Arm/install/boilerplate/share/boilerplate/meshes/link_1_1.stl
[1.135s] -- Installing: /home/kol/Documents/ros_workstation/Control/Arm/install/boilerplate/share/boilerplate/meshes/base_link.stl
[1.136s] -- Installing: /home/kol/Documents/ros_workstation/Control/Arm/install/boilerplate/share/boilerplate/meshes/link_5_1.stl
[1.136s] -- Installing: /home/kol/Documents/ros_workstation/Control/Arm/install/boilerplate/share/boilerplate/meshes/link_4_1.stl
[1.137s] -- Installing: /home/kol/Documents/ros_workstation/Control/Arm/install/boilerplate/share/boilerplate/meshes/link_2_1.stl
[1.137s] -- Installing: /home/kol/Documents/ros_workstation/Control/Arm/install/boilerplate/share/boilerplate/urdf
[1.138s] -- Installing: /home/kol/Documents/ros_workstation/Control/Arm/install/boilerplate/share/boilerplate/urdf/arm.urdf.xacro
[1.138s] -- Installing: /home/kol/Documents/ros_workstation/Control/Arm/install/boilerplate/share/boilerplate/urdf/ros2_control.xacro
[1.138s] -- Installing: /home/kol/Documents/ros_workstation/Control/Arm/install/boilerplate/share/ament_index/resource_index/package_run_dependencies/boilerplate
[1.138s] -- Installing: /home/kol/Documents/ros_workstation/Control/Arm/install/boilerplate/share/ament_index/resource_index/parent_prefix_path/boilerplate
[1.139s] -- Installing: /home/kol/Documents/ros_workstation/Control/Arm/install/boilerplate/share/boilerplate/environment/ament_prefix_path.sh
[1.139s] -- Installing: /home/kol/Documents/ros_workstation/Control/Arm/install/boilerplate/share/boilerplate/environment/ament_prefix_path.dsv
[1.139s] -- Installing: /home/kol/Documents/ros_workstation/Control/Arm/install/boilerplate/share/boilerplate/environment/path.sh
[1.140s] -- Installing: /home/kol/Documents/ros_workstation/Control/Arm/install/boilerplate/share/boilerplate/environment/path.dsv
[1.140s] -- Installing: /home/kol/Documents/ros_workstation/Control/Arm/install/boilerplate/share/boilerplate/local_setup.bash
[1.140s] -- Installing: /home/kol/Documents/ros_workstation/Control/Arm/install/boilerplate/share/boilerplate/local_setup.sh
[1.140s] -- Installing: /home/kol/Documents/ros_workstation/Control/Arm/install/boilerplate/share/boilerplate/local_setup.zsh
[1.140s] -- Installing: /home/kol/Documents/ros_workstation/Control/Arm/install/boilerplate/share/boilerplate/local_setup.dsv
[1.141s] -- Installing: /home/kol/Documents/ros_workstation/Control/Arm/install/boilerplate/share/boilerplate/package.dsv
[1.141s] -- Installing: /home/kol/Documents/ros_workstation/Control/Arm/install/boilerplate/share/ament_index/resource_index/packages/boilerplate
[1.141s] -- Installing: /home/kol/Documents/ros_workstation/Control/Arm/install/boilerplate/share/boilerplate/cmake/boilerplateConfig.cmake
[1.142s] -- Installing: /home/kol/Documents/ros_workstation/Control/Arm/install/boilerplate/share/boilerplate/cmake/boilerplateConfig-version.cmake
[1.142s] -- Installing: /home/kol/Documents/ros_workstation/Control/Arm/install/boilerplate/share/boilerplate/package.xml
[1.144s] Invoked command in '/home/kol/Documents/ros_workstation/Control/Arm/build/boilerplate' returned '0': CMAKE_PREFIX_PATH=/opt/ros/humble /usr/bin/cmake --install /home/kol/Documents/ros_workstation/Control/Arm/build/boilerplate
