[0.016s] Invoking command in '/home/kol/Documents/ros_workstation/ps6/build/ps6': CMAKE_PREFIX_PATH=/opt/ros/humble /usr/bin/cmake --build /home/kol/Documents/ros_workstation/ps6/build/ps6 -- -j4 -l4
[0.060s] [35m[1mConsolidate compiler generated dependencies of target cust_sub[0m
[0.061s] [35m[1mConsolidate compiler generated dependencies of target cust_pub[0m
[0.080s] [ 75%] Built target cust_pub
[0.081s] [ 75%] [32mBuilding CXX object CMakeFiles/cust_sub.dir/src/sub.cpp.o[0m
[3.426s] [01m[K/home/kol/Documents/ros_workstation/ps6/src/ps6/src/sub.cpp:[m[K In member function ‘[01m[Kvoid Subscriber::topic_callback(const Pose&) const[m[K’:
[3.427s] [01m[K/home/kol/Documents/ros_workstation/ps6/src/ps6/src/sub.cpp:22:51:[m[K [01;35m[Kwarning: [m[Kunused parameter ‘[01m[Kpose[m[K’ [[01;35m[K]8;;https://gcc.gnu.org/onlinedocs/gcc/Warning-Options.html#index-Wunused-parameter-Wunused-parameter]8;;[m[K]
[3.427s]    22 |   void topic_callback([01;35m[Kconst turtlesim::msg::Pose &pose[m[K) const {
[3.427s]       |                       [01;35m[K~~~~~~~~~~~~~~~~~~~~~~~~~~~~^~~~[m[K
[10.087s] [100%] [32m[1mLinking CXX executable cust_sub[0m
[10.575s] [100%] Built target cust_sub
[10.588s] Invoked command in '/home/kol/Documents/ros_workstation/ps6/build/ps6' returned '0': CMAKE_PREFIX_PATH=/opt/ros/humble /usr/bin/cmake --build /home/kol/Documents/ros_workstation/ps6/build/ps6 -- -j4 -l4
[10.599s] Invoking command in '/home/kol/Documents/ros_workstation/ps6/build/ps6': CMAKE_PREFIX_PATH=/opt/ros/humble /usr/bin/cmake --install /home/kol/Documents/ros_workstation/ps6/build/ps6
[10.609s] -- Install configuration: ""
[10.609s] -- Installing: /home/kol/Documents/ros_workstation/ps6/install/ps6/lib/ps6/cust_pub
[10.611s] -- Set runtime path of "/home/kol/Documents/ros_workstation/ps6/install/ps6/lib/ps6/cust_pub" to ""
[10.611s] -- Installing: /home/kol/Documents/ros_workstation/ps6/install/ps6/lib/ps6/cust_sub
[10.615s] -- Set runtime path of "/home/kol/Documents/ros_workstation/ps6/install/ps6/lib/ps6/cust_sub" to ""
[10.615s] -- Up-to-date: /home/kol/Documents/ros_workstation/ps6/install/ps6/share/ps6/launch
[10.615s] -- Up-to-date: /home/kol/Documents/ros_workstation/ps6/install/ps6/share/ps6/launch/pkg.launch.py
[10.615s] -- Up-to-date: /home/kol/Documents/ros_workstation/ps6/install/ps6/share/ament_index/resource_index/package_run_dependencies/ps6
[10.615s] -- Up-to-date: /home/kol/Documents/ros_workstation/ps6/install/ps6/share/ament_index/resource_index/parent_prefix_path/ps6
[10.616s] -- Up-to-date: /home/kol/Documents/ros_workstation/ps6/install/ps6/share/ps6/environment/ament_prefix_path.sh
[10.616s] -- Up-to-date: /home/kol/Documents/ros_workstation/ps6/install/ps6/share/ps6/environment/ament_prefix_path.dsv
[10.616s] -- Up-to-date: /home/kol/Documents/ros_workstation/ps6/install/ps6/share/ps6/environment/path.sh
[10.616s] -- Up-to-date: /home/kol/Documents/ros_workstation/ps6/install/ps6/share/ps6/environment/path.dsv
[10.616s] -- Up-to-date: /home/kol/Documents/ros_workstation/ps6/install/ps6/share/ps6/local_setup.bash
[10.616s] -- Up-to-date: /home/kol/Documents/ros_workstation/ps6/install/ps6/share/ps6/local_setup.sh
[10.616s] -- Up-to-date: /home/kol/Documents/ros_workstation/ps6/install/ps6/share/ps6/local_setup.zsh
[10.616s] -- Up-to-date: /home/kol/Documents/ros_workstation/ps6/install/ps6/share/ps6/local_setup.dsv
[10.616s] -- Installing: /home/kol/Documents/ros_workstation/ps6/install/ps6/share/ps6/package.dsv
[10.617s] -- Up-to-date: /home/kol/Documents/ros_workstation/ps6/install/ps6/share/ament_index/resource_index/packages/ps6
[10.617s] -- Up-to-date: /home/kol/Documents/ros_workstation/ps6/install/ps6/share/ps6/cmake/ps6Config.cmake
[10.617s] -- Up-to-date: /home/kol/Documents/ros_workstation/ps6/install/ps6/share/ps6/cmake/ps6Config-version.cmake
[10.617s] -- Up-to-date: /home/kol/Documents/ros_workstation/ps6/install/ps6/share/ps6/package.xml
[10.618s] Invoked command in '/home/kol/Documents/ros_workstation/ps6/build/ps6' returned '0': CMAKE_PREFIX_PATH=/opt/ros/humble /usr/bin/cmake --install /home/kol/Documents/ros_workstation/ps6/build/ps6
