[0.015s] Invoking command in '/home/kol/Documents/ros_workstation/pub_sub_1/build/pub_sub_1': CMAKE_PREFIX_PATH=${CMAKE_PREFIX_PATH}:/opt/ros/humble /usr/bin/cmake --build /home/kol/Documents/ros_workstation/pub_sub_1/build/pub_sub_1 -- -j4 -l4
[0.072s] [100%] Built target cust_pub
[0.082s] Invoked command in '/home/kol/Documents/ros_workstation/pub_sub_1/build/pub_sub_1' returned '0': CMAKE_PREFIX_PATH=${CMAKE_PREFIX_PATH}:/opt/ros/humble /usr/bin/cmake --build /home/kol/Documents/ros_workstation/pub_sub_1/build/pub_sub_1 -- -j4 -l4
[0.091s] Invoking command in '/home/kol/Documents/ros_workstation/pub_sub_1/build/pub_sub_1': CMAKE_PREFIX_PATH=${CMAKE_PREFIX_PATH}:/opt/ros/humble /usr/bin/cmake --install /home/kol/Documents/ros_workstation/pub_sub_1/build/pub_sub_1
[0.097s] -- Install configuration: ""
[0.097s] -- Execute custom install script
[0.098s] -- Up-to-date symlink: /home/kol/Documents/ros_workstation/pub_sub_1/install/pub_sub_1/lib/pub_sub_1/cust_pub
[0.098s] -- Up-to-date symlink: /home/kol/Documents/ros_workstation/pub_sub_1/install/pub_sub_1/share/ament_index/resource_index/package_run_dependencies/pub_sub_1
[0.098s] -- Up-to-date symlink: /home/kol/Documents/ros_workstation/pub_sub_1/install/pub_sub_1/share/ament_index/resource_index/parent_prefix_path/pub_sub_1
[0.098s] -- Up-to-date symlink: /home/kol/Documents/ros_workstation/pub_sub_1/install/pub_sub_1/share/pub_sub_1/environment/ament_prefix_path.sh
[0.098s] -- Up-to-date symlink: /home/kol/Documents/ros_workstation/pub_sub_1/install/pub_sub_1/share/pub_sub_1/environment/ament_prefix_path.dsv
[0.099s] -- Up-to-date symlink: /home/kol/Documents/ros_workstation/pub_sub_1/install/pub_sub_1/share/pub_sub_1/environment/path.sh
[0.099s] -- Up-to-date symlink: /home/kol/Documents/ros_workstation/pub_sub_1/install/pub_sub_1/share/pub_sub_1/environment/path.dsv
[0.099s] -- Up-to-date symlink: /home/kol/Documents/ros_workstation/pub_sub_1/install/pub_sub_1/share/pub_sub_1/local_setup.bash
[0.099s] -- Up-to-date symlink: /home/kol/Documents/ros_workstation/pub_sub_1/install/pub_sub_1/share/pub_sub_1/local_setup.sh
[0.099s] -- Up-to-date symlink: /home/kol/Documents/ros_workstation/pub_sub_1/install/pub_sub_1/share/pub_sub_1/local_setup.zsh
[0.100s] -- Up-to-date symlink: /home/kol/Documents/ros_workstation/pub_sub_1/install/pub_sub_1/share/pub_sub_1/local_setup.dsv
[0.100s] -- Symlinking: /home/kol/Documents/ros_workstation/pub_sub_1/install/pub_sub_1/share/pub_sub_1/package.dsv
[0.108s] -- Up-to-date symlink: /home/kol/Documents/ros_workstation/pub_sub_1/install/pub_sub_1/share/ament_index/resource_index/packages/pub_sub_1
[0.108s] -- Up-to-date symlink: /home/kol/Documents/ros_workstation/pub_sub_1/install/pub_sub_1/share/pub_sub_1/cmake/pub_sub_1Config.cmake
[0.108s] -- Up-to-date symlink: /home/kol/Documents/ros_workstation/pub_sub_1/install/pub_sub_1/share/pub_sub_1/cmake/pub_sub_1Config-version.cmake
[0.108s] -- Up-to-date symlink: /home/kol/Documents/ros_workstation/pub_sub_1/install/pub_sub_1/share/pub_sub_1/package.xml
[0.110s] Invoked command in '/home/kol/Documents/ros_workstation/pub_sub_1/build/pub_sub_1' returned '0': CMAKE_PREFIX_PATH=${CMAKE_PREFIX_PATH}:/opt/ros/humble /usr/bin/cmake --install /home/kol/Documents/ros_workstation/pub_sub_1/build/pub_sub_1
