[0.160s] DEBUG:colcon:Command line arguments: ['/usr/bin/colcon', 'build']
[0.160s] DEBUG:colcon:Parsed command line arguments: Namespace(log_base=None, log_level=None, verb_name='build', build_base='build', install_base='install', merge_install=False, symlink_install=False, test_result_base=None, continue_on_error=False, executor='parallel', parallel_workers=4, event_handlers=None, ignore_user_meta=False, metas=['./colcon.meta'], base_paths=['.'], packages_ignore=None, packages_ignore_regex=None, paths=None, packages_up_to=None, packages_up_to_regex=None, packages_above=None, packages_above_and_dependencies=None, packages_above_depth=None, packages_select_by_dep=None, packages_skip_by_dep=None, packages_skip_up_to=None, packages_select_build_failed=False, packages_skip_build_finished=False, packages_select_test_failures=False, packages_skip_test_passed=False, packages_select=None, packages_skip=None, packages_select_regex=None, packages_skip_regex=None, packages_start=None, packages_end=None, allow_overriding=[], cmake_args=None, cmake_target=None, cmake_target_skip_unavailable=False, cmake_clean_cache=False, cmake_clean_first=False, cmake_force_configure=False, ament_cmake_args=None, catkin_cmake_args=None, catkin_skip_building_tests=False, mixin_files=None, mixin=None, verb_parser=<colcon_mixin.mixin.mixin_argument.MixinArgumentDecorator object at 0x7bdc583954e0>, verb_extension=<colcon_core.verb.build.BuildVerb object at 0x7bdc58394ee0>, main=<bound method BuildVerb.main of <colcon_core.verb.build.BuildVerb object at 0x7bdc58394ee0>>, mixin_verb=('build',))
[0.457s] Level 1:colcon.colcon_core.package_discovery:discover_packages(colcon_meta) check parameters
[0.457s] Level 1:colcon.colcon_core.package_discovery:discover_packages(recursive) check parameters
[0.457s] Level 1:colcon.colcon_core.package_discovery:discover_packages(ignore) check parameters
[0.457s] Level 1:colcon.colcon_core.package_discovery:discover_packages(path) check parameters
[0.457s] Level 1:colcon.colcon_core.package_discovery:discover_packages(colcon_meta) discover
[0.457s] Level 1:colcon.colcon_core.package_discovery:discover_packages(recursive) discover
[0.457s] INFO:colcon.colcon_core.package_discovery:Crawling recursively for packages in '/home/kol/Documents/ros_workstation/pipebot/src'
[0.457s] Level 1:colcon.colcon_core.package_identification:_identify(.) by extensions ['ignore', 'ignore_ament_install']
[0.457s] Level 1:colcon.colcon_core.package_identification:_identify(.) by extension 'ignore'
[0.458s] Level 1:colcon.colcon_core.package_identification:_identify(.) by extension 'ignore_ament_install'
[0.458s] Level 1:colcon.colcon_core.package_identification:_identify(.) by extensions ['colcon_pkg']
[0.458s] Level 1:colcon.colcon_core.package_identification:_identify(.) by extension 'colcon_pkg'
[0.458s] Level 1:colcon.colcon_core.package_identification:_identify(.) by extensions ['colcon_meta']
[0.458s] Level 1:colcon.colcon_core.package_identification:_identify(.) by extension 'colcon_meta'
[0.458s] Level 1:colcon.colcon_core.package_identification:_identify(.) by extensions ['ros']
[0.458s] Level 1:colcon.colcon_core.package_identification:_identify(.) by extension 'ros'
[0.487s] Level 1:colcon.colcon_core.package_identification:_identify(.) by extensions ['cmake', 'python']
[0.487s] Level 1:colcon.colcon_core.package_identification:_identify(.) by extension 'cmake'
[0.487s] Level 1:colcon.colcon_core.package_identification:_identify(.) by extension 'python'
[0.487s] Level 1:colcon.colcon_core.package_identification:_identify(.) by extensions ['python_setup_py']
[0.487s] Level 1:colcon.colcon_core.package_identification:_identify(.) by extension 'python_setup_py'
[0.487s] Level 1:colcon.colcon_core.package_identification:_identify(build) by extensions ['ignore', 'ignore_ament_install']
[0.488s] Level 1:colcon.colcon_core.package_identification:_identify(build) by extension 'ignore'
[0.488s] Level 1:colcon.colcon_core.package_identification:_identify(build) ignored
[0.488s] Level 1:colcon.colcon_core.package_identification:_identify(install) by extensions ['ignore', 'ignore_ament_install']
[0.488s] Level 1:colcon.colcon_core.package_identification:_identify(install) by extension 'ignore'
[0.488s] Level 1:colcon.colcon_core.package_identification:_identify(install) ignored
[0.488s] Level 1:colcon.colcon_core.package_identification:_identify(log) by extensions ['ignore', 'ignore_ament_install']
[0.488s] Level 1:colcon.colcon_core.package_identification:_identify(log) by extension 'ignore'
[0.488s] Level 1:colcon.colcon_core.package_identification:_identify(log) ignored
[0.488s] Level 1:colcon.colcon_core.package_identification:_identify(pipebot) by extensions ['ignore', 'ignore_ament_install']
[0.488s] Level 1:colcon.colcon_core.package_identification:_identify(pipebot) by extension 'ignore'
[0.488s] Level 1:colcon.colcon_core.package_identification:_identify(pipebot) by extension 'ignore_ament_install'
[0.488s] Level 1:colcon.colcon_core.package_identification:_identify(pipebot) by extensions ['colcon_pkg']
[0.489s] Level 1:colcon.colcon_core.package_identification:_identify(pipebot) by extension 'colcon_pkg'
[0.489s] Level 1:colcon.colcon_core.package_identification:_identify(pipebot) by extensions ['colcon_meta']
[0.489s] Level 1:colcon.colcon_core.package_identification:_identify(pipebot) by extension 'colcon_meta'
[0.489s] Level 1:colcon.colcon_core.package_identification:_identify(pipebot) by extensions ['ros']
[0.489s] Level 1:colcon.colcon_core.package_identification:_identify(pipebot) by extension 'ros'
[0.491s] DEBUG:colcon.colcon_core.package_identification:Package 'pipebot' with type 'ros.ament_cmake' and name 'pipebot'
[0.491s] Level 1:colcon.colcon_core.package_identification:_identify(pipebot_moveit_config) by extensions ['ignore', 'ignore_ament_install']
[0.491s] Level 1:colcon.colcon_core.package_identification:_identify(pipebot_moveit_config) by extension 'ignore'
[0.491s] Level 1:colcon.colcon_core.package_identification:_identify(pipebot_moveit_config) by extension 'ignore_ament_install'
[0.491s] Level 1:colcon.colcon_core.package_identification:_identify(pipebot_moveit_config) by extensions ['colcon_pkg']
[0.491s] Level 1:colcon.colcon_core.package_identification:_identify(pipebot_moveit_config) by extension 'colcon_pkg'
[0.491s] Level 1:colcon.colcon_core.package_identification:_identify(pipebot_moveit_config) by extensions ['colcon_meta']
[0.492s] Level 1:colcon.colcon_core.package_identification:_identify(pipebot_moveit_config) by extension 'colcon_meta'
[0.492s] Level 1:colcon.colcon_core.package_identification:_identify(pipebot_moveit_config) by extensions ['ros']
[0.492s] Level 1:colcon.colcon_core.package_identification:_identify(pipebot_moveit_config) by extension 'ros'
[0.492s] DEBUG:colcon.colcon_core.package_identification:Package 'pipebot_moveit_config' with type 'ros.ament_cmake' and name 'pipebot_moveit_config'
[0.492s] Level 1:colcon.colcon_core.package_discovery:discover_packages(recursive) using defaults
[0.493s] Level 1:colcon.colcon_core.package_discovery:discover_packages(ignore) discover
[0.493s] Level 1:colcon.colcon_core.package_discovery:discover_packages(ignore) using defaults
[0.493s] Level 1:colcon.colcon_core.package_discovery:discover_packages(path) discover
[0.493s] Level 1:colcon.colcon_core.package_discovery:discover_packages(path) using defaults
[0.524s] Level 1:colcon.colcon_core.package_discovery:discover_packages(prefix_path) check parameters
[0.524s] Level 1:colcon.colcon_core.package_discovery:discover_packages(prefix_path) discover
[0.526s] DEBUG:colcon.colcon_installed_package_information.package_discovery:Found 2 installed packages in /home/kol/Documents/ros_workstation/pipebot/src/install
[0.527s] DEBUG:colcon.colcon_installed_package_information.package_discovery:Found 1 installed packages in /home/kol/Documents/ros_workstation/pipebot/install
[0.530s] DEBUG:colcon.colcon_installed_package_information.package_discovery:Found 382 installed packages in /opt/ros/humble
[0.532s] Level 1:colcon.colcon_core.package_discovery:discover_packages(prefix_path) using defaults
[0.605s] Level 5:colcon.colcon_core.verb:set package 'pipebot' build argument 'cmake_args' from command line to 'None'
[0.605s] Level 5:colcon.colcon_core.verb:set package 'pipebot' build argument 'cmake_target' from command line to 'None'
[0.605s] Level 5:colcon.colcon_core.verb:set package 'pipebot' build argument 'cmake_target_skip_unavailable' from command line to 'False'
[0.605s] Level 5:colcon.colcon_core.verb:set package 'pipebot' build argument 'cmake_clean_cache' from command line to 'False'
[0.606s] Level 5:colcon.colcon_core.verb:set package 'pipebot' build argument 'cmake_clean_first' from command line to 'False'
[0.606s] Level 5:colcon.colcon_core.verb:set package 'pipebot' build argument 'cmake_force_configure' from command line to 'False'
[0.606s] Level 5:colcon.colcon_core.verb:set package 'pipebot' build argument 'ament_cmake_args' from command line to 'None'
[0.606s] Level 5:colcon.colcon_core.verb:set package 'pipebot' build argument 'catkin_cmake_args' from command line to 'None'
[0.606s] Level 5:colcon.colcon_core.verb:set package 'pipebot' build argument 'catkin_skip_building_tests' from command line to 'False'
[0.606s] DEBUG:colcon.colcon_core.verb:Building package 'pipebot' with the following arguments: {'ament_cmake_args': None, 'build_base': '/home/kol/Documents/ros_workstation/pipebot/src/build/pipebot', 'catkin_cmake_args': None, 'catkin_skip_building_tests': False, 'cmake_args': None, 'cmake_clean_cache': False, 'cmake_clean_first': False, 'cmake_force_configure': False, 'cmake_target': None, 'cmake_target_skip_unavailable': False, 'install_base': '/home/kol/Documents/ros_workstation/pipebot/src/install/pipebot', 'merge_install': False, 'path': '/home/kol/Documents/ros_workstation/pipebot/src/pipebot', 'symlink_install': False, 'test_result_base': None}
[0.606s] Level 5:colcon.colcon_core.verb:set package 'pipebot_moveit_config' build argument 'cmake_args' from command line to 'None'
[0.606s] Level 5:colcon.colcon_core.verb:set package 'pipebot_moveit_config' build argument 'cmake_target' from command line to 'None'
[0.606s] Level 5:colcon.colcon_core.verb:set package 'pipebot_moveit_config' build argument 'cmake_target_skip_unavailable' from command line to 'False'
[0.606s] Level 5:colcon.colcon_core.verb:set package 'pipebot_moveit_config' build argument 'cmake_clean_cache' from command line to 'False'
[0.606s] Level 5:colcon.colcon_core.verb:set package 'pipebot_moveit_config' build argument 'cmake_clean_first' from command line to 'False'
[0.606s] Level 5:colcon.colcon_core.verb:set package 'pipebot_moveit_config' build argument 'cmake_force_configure' from command line to 'False'
[0.606s] Level 5:colcon.colcon_core.verb:set package 'pipebot_moveit_config' build argument 'ament_cmake_args' from command line to 'None'
[0.606s] Level 5:colcon.colcon_core.verb:set package 'pipebot_moveit_config' build argument 'catkin_cmake_args' from command line to 'None'
[0.606s] Level 5:colcon.colcon_core.verb:set package 'pipebot_moveit_config' build argument 'catkin_skip_building_tests' from command line to 'False'
[0.606s] DEBUG:colcon.colcon_core.verb:Building package 'pipebot_moveit_config' with the following arguments: {'ament_cmake_args': None, 'build_base': '/home/kol/Documents/ros_workstation/pipebot/src/build/pipebot_moveit_config', 'catkin_cmake_args': None, 'catkin_skip_building_tests': False, 'cmake_args': None, 'cmake_clean_cache': False, 'cmake_clean_first': False, 'cmake_force_configure': False, 'cmake_target': None, 'cmake_target_skip_unavailable': False, 'install_base': '/home/kol/Documents/ros_workstation/pipebot/src/install/pipebot_moveit_config', 'merge_install': False, 'path': '/home/kol/Documents/ros_workstation/pipebot/src/pipebot_moveit_config', 'symlink_install': False, 'test_result_base': None}
[0.606s] INFO:colcon.colcon_core.executor:Executing jobs using 'parallel' executor
[0.607s] DEBUG:colcon.colcon_parallel_executor.executor.parallel:run_until_complete
[0.608s] INFO:colcon.colcon_ros.task.ament_cmake.build:Building ROS package in '/home/kol/Documents/ros_workstation/pipebot/src/pipebot' with build type 'ament_cmake'
[0.608s] INFO:colcon.colcon_cmake.task.cmake.build:Building CMake package in '/home/kol/Documents/ros_workstation/pipebot/src/pipebot'
[0.612s] INFO:colcon.colcon_core.plugin_system:Skipping extension 'colcon_core.shell.bat': Not used on non-Windows systems
[0.612s] INFO:colcon.colcon_core.shell:Skip shell extension 'powershell' for command environment: Not usable outside of PowerShell
[0.612s] DEBUG:colcon.colcon_core.shell:Skip shell extension 'dsv' for command environment
[0.627s] DEBUG:colcon.colcon_core.event_handler.log_command:Invoking command in '/home/kol/Documents/ros_workstation/pipebot/src/build/pipebot': CMAKE_PREFIX_PATH=${CMAKE_PREFIX_PATH}:/opt/ros/humble /usr/bin/cmake --build /home/kol/Documents/ros_workstation/pipebot/src/build/pipebot -- -j4 -l4
[0.680s] DEBUG:colcon.colcon_core.event_handler.log_command:Invoked command in '/home/kol/Documents/ros_workstation/pipebot/src/build/pipebot' returned '0': CMAKE_PREFIX_PATH=${CMAKE_PREFIX_PATH}:/opt/ros/humble /usr/bin/cmake --build /home/kol/Documents/ros_workstation/pipebot/src/build/pipebot -- -j4 -l4
[0.694s] DEBUG:colcon.colcon_core.event_handler.log_command:Invoking command in '/home/kol/Documents/ros_workstation/pipebot/src/build/pipebot': CMAKE_PREFIX_PATH=${CMAKE_PREFIX_PATH}:/opt/ros/humble /usr/bin/cmake --install /home/kol/Documents/ros_workstation/pipebot/src/build/pipebot
[0.707s] Level 1:colcon.colcon_core.environment:create_environment_scripts_only(pipebot)
[0.709s] DEBUG:colcon.colcon_core.event_handler.log_command:Invoked command in '/home/kol/Documents/ros_workstation/pipebot/src/build/pipebot' returned '0': CMAKE_PREFIX_PATH=${CMAKE_PREFIX_PATH}:/opt/ros/humble /usr/bin/cmake --install /home/kol/Documents/ros_workstation/pipebot/src/build/pipebot
[0.713s] Level 1:colcon.colcon_core.environment:checking '/home/kol/Documents/ros_workstation/pipebot/src/install/pipebot' for CMake module files
[0.715s] Level 1:colcon.colcon_core.environment:checking '/home/kol/Documents/ros_workstation/pipebot/src/install/pipebot' for CMake config files
[0.715s] Level 1:colcon.colcon_core.shell:create_environment_hook('pipebot', 'cmake_prefix_path')
[0.715s] INFO:colcon.colcon_core.shell:Creating environment hook '/home/kol/Documents/ros_workstation/pipebot/src/install/pipebot/share/pipebot/hook/cmake_prefix_path.ps1'
[0.716s] INFO:colcon.colcon_core.shell:Creating environment descriptor '/home/kol/Documents/ros_workstation/pipebot/src/install/pipebot/share/pipebot/hook/cmake_prefix_path.dsv'
[0.716s] INFO:colcon.colcon_core.shell:Creating environment hook '/home/kol/Documents/ros_workstation/pipebot/src/install/pipebot/share/pipebot/hook/cmake_prefix_path.sh'
[0.717s] Level 1:colcon.colcon_core.environment:checking '/home/kol/Documents/ros_workstation/pipebot/src/install/pipebot/bin'
[0.717s] Level 1:colcon.colcon_core.environment:checking '/home/kol/Documents/ros_workstation/pipebot/src/install/pipebot/lib/pkgconfig/pipebot.pc'
[0.718s] Level 1:colcon.colcon_core.environment:checking '/home/kol/Documents/ros_workstation/pipebot/src/install/pipebot/lib/python3.10/site-packages'
[0.718s] Level 1:colcon.colcon_core.environment:checking '/home/kol/Documents/ros_workstation/pipebot/src/install/pipebot/bin'
[0.719s] INFO:colcon.colcon_core.shell:Creating package script '/home/kol/Documents/ros_workstation/pipebot/src/install/pipebot/share/pipebot/package.ps1'
[0.720s] INFO:colcon.colcon_core.shell:Creating package descriptor '/home/kol/Documents/ros_workstation/pipebot/src/install/pipebot/share/pipebot/package.dsv'
[0.721s] INFO:colcon.colcon_core.shell:Creating package script '/home/kol/Documents/ros_workstation/pipebot/src/install/pipebot/share/pipebot/package.sh'
[0.722s] INFO:colcon.colcon_core.shell:Creating package script '/home/kol/Documents/ros_workstation/pipebot/src/install/pipebot/share/pipebot/package.bash'
[0.724s] INFO:colcon.colcon_core.shell:Creating package script '/home/kol/Documents/ros_workstation/pipebot/src/install/pipebot/share/pipebot/package.zsh'
[0.725s] Level 1:colcon.colcon_core.environment:create_file_with_runtime_dependencies(/home/kol/Documents/ros_workstation/pipebot/src/install/pipebot/share/colcon-core/packages/pipebot)
[0.725s] Level 1:colcon.colcon_core.environment:create_environment_scripts_only(pipebot)
[0.726s] Level 1:colcon.colcon_core.environment:checking '/home/kol/Documents/ros_workstation/pipebot/src/install/pipebot' for CMake module files
[0.727s] Level 1:colcon.colcon_core.environment:checking '/home/kol/Documents/ros_workstation/pipebot/src/install/pipebot' for CMake config files
[0.728s] Level 1:colcon.colcon_core.shell:create_environment_hook('pipebot', 'cmake_prefix_path')
[0.728s] INFO:colcon.colcon_core.shell:Creating environment hook '/home/kol/Documents/ros_workstation/pipebot/src/install/pipebot/share/pipebot/hook/cmake_prefix_path.ps1'
[0.729s] INFO:colcon.colcon_core.shell:Creating environment descriptor '/home/kol/Documents/ros_workstation/pipebot/src/install/pipebot/share/pipebot/hook/cmake_prefix_path.dsv'
[0.729s] INFO:colcon.colcon_core.shell:Creating environment hook '/home/kol/Documents/ros_workstation/pipebot/src/install/pipebot/share/pipebot/hook/cmake_prefix_path.sh'
[0.730s] Level 1:colcon.colcon_core.environment:checking '/home/kol/Documents/ros_workstation/pipebot/src/install/pipebot/bin'
[0.731s] Level 1:colcon.colcon_core.environment:checking '/home/kol/Documents/ros_workstation/pipebot/src/install/pipebot/lib/pkgconfig/pipebot.pc'
[0.731s] Level 1:colcon.colcon_core.environment:checking '/home/kol/Documents/ros_workstation/pipebot/src/install/pipebot/lib/python3.10/site-packages'
[0.731s] Level 1:colcon.colcon_core.environment:checking '/home/kol/Documents/ros_workstation/pipebot/src/install/pipebot/bin'
[0.732s] INFO:colcon.colcon_core.shell:Creating package script '/home/kol/Documents/ros_workstation/pipebot/src/install/pipebot/share/pipebot/package.ps1'
[0.732s] INFO:colcon.colcon_core.shell:Creating package descriptor '/home/kol/Documents/ros_workstation/pipebot/src/install/pipebot/share/pipebot/package.dsv'
[0.733s] INFO:colcon.colcon_core.shell:Creating package script '/home/kol/Documents/ros_workstation/pipebot/src/install/pipebot/share/pipebot/package.sh'
[0.734s] INFO:colcon.colcon_core.shell:Creating package script '/home/kol/Documents/ros_workstation/pipebot/src/install/pipebot/share/pipebot/package.bash'
[0.735s] INFO:colcon.colcon_core.shell:Creating package script '/home/kol/Documents/ros_workstation/pipebot/src/install/pipebot/share/pipebot/package.zsh'
[0.736s] Level 1:colcon.colcon_core.environment:create_file_with_runtime_dependencies(/home/kol/Documents/ros_workstation/pipebot/src/install/pipebot/share/colcon-core/packages/pipebot)
[0.736s] INFO:colcon.colcon_ros.task.ament_cmake.build:Building ROS package in '/home/kol/Documents/ros_workstation/pipebot/src/pipebot_moveit_config' with build type 'ament_cmake'
[0.737s] INFO:colcon.colcon_cmake.task.cmake.build:Building CMake package in '/home/kol/Documents/ros_workstation/pipebot/src/pipebot_moveit_config'
[0.737s] INFO:colcon.colcon_core.shell:Skip shell extension 'powershell' for command environment: Not usable outside of PowerShell
[0.737s] DEBUG:colcon.colcon_core.shell:Skip shell extension 'dsv' for command environment
[0.755s] DEBUG:colcon.colcon_core.event_handler.log_command:Invoking command in '/home/kol/Documents/ros_workstation/pipebot/src/build/pipebot_moveit_config': CMAKE_PREFIX_PATH=/home/kol/Documents/ros_workstation/pipebot/src/install/pipebot:/home/kol/Documents/ros_workstation/pipebot/src/install/pipebot_moveit_config:/home/kol/Documents/ros_workstation/pipebot/install/pipebot:/opt/ros/humble /usr/bin/cmake --build /home/kol/Documents/ros_workstation/pipebot/src/build/pipebot_moveit_config -- -j4 -l4
[0.807s] DEBUG:colcon.colcon_core.event_handler.log_command:Invoked command in '/home/kol/Documents/ros_workstation/pipebot/src/build/pipebot_moveit_config' returned '0': CMAKE_PREFIX_PATH=/home/kol/Documents/ros_workstation/pipebot/src/install/pipebot:/home/kol/Documents/ros_workstation/pipebot/src/install/pipebot_moveit_config:/home/kol/Documents/ros_workstation/pipebot/install/pipebot:/opt/ros/humble /usr/bin/cmake --build /home/kol/Documents/ros_workstation/pipebot/src/build/pipebot_moveit_config -- -j4 -l4
[0.812s] DEBUG:colcon.colcon_core.event_handler.log_command:Invoking command in '/home/kol/Documents/ros_workstation/pipebot/src/build/pipebot_moveit_config': CMAKE_PREFIX_PATH=/home/kol/Documents/ros_workstation/pipebot/src/install/pipebot:/home/kol/Documents/ros_workstation/pipebot/src/install/pipebot_moveit_config:/home/kol/Documents/ros_workstation/pipebot/install/pipebot:/opt/ros/humble /usr/bin/cmake --install /home/kol/Documents/ros_workstation/pipebot/src/build/pipebot_moveit_config
[0.824s] Level 1:colcon.colcon_core.environment:create_environment_scripts_only(pipebot_moveit_config)
[0.827s] Level 1:colcon.colcon_core.environment:checking '/home/kol/Documents/ros_workstation/pipebot/src/install/pipebot_moveit_config' for CMake module files
[0.828s] Level 1:colcon.colcon_core.environment:checking '/home/kol/Documents/ros_workstation/pipebot/src/install/pipebot_moveit_config' for CMake config files
[0.829s] Level 1:colcon.colcon_core.shell:create_environment_hook('pipebot_moveit_config', 'cmake_prefix_path')
[0.829s] INFO:colcon.colcon_core.shell:Creating environment hook '/home/kol/Documents/ros_workstation/pipebot/src/install/pipebot_moveit_config/share/pipebot_moveit_config/hook/cmake_prefix_path.ps1'
[0.830s] DEBUG:colcon.colcon_core.event_handler.log_command:Invoked command in '/home/kol/Documents/ros_workstation/pipebot/src/build/pipebot_moveit_config' returned '0': CMAKE_PREFIX_PATH=/home/kol/Documents/ros_workstation/pipebot/src/install/pipebot:/home/kol/Documents/ros_workstation/pipebot/src/install/pipebot_moveit_config:/home/kol/Documents/ros_workstation/pipebot/install/pipebot:/opt/ros/humble /usr/bin/cmake --install /home/kol/Documents/ros_workstation/pipebot/src/build/pipebot_moveit_config
[0.831s] INFO:colcon.colcon_core.shell:Creating environment descriptor '/home/kol/Documents/ros_workstation/pipebot/src/install/pipebot_moveit_config/share/pipebot_moveit_config/hook/cmake_prefix_path.dsv'
[0.832s] INFO:colcon.colcon_core.shell:Creating environment hook '/home/kol/Documents/ros_workstation/pipebot/src/install/pipebot_moveit_config/share/pipebot_moveit_config/hook/cmake_prefix_path.sh'
[0.833s] Level 1:colcon.colcon_core.environment:checking '/home/kol/Documents/ros_workstation/pipebot/src/install/pipebot_moveit_config/bin'
[0.834s] Level 1:colcon.colcon_core.environment:checking '/home/kol/Documents/ros_workstation/pipebot/src/install/pipebot_moveit_config/lib/pkgconfig/pipebot_moveit_config.pc'
[0.834s] Level 1:colcon.colcon_core.environment:checking '/home/kol/Documents/ros_workstation/pipebot/src/install/pipebot_moveit_config/lib/python3.10/site-packages'
[0.835s] Level 1:colcon.colcon_core.environment:checking '/home/kol/Documents/ros_workstation/pipebot/src/install/pipebot_moveit_config/bin'
[0.836s] INFO:colcon.colcon_core.shell:Creating package script '/home/kol/Documents/ros_workstation/pipebot/src/install/pipebot_moveit_config/share/pipebot_moveit_config/package.ps1'
[0.837s] INFO:colcon.colcon_core.shell:Creating package descriptor '/home/kol/Documents/ros_workstation/pipebot/src/install/pipebot_moveit_config/share/pipebot_moveit_config/package.dsv'
[0.838s] INFO:colcon.colcon_core.shell:Creating package script '/home/kol/Documents/ros_workstation/pipebot/src/install/pipebot_moveit_config/share/pipebot_moveit_config/package.sh'
[0.839s] INFO:colcon.colcon_core.shell:Creating package script '/home/kol/Documents/ros_workstation/pipebot/src/install/pipebot_moveit_config/share/pipebot_moveit_config/package.bash'
[0.840s] INFO:colcon.colcon_core.shell:Creating package script '/home/kol/Documents/ros_workstation/pipebot/src/install/pipebot_moveit_config/share/pipebot_moveit_config/package.zsh'
[0.840s] Level 1:colcon.colcon_core.environment:create_file_with_runtime_dependencies(/home/kol/Documents/ros_workstation/pipebot/src/install/pipebot_moveit_config/share/colcon-core/packages/pipebot_moveit_config)
[0.842s] Level 1:colcon.colcon_core.environment:create_environment_scripts_only(pipebot_moveit_config)
[0.842s] Level 1:colcon.colcon_core.environment:checking '/home/kol/Documents/ros_workstation/pipebot/src/install/pipebot_moveit_config' for CMake module files
[0.843s] Level 1:colcon.colcon_core.environment:checking '/home/kol/Documents/ros_workstation/pipebot/src/install/pipebot_moveit_config' for CMake config files
[0.844s] Level 1:colcon.colcon_core.shell:create_environment_hook('pipebot_moveit_config', 'cmake_prefix_path')
[0.844s] INFO:colcon.colcon_core.shell:Creating environment hook '/home/kol/Documents/ros_workstation/pipebot/src/install/pipebot_moveit_config/share/pipebot_moveit_config/hook/cmake_prefix_path.ps1'
[0.845s] INFO:colcon.colcon_core.shell:Creating environment descriptor '/home/kol/Documents/ros_workstation/pipebot/src/install/pipebot_moveit_config/share/pipebot_moveit_config/hook/cmake_prefix_path.dsv'
[0.846s] INFO:colcon.colcon_core.shell:Creating environment hook '/home/kol/Documents/ros_workstation/pipebot/src/install/pipebot_moveit_config/share/pipebot_moveit_config/hook/cmake_prefix_path.sh'
[0.848s] Level 1:colcon.colcon_core.environment:checking '/home/kol/Documents/ros_workstation/pipebot/src/install/pipebot_moveit_config/bin'
[0.848s] Level 1:colcon.colcon_core.environment:checking '/home/kol/Documents/ros_workstation/pipebot/src/install/pipebot_moveit_config/lib/pkgconfig/pipebot_moveit_config.pc'
[0.848s] Level 1:colcon.colcon_core.environment:checking '/home/kol/Documents/ros_workstation/pipebot/src/install/pipebot_moveit_config/lib/python3.10/site-packages'
[0.849s] Level 1:colcon.colcon_core.environment:checking '/home/kol/Documents/ros_workstation/pipebot/src/install/pipebot_moveit_config/bin'
[0.849s] INFO:colcon.colcon_core.shell:Creating package script '/home/kol/Documents/ros_workstation/pipebot/src/install/pipebot_moveit_config/share/pipebot_moveit_config/package.ps1'
[0.850s] INFO:colcon.colcon_core.shell:Creating package descriptor '/home/kol/Documents/ros_workstation/pipebot/src/install/pipebot_moveit_config/share/pipebot_moveit_config/package.dsv'
[0.851s] INFO:colcon.colcon_core.shell:Creating package script '/home/kol/Documents/ros_workstation/pipebot/src/install/pipebot_moveit_config/share/pipebot_moveit_config/package.sh'
[0.852s] INFO:colcon.colcon_core.shell:Creating package script '/home/kol/Documents/ros_workstation/pipebot/src/install/pipebot_moveit_config/share/pipebot_moveit_config/package.bash'
[0.852s] INFO:colcon.colcon_core.shell:Creating package script '/home/kol/Documents/ros_workstation/pipebot/src/install/pipebot_moveit_config/share/pipebot_moveit_config/package.zsh'
[0.853s] Level 1:colcon.colcon_core.environment:create_file_with_runtime_dependencies(/home/kol/Documents/ros_workstation/pipebot/src/install/pipebot_moveit_config/share/colcon-core/packages/pipebot_moveit_config)
[0.854s] DEBUG:colcon.colcon_parallel_executor.executor.parallel:closing loop
[0.854s] DEBUG:colcon.colcon_parallel_executor.executor.parallel:loop closed
[0.854s] DEBUG:colcon.colcon_parallel_executor.executor.parallel:run_until_complete finished with '0'
[0.854s] DEBUG:colcon.colcon_core.event_reactor:joining thread
[0.863s] INFO:colcon.colcon_core.plugin_system:Skipping extension 'colcon_notification.desktop_notification.terminal_notifier': Not used on non-Darwin systems
[0.863s] INFO:colcon.colcon_core.plugin_system:Skipping extension 'colcon_notification.desktop_notification.win32': Not used on non-Windows systems
[0.864s] INFO:colcon.colcon_notification.desktop_notification:Sending desktop notification using 'notify2'
[0.887s] DEBUG:colcon.colcon_core.event_reactor:joined thread
[0.887s] INFO:colcon.colcon_core.shell:Creating prefix script '/home/kol/Documents/ros_workstation/pipebot/src/install/local_setup.ps1'
[0.889s] INFO:colcon.colcon_core.shell:Creating prefix util module '/home/kol/Documents/ros_workstation/pipebot/src/install/_local_setup_util_ps1.py'
[0.891s] INFO:colcon.colcon_core.shell:Creating prefix chain script '/home/kol/Documents/ros_workstation/pipebot/src/install/setup.ps1'
[0.894s] INFO:colcon.colcon_core.shell:Creating prefix script '/home/kol/Documents/ros_workstation/pipebot/src/install/local_setup.sh'
[0.898s] INFO:colcon.colcon_core.shell:Creating prefix util module '/home/kol/Documents/ros_workstation/pipebot/src/install/_local_setup_util_sh.py'
[0.899s] INFO:colcon.colcon_core.shell:Creating prefix chain script '/home/kol/Documents/ros_workstation/pipebot/src/install/setup.sh'
[0.905s] INFO:colcon.colcon_core.shell:Creating prefix script '/home/kol/Documents/ros_workstation/pipebot/src/install/local_setup.bash'
[0.906s] INFO:colcon.colcon_core.shell:Creating prefix chain script '/home/kol/Documents/ros_workstation/pipebot/src/install/setup.bash'
[0.908s] INFO:colcon.colcon_core.shell:Creating prefix script '/home/kol/Documents/ros_workstation/pipebot/src/install/local_setup.zsh'
[0.909s] INFO:colcon.colcon_core.shell:Creating prefix chain script '/home/kol/Documents/ros_workstation/pipebot/src/install/setup.zsh'
