[0.162s] DEBUG:colcon:Command line arguments: ['/usr/bin/colcon', 'build']
[0.162s] DEBUG:colcon:Parsed command line arguments: Namespace(log_base=None, log_level=None, verb_name='build', build_base='build', install_base='install', merge_install=False, symlink_install=False, test_result_base=None, continue_on_error=False, executor='parallel', parallel_workers=4, event_handlers=None, ignore_user_meta=False, metas=['./colcon.meta'], base_paths=['.'], packages_ignore=None, packages_ignore_regex=None, paths=None, packages_up_to=None, packages_up_to_regex=None, packages_above=None, packages_above_and_dependencies=None, packages_above_depth=None, packages_select_by_dep=None, packages_skip_by_dep=None, packages_skip_up_to=None, packages_select_build_failed=False, packages_skip_build_finished=False, packages_select_test_failures=False, packages_skip_test_passed=False, packages_select=None, packages_skip=None, packages_select_regex=None, packages_skip_regex=None, packages_start=None, packages_end=None, allow_overriding=[], cmake_args=None, cmake_target=None, cmake_target_skip_unavailable=False, cmake_clean_cache=False, cmake_clean_first=False, cmake_force_configure=False, ament_cmake_args=None, catkin_cmake_args=None, catkin_skip_building_tests=False, mixin_files=None, mixin=None, verb_parser=<colcon_mixin.mixin.mixin_argument.MixinArgumentDecorator object at 0x7ba575699de0>, verb_extension=<colcon_core.verb.build.BuildVerb object at 0x7ba575699870>, main=<bound method BuildVerb.main of <colcon_core.verb.build.BuildVerb object at 0x7ba575699870>>, mixin_verb=('build',))
[0.447s] Level 1:colcon.colcon_core.package_discovery:discover_packages(colcon_meta) check parameters
[0.448s] Level 1:colcon.colcon_core.package_discovery:discover_packages(recursive) check parameters
[0.448s] Level 1:colcon.colcon_core.package_discovery:discover_packages(ignore) check parameters
[0.448s] Level 1:colcon.colcon_core.package_discovery:discover_packages(path) check parameters
[0.448s] Level 1:colcon.colcon_core.package_discovery:discover_packages(colcon_meta) discover
[0.448s] Level 1:colcon.colcon_core.package_discovery:discover_packages(recursive) discover
[0.448s] INFO:colcon.colcon_core.package_discovery:Crawling recursively for packages in '/home/kol/Documents/ros_workstation/Control/Arm'
[0.448s] Level 1:colcon.colcon_core.package_identification:_identify(.) by extensions ['ignore', 'ignore_ament_install']
[0.448s] Level 1:colcon.colcon_core.package_identification:_identify(.) by extension 'ignore'
[0.448s] Level 1:colcon.colcon_core.package_identification:_identify(.) by extension 'ignore_ament_install'
[0.448s] Level 1:colcon.colcon_core.package_identification:_identify(.) by extensions ['colcon_pkg']
[0.448s] Level 1:colcon.colcon_core.package_identification:_identify(.) by extension 'colcon_pkg'
[0.448s] Level 1:colcon.colcon_core.package_identification:_identify(.) by extensions ['colcon_meta']
[0.448s] Level 1:colcon.colcon_core.package_identification:_identify(.) by extension 'colcon_meta'
[0.448s] Level 1:colcon.colcon_core.package_identification:_identify(.) by extensions ['ros']
[0.448s] Level 1:colcon.colcon_core.package_identification:_identify(.) by extension 'ros'
[0.462s] Level 1:colcon.colcon_core.package_identification:_identify(.) by extensions ['cmake', 'python']
[0.462s] Level 1:colcon.colcon_core.package_identification:_identify(.) by extension 'cmake'
[0.462s] Level 1:colcon.colcon_core.package_identification:_identify(.) by extension 'python'
[0.463s] Level 1:colcon.colcon_core.package_identification:_identify(.) by extensions ['python_setup_py']
[0.463s] Level 1:colcon.colcon_core.package_identification:_identify(.) by extension 'python_setup_py'
[0.463s] Level 1:colcon.colcon_core.package_identification:_identify(build) by extensions ['ignore', 'ignore_ament_install']
[0.463s] Level 1:colcon.colcon_core.package_identification:_identify(build) by extension 'ignore'
[0.463s] Level 1:colcon.colcon_core.package_identification:_identify(build) ignored
[0.463s] Level 1:colcon.colcon_core.package_identification:_identify(install) by extensions ['ignore', 'ignore_ament_install']
[0.463s] Level 1:colcon.colcon_core.package_identification:_identify(install) by extension 'ignore'
[0.463s] Level 1:colcon.colcon_core.package_identification:_identify(install) ignored
[0.463s] Level 1:colcon.colcon_core.package_identification:_identify(log) by extensions ['ignore', 'ignore_ament_install']
[0.463s] Level 1:colcon.colcon_core.package_identification:_identify(log) by extension 'ignore'
[0.463s] Level 1:colcon.colcon_core.package_identification:_identify(log) ignored
[0.464s] Level 1:colcon.colcon_core.package_identification:_identify(src) by extensions ['ignore', 'ignore_ament_install']
[0.464s] Level 1:colcon.colcon_core.package_identification:_identify(src) by extension 'ignore'
[0.464s] Level 1:colcon.colcon_core.package_identification:_identify(src) by extension 'ignore_ament_install'
[0.464s] Level 1:colcon.colcon_core.package_identification:_identify(src) by extensions ['colcon_pkg']
[0.464s] Level 1:colcon.colcon_core.package_identification:_identify(src) by extension 'colcon_pkg'
[0.464s] Level 1:colcon.colcon_core.package_identification:_identify(src) by extensions ['colcon_meta']
[0.464s] Level 1:colcon.colcon_core.package_identification:_identify(src) by extension 'colcon_meta'
[0.464s] Level 1:colcon.colcon_core.package_identification:_identify(src) by extensions ['ros']
[0.464s] Level 1:colcon.colcon_core.package_identification:_identify(src) by extension 'ros'
[0.464s] Level 1:colcon.colcon_core.package_identification:_identify(src) by extensions ['cmake', 'python']
[0.464s] Level 1:colcon.colcon_core.package_identification:_identify(src) by extension 'cmake'
[0.464s] Level 1:colcon.colcon_core.package_identification:_identify(src) by extension 'python'
[0.464s] Level 1:colcon.colcon_core.package_identification:_identify(src) by extensions ['python_setup_py']
[0.464s] Level 1:colcon.colcon_core.package_identification:_identify(src) by extension 'python_setup_py'
[0.464s] Level 1:colcon.colcon_core.package_identification:_identify(src/boilerplate) by extensions ['ignore', 'ignore_ament_install']
[0.464s] Level 1:colcon.colcon_core.package_identification:_identify(src/boilerplate) by extension 'ignore'
[0.465s] Level 1:colcon.colcon_core.package_identification:_identify(src/boilerplate) by extension 'ignore_ament_install'
[0.465s] Level 1:colcon.colcon_core.package_identification:_identify(src/boilerplate) by extensions ['colcon_pkg']
[0.465s] Level 1:colcon.colcon_core.package_identification:_identify(src/boilerplate) by extension 'colcon_pkg'
[0.465s] Level 1:colcon.colcon_core.package_identification:_identify(src/boilerplate) by extensions ['colcon_meta']
[0.465s] Level 1:colcon.colcon_core.package_identification:_identify(src/boilerplate) by extension 'colcon_meta'
[0.465s] Level 1:colcon.colcon_core.package_identification:_identify(src/boilerplate) by extensions ['ros']
[0.465s] Level 1:colcon.colcon_core.package_identification:_identify(src/boilerplate) by extension 'ros'
[0.468s] DEBUG:colcon.colcon_core.package_identification:Package 'src/boilerplate' with type 'ros.ament_cmake' and name 'boilerplate'
[0.468s] Level 1:colcon.colcon_core.package_identification:_identify(src/boilerplate_mvt_cfg) by extensions ['ignore', 'ignore_ament_install']
[0.468s] Level 1:colcon.colcon_core.package_identification:_identify(src/boilerplate_mvt_cfg) by extension 'ignore'
[0.468s] Level 1:colcon.colcon_core.package_identification:_identify(src/boilerplate_mvt_cfg) by extension 'ignore_ament_install'
[0.468s] Level 1:colcon.colcon_core.package_identification:_identify(src/boilerplate_mvt_cfg) by extensions ['colcon_pkg']
[0.468s] Level 1:colcon.colcon_core.package_identification:_identify(src/boilerplate_mvt_cfg) by extension 'colcon_pkg'
[0.468s] Level 1:colcon.colcon_core.package_identification:_identify(src/boilerplate_mvt_cfg) by extensions ['colcon_meta']
[0.468s] Level 1:colcon.colcon_core.package_identification:_identify(src/boilerplate_mvt_cfg) by extension 'colcon_meta'
[0.468s] Level 1:colcon.colcon_core.package_identification:_identify(src/boilerplate_mvt_cfg) by extensions ['ros']
[0.468s] Level 1:colcon.colcon_core.package_identification:_identify(src/boilerplate_mvt_cfg) by extension 'ros'
[0.469s] DEBUG:colcon.colcon_core.package_identification:Package 'src/boilerplate_mvt_cfg' with type 'ros.ament_cmake' and name 'boilerplate_mvt_cfg'
[0.470s] Level 1:colcon.colcon_core.package_discovery:discover_packages(recursive) using defaults
[0.470s] Level 1:colcon.colcon_core.package_discovery:discover_packages(ignore) discover
[0.470s] Level 1:colcon.colcon_core.package_discovery:discover_packages(ignore) using defaults
[0.470s] Level 1:colcon.colcon_core.package_discovery:discover_packages(path) discover
[0.470s] Level 1:colcon.colcon_core.package_discovery:discover_packages(path) using defaults
[0.495s] Level 1:colcon.colcon_core.package_discovery:discover_packages(prefix_path) check parameters
[0.495s] Level 1:colcon.colcon_core.package_discovery:discover_packages(prefix_path) discover
[0.497s] DEBUG:colcon.colcon_installed_package_information.package_discovery:Found 1 installed packages in /home/kol/Documents/ros_workstation/Control/Arm/install
[0.500s] DEBUG:colcon.colcon_installed_package_information.package_discovery:Found 382 installed packages in /opt/ros/humble
[0.502s] Level 1:colcon.colcon_core.package_discovery:discover_packages(prefix_path) using defaults
[0.574s] Level 5:colcon.colcon_core.verb:set package 'boilerplate' build argument 'cmake_args' from command line to 'None'
[0.574s] Level 5:colcon.colcon_core.verb:set package 'boilerplate' build argument 'cmake_target' from command line to 'None'
[0.574s] Level 5:colcon.colcon_core.verb:set package 'boilerplate' build argument 'cmake_target_skip_unavailable' from command line to 'False'
[0.574s] Level 5:colcon.colcon_core.verb:set package 'boilerplate' build argument 'cmake_clean_cache' from command line to 'False'
[0.575s] Level 5:colcon.colcon_core.verb:set package 'boilerplate' build argument 'cmake_clean_first' from command line to 'False'
[0.575s] Level 5:colcon.colcon_core.verb:set package 'boilerplate' build argument 'cmake_force_configure' from command line to 'False'
[0.575s] Level 5:colcon.colcon_core.verb:set package 'boilerplate' build argument 'ament_cmake_args' from command line to 'None'
[0.575s] Level 5:colcon.colcon_core.verb:set package 'boilerplate' build argument 'catkin_cmake_args' from command line to 'None'
[0.575s] Level 5:colcon.colcon_core.verb:set package 'boilerplate' build argument 'catkin_skip_building_tests' from command line to 'False'
[0.575s] DEBUG:colcon.colcon_core.verb:Building package 'boilerplate' with the following arguments: {'ament_cmake_args': None, 'build_base': '/home/kol/Documents/ros_workstation/Control/Arm/build/boilerplate', 'catkin_cmake_args': None, 'catkin_skip_building_tests': False, 'cmake_args': None, 'cmake_clean_cache': False, 'cmake_clean_first': False, 'cmake_force_configure': False, 'cmake_target': None, 'cmake_target_skip_unavailable': False, 'install_base': '/home/kol/Documents/ros_workstation/Control/Arm/install/boilerplate', 'merge_install': False, 'path': '/home/kol/Documents/ros_workstation/Control/Arm/src/boilerplate', 'symlink_install': False, 'test_result_base': None}
[0.575s] Level 5:colcon.colcon_core.verb:set package 'boilerplate_mvt_cfg' build argument 'cmake_args' from command line to 'None'
[0.575s] Level 5:colcon.colcon_core.verb:set package 'boilerplate_mvt_cfg' build argument 'cmake_target' from command line to 'None'
[0.575s] Level 5:colcon.colcon_core.verb:set package 'boilerplate_mvt_cfg' build argument 'cmake_target_skip_unavailable' from command line to 'False'
[0.575s] Level 5:colcon.colcon_core.verb:set package 'boilerplate_mvt_cfg' build argument 'cmake_clean_cache' from command line to 'False'
[0.575s] Level 5:colcon.colcon_core.verb:set package 'boilerplate_mvt_cfg' build argument 'cmake_clean_first' from command line to 'False'
[0.575s] Level 5:colcon.colcon_core.verb:set package 'boilerplate_mvt_cfg' build argument 'cmake_force_configure' from command line to 'False'
[0.575s] Level 5:colcon.colcon_core.verb:set package 'boilerplate_mvt_cfg' build argument 'ament_cmake_args' from command line to 'None'
[0.575s] Level 5:colcon.colcon_core.verb:set package 'boilerplate_mvt_cfg' build argument 'catkin_cmake_args' from command line to 'None'
[0.575s] Level 5:colcon.colcon_core.verb:set package 'boilerplate_mvt_cfg' build argument 'catkin_skip_building_tests' from command line to 'False'
[0.575s] DEBUG:colcon.colcon_core.verb:Building package 'boilerplate_mvt_cfg' with the following arguments: {'ament_cmake_args': None, 'build_base': '/home/kol/Documents/ros_workstation/Control/Arm/build/boilerplate_mvt_cfg', 'catkin_cmake_args': None, 'catkin_skip_building_tests': False, 'cmake_args': None, 'cmake_clean_cache': False, 'cmake_clean_first': False, 'cmake_force_configure': False, 'cmake_target': None, 'cmake_target_skip_unavailable': False, 'install_base': '/home/kol/Documents/ros_workstation/Control/Arm/install/boilerplate_mvt_cfg', 'merge_install': False, 'path': '/home/kol/Documents/ros_workstation/Control/Arm/src/boilerplate_mvt_cfg', 'symlink_install': False, 'test_result_base': None}
[0.576s] INFO:colcon.colcon_core.executor:Executing jobs using 'parallel' executor
[0.577s] DEBUG:colcon.colcon_parallel_executor.executor.parallel:run_until_complete
[0.577s] INFO:colcon.colcon_ros.task.ament_cmake.build:Building ROS package in '/home/kol/Documents/ros_workstation/Control/Arm/src/boilerplate' with build type 'ament_cmake'
[0.577s] INFO:colcon.colcon_cmake.task.cmake.build:Building CMake package in '/home/kol/Documents/ros_workstation/Control/Arm/src/boilerplate'
[0.580s] INFO:colcon.colcon_core.plugin_system:Skipping extension 'colcon_core.shell.bat': Not used on non-Windows systems
[0.580s] INFO:colcon.colcon_core.shell:Skip shell extension 'powershell' for command environment: Not usable outside of PowerShell
[0.580s] DEBUG:colcon.colcon_core.shell:Skip shell extension 'dsv' for command environment
[0.593s] DEBUG:colcon.colcon_core.event_handler.log_command:Invoking command in '/home/kol/Documents/ros_workstation/Control/Arm/build/boilerplate': CMAKE_PREFIX_PATH=${CMAKE_PREFIX_PATH}:/opt/ros/humble /usr/bin/cmake --build /home/kol/Documents/ros_workstation/Control/Arm/build/boilerplate -- -j4 -l4
[0.641s] DEBUG:colcon.colcon_core.event_handler.log_command:Invoked command in '/home/kol/Documents/ros_workstation/Control/Arm/build/boilerplate' returned '0': CMAKE_PREFIX_PATH=${CMAKE_PREFIX_PATH}:/opt/ros/humble /usr/bin/cmake --build /home/kol/Documents/ros_workstation/Control/Arm/build/boilerplate -- -j4 -l4
[0.652s] DEBUG:colcon.colcon_core.event_handler.log_command:Invoking command in '/home/kol/Documents/ros_workstation/Control/Arm/build/boilerplate': CMAKE_PREFIX_PATH=${CMAKE_PREFIX_PATH}:/opt/ros/humble /usr/bin/cmake --install /home/kol/Documents/ros_workstation/Control/Arm/build/boilerplate
[0.667s] Level 1:colcon.colcon_core.environment:create_environment_scripts_only(boilerplate)
[0.668s] DEBUG:colcon.colcon_core.event_handler.log_command:Invoked command in '/home/kol/Documents/ros_workstation/Control/Arm/build/boilerplate' returned '0': CMAKE_PREFIX_PATH=${CMAKE_PREFIX_PATH}:/opt/ros/humble /usr/bin/cmake --install /home/kol/Documents/ros_workstation/Control/Arm/build/boilerplate
[0.671s] Level 1:colcon.colcon_core.environment:checking '/home/kol/Documents/ros_workstation/Control/Arm/install/boilerplate' for CMake module files
[0.672s] Level 1:colcon.colcon_core.environment:checking '/home/kol/Documents/ros_workstation/Control/Arm/install/boilerplate' for CMake config files
[0.672s] Level 1:colcon.colcon_core.shell:create_environment_hook('boilerplate', 'cmake_prefix_path')
[0.672s] INFO:colcon.colcon_core.shell:Creating environment hook '/home/kol/Documents/ros_workstation/Control/Arm/install/boilerplate/share/boilerplate/hook/cmake_prefix_path.ps1'
[0.673s] INFO:colcon.colcon_core.shell:Creating environment descriptor '/home/kol/Documents/ros_workstation/Control/Arm/install/boilerplate/share/boilerplate/hook/cmake_prefix_path.dsv'
[0.673s] INFO:colcon.colcon_core.shell:Creating environment hook '/home/kol/Documents/ros_workstation/Control/Arm/install/boilerplate/share/boilerplate/hook/cmake_prefix_path.sh'
[0.675s] Level 1:colcon.colcon_core.environment:checking '/home/kol/Documents/ros_workstation/Control/Arm/install/boilerplate/bin'
[0.675s] Level 1:colcon.colcon_core.environment:checking '/home/kol/Documents/ros_workstation/Control/Arm/install/boilerplate/lib/pkgconfig/boilerplate.pc'
[0.675s] Level 1:colcon.colcon_core.environment:checking '/home/kol/Documents/ros_workstation/Control/Arm/install/boilerplate/lib/python3.10/site-packages'
[0.675s] Level 1:colcon.colcon_core.environment:checking '/home/kol/Documents/ros_workstation/Control/Arm/install/boilerplate/bin'
[0.676s] INFO:colcon.colcon_core.shell:Creating package script '/home/kol/Documents/ros_workstation/Control/Arm/install/boilerplate/share/boilerplate/package.ps1'
[0.677s] INFO:colcon.colcon_core.shell:Creating package descriptor '/home/kol/Documents/ros_workstation/Control/Arm/install/boilerplate/share/boilerplate/package.dsv'
[0.677s] INFO:colcon.colcon_core.shell:Creating package script '/home/kol/Documents/ros_workstation/Control/Arm/install/boilerplate/share/boilerplate/package.sh'
[0.678s] INFO:colcon.colcon_core.shell:Creating package script '/home/kol/Documents/ros_workstation/Control/Arm/install/boilerplate/share/boilerplate/package.bash'
[0.679s] INFO:colcon.colcon_core.shell:Creating package script '/home/kol/Documents/ros_workstation/Control/Arm/install/boilerplate/share/boilerplate/package.zsh'
[0.680s] Level 1:colcon.colcon_core.environment:create_file_with_runtime_dependencies(/home/kol/Documents/ros_workstation/Control/Arm/install/boilerplate/share/colcon-core/packages/boilerplate)
[0.681s] Level 1:colcon.colcon_core.environment:create_environment_scripts_only(boilerplate)
[0.681s] Level 1:colcon.colcon_core.environment:checking '/home/kol/Documents/ros_workstation/Control/Arm/install/boilerplate' for CMake module files
[0.681s] Level 1:colcon.colcon_core.environment:checking '/home/kol/Documents/ros_workstation/Control/Arm/install/boilerplate' for CMake config files
[0.682s] Level 1:colcon.colcon_core.shell:create_environment_hook('boilerplate', 'cmake_prefix_path')
[0.682s] INFO:colcon.colcon_core.shell:Creating environment hook '/home/kol/Documents/ros_workstation/Control/Arm/install/boilerplate/share/boilerplate/hook/cmake_prefix_path.ps1'
[0.682s] INFO:colcon.colcon_core.shell:Creating environment descriptor '/home/kol/Documents/ros_workstation/Control/Arm/install/boilerplate/share/boilerplate/hook/cmake_prefix_path.dsv'
[0.683s] INFO:colcon.colcon_core.shell:Creating environment hook '/home/kol/Documents/ros_workstation/Control/Arm/install/boilerplate/share/boilerplate/hook/cmake_prefix_path.sh'
[0.683s] Level 1:colcon.colcon_core.environment:checking '/home/kol/Documents/ros_workstation/Control/Arm/install/boilerplate/bin'
[0.684s] Level 1:colcon.colcon_core.environment:checking '/home/kol/Documents/ros_workstation/Control/Arm/install/boilerplate/lib/pkgconfig/boilerplate.pc'
[0.684s] Level 1:colcon.colcon_core.environment:checking '/home/kol/Documents/ros_workstation/Control/Arm/install/boilerplate/lib/python3.10/site-packages'
[0.684s] Level 1:colcon.colcon_core.environment:checking '/home/kol/Documents/ros_workstation/Control/Arm/install/boilerplate/bin'
[0.685s] INFO:colcon.colcon_core.shell:Creating package script '/home/kol/Documents/ros_workstation/Control/Arm/install/boilerplate/share/boilerplate/package.ps1'
[0.685s] INFO:colcon.colcon_core.shell:Creating package descriptor '/home/kol/Documents/ros_workstation/Control/Arm/install/boilerplate/share/boilerplate/package.dsv'
[0.686s] INFO:colcon.colcon_core.shell:Creating package script '/home/kol/Documents/ros_workstation/Control/Arm/install/boilerplate/share/boilerplate/package.sh'
[0.686s] INFO:colcon.colcon_core.shell:Creating package script '/home/kol/Documents/ros_workstation/Control/Arm/install/boilerplate/share/boilerplate/package.bash'
[0.687s] INFO:colcon.colcon_core.shell:Creating package script '/home/kol/Documents/ros_workstation/Control/Arm/install/boilerplate/share/boilerplate/package.zsh'
[0.688s] Level 1:colcon.colcon_core.environment:create_file_with_runtime_dependencies(/home/kol/Documents/ros_workstation/Control/Arm/install/boilerplate/share/colcon-core/packages/boilerplate)
[0.688s] INFO:colcon.colcon_ros.task.ament_cmake.build:Building ROS package in '/home/kol/Documents/ros_workstation/Control/Arm/src/boilerplate_mvt_cfg' with build type 'ament_cmake'
[0.688s] INFO:colcon.colcon_cmake.task.cmake.build:Building CMake package in '/home/kol/Documents/ros_workstation/Control/Arm/src/boilerplate_mvt_cfg'
[0.689s] INFO:colcon.colcon_core.shell:Skip shell extension 'powershell' for command environment: Not usable outside of PowerShell
[0.689s] DEBUG:colcon.colcon_core.shell:Skip shell extension 'dsv' for command environment
[0.702s] DEBUG:colcon.colcon_core.event_handler.log_command:Invoking command in '/home/kol/Documents/ros_workstation/Control/Arm/build/boilerplate_mvt_cfg': CMAKE_PREFIX_PATH=${CMAKE_PREFIX_PATH}:/opt/ros/humble /usr/bin/cmake /home/kol/Documents/ros_workstation/Control/Arm/src/boilerplate_mvt_cfg -DCMAKE_INSTALL_PREFIX=/home/kol/Documents/ros_workstation/Control/Arm/install/boilerplate_mvt_cfg
[1.500s] DEBUG:colcon.colcon_core.event_handler.log_command:Invoked command in '/home/kol/Documents/ros_workstation/Control/Arm/build/boilerplate_mvt_cfg' returned '0': CMAKE_PREFIX_PATH=${CMAKE_PREFIX_PATH}:/opt/ros/humble /usr/bin/cmake /home/kol/Documents/ros_workstation/Control/Arm/src/boilerplate_mvt_cfg -DCMAKE_INSTALL_PREFIX=/home/kol/Documents/ros_workstation/Control/Arm/install/boilerplate_mvt_cfg
[1.502s] DEBUG:colcon.colcon_core.event_handler.log_command:Invoking command in '/home/kol/Documents/ros_workstation/Control/Arm/build/boilerplate_mvt_cfg': CMAKE_PREFIX_PATH=${CMAKE_PREFIX_PATH}:/opt/ros/humble /usr/bin/cmake --build /home/kol/Documents/ros_workstation/Control/Arm/build/boilerplate_mvt_cfg -- -j4 -l4
[1.555s] DEBUG:colcon.colcon_core.event_handler.log_command:Invoked command in '/home/kol/Documents/ros_workstation/Control/Arm/build/boilerplate_mvt_cfg' returned '0': CMAKE_PREFIX_PATH=${CMAKE_PREFIX_PATH}:/opt/ros/humble /usr/bin/cmake --build /home/kol/Documents/ros_workstation/Control/Arm/build/boilerplate_mvt_cfg -- -j4 -l4
[1.557s] DEBUG:colcon.colcon_core.event_handler.log_command:Invoking command in '/home/kol/Documents/ros_workstation/Control/Arm/build/boilerplate_mvt_cfg': CMAKE_PREFIX_PATH=${CMAKE_PREFIX_PATH}:/opt/ros/humble /usr/bin/cmake --install /home/kol/Documents/ros_workstation/Control/Arm/build/boilerplate_mvt_cfg
[1.575s] Level 1:colcon.colcon_core.environment:create_environment_scripts_only(boilerplate_mvt_cfg)
[1.575s] DEBUG:colcon.colcon_core.event_handler.log_command:Invoked command in '/home/kol/Documents/ros_workstation/Control/Arm/build/boilerplate_mvt_cfg' returned '0': CMAKE_PREFIX_PATH=${CMAKE_PREFIX_PATH}:/opt/ros/humble /usr/bin/cmake --install /home/kol/Documents/ros_workstation/Control/Arm/build/boilerplate_mvt_cfg
[1.576s] Level 1:colcon.colcon_core.environment:checking '/home/kol/Documents/ros_workstation/Control/Arm/install/boilerplate_mvt_cfg' for CMake module files
[1.576s] Level 1:colcon.colcon_core.environment:checking '/home/kol/Documents/ros_workstation/Control/Arm/install/boilerplate_mvt_cfg' for CMake config files
[1.577s] Level 1:colcon.colcon_core.shell:create_environment_hook('boilerplate_mvt_cfg', 'cmake_prefix_path')
[1.577s] INFO:colcon.colcon_core.shell:Creating environment hook '/home/kol/Documents/ros_workstation/Control/Arm/install/boilerplate_mvt_cfg/share/boilerplate_mvt_cfg/hook/cmake_prefix_path.ps1'
[1.577s] INFO:colcon.colcon_core.shell:Creating environment descriptor '/home/kol/Documents/ros_workstation/Control/Arm/install/boilerplate_mvt_cfg/share/boilerplate_mvt_cfg/hook/cmake_prefix_path.dsv'
[1.578s] INFO:colcon.colcon_core.shell:Creating environment hook '/home/kol/Documents/ros_workstation/Control/Arm/install/boilerplate_mvt_cfg/share/boilerplate_mvt_cfg/hook/cmake_prefix_path.sh'
[1.579s] Level 1:colcon.colcon_core.environment:checking '/home/kol/Documents/ros_workstation/Control/Arm/install/boilerplate_mvt_cfg/bin'
[1.579s] Level 1:colcon.colcon_core.environment:checking '/home/kol/Documents/ros_workstation/Control/Arm/install/boilerplate_mvt_cfg/lib/pkgconfig/boilerplate_mvt_cfg.pc'
[1.579s] Level 1:colcon.colcon_core.environment:checking '/home/kol/Documents/ros_workstation/Control/Arm/install/boilerplate_mvt_cfg/lib/python3.10/site-packages'
[1.579s] Level 1:colcon.colcon_core.environment:checking '/home/kol/Documents/ros_workstation/Control/Arm/install/boilerplate_mvt_cfg/bin'
[1.580s] INFO:colcon.colcon_core.shell:Creating package script '/home/kol/Documents/ros_workstation/Control/Arm/install/boilerplate_mvt_cfg/share/boilerplate_mvt_cfg/package.ps1'
[1.580s] INFO:colcon.colcon_core.shell:Creating package descriptor '/home/kol/Documents/ros_workstation/Control/Arm/install/boilerplate_mvt_cfg/share/boilerplate_mvt_cfg/package.dsv'
[1.581s] INFO:colcon.colcon_core.shell:Creating package script '/home/kol/Documents/ros_workstation/Control/Arm/install/boilerplate_mvt_cfg/share/boilerplate_mvt_cfg/package.sh'
[1.581s] INFO:colcon.colcon_core.shell:Creating package script '/home/kol/Documents/ros_workstation/Control/Arm/install/boilerplate_mvt_cfg/share/boilerplate_mvt_cfg/package.bash'
[1.581s] INFO:colcon.colcon_core.shell:Creating package script '/home/kol/Documents/ros_workstation/Control/Arm/install/boilerplate_mvt_cfg/share/boilerplate_mvt_cfg/package.zsh'
[1.582s] Level 1:colcon.colcon_core.environment:create_file_with_runtime_dependencies(/home/kol/Documents/ros_workstation/Control/Arm/install/boilerplate_mvt_cfg/share/colcon-core/packages/boilerplate_mvt_cfg)
[1.582s] Level 1:colcon.colcon_core.environment:create_environment_scripts_only(boilerplate_mvt_cfg)
[1.583s] Level 1:colcon.colcon_core.environment:checking '/home/kol/Documents/ros_workstation/Control/Arm/install/boilerplate_mvt_cfg' for CMake module files
[1.583s] Level 1:colcon.colcon_core.environment:checking '/home/kol/Documents/ros_workstation/Control/Arm/install/boilerplate_mvt_cfg' for CMake config files
[1.583s] Level 1:colcon.colcon_core.shell:create_environment_hook('boilerplate_mvt_cfg', 'cmake_prefix_path')
[1.584s] INFO:colcon.colcon_core.shell:Creating environment hook '/home/kol/Documents/ros_workstation/Control/Arm/install/boilerplate_mvt_cfg/share/boilerplate_mvt_cfg/hook/cmake_prefix_path.ps1'
[1.584s] INFO:colcon.colcon_core.shell:Creating environment descriptor '/home/kol/Documents/ros_workstation/Control/Arm/install/boilerplate_mvt_cfg/share/boilerplate_mvt_cfg/hook/cmake_prefix_path.dsv'
[1.585s] INFO:colcon.colcon_core.shell:Creating environment hook '/home/kol/Documents/ros_workstation/Control/Arm/install/boilerplate_mvt_cfg/share/boilerplate_mvt_cfg/hook/cmake_prefix_path.sh'
[1.585s] Level 1:colcon.colcon_core.environment:checking '/home/kol/Documents/ros_workstation/Control/Arm/install/boilerplate_mvt_cfg/bin'
[1.585s] Level 1:colcon.colcon_core.environment:checking '/home/kol/Documents/ros_workstation/Control/Arm/install/boilerplate_mvt_cfg/lib/pkgconfig/boilerplate_mvt_cfg.pc'
[1.585s] Level 1:colcon.colcon_core.environment:checking '/home/kol/Documents/ros_workstation/Control/Arm/install/boilerplate_mvt_cfg/lib/python3.10/site-packages'
[1.586s] Level 1:colcon.colcon_core.environment:checking '/home/kol/Documents/ros_workstation/Control/Arm/install/boilerplate_mvt_cfg/bin'
[1.586s] INFO:colcon.colcon_core.shell:Creating package script '/home/kol/Documents/ros_workstation/Control/Arm/install/boilerplate_mvt_cfg/share/boilerplate_mvt_cfg/package.ps1'
[1.587s] INFO:colcon.colcon_core.shell:Creating package descriptor '/home/kol/Documents/ros_workstation/Control/Arm/install/boilerplate_mvt_cfg/share/boilerplate_mvt_cfg/package.dsv'
[1.587s] INFO:colcon.colcon_core.shell:Creating package script '/home/kol/Documents/ros_workstation/Control/Arm/install/boilerplate_mvt_cfg/share/boilerplate_mvt_cfg/package.sh'
[1.588s] INFO:colcon.colcon_core.shell:Creating package script '/home/kol/Documents/ros_workstation/Control/Arm/install/boilerplate_mvt_cfg/share/boilerplate_mvt_cfg/package.bash'
[1.588s] INFO:colcon.colcon_core.shell:Creating package script '/home/kol/Documents/ros_workstation/Control/Arm/install/boilerplate_mvt_cfg/share/boilerplate_mvt_cfg/package.zsh'
[1.589s] Level 1:colcon.colcon_core.environment:create_file_with_runtime_dependencies(/home/kol/Documents/ros_workstation/Control/Arm/install/boilerplate_mvt_cfg/share/colcon-core/packages/boilerplate_mvt_cfg)
[1.589s] DEBUG:colcon.colcon_parallel_executor.executor.parallel:closing loop
[1.590s] DEBUG:colcon.colcon_parallel_executor.executor.parallel:loop closed
[1.590s] DEBUG:colcon.colcon_parallel_executor.executor.parallel:run_until_complete finished with '0'
[1.590s] DEBUG:colcon.colcon_core.event_reactor:joining thread
[1.596s] INFO:colcon.colcon_core.plugin_system:Skipping extension 'colcon_notification.desktop_notification.terminal_notifier': Not used on non-Darwin systems
[1.596s] INFO:colcon.colcon_core.plugin_system:Skipping extension 'colcon_notification.desktop_notification.win32': Not used on non-Windows systems
[1.596s] INFO:colcon.colcon_notification.desktop_notification:Sending desktop notification using 'notify2'
[1.605s] DEBUG:colcon.colcon_core.event_reactor:joined thread
[1.606s] INFO:colcon.colcon_core.shell:Creating prefix script '/home/kol/Documents/ros_workstation/Control/Arm/install/local_setup.ps1'
[1.607s] INFO:colcon.colcon_core.shell:Creating prefix util module '/home/kol/Documents/ros_workstation/Control/Arm/install/_local_setup_util_ps1.py'
[1.609s] INFO:colcon.colcon_core.shell:Creating prefix chain script '/home/kol/Documents/ros_workstation/Control/Arm/install/setup.ps1'
[1.611s] INFO:colcon.colcon_core.shell:Creating prefix script '/home/kol/Documents/ros_workstation/Control/Arm/install/local_setup.sh'
[1.611s] INFO:colcon.colcon_core.shell:Creating prefix util module '/home/kol/Documents/ros_workstation/Control/Arm/install/_local_setup_util_sh.py'
[1.612s] INFO:colcon.colcon_core.shell:Creating prefix chain script '/home/kol/Documents/ros_workstation/Control/Arm/install/setup.sh'
[1.614s] INFO:colcon.colcon_core.shell:Creating prefix script '/home/kol/Documents/ros_workstation/Control/Arm/install/local_setup.bash'
[1.614s] INFO:colcon.colcon_core.shell:Creating prefix chain script '/home/kol/Documents/ros_workstation/Control/Arm/install/setup.bash'
[1.615s] INFO:colcon.colcon_core.shell:Creating prefix script '/home/kol/Documents/ros_workstation/Control/Arm/install/local_setup.zsh'
[1.616s] INFO:colcon.colcon_core.shell:Creating prefix chain script '/home/kol/Documents/ros_workstation/Control/Arm/install/setup.zsh'
