[0.012s] Invoking command in '/home/kol/Documents/ros_workstation/pipebot/src/build/pipebot': CMAKE_PREFIX_PATH=${CMAKE_PREFIX_PATH}:/opt/ros/humble /usr/bin/cmake /home/kol/Documents/ros_workstation/pipebot/src/pipebot -DCMAKE_INSTALL_PREFIX=/home/kol/Documents/ros_workstation/pipebot/src/install/pipebot
[0.083s] -- The C compiler identification is GNU 11.4.0
[0.166s] -- The CXX compiler identification is GNU 11.4.0
[0.176s] -- Detecting C compiler ABI info
[0.271s] -- Detecting C compiler ABI info - done
[0.282s] -- Check for working C compiler: /usr/bin/cc - skipped
[0.282s] -- Detecting C compile features
[0.283s] -- Detecting C compile features - done
[0.288s] -- Detecting CXX compiler ABI info
[0.403s] -- Detecting CXX compiler ABI info - done
[0.418s] -- Check for working CXX compiler: /usr/bin/c++ - skipped
[0.418s] -- Detecting CXX compile features
[0.419s] -- Detecting CXX compile features - done
[0.423s] -- Found ament_cmake: 1.3.11 (/opt/ros/humble/share/ament_cmake/cmake)
[0.628s] -- Found Python3: /usr/bin/python3 (found version "3.10.12") found components: Interpreter 
[0.761s] -- Found ament_lint_auto: 0.12.12 (/opt/ros/humble/share/ament_lint_auto/cmake)
[0.879s] -- Added test 'flake8' to check Python code syntax and style conventions
[0.880s] -- Added test 'lint_cmake' to check CMake code style
[0.881s] -- Added test 'pep257' to check Python code against some of the docstring style conventions in PEP 257
[0.883s] -- Added test 'xmllint' to check XML markup files
[0.884s] -- Configuring done
[0.889s] -- Generating done
[0.891s] -- Build files have been written to: /home/kol/Documents/ros_workstation/pipebot/src/build/pipebot
[0.897s] Invoked command in '/home/kol/Documents/ros_workstation/pipebot/src/build/pipebot' returned '0': CMAKE_PREFIX_PATH=${CMAKE_PREFIX_PATH}:/opt/ros/humble /usr/bin/cmake /home/kol/Documents/ros_workstation/pipebot/src/pipebot -DCMAKE_INSTALL_PREFIX=/home/kol/Documents/ros_workstation/pipebot/src/install/pipebot
[0.899s] Invoking command in '/home/kol/Documents/ros_workstation/pipebot/src/build/pipebot': CMAKE_PREFIX_PATH=${CMAKE_PREFIX_PATH}:/opt/ros/humble /usr/bin/cmake --build /home/kol/Documents/ros_workstation/pipebot/src/build/pipebot -- -j4 -l4
[0.952s] Invoked command in '/home/kol/Documents/ros_workstation/pipebot/src/build/pipebot' returned '0': CMAKE_PREFIX_PATH=${CMAKE_PREFIX_PATH}:/opt/ros/humble /usr/bin/cmake --build /home/kol/Documents/ros_workstation/pipebot/src/build/pipebot -- -j4 -l4
[0.965s] Invoking command in '/home/kol/Documents/ros_workstation/pipebot/src/build/pipebot': CMAKE_PREFIX_PATH=${CMAKE_PREFIX_PATH}:/opt/ros/humble /usr/bin/cmake --install /home/kol/Documents/ros_workstation/pipebot/src/build/pipebot
[0.976s] -- Install configuration: ""
[0.976s] -- Installing: /home/kol/Documents/ros_workstation/pipebot/src/install/pipebot/share/pipebot/launch
[0.976s] -- Installing: /home/kol/Documents/ros_workstation/pipebot/src/install/pipebot/share/pipebot/launch/sim.launch.py
[0.976s] -- Installing: /home/kol/Documents/ros_workstation/pipebot/src/install/pipebot/share/pipebot/launch/rsp.launch.py
[0.976s] -- Installing: /home/kol/Documents/ros_workstation/pipebot/src/install/pipebot/share/pipebot/launch/__pycache__
[0.977s] -- Installing: /home/kol/Documents/ros_workstation/pipebot/src/install/pipebot/share/pipebot/launch/__pycache__/sim.launch.d.er
[0.977s] -- Installing: /home/kol/Documents/ros_workstation/pipebot/src/install/pipebot/share/pipebot/launch/__pycache__/rsp.launch.d.er
[0.977s] -- Installing: /home/kol/Documents/ros_workstation/pipebot/src/install/pipebot/share/pipebot/pipebot
[0.977s] -- Installing: /home/kol/Documents/ros_workstation/pipebot/src/install/pipebot/share/pipebot/pipebot/robot.urdf.xacro
[0.977s] -- Installing: /home/kol/Documents/ros_workstation/pipebot/src/install/pipebot/share/pipebot/pipebot/assets
[0.977s] -- Installing: /home/kol/Documents/ros_workstation/pipebot/src/install/pipebot/share/pipebot/pipebot/assets/part_2.part
[0.978s] -- Installing: /home/kol/Documents/ros_workstation/pipebot/src/install/pipebot/share/pipebot/pipebot/assets/part_1.stl
[0.978s] -- Installing: /home/kol/Documents/ros_workstation/pipebot/src/install/pipebot/share/pipebot/pipebot/assets/part_3.stl
[0.978s] -- Installing: /home/kol/Documents/ros_workstation/pipebot/src/install/pipebot/share/pipebot/pipebot/assets/part_2.stl
[0.978s] -- Installing: /home/kol/Documents/ros_workstation/pipebot/src/install/pipebot/share/pipebot/pipebot/assets/part_3.part
[0.978s] -- Installing: /home/kol/Documents/ros_workstation/pipebot/src/install/pipebot/share/pipebot/pipebot/assets/part_1.part
[0.979s] -- Installing: /home/kol/Documents/ros_workstation/pipebot/src/install/pipebot/share/pipebot/pipebot/config.json
[0.979s] -- Installing: /home/kol/Documents/ros_workstation/pipebot/src/install/pipebot/share/ament_index/resource_index/package_run_dependencies/pipebot
[0.979s] -- Installing: /home/kol/Documents/ros_workstation/pipebot/src/install/pipebot/share/ament_index/resource_index/parent_prefix_path/pipebot
[0.979s] -- Installing: /home/kol/Documents/ros_workstation/pipebot/src/install/pipebot/share/pipebot/environment/ament_prefix_path.sh
[0.979s] -- Installing: /home/kol/Documents/ros_workstation/pipebot/src/install/pipebot/share/pipebot/environment/ament_prefix_path.dsv
[0.980s] -- Installing: /home/kol/Documents/ros_workstation/pipebot/src/install/pipebot/share/pipebot/environment/path.sh
[0.980s] -- Installing: /home/kol/Documents/ros_workstation/pipebot/src/install/pipebot/share/pipebot/environment/path.dsv
[0.980s] -- Installing: /home/kol/Documents/ros_workstation/pipebot/src/install/pipebot/share/pipebot/local_setup.bash
[0.980s] -- Installing: /home/kol/Documents/ros_workstation/pipebot/src/install/pipebot/share/pipebot/local_setup.sh
[0.981s] -- Installing: /home/kol/Documents/ros_workstation/pipebot/src/install/pipebot/share/pipebot/local_setup.zsh
[0.981s] -- Installing: /home/kol/Documents/ros_workstation/pipebot/src/install/pipebot/share/pipebot/local_setup.dsv
[0.981s] -- Installing: /home/kol/Documents/ros_workstation/pipebot/src/install/pipebot/share/pipebot/package.dsv
[0.981s] -- Installing: /home/kol/Documents/ros_workstation/pipebot/src/install/pipebot/share/ament_index/resource_index/packages/pipebot
[0.982s] -- Installing: /home/kol/Documents/ros_workstation/pipebot/src/install/pipebot/share/pipebot/cmake/pipebotConfig.cmake
[0.982s] -- Installing: /home/kol/Documents/ros_workstation/pipebot/src/install/pipebot/share/pipebot/cmake/pipebotConfig-version.cmake
[0.982s] -- Installing: /home/kol/Documents/ros_workstation/pipebot/src/install/pipebot/share/pipebot/package.xml
[0.985s] Invoked command in '/home/kol/Documents/ros_workstation/pipebot/src/build/pipebot' returned '0': CMAKE_PREFIX_PATH=${CMAKE_PREFIX_PATH}:/opt/ros/humble /usr/bin/cmake --install /home/kol/Documents/ros_workstation/pipebot/src/build/pipebot
