[0.341s] DEBUG:colcon:Command line arguments: ['/usr/bin/colcon', 'build']
[0.341s] DEBUG:colcon:Parsed command line arguments: Namespace(log_base=None, log_level=None, verb_name='build', build_base='build', install_base='install', merge_install=False, symlink_install=False, test_result_base=None, continue_on_error=False, executor='parallel', parallel_workers=4, event_handlers=None, ignore_user_meta=False, metas=['./colcon.meta'], base_paths=['.'], packages_ignore=None, packages_ignore_regex=None, paths=None, packages_up_to=None, packages_up_to_regex=None, packages_above=None, packages_above_and_dependencies=None, packages_above_depth=None, packages_select_by_dep=None, packages_skip_by_dep=None, packages_skip_up_to=None, packages_select_build_failed=False, packages_skip_build_finished=False, packages_select_test_failures=False, packages_skip_test_passed=False, packages_select=None, packages_skip=None, packages_select_regex=None, packages_skip_regex=None, packages_start=None, packages_end=None, allow_overriding=[], cmake_args=None, cmake_target=None, cmake_target_skip_unavailable=False, cmake_clean_cache=False, cmake_clean_first=False, cmake_force_configure=False, ament_cmake_args=None, catkin_cmake_args=None, catkin_skip_building_tests=False, mixin_files=None, mixin=None, verb_parser=<colcon_mixin.mixin.mixin_argument.MixinArgumentDecorator object at 0x7ba534791a50>, verb_extension=<colcon_core.verb.build.BuildVerb object at 0x7ba534791450>, main=<bound method BuildVerb.main of <colcon_core.verb.build.BuildVerb object at 0x7ba534791450>>, mixin_verb=('build',))
[0.975s] Level 1:colcon.colcon_core.package_discovery:discover_packages(colcon_meta) check parameters
[0.976s] Level 1:colcon.colcon_core.package_discovery:discover_packages(recursive) check parameters
[0.976s] Level 1:colcon.colcon_core.package_discovery:discover_packages(ignore) check parameters
[0.976s] Level 1:colcon.colcon_core.package_discovery:discover_packages(path) check parameters
[0.976s] Level 1:colcon.colcon_core.package_discovery:discover_packages(colcon_meta) discover
[0.976s] Level 1:colcon.colcon_core.package_discovery:discover_packages(recursive) discover
[0.976s] INFO:colcon.colcon_core.package_discovery:Crawling recursively for packages in '/home/kol/Documents/ros_workstation/ArmBots/ArmBot_1'
[0.976s] Level 1:colcon.colcon_core.package_identification:_identify(.) by extensions ['ignore', 'ignore_ament_install']
[0.977s] Level 1:colcon.colcon_core.package_identification:_identify(.) by extension 'ignore'
[0.977s] Level 1:colcon.colcon_core.package_identification:_identify(.) by extension 'ignore_ament_install'
[0.977s] Level 1:colcon.colcon_core.package_identification:_identify(.) by extensions ['colcon_pkg']
[0.977s] Level 1:colcon.colcon_core.package_identification:_identify(.) by extension 'colcon_pkg'
[0.977s] Level 1:colcon.colcon_core.package_identification:_identify(.) by extensions ['colcon_meta']
[0.977s] Level 1:colcon.colcon_core.package_identification:_identify(.) by extension 'colcon_meta'
[0.977s] Level 1:colcon.colcon_core.package_identification:_identify(.) by extensions ['ros']
[0.977s] Level 1:colcon.colcon_core.package_identification:_identify(.) by extension 'ros'
[1.010s] Level 1:colcon.colcon_core.package_identification:_identify(.) by extensions ['cmake', 'python']
[1.010s] Level 1:colcon.colcon_core.package_identification:_identify(.) by extension 'cmake'
[1.010s] Level 1:colcon.colcon_core.package_identification:_identify(.) by extension 'python'
[1.010s] Level 1:colcon.colcon_core.package_identification:_identify(.) by extensions ['python_setup_py']
[1.010s] Level 1:colcon.colcon_core.package_identification:_identify(.) by extension 'python_setup_py'
[1.010s] Level 1:colcon.colcon_core.package_identification:_identify(build) by extensions ['ignore', 'ignore_ament_install']
[1.011s] Level 1:colcon.colcon_core.package_identification:_identify(build) by extension 'ignore'
[1.011s] Level 1:colcon.colcon_core.package_identification:_identify(build) ignored
[1.011s] Level 1:colcon.colcon_core.package_identification:_identify(install) by extensions ['ignore', 'ignore_ament_install']
[1.011s] Level 1:colcon.colcon_core.package_identification:_identify(install) by extension 'ignore'
[1.011s] Level 1:colcon.colcon_core.package_identification:_identify(install) ignored
[1.011s] Level 1:colcon.colcon_core.package_identification:_identify(log) by extensions ['ignore', 'ignore_ament_install']
[1.012s] Level 1:colcon.colcon_core.package_identification:_identify(log) by extension 'ignore'
[1.012s] Level 1:colcon.colcon_core.package_identification:_identify(log) ignored
[1.012s] Level 1:colcon.colcon_core.package_identification:_identify(src) by extensions ['ignore', 'ignore_ament_install']
[1.012s] Level 1:colcon.colcon_core.package_identification:_identify(src) by extension 'ignore'
[1.012s] Level 1:colcon.colcon_core.package_identification:_identify(src) by extension 'ignore_ament_install'
[1.012s] Level 1:colcon.colcon_core.package_identification:_identify(src) by extensions ['colcon_pkg']
[1.012s] Level 1:colcon.colcon_core.package_identification:_identify(src) by extension 'colcon_pkg'
[1.012s] Level 1:colcon.colcon_core.package_identification:_identify(src) by extensions ['colcon_meta']
[1.012s] Level 1:colcon.colcon_core.package_identification:_identify(src) by extension 'colcon_meta'
[1.012s] Level 1:colcon.colcon_core.package_identification:_identify(src) by extensions ['ros']
[1.012s] Level 1:colcon.colcon_core.package_identification:_identify(src) by extension 'ros'
[1.013s] Level 1:colcon.colcon_core.package_identification:_identify(src) by extensions ['cmake', 'python']
[1.013s] Level 1:colcon.colcon_core.package_identification:_identify(src) by extension 'cmake'
[1.013s] Level 1:colcon.colcon_core.package_identification:_identify(src) by extension 'python'
[1.013s] Level 1:colcon.colcon_core.package_identification:_identify(src) by extensions ['python_setup_py']
[1.013s] Level 1:colcon.colcon_core.package_identification:_identify(src) by extension 'python_setup_py'
[1.013s] Level 1:colcon.colcon_core.package_identification:_identify(src/boilerplate) by extensions ['ignore', 'ignore_ament_install']
[1.013s] Level 1:colcon.colcon_core.package_identification:_identify(src/boilerplate) by extension 'ignore'
[1.013s] Level 1:colcon.colcon_core.package_identification:_identify(src/boilerplate) by extension 'ignore_ament_install'
[1.013s] Level 1:colcon.colcon_core.package_identification:_identify(src/boilerplate) by extensions ['colcon_pkg']
[1.014s] Level 1:colcon.colcon_core.package_identification:_identify(src/boilerplate) by extension 'colcon_pkg'
[1.014s] Level 1:colcon.colcon_core.package_identification:_identify(src/boilerplate) by extensions ['colcon_meta']
[1.014s] Level 1:colcon.colcon_core.package_identification:_identify(src/boilerplate) by extension 'colcon_meta'
[1.014s] Level 1:colcon.colcon_core.package_identification:_identify(src/boilerplate) by extensions ['ros']
[1.014s] Level 1:colcon.colcon_core.package_identification:_identify(src/boilerplate) by extension 'ros'
[1.024s] DEBUG:colcon.colcon_core.package_identification:Package 'src/boilerplate' with type 'ros.ament_cmake' and name 'boilerplate'
[1.024s] Level 1:colcon.colcon_core.package_identification:_identify(src/robotcontroller) by extensions ['ignore', 'ignore_ament_install']
[1.024s] Level 1:colcon.colcon_core.package_identification:_identify(src/robotcontroller) by extension 'ignore'
[1.024s] Level 1:colcon.colcon_core.package_identification:_identify(src/robotcontroller) by extension 'ignore_ament_install'
[1.024s] Level 1:colcon.colcon_core.package_identification:_identify(src/robotcontroller) by extensions ['colcon_pkg']
[1.024s] Level 1:colcon.colcon_core.package_identification:_identify(src/robotcontroller) by extension 'colcon_pkg'
[1.024s] Level 1:colcon.colcon_core.package_identification:_identify(src/robotcontroller) by extensions ['colcon_meta']
[1.024s] Level 1:colcon.colcon_core.package_identification:_identify(src/robotcontroller) by extension 'colcon_meta'
[1.025s] Level 1:colcon.colcon_core.package_identification:_identify(src/robotcontroller) by extensions ['ros']
[1.025s] Level 1:colcon.colcon_core.package_identification:_identify(src/robotcontroller) by extension 'ros'
[1.026s] DEBUG:colcon.colcon_core.package_identification:Package 'src/robotcontroller' with type 'ros.ament_cmake' and name 'robotcontroller'
[1.026s] Level 1:colcon.colcon_core.package_discovery:discover_packages(recursive) using defaults
[1.026s] Level 1:colcon.colcon_core.package_discovery:discover_packages(ignore) discover
[1.026s] Level 1:colcon.colcon_core.package_discovery:discover_packages(ignore) using defaults
[1.027s] Level 1:colcon.colcon_core.package_discovery:discover_packages(path) discover
[1.027s] Level 1:colcon.colcon_core.package_discovery:discover_packages(path) using defaults
[1.082s] Level 1:colcon.colcon_core.package_discovery:discover_packages(prefix_path) check parameters
[1.082s] Level 1:colcon.colcon_core.package_discovery:discover_packages(prefix_path) discover
[1.087s] DEBUG:colcon.colcon_installed_package_information.package_discovery:Found 2 installed packages in /home/kol/Documents/ros_workstation/ArmBots/ArmBot_1/install
[1.091s] DEBUG:colcon.colcon_installed_package_information.package_discovery:Found 382 installed packages in /opt/ros/humble
[1.097s] Level 1:colcon.colcon_core.package_discovery:discover_packages(prefix_path) using defaults
[1.248s] Level 5:colcon.colcon_core.verb:set package 'boilerplate' build argument 'cmake_args' from command line to 'None'
[1.248s] Level 5:colcon.colcon_core.verb:set package 'boilerplate' build argument 'cmake_target' from command line to 'None'
[1.248s] Level 5:colcon.colcon_core.verb:set package 'boilerplate' build argument 'cmake_target_skip_unavailable' from command line to 'False'
[1.248s] Level 5:colcon.colcon_core.verb:set package 'boilerplate' build argument 'cmake_clean_cache' from command line to 'False'
[1.249s] Level 5:colcon.colcon_core.verb:set package 'boilerplate' build argument 'cmake_clean_first' from command line to 'False'
[1.249s] Level 5:colcon.colcon_core.verb:set package 'boilerplate' build argument 'cmake_force_configure' from command line to 'False'
[1.249s] Level 5:colcon.colcon_core.verb:set package 'boilerplate' build argument 'ament_cmake_args' from command line to 'None'
[1.249s] Level 5:colcon.colcon_core.verb:set package 'boilerplate' build argument 'catkin_cmake_args' from command line to 'None'
[1.249s] Level 5:colcon.colcon_core.verb:set package 'boilerplate' build argument 'catkin_skip_building_tests' from command line to 'False'
[1.249s] DEBUG:colcon.colcon_core.verb:Building package 'boilerplate' with the following arguments: {'ament_cmake_args': None, 'build_base': '/home/kol/Documents/ros_workstation/ArmBots/ArmBot_1/build/boilerplate', 'catkin_cmake_args': None, 'catkin_skip_building_tests': False, 'cmake_args': None, 'cmake_clean_cache': False, 'cmake_clean_first': False, 'cmake_force_configure': False, 'cmake_target': None, 'cmake_target_skip_unavailable': False, 'install_base': '/home/kol/Documents/ros_workstation/ArmBots/ArmBot_1/install/boilerplate', 'merge_install': False, 'path': '/home/kol/Documents/ros_workstation/ArmBots/ArmBot_1/src/boilerplate', 'symlink_install': False, 'test_result_base': None}
[1.250s] Level 5:colcon.colcon_core.verb:set package 'robotcontroller' build argument 'cmake_args' from command line to 'None'
[1.250s] Level 5:colcon.colcon_core.verb:set package 'robotcontroller' build argument 'cmake_target' from command line to 'None'
[1.250s] Level 5:colcon.colcon_core.verb:set package 'robotcontroller' build argument 'cmake_target_skip_unavailable' from command line to 'False'
[1.250s] Level 5:colcon.colcon_core.verb:set package 'robotcontroller' build argument 'cmake_clean_cache' from command line to 'False'
[1.250s] Level 5:colcon.colcon_core.verb:set package 'robotcontroller' build argument 'cmake_clean_first' from command line to 'False'
[1.250s] Level 5:colcon.colcon_core.verb:set package 'robotcontroller' build argument 'cmake_force_configure' from command line to 'False'
[1.250s] Level 5:colcon.colcon_core.verb:set package 'robotcontroller' build argument 'ament_cmake_args' from command line to 'None'
[1.250s] Level 5:colcon.colcon_core.verb:set package 'robotcontroller' build argument 'catkin_cmake_args' from command line to 'None'
[1.250s] Level 5:colcon.colcon_core.verb:set package 'robotcontroller' build argument 'catkin_skip_building_tests' from command line to 'False'
[1.251s] DEBUG:colcon.colcon_core.verb:Building package 'robotcontroller' with the following arguments: {'ament_cmake_args': None, 'build_base': '/home/kol/Documents/ros_workstation/ArmBots/ArmBot_1/build/robotcontroller', 'catkin_cmake_args': None, 'catkin_skip_building_tests': False, 'cmake_args': None, 'cmake_clean_cache': False, 'cmake_clean_first': False, 'cmake_force_configure': False, 'cmake_target': None, 'cmake_target_skip_unavailable': False, 'install_base': '/home/kol/Documents/ros_workstation/ArmBots/ArmBot_1/install/robotcontroller', 'merge_install': False, 'path': '/home/kol/Documents/ros_workstation/ArmBots/ArmBot_1/src/robotcontroller', 'symlink_install': False, 'test_result_base': None}
[1.251s] INFO:colcon.colcon_core.executor:Executing jobs using 'parallel' executor
[1.253s] DEBUG:colcon.colcon_parallel_executor.executor.parallel:run_until_complete
[1.253s] INFO:colcon.colcon_ros.task.ament_cmake.build:Building ROS package in '/home/kol/Documents/ros_workstation/ArmBots/ArmBot_1/src/boilerplate' with build type 'ament_cmake'
[1.253s] INFO:colcon.colcon_cmake.task.cmake.build:Building CMake package in '/home/kol/Documents/ros_workstation/ArmBots/ArmBot_1/src/boilerplate'
[1.259s] INFO:colcon.colcon_core.plugin_system:Skipping extension 'colcon_core.shell.bat': Not used on non-Windows systems
[1.259s] INFO:colcon.colcon_core.shell:Skip shell extension 'powershell' for command environment: Not usable outside of PowerShell
[1.259s] DEBUG:colcon.colcon_core.shell:Skip shell extension 'dsv' for command environment
[1.268s] INFO:colcon.colcon_ros.task.ament_cmake.build:Building ROS package in '/home/kol/Documents/ros_workstation/ArmBots/ArmBot_1/src/robotcontroller' with build type 'ament_cmake'
[1.268s] INFO:colcon.colcon_cmake.task.cmake.build:Building CMake package in '/home/kol/Documents/ros_workstation/ArmBots/ArmBot_1/src/robotcontroller'
[1.269s] INFO:colcon.colcon_core.shell:Skip shell extension 'powershell' for command environment: Not usable outside of PowerShell
[1.269s] DEBUG:colcon.colcon_core.shell:Skip shell extension 'dsv' for command environment
[1.288s] DEBUG:colcon.colcon_core.event_handler.log_command:Invoking command in '/home/kol/Documents/ros_workstation/ArmBots/ArmBot_1/build/boilerplate': CMAKE_PREFIX_PATH=${CMAKE_PREFIX_PATH}:/opt/ros/humble /usr/bin/cmake --build /home/kol/Documents/ros_workstation/ArmBots/ArmBot_1/build/boilerplate -- -j4 -l4
[1.311s] DEBUG:colcon.colcon_core.event_handler.log_command:Invoking command in '/home/kol/Documents/ros_workstation/ArmBots/ArmBot_1/build/robotcontroller': CMAKE_PREFIX_PATH=${CMAKE_PREFIX_PATH}:/opt/ros/humble /usr/bin/cmake --build /home/kol/Documents/ros_workstation/ArmBots/ArmBot_1/build/robotcontroller -- -j4 -l4
[1.411s] DEBUG:colcon.colcon_core.event_handler.log_command:Invoked command in '/home/kol/Documents/ros_workstation/ArmBots/ArmBot_1/build/boilerplate' returned '0': CMAKE_PREFIX_PATH=${CMAKE_PREFIX_PATH}:/opt/ros/humble /usr/bin/cmake --build /home/kol/Documents/ros_workstation/ArmBots/ArmBot_1/build/boilerplate -- -j4 -l4
[1.441s] DEBUG:colcon.colcon_core.event_handler.log_command:Invoking command in '/home/kol/Documents/ros_workstation/ArmBots/ArmBot_1/build/boilerplate': CMAKE_PREFIX_PATH=${CMAKE_PREFIX_PATH}:/opt/ros/humble /usr/bin/cmake --install /home/kol/Documents/ros_workstation/ArmBots/ArmBot_1/build/boilerplate
[1.477s] Level 1:colcon.colcon_core.environment:create_environment_scripts_only(boilerplate)
[1.489s] DEBUG:colcon.colcon_core.event_handler.log_command:Invoked command in '/home/kol/Documents/ros_workstation/ArmBots/ArmBot_1/build/boilerplate' returned '0': CMAKE_PREFIX_PATH=${CMAKE_PREFIX_PATH}:/opt/ros/humble /usr/bin/cmake --install /home/kol/Documents/ros_workstation/ArmBots/ArmBot_1/build/boilerplate
[1.493s] Level 1:colcon.colcon_core.environment:checking '/home/kol/Documents/ros_workstation/ArmBots/ArmBot_1/install/boilerplate' for CMake module files
[1.498s] Level 1:colcon.colcon_core.environment:checking '/home/kol/Documents/ros_workstation/ArmBots/ArmBot_1/install/boilerplate' for CMake config files
[1.500s] Level 1:colcon.colcon_core.shell:create_environment_hook('boilerplate', 'cmake_prefix_path')
[1.501s] INFO:colcon.colcon_core.shell:Creating environment hook '/home/kol/Documents/ros_workstation/ArmBots/ArmBot_1/install/boilerplate/share/boilerplate/hook/cmake_prefix_path.ps1'
[1.504s] INFO:colcon.colcon_core.shell:Creating environment descriptor '/home/kol/Documents/ros_workstation/ArmBots/ArmBot_1/install/boilerplate/share/boilerplate/hook/cmake_prefix_path.dsv'
[1.505s] INFO:colcon.colcon_core.shell:Creating environment hook '/home/kol/Documents/ros_workstation/ArmBots/ArmBot_1/install/boilerplate/share/boilerplate/hook/cmake_prefix_path.sh'
[1.507s] Level 1:colcon.colcon_core.environment:checking '/home/kol/Documents/ros_workstation/ArmBots/ArmBot_1/install/boilerplate/bin'
[1.507s] Level 1:colcon.colcon_core.environment:checking '/home/kol/Documents/ros_workstation/ArmBots/ArmBot_1/install/boilerplate/lib/pkgconfig/boilerplate.pc'
[1.508s] Level 1:colcon.colcon_core.environment:checking '/home/kol/Documents/ros_workstation/ArmBots/ArmBot_1/install/boilerplate/lib/python3.10/site-packages'
[1.508s] Level 1:colcon.colcon_core.environment:checking '/home/kol/Documents/ros_workstation/ArmBots/ArmBot_1/install/boilerplate/bin'
[1.509s] INFO:colcon.colcon_core.shell:Creating package script '/home/kol/Documents/ros_workstation/ArmBots/ArmBot_1/install/boilerplate/share/boilerplate/package.ps1'
[1.514s] INFO:colcon.colcon_core.shell:Creating package descriptor '/home/kol/Documents/ros_workstation/ArmBots/ArmBot_1/install/boilerplate/share/boilerplate/package.dsv'
[1.516s] INFO:colcon.colcon_core.shell:Creating package script '/home/kol/Documents/ros_workstation/ArmBots/ArmBot_1/install/boilerplate/share/boilerplate/package.sh'
[1.519s] INFO:colcon.colcon_core.shell:Creating package script '/home/kol/Documents/ros_workstation/ArmBots/ArmBot_1/install/boilerplate/share/boilerplate/package.bash'
[1.522s] INFO:colcon.colcon_core.shell:Creating package script '/home/kol/Documents/ros_workstation/ArmBots/ArmBot_1/install/boilerplate/share/boilerplate/package.zsh'
[1.523s] Level 1:colcon.colcon_core.environment:create_file_with_runtime_dependencies(/home/kol/Documents/ros_workstation/ArmBots/ArmBot_1/install/boilerplate/share/colcon-core/packages/boilerplate)
[1.525s] Level 1:colcon.colcon_core.environment:create_environment_scripts_only(boilerplate)
[1.525s] Level 1:colcon.colcon_core.environment:checking '/home/kol/Documents/ros_workstation/ArmBots/ArmBot_1/install/boilerplate' for CMake module files
[1.526s] Level 1:colcon.colcon_core.environment:checking '/home/kol/Documents/ros_workstation/ArmBots/ArmBot_1/install/boilerplate' for CMake config files
[1.527s] Level 1:colcon.colcon_core.shell:create_environment_hook('boilerplate', 'cmake_prefix_path')
[1.529s] INFO:colcon.colcon_core.shell:Creating environment hook '/home/kol/Documents/ros_workstation/ArmBots/ArmBot_1/install/boilerplate/share/boilerplate/hook/cmake_prefix_path.ps1'
[1.532s] INFO:colcon.colcon_core.shell:Creating environment descriptor '/home/kol/Documents/ros_workstation/ArmBots/ArmBot_1/install/boilerplate/share/boilerplate/hook/cmake_prefix_path.dsv'
[1.533s] INFO:colcon.colcon_core.shell:Creating environment hook '/home/kol/Documents/ros_workstation/ArmBots/ArmBot_1/install/boilerplate/share/boilerplate/hook/cmake_prefix_path.sh'
[1.535s] Level 1:colcon.colcon_core.environment:checking '/home/kol/Documents/ros_workstation/ArmBots/ArmBot_1/install/boilerplate/bin'
[1.536s] Level 1:colcon.colcon_core.environment:checking '/home/kol/Documents/ros_workstation/ArmBots/ArmBot_1/install/boilerplate/lib/pkgconfig/boilerplate.pc'
[1.537s] Level 1:colcon.colcon_core.environment:checking '/home/kol/Documents/ros_workstation/ArmBots/ArmBot_1/install/boilerplate/lib/python3.10/site-packages'
[1.537s] Level 1:colcon.colcon_core.environment:checking '/home/kol/Documents/ros_workstation/ArmBots/ArmBot_1/install/boilerplate/bin'
[1.538s] INFO:colcon.colcon_core.shell:Creating package script '/home/kol/Documents/ros_workstation/ArmBots/ArmBot_1/install/boilerplate/share/boilerplate/package.ps1'
[1.539s] INFO:colcon.colcon_core.shell:Creating package descriptor '/home/kol/Documents/ros_workstation/ArmBots/ArmBot_1/install/boilerplate/share/boilerplate/package.dsv'
[1.540s] INFO:colcon.colcon_core.shell:Creating package script '/home/kol/Documents/ros_workstation/ArmBots/ArmBot_1/install/boilerplate/share/boilerplate/package.sh'
[1.541s] INFO:colcon.colcon_core.shell:Creating package script '/home/kol/Documents/ros_workstation/ArmBots/ArmBot_1/install/boilerplate/share/boilerplate/package.bash'
[1.542s] INFO:colcon.colcon_core.shell:Creating package script '/home/kol/Documents/ros_workstation/ArmBots/ArmBot_1/install/boilerplate/share/boilerplate/package.zsh'
[1.543s] Level 1:colcon.colcon_core.environment:create_file_with_runtime_dependencies(/home/kol/Documents/ros_workstation/ArmBots/ArmBot_1/install/boilerplate/share/colcon-core/packages/boilerplate)
[15.177s] DEBUG:colcon.colcon_core.event_handler.log_command:Invoked command in '/home/kol/Documents/ros_workstation/ArmBots/ArmBot_1/build/robotcontroller' returned '0': CMAKE_PREFIX_PATH=${CMAKE_PREFIX_PATH}:/opt/ros/humble /usr/bin/cmake --build /home/kol/Documents/ros_workstation/ArmBots/ArmBot_1/build/robotcontroller -- -j4 -l4
[15.183s] DEBUG:colcon.colcon_core.event_handler.log_command:Invoking command in '/home/kol/Documents/ros_workstation/ArmBots/ArmBot_1/build/robotcontroller': CMAKE_PREFIX_PATH=${CMAKE_PREFIX_PATH}:/opt/ros/humble /usr/bin/cmake --install /home/kol/Documents/ros_workstation/ArmBots/ArmBot_1/build/robotcontroller
[15.219s] Level 1:colcon.colcon_core.environment:create_environment_scripts_only(robotcontroller)
[15.220s] Level 1:colcon.colcon_core.environment:checking '/home/kol/Documents/ros_workstation/ArmBots/ArmBot_1/install/robotcontroller' for CMake module files
[15.221s] DEBUG:colcon.colcon_core.event_handler.log_command:Invoked command in '/home/kol/Documents/ros_workstation/ArmBots/ArmBot_1/build/robotcontroller' returned '0': CMAKE_PREFIX_PATH=${CMAKE_PREFIX_PATH}:/opt/ros/humble /usr/bin/cmake --install /home/kol/Documents/ros_workstation/ArmBots/ArmBot_1/build/robotcontroller
[15.222s] Level 1:colcon.colcon_core.environment:checking '/home/kol/Documents/ros_workstation/ArmBots/ArmBot_1/install/robotcontroller' for CMake config files
[15.225s] Level 1:colcon.colcon_core.shell:create_environment_hook('robotcontroller', 'cmake_prefix_path')
[15.227s] INFO:colcon.colcon_core.shell:Creating environment hook '/home/kol/Documents/ros_workstation/ArmBots/ArmBot_1/install/robotcontroller/share/robotcontroller/hook/cmake_prefix_path.ps1'
[15.229s] INFO:colcon.colcon_core.shell:Creating environment descriptor '/home/kol/Documents/ros_workstation/ArmBots/ArmBot_1/install/robotcontroller/share/robotcontroller/hook/cmake_prefix_path.dsv'
[15.231s] INFO:colcon.colcon_core.shell:Creating environment hook '/home/kol/Documents/ros_workstation/ArmBots/ArmBot_1/install/robotcontroller/share/robotcontroller/hook/cmake_prefix_path.sh'
[15.232s] Level 1:colcon.colcon_core.environment:checking '/home/kol/Documents/ros_workstation/ArmBots/ArmBot_1/install/robotcontroller/lib'
[15.233s] Level 1:colcon.colcon_core.environment:checking '/home/kol/Documents/ros_workstation/ArmBots/ArmBot_1/install/robotcontroller/bin'
[15.233s] Level 1:colcon.colcon_core.environment:checking '/home/kol/Documents/ros_workstation/ArmBots/ArmBot_1/install/robotcontroller/lib/pkgconfig/robotcontroller.pc'
[15.234s] Level 1:colcon.colcon_core.environment:checking '/home/kol/Documents/ros_workstation/ArmBots/ArmBot_1/install/robotcontroller/lib/python3.10/site-packages'
[15.234s] Level 1:colcon.colcon_core.environment:checking '/home/kol/Documents/ros_workstation/ArmBots/ArmBot_1/install/robotcontroller/bin'
[15.235s] INFO:colcon.colcon_core.shell:Creating package script '/home/kol/Documents/ros_workstation/ArmBots/ArmBot_1/install/robotcontroller/share/robotcontroller/package.ps1'
[15.236s] INFO:colcon.colcon_core.shell:Creating package descriptor '/home/kol/Documents/ros_workstation/ArmBots/ArmBot_1/install/robotcontroller/share/robotcontroller/package.dsv'
[15.237s] INFO:colcon.colcon_core.shell:Creating package script '/home/kol/Documents/ros_workstation/ArmBots/ArmBot_1/install/robotcontroller/share/robotcontroller/package.sh'
[15.239s] INFO:colcon.colcon_core.shell:Creating package script '/home/kol/Documents/ros_workstation/ArmBots/ArmBot_1/install/robotcontroller/share/robotcontroller/package.bash'
[15.243s] INFO:colcon.colcon_core.shell:Creating package script '/home/kol/Documents/ros_workstation/ArmBots/ArmBot_1/install/robotcontroller/share/robotcontroller/package.zsh'
[15.246s] Level 1:colcon.colcon_core.environment:create_file_with_runtime_dependencies(/home/kol/Documents/ros_workstation/ArmBots/ArmBot_1/install/robotcontroller/share/colcon-core/packages/robotcontroller)
[15.247s] Level 1:colcon.colcon_core.environment:create_environment_scripts_only(robotcontroller)
[15.247s] Level 1:colcon.colcon_core.environment:checking '/home/kol/Documents/ros_workstation/ArmBots/ArmBot_1/install/robotcontroller' for CMake module files
[15.248s] Level 1:colcon.colcon_core.environment:checking '/home/kol/Documents/ros_workstation/ArmBots/ArmBot_1/install/robotcontroller' for CMake config files
[15.249s] Level 1:colcon.colcon_core.shell:create_environment_hook('robotcontroller', 'cmake_prefix_path')
[15.249s] INFO:colcon.colcon_core.shell:Creating environment hook '/home/kol/Documents/ros_workstation/ArmBots/ArmBot_1/install/robotcontroller/share/robotcontroller/hook/cmake_prefix_path.ps1'
[15.250s] INFO:colcon.colcon_core.shell:Creating environment descriptor '/home/kol/Documents/ros_workstation/ArmBots/ArmBot_1/install/robotcontroller/share/robotcontroller/hook/cmake_prefix_path.dsv'
[15.250s] INFO:colcon.colcon_core.shell:Creating environment hook '/home/kol/Documents/ros_workstation/ArmBots/ArmBot_1/install/robotcontroller/share/robotcontroller/hook/cmake_prefix_path.sh'
[15.252s] Level 1:colcon.colcon_core.environment:checking '/home/kol/Documents/ros_workstation/ArmBots/ArmBot_1/install/robotcontroller/lib'
[15.252s] Level 1:colcon.colcon_core.environment:checking '/home/kol/Documents/ros_workstation/ArmBots/ArmBot_1/install/robotcontroller/bin'
[15.252s] Level 1:colcon.colcon_core.environment:checking '/home/kol/Documents/ros_workstation/ArmBots/ArmBot_1/install/robotcontroller/lib/pkgconfig/robotcontroller.pc'
[15.253s] Level 1:colcon.colcon_core.environment:checking '/home/kol/Documents/ros_workstation/ArmBots/ArmBot_1/install/robotcontroller/lib/python3.10/site-packages'
[15.253s] Level 1:colcon.colcon_core.environment:checking '/home/kol/Documents/ros_workstation/ArmBots/ArmBot_1/install/robotcontroller/bin'
[15.254s] INFO:colcon.colcon_core.shell:Creating package script '/home/kol/Documents/ros_workstation/ArmBots/ArmBot_1/install/robotcontroller/share/robotcontroller/package.ps1'
[15.258s] INFO:colcon.colcon_core.shell:Creating package descriptor '/home/kol/Documents/ros_workstation/ArmBots/ArmBot_1/install/robotcontroller/share/robotcontroller/package.dsv'
[15.261s] INFO:colcon.colcon_core.shell:Creating package script '/home/kol/Documents/ros_workstation/ArmBots/ArmBot_1/install/robotcontroller/share/robotcontroller/package.sh'
[15.262s] INFO:colcon.colcon_core.shell:Creating package script '/home/kol/Documents/ros_workstation/ArmBots/ArmBot_1/install/robotcontroller/share/robotcontroller/package.bash'
[15.263s] INFO:colcon.colcon_core.shell:Creating package script '/home/kol/Documents/ros_workstation/ArmBots/ArmBot_1/install/robotcontroller/share/robotcontroller/package.zsh'
[15.264s] Level 1:colcon.colcon_core.environment:create_file_with_runtime_dependencies(/home/kol/Documents/ros_workstation/ArmBots/ArmBot_1/install/robotcontroller/share/colcon-core/packages/robotcontroller)
[15.265s] DEBUG:colcon.colcon_parallel_executor.executor.parallel:closing loop
[15.265s] DEBUG:colcon.colcon_parallel_executor.executor.parallel:loop closed
[15.266s] DEBUG:colcon.colcon_parallel_executor.executor.parallel:run_until_complete finished with '0'
[15.266s] DEBUG:colcon.colcon_core.event_reactor:joining thread
[15.283s] INFO:colcon.colcon_core.plugin_system:Skipping extension 'colcon_notification.desktop_notification.terminal_notifier': Not used on non-Darwin systems
[15.283s] INFO:colcon.colcon_core.plugin_system:Skipping extension 'colcon_notification.desktop_notification.win32': Not used on non-Windows systems
[15.283s] INFO:colcon.colcon_notification.desktop_notification:Sending desktop notification using 'notify2'
[15.311s] DEBUG:colcon.colcon_core.event_reactor:joined thread
[15.313s] INFO:colcon.colcon_core.shell:Creating prefix script '/home/kol/Documents/ros_workstation/ArmBots/ArmBot_1/install/local_setup.ps1'
[15.316s] INFO:colcon.colcon_core.shell:Creating prefix util module '/home/kol/Documents/ros_workstation/ArmBots/ArmBot_1/install/_local_setup_util_ps1.py'
[15.323s] INFO:colcon.colcon_core.shell:Creating prefix chain script '/home/kol/Documents/ros_workstation/ArmBots/ArmBot_1/install/setup.ps1'
[15.326s] INFO:colcon.colcon_core.shell:Creating prefix script '/home/kol/Documents/ros_workstation/ArmBots/ArmBot_1/install/local_setup.sh'
[15.329s] INFO:colcon.colcon_core.shell:Creating prefix util module '/home/kol/Documents/ros_workstation/ArmBots/ArmBot_1/install/_local_setup_util_sh.py'
[15.330s] INFO:colcon.colcon_core.shell:Creating prefix chain script '/home/kol/Documents/ros_workstation/ArmBots/ArmBot_1/install/setup.sh'
[15.333s] INFO:colcon.colcon_core.shell:Creating prefix script '/home/kol/Documents/ros_workstation/ArmBots/ArmBot_1/install/local_setup.bash'
[15.334s] INFO:colcon.colcon_core.shell:Creating prefix chain script '/home/kol/Documents/ros_workstation/ArmBots/ArmBot_1/install/setup.bash'
[15.340s] INFO:colcon.colcon_core.shell:Creating prefix script '/home/kol/Documents/ros_workstation/ArmBots/ArmBot_1/install/local_setup.zsh'
[15.342s] INFO:colcon.colcon_core.shell:Creating prefix chain script '/home/kol/Documents/ros_workstation/ArmBots/ArmBot_1/install/setup.zsh'
