[1.789s] Invoking command in '/home/kol/Documents/ros_workstation/Control/six_dof_robot_ws/src/welder_control': PYTHONPATH=/home/kol/Documents/ros_workstation/Control/six_dof_robot_ws/build/welder_control/prefix_override:/usr/lib/python3/dist-packages/colcon_core/task/python/colcon_distutils_commands:/home/kol/Documents/ros_workstation/Control/six_dof_robot_ws/install/welder_control/lib/python3.10/site-packages:${PYTHONPATH} /usr/bin/python3 -W ignore:setup.py install is deprecated -W ignore:easy_install command is deprecated setup.py egg_info --egg-base ../../build/welder_control build --build-base /home/kol/Documents/ros_workstation/Control/six_dof_robot_ws/build/welder_control/build install --record /home/kol/Documents/ros_workstation/Control/six_dof_robot_ws/build/welder_control/install.log --single-version-externally-managed install_data
[2.426s] running egg_info
[2.426s] writing ../../build/welder_control/welder_control.egg-info/PKG-INFO
[2.426s] writing dependency_links to ../../build/welder_control/welder_control.egg-info/dependency_links.txt
[2.427s] writing entry points to ../../build/welder_control/welder_control.egg-info/entry_points.txt
[2.430s] writing requirements to ../../build/welder_control/welder_control.egg-info/requires.txt
[2.430s] writing top-level names to ../../build/welder_control/welder_control.egg-info/top_level.txt
[2.430s] reading manifest file '../../build/welder_control/welder_control.egg-info/SOURCES.txt'
[2.432s] writing manifest file '../../build/welder_control/welder_control.egg-info/SOURCES.txt'
[2.432s] running build
[2.432s] running build_py
[2.433s] running install
[2.433s] running install_lib
[2.438s] running install_data
[2.438s] running install_egg_info
[2.441s] removing '/home/kol/Documents/ros_workstation/Control/six_dof_robot_ws/install/welder_control/lib/python3.10/site-packages/welder_control-0.0.0-py3.10.egg-info' (and everything under it)
[2.443s] Copying ../../build/welder_control/welder_control.egg-info to /home/kol/Documents/ros_workstation/Control/six_dof_robot_ws/install/welder_control/lib/python3.10/site-packages/welder_control-0.0.0-py3.10.egg-info
[2.444s] running install_scripts
[2.484s] Installing welder_cont script to /home/kol/Documents/ros_workstation/Control/six_dof_robot_ws/install/welder_control/lib/welder_control
[2.485s] writing list of installed files to '/home/kol/Documents/ros_workstation/Control/six_dof_robot_ws/build/welder_control/install.log'
[2.540s] Invoked command in '/home/kol/Documents/ros_workstation/Control/six_dof_robot_ws/src/welder_control' returned '0': PYTHONPATH=/home/kol/Documents/ros_workstation/Control/six_dof_robot_ws/build/welder_control/prefix_override:/usr/lib/python3/dist-packages/colcon_core/task/python/colcon_distutils_commands:/home/kol/Documents/ros_workstation/Control/six_dof_robot_ws/install/welder_control/lib/python3.10/site-packages:${PYTHONPATH} /usr/bin/python3 -W ignore:setup.py install is deprecated -W ignore:easy_install command is deprecated setup.py egg_info --egg-base ../../build/welder_control build --build-base /home/kol/Documents/ros_workstation/Control/six_dof_robot_ws/build/welder_control/build install --record /home/kol/Documents/ros_workstation/Control/six_dof_robot_ws/build/welder_control/install.log --single-version-externally-managed install_data
