[35m[1mConsolidate compiler generated dependencies of target cust_sub[0m
[35m[1mConsolidate compiler generated dependencies of target cust_pub[0m
[ 25%] [32mBuilding CXX object CMakeFiles/cust_sub.dir/src/pub.cpp.o[0m
[ 50%] [32mBuilding CXX object CMakeFiles/cust_pub.dir/src/pub.cpp.o[0m
[ 75%] [32m[1mLinking CXX executable cust_pub[0m
[100%] [32m[1mLinking CXX executable cust_sub[0m
[100%] Built target cust_pub
[100%] Built target cust_sub
-- Install configuration: ""
-- Installing: /home/kol/Documents/ros_workstation/ps_4/install/ps4/lib/ps4/cust_pub
-- Set runtime path of "/home/kol/Documents/ros_workstation/ps_4/install/ps4/lib/ps4/cust_pub" to ""
-- Installing: /home/kol/Documents/ros_workstation/ps_4/install/ps4/lib/ps4/cust_sub
-- Set runtime path of "/home/kol/Documents/ros_workstation/ps_4/install/ps4/lib/ps4/cust_sub" to ""
-- Up-to-date: /home/kol/Documents/ros_workstation/ps_4/install/ps4/share/ps4/launch
-- Installing: /home/kol/Documents/ros_workstation/ps_4/install/ps4/share/ps4/launch/.vscode
-- Installing: /home/kol/Documents/ros_workstation/ps_4/install/ps4/share/ps4/launch/.vscode/c_cpp_properties.json
-- Installing: /home/kol/Documents/ros_workstation/ps_4/install/ps4/share/ps4/launch/.vscode/settings.json
-- Installing: /home/kol/Documents/ros_workstation/ps_4/install/ps4/share/ps4/launch/pkg.launch.py
-- Up-to-date: /home/kol/Documents/ros_workstation/ps_4/install/ps4/share/ament_index/resource_index/package_run_dependencies/ps4
-- Up-to-date: /home/kol/Documents/ros_workstation/ps_4/install/ps4/share/ament_index/resource_index/parent_prefix_path/ps4
-- Up-to-date: /home/kol/Documents/ros_workstation/ps_4/install/ps4/share/ps4/environment/ament_prefix_path.sh
-- Up-to-date: /home/kol/Documents/ros_workstation/ps_4/install/ps4/share/ps4/environment/ament_prefix_path.dsv
-- Up-to-date: /home/kol/Documents/ros_workstation/ps_4/install/ps4/share/ps4/environment/path.sh
-- Up-to-date: /home/kol/Documents/ros_workstation/ps_4/install/ps4/share/ps4/environment/path.dsv
-- Up-to-date: /home/kol/Documents/ros_workstation/ps_4/install/ps4/share/ps4/local_setup.bash
-- Up-to-date: /home/kol/Documents/ros_workstation/ps_4/install/ps4/share/ps4/local_setup.sh
-- Up-to-date: /home/kol/Documents/ros_workstation/ps_4/install/ps4/share/ps4/local_setup.zsh
-- Up-to-date: /home/kol/Documents/ros_workstation/ps_4/install/ps4/share/ps4/local_setup.dsv
-- Up-to-date: /home/kol/Documents/ros_workstation/ps_4/install/ps4/share/ps4/package.dsv
-- Up-to-date: /home/kol/Documents/ros_workstation/ps_4/install/ps4/share/ament_index/resource_index/packages/ps4
-- Up-to-date: /home/kol/Documents/ros_workstation/ps_4/install/ps4/share/ps4/cmake/ps4Config.cmake
-- Up-to-date: /home/kol/Documents/ros_workstation/ps_4/install/ps4/share/ps4/cmake/ps4Config-version.cmake
-- Up-to-date: /home/kol/Documents/ros_workstation/ps_4/install/ps4/share/ps4/package.xml
