[0.010s] Invoking command in '/home/kol/Documents/ros_workstation/Control/panda/build/moveit_resources_panda_description': CMAKE_PREFIX_PATH=${CMAKE_PREFIX_PATH}:/opt/ros/humble /usr/bin/cmake /home/kol/Documents/ros_workstation/Control/panda/src/panda_description -DCMAKE_INSTALL_PREFIX=/home/kol/Documents/ros_workstation/Control/panda/install/moveit_resources_panda_description
[0.069s] -- The C compiler identification is GNU 11.4.0
[0.128s] -- The CXX compiler identification is GNU 11.4.0
[0.135s] -- Detecting C compiler ABI info
[0.208s] -- Detecting C compiler ABI info - done
[0.216s] -- Check for working C compiler: /usr/bin/cc - skipped
[0.216s] -- Detecting C compile features
[0.217s] -- Detecting C compile features - done
[0.220s] -- Detecting CXX compiler ABI info
[0.305s] -- Detecting CXX compiler ABI info - done
[0.314s] -- Check for working CXX compiler: /usr/bin/c++ - skipped
[0.314s] -- Detecting CXX compile features
[0.314s] -- Detecting CXX compile features - done
[0.317s] -- Found ament_cmake: 1.3.11 (/opt/ros/humble/share/ament_cmake/cmake)
[0.481s] -- Found Python3: /usr/bin/python3 (found version "3.10.12") found components: Interpreter 
[0.650s] -- Configuring done
[0.653s] -- Generating done
[0.654s] -- Build files have been written to: /home/kol/Documents/ros_workstation/Control/panda/build/moveit_resources_panda_description
[0.659s] Invoked command in '/home/kol/Documents/ros_workstation/Control/panda/build/moveit_resources_panda_description' returned '0': CMAKE_PREFIX_PATH=${CMAKE_PREFIX_PATH}:/opt/ros/humble /usr/bin/cmake /home/kol/Documents/ros_workstation/Control/panda/src/panda_description -DCMAKE_INSTALL_PREFIX=/home/kol/Documents/ros_workstation/Control/panda/install/moveit_resources_panda_description
[0.662s] Invoking command in '/home/kol/Documents/ros_workstation/Control/panda/build/moveit_resources_panda_description': CMAKE_PREFIX_PATH=${CMAKE_PREFIX_PATH}:/opt/ros/humble /usr/bin/cmake --build /home/kol/Documents/ros_workstation/Control/panda/build/moveit_resources_panda_description -- -j4 -l4
[0.699s] Invoked command in '/home/kol/Documents/ros_workstation/Control/panda/build/moveit_resources_panda_description' returned '0': CMAKE_PREFIX_PATH=${CMAKE_PREFIX_PATH}:/opt/ros/humble /usr/bin/cmake --build /home/kol/Documents/ros_workstation/Control/panda/build/moveit_resources_panda_description -- -j4 -l4
[0.709s] Invoking command in '/home/kol/Documents/ros_workstation/Control/panda/build/moveit_resources_panda_description': CMAKE_PREFIX_PATH=${CMAKE_PREFIX_PATH}:/opt/ros/humble /usr/bin/cmake --install /home/kol/Documents/ros_workstation/Control/panda/build/moveit_resources_panda_description
[0.716s] -- Install configuration: ""
[0.716s] -- Installing: /home/kol/Documents/ros_workstation/Control/panda/install/moveit_resources_panda_description/share/ament_index/resource_index/package_run_dependencies/moveit_resources_panda_description
[0.717s] -- Installing: /home/kol/Documents/ros_workstation/Control/panda/install/moveit_resources_panda_description/share/ament_index/resource_index/parent_prefix_path/moveit_resources_panda_description
[0.717s] -- Installing: /home/kol/Documents/ros_workstation/Control/panda/install/moveit_resources_panda_description/share/moveit_resources_panda_description/environment/ament_prefix_path.sh
[0.717s] -- Installing: /home/kol/Documents/ros_workstation/Control/panda/install/moveit_resources_panda_description/share/moveit_resources_panda_description/environment/ament_prefix_path.dsv
[0.717s] -- Installing: /home/kol/Documents/ros_workstation/Control/panda/install/moveit_resources_panda_description/share/moveit_resources_panda_description/environment/path.sh
[0.717s] -- Installing: /home/kol/Documents/ros_workstation/Control/panda/install/moveit_resources_panda_description/share/moveit_resources_panda_description/environment/path.dsv
[0.717s] -- Installing: /home/kol/Documents/ros_workstation/Control/panda/install/moveit_resources_panda_description/share/moveit_resources_panda_description/local_setup.bash
[0.718s] -- Installing: /home/kol/Documents/ros_workstation/Control/panda/install/moveit_resources_panda_description/share/moveit_resources_panda_description/local_setup.sh
[0.718s] -- Installing: /home/kol/Documents/ros_workstation/Control/panda/install/moveit_resources_panda_description/share/moveit_resources_panda_description/local_setup.zsh
[0.718s] -- Installing: /home/kol/Documents/ros_workstation/Control/panda/install/moveit_resources_panda_description/share/moveit_resources_panda_description/local_setup.dsv
[0.718s] -- Installing: /home/kol/Documents/ros_workstation/Control/panda/install/moveit_resources_panda_description/share/moveit_resources_panda_description/package.dsv
[0.718s] -- Installing: /home/kol/Documents/ros_workstation/Control/panda/install/moveit_resources_panda_description/share/ament_index/resource_index/packages/moveit_resources_panda_description
[0.718s] -- Installing: /home/kol/Documents/ros_workstation/Control/panda/install/moveit_resources_panda_description/share/moveit_resources_panda_description/cmake/moveit_resources_panda_descriptionConfig.cmake
[0.718s] -- Installing: /home/kol/Documents/ros_workstation/Control/panda/install/moveit_resources_panda_description/share/moveit_resources_panda_description/cmake/moveit_resources_panda_descriptionConfig-version.cmake
[0.719s] -- Installing: /home/kol/Documents/ros_workstation/Control/panda/install/moveit_resources_panda_description/share/moveit_resources_panda_description/package.xml
[0.719s] -- Installing: /home/kol/Documents/ros_workstation/Control/panda/install/moveit_resources_panda_description/share/moveit_resources_panda_description/meshes
[0.719s] -- Installing: /home/kol/Documents/ros_workstation/Control/panda/install/moveit_resources_panda_description/share/moveit_resources_panda_description/meshes/collision
[0.719s] -- Installing: /home/kol/Documents/ros_workstation/Control/panda/install/moveit_resources_panda_description/share/moveit_resources_panda_description/meshes/collision/hand.stl
[0.719s] -- Installing: /home/kol/Documents/ros_workstation/Control/panda/install/moveit_resources_panda_description/share/moveit_resources_panda_description/meshes/collision/link5.stl
[0.719s] -- Installing: /home/kol/Documents/ros_workstation/Control/panda/install/moveit_resources_panda_description/share/moveit_resources_panda_description/meshes/collision/link4.stl
[0.719s] -- Installing: /home/kol/Documents/ros_workstation/Control/panda/install/moveit_resources_panda_description/share/moveit_resources_panda_description/meshes/collision/link3.stl
[0.719s] -- Installing: /home/kol/Documents/ros_workstation/Control/panda/install/moveit_resources_panda_description/share/moveit_resources_panda_description/meshes/collision/finger.stl
[0.719s] -- Installing: /home/kol/Documents/ros_workstation/Control/panda/install/moveit_resources_panda_description/share/moveit_resources_panda_description/meshes/collision/link0.stl
[0.720s] -- Installing: /home/kol/Documents/ros_workstation/Control/panda/install/moveit_resources_panda_description/share/moveit_resources_panda_description/meshes/collision/link6.stl
[0.720s] -- Installing: /home/kol/Documents/ros_workstation/Control/panda/install/moveit_resources_panda_description/share/moveit_resources_panda_description/meshes/collision/link2.stl
[0.720s] -- Installing: /home/kol/Documents/ros_workstation/Control/panda/install/moveit_resources_panda_description/share/moveit_resources_panda_description/meshes/collision/link1.stl
[0.720s] -- Installing: /home/kol/Documents/ros_workstation/Control/panda/install/moveit_resources_panda_description/share/moveit_resources_panda_description/meshes/collision/link7.stl
[0.720s] -- Installing: /home/kol/Documents/ros_workstation/Control/panda/install/moveit_resources_panda_description/share/moveit_resources_panda_description/meshes/visual
[0.720s] -- Installing: /home/kol/Documents/ros_workstation/Control/panda/install/moveit_resources_panda_description/share/moveit_resources_panda_description/meshes/visual/link3.dae
[0.721s] -- Installing: /home/kol/Documents/ros_workstation/Control/panda/install/moveit_resources_panda_description/share/moveit_resources_panda_description/meshes/visual/link2.dae
[0.722s] -- Installing: /home/kol/Documents/ros_workstation/Control/panda/install/moveit_resources_panda_description/share/moveit_resources_panda_description/meshes/visual/hand.dae
[0.723s] -- Installing: /home/kol/Documents/ros_workstation/Control/panda/install/moveit_resources_panda_description/share/moveit_resources_panda_description/meshes/visual/link4.dae
[0.725s] -- Installing: /home/kol/Documents/ros_workstation/Control/panda/install/moveit_resources_panda_description/share/moveit_resources_panda_description/meshes/visual/link0.dae
[0.731s] -- Installing: /home/kol/Documents/ros_workstation/Control/panda/install/moveit_resources_panda_description/share/moveit_resources_panda_description/meshes/visual/link6.dae
[0.732s] -- Installing: /home/kol/Documents/ros_workstation/Control/panda/install/moveit_resources_panda_description/share/moveit_resources_panda_description/meshes/visual/finger.dae
[0.733s] -- Installing: /home/kol/Documents/ros_workstation/Control/panda/install/moveit_resources_panda_description/share/moveit_resources_panda_description/meshes/visual/link5.dae
[0.735s] -- Installing: /home/kol/Documents/ros_workstation/Control/panda/install/moveit_resources_panda_description/share/moveit_resources_panda_description/meshes/visual/link7.dae
[0.736s] -- Installing: /home/kol/Documents/ros_workstation/Control/panda/install/moveit_resources_panda_description/share/moveit_resources_panda_description/meshes/visual/link1.dae
[0.737s] -- Installing: /home/kol/Documents/ros_workstation/Control/panda/install/moveit_resources_panda_description/share/moveit_resources_panda_description/urdf
[0.737s] -- Installing: /home/kol/Documents/ros_workstation/Control/panda/install/moveit_resources_panda_description/share/moveit_resources_panda_description/urdf/panda.urdf.xacro
[0.737s] -- Installing: /home/kol/Documents/ros_workstation/Control/panda/install/moveit_resources_panda_description/share/moveit_resources_panda_description/urdf/panda.urdf
[0.739s] Invoked command in '/home/kol/Documents/ros_workstation/Control/panda/build/moveit_resources_panda_description' returned '0': CMAKE_PREFIX_PATH=${CMAKE_PREFIX_PATH}:/opt/ros/humble /usr/bin/cmake --install /home/kol/Documents/ros_workstation/Control/panda/build/moveit_resources_panda_description
