[0.013s] Invoking command in '/home/kol/Documents/ros_workstation/ps6/build/ps6': CMAKE_PREFIX_PATH=/opt/ros/humble /usr/bin/cmake --build /home/kol/Documents/ros_workstation/ps6/build/ps6 -- -j4 -l4
[0.061s] [35m[1mConsolidate compiler generated dependencies of target cust_sub[0m
[0.075s] [ 50%] Built target cust_pub
[0.080s] [100%] Built target cust_sub
[0.094s] Invoked command in '/home/kol/Documents/ros_workstation/ps6/build/ps6' returned '0': CMAKE_PREFIX_PATH=/opt/ros/humble /usr/bin/cmake --build /home/kol/Documents/ros_workstation/ps6/build/ps6 -- -j4 -l4
[0.107s] Invoking command in '/home/kol/Documents/ros_workstation/ps6/build/ps6': CMAKE_PREFIX_PATH=/opt/ros/humble /usr/bin/cmake --install /home/kol/Documents/ros_workstation/ps6/build/ps6
[0.115s] -- Install configuration: ""
[0.116s] -- Up-to-date: /home/kol/Documents/ros_workstation/ps6/install/ps6/lib/ps6/cust_pub
[0.116s] -- Up-to-date: /home/kol/Documents/ros_workstation/ps6/install/ps6/lib/ps6/cust_sub
[0.116s] -- Up-to-date: /home/kol/Documents/ros_workstation/ps6/install/ps6/share/ps6/launch
[0.116s] -- Installing: /home/kol/Documents/ros_workstation/ps6/install/ps6/share/ps6/launch/.vscode
[0.117s] -- Installing: /home/kol/Documents/ros_workstation/ps6/install/ps6/share/ps6/launch/.vscode/c_cpp_properties.json
[0.117s] -- Installing: /home/kol/Documents/ros_workstation/ps6/install/ps6/share/ps6/launch/.vscode/settings.json
[0.117s] -- Installing: /home/kol/Documents/ros_workstation/ps6/install/ps6/share/ps6/launch/pkg.launch.py
[0.117s] -- Up-to-date: /home/kol/Documents/ros_workstation/ps6/install/ps6/share/ament_index/resource_index/package_run_dependencies/ps6
[0.117s] -- Up-to-date: /home/kol/Documents/ros_workstation/ps6/install/ps6/share/ament_index/resource_index/parent_prefix_path/ps6
[0.118s] -- Up-to-date: /home/kol/Documents/ros_workstation/ps6/install/ps6/share/ps6/environment/ament_prefix_path.sh
[0.118s] -- Up-to-date: /home/kol/Documents/ros_workstation/ps6/install/ps6/share/ps6/environment/ament_prefix_path.dsv
[0.118s] -- Up-to-date: /home/kol/Documents/ros_workstation/ps6/install/ps6/share/ps6/environment/path.sh
[0.118s] -- Up-to-date: /home/kol/Documents/ros_workstation/ps6/install/ps6/share/ps6/environment/path.dsv
[0.118s] -- Up-to-date: /home/kol/Documents/ros_workstation/ps6/install/ps6/share/ps6/local_setup.bash
[0.119s] -- Up-to-date: /home/kol/Documents/ros_workstation/ps6/install/ps6/share/ps6/local_setup.sh
[0.119s] -- Up-to-date: /home/kol/Documents/ros_workstation/ps6/install/ps6/share/ps6/local_setup.zsh
[0.119s] -- Up-to-date: /home/kol/Documents/ros_workstation/ps6/install/ps6/share/ps6/local_setup.dsv
[0.119s] -- Installing: /home/kol/Documents/ros_workstation/ps6/install/ps6/share/ps6/package.dsv
[0.119s] -- Up-to-date: /home/kol/Documents/ros_workstation/ps6/install/ps6/share/ament_index/resource_index/packages/ps6
[0.119s] -- Up-to-date: /home/kol/Documents/ros_workstation/ps6/install/ps6/share/ps6/cmake/ps6Config.cmake
[0.119s] -- Up-to-date: /home/kol/Documents/ros_workstation/ps6/install/ps6/share/ps6/cmake/ps6Config-version.cmake
[0.120s] -- Up-to-date: /home/kol/Documents/ros_workstation/ps6/install/ps6/share/ps6/package.xml
[0.122s] Invoked command in '/home/kol/Documents/ros_workstation/ps6/build/ps6' returned '0': CMAKE_PREFIX_PATH=/opt/ros/humble /usr/bin/cmake --install /home/kol/Documents/ros_workstation/ps6/build/ps6
