[0.024s] Invoking command in '/home/kol/Documents/ros_workstation/Control/six_dof_robot_ws/build/welder_mvt_cfg_2': AMENT_PREFIX_PATH=/home/kol/Documents/ros_workstation/Control/six_dof_robot_ws/install/welder_description:/home/kol/Documents/ros_workstation/Control/six_dof_robot_ws/install/welder_mvt_cfg_5:/home/kol/Documents/ros_workstation/Control/six_dof_robot_ws/install/welder_mvt_cfg_4:/home/kol/Documents/ros_workstation/Control/six_dof_robot_ws/install/welder_mvt_cf3:/home/kol/Documents/ros_workstation/Control/six_dof_robot_ws/install/welder_mvt_cfg_2:/home/kol/Documents/ros_workstation/Control/six_dof_robot_ws/install/welder_moveit_config:/home/kol/Documents/ros_workstation/Control/six_dof_robot_ws/install/welder_control:/home/kol/Documents/ros_workstation/Control/six_dof_robot_ws/install/moveit_control:/opt/ros/humble CMAKE_PREFIX_PATH=${CMAKE_PREFIX_PATH}:/home/kol/Documents/ros_workstation/Control/six_dof_robot_ws/install/welder_description:/home/kol/Documents/ros_workstation/Control/six_dof_robot_ws/install/welder_control:/opt/ros/humble /usr/bin/cmake --build /home/kol/Documents/ros_workstation/Control/six_dof_robot_ws/build/welder_mvt_cfg_2 -- -j4 -l4
[0.087s] Invoked command in '/home/kol/Documents/ros_workstation/Control/six_dof_robot_ws/build/welder_mvt_cfg_2' returned '0': AMENT_PREFIX_PATH=/home/kol/Documents/ros_workstation/Control/six_dof_robot_ws/install/welder_description:/home/kol/Documents/ros_workstation/Control/six_dof_robot_ws/install/welder_mvt_cfg_5:/home/kol/Documents/ros_workstation/Control/six_dof_robot_ws/install/welder_mvt_cfg_4:/home/kol/Documents/ros_workstation/Control/six_dof_robot_ws/install/welder_mvt_cf3:/home/kol/Documents/ros_workstation/Control/six_dof_robot_ws/install/welder_mvt_cfg_2:/home/kol/Documents/ros_workstation/Control/six_dof_robot_ws/install/welder_moveit_config:/home/kol/Documents/ros_workstation/Control/six_dof_robot_ws/install/welder_control:/home/kol/Documents/ros_workstation/Control/six_dof_robot_ws/install/moveit_control:/opt/ros/humble CMAKE_PREFIX_PATH=${CMAKE_PREFIX_PATH}:/home/kol/Documents/ros_workstation/Control/six_dof_robot_ws/install/welder_description:/home/kol/Documents/ros_workstation/Control/six_dof_robot_ws/install/welder_control:/opt/ros/humble /usr/bin/cmake --build /home/kol/Documents/ros_workstation/Control/six_dof_robot_ws/build/welder_mvt_cfg_2 -- -j4 -l4
[0.087s] Invoking command in '/home/kol/Documents/ros_workstation/Control/six_dof_robot_ws/build/welder_mvt_cfg_2': AMENT_PREFIX_PATH=/home/kol/Documents/ros_workstation/Control/six_dof_robot_ws/install/welder_description:/home/kol/Documents/ros_workstation/Control/six_dof_robot_ws/install/welder_mvt_cfg_5:/home/kol/Documents/ros_workstation/Control/six_dof_robot_ws/install/welder_mvt_cfg_4:/home/kol/Documents/ros_workstation/Control/six_dof_robot_ws/install/welder_mvt_cf3:/home/kol/Documents/ros_workstation/Control/six_dof_robot_ws/install/welder_mvt_cfg_2:/home/kol/Documents/ros_workstation/Control/six_dof_robot_ws/install/welder_moveit_config:/home/kol/Documents/ros_workstation/Control/six_dof_robot_ws/install/welder_control:/home/kol/Documents/ros_workstation/Control/six_dof_robot_ws/install/moveit_control:/opt/ros/humble CMAKE_PREFIX_PATH=${CMAKE_PREFIX_PATH}:/home/kol/Documents/ros_workstation/Control/six_dof_robot_ws/install/welder_description:/home/kol/Documents/ros_workstation/Control/six_dof_robot_ws/install/welder_control:/opt/ros/humble /usr/bin/cmake --install /home/kol/Documents/ros_workstation/Control/six_dof_robot_ws/build/welder_mvt_cfg_2
[0.108s] -- Install configuration: ""
[0.108s] -- Up-to-date: /home/kol/Documents/ros_workstation/Control/six_dof_robot_ws/install/welder_mvt_cfg_2/share/ament_index/resource_index/package_run_dependencies/welder_mvt_cfg_2
[0.108s] -- Up-to-date: /home/kol/Documents/ros_workstation/Control/six_dof_robot_ws/install/welder_mvt_cfg_2/share/ament_index/resource_index/parent_prefix_path/welder_mvt_cfg_2
[0.108s] -- Up-to-date: /home/kol/Documents/ros_workstation/Control/six_dof_robot_ws/install/welder_mvt_cfg_2/share/welder_mvt_cfg_2/environment/ament_prefix_path.sh
[0.108s] -- Up-to-date: /home/kol/Documents/ros_workstation/Control/six_dof_robot_ws/install/welder_mvt_cfg_2/share/welder_mvt_cfg_2/environment/ament_prefix_path.dsv
[0.109s] -- Up-to-date: /home/kol/Documents/ros_workstation/Control/six_dof_robot_ws/install/welder_mvt_cfg_2/share/welder_mvt_cfg_2/environment/path.sh
[0.109s] -- Up-to-date: /home/kol/Documents/ros_workstation/Control/six_dof_robot_ws/install/welder_mvt_cfg_2/share/welder_mvt_cfg_2/environment/path.dsv
[0.110s] -- Up-to-date: /home/kol/Documents/ros_workstation/Control/six_dof_robot_ws/install/welder_mvt_cfg_2/share/welder_mvt_cfg_2/local_setup.bash
[0.110s] -- Up-to-date: /home/kol/Documents/ros_workstation/Control/six_dof_robot_ws/install/welder_mvt_cfg_2/share/welder_mvt_cfg_2/local_setup.sh
[0.110s] -- Up-to-date: /home/kol/Documents/ros_workstation/Control/six_dof_robot_ws/install/welder_mvt_cfg_2/share/welder_mvt_cfg_2/local_setup.zsh
[0.110s] -- Up-to-date: /home/kol/Documents/ros_workstation/Control/six_dof_robot_ws/install/welder_mvt_cfg_2/share/welder_mvt_cfg_2/local_setup.dsv
[0.111s] -- Installing: /home/kol/Documents/ros_workstation/Control/six_dof_robot_ws/install/welder_mvt_cfg_2/share/welder_mvt_cfg_2/package.dsv
[0.111s] -- Up-to-date: /home/kol/Documents/ros_workstation/Control/six_dof_robot_ws/install/welder_mvt_cfg_2/share/ament_index/resource_index/packages/welder_mvt_cfg_2
[0.114s] -- Up-to-date: /home/kol/Documents/ros_workstation/Control/six_dof_robot_ws/install/welder_mvt_cfg_2/share/welder_mvt_cfg_2/cmake/welder_mvt_cfg_2Config.cmake
[0.114s] -- Up-to-date: /home/kol/Documents/ros_workstation/Control/six_dof_robot_ws/install/welder_mvt_cfg_2/share/welder_mvt_cfg_2/cmake/welder_mvt_cfg_2Config-version.cmake
[0.114s] -- Up-to-date: /home/kol/Documents/ros_workstation/Control/six_dof_robot_ws/install/welder_mvt_cfg_2/share/welder_mvt_cfg_2/package.xml
[0.114s] -- Up-to-date: /home/kol/Documents/ros_workstation/Control/six_dof_robot_ws/install/welder_mvt_cfg_2/share/welder_mvt_cfg_2/launch
[0.114s] -- Up-to-date: /home/kol/Documents/ros_workstation/Control/six_dof_robot_ws/install/welder_mvt_cfg_2/share/welder_mvt_cfg_2/launch/rsp.launch.py
[0.114s] -- Up-to-date: /home/kol/Documents/ros_workstation/Control/six_dof_robot_ws/install/welder_mvt_cfg_2/share/welder_mvt_cfg_2/launch/move_group.launch.py
[0.114s] -- Up-to-date: /home/kol/Documents/ros_workstation/Control/six_dof_robot_ws/install/welder_mvt_cfg_2/share/welder_mvt_cfg_2/launch/spawn_controllers.launch.py
[0.115s] -- Up-to-date: /home/kol/Documents/ros_workstation/Control/six_dof_robot_ws/install/welder_mvt_cfg_2/share/welder_mvt_cfg_2/launch/demo.launch.py
[0.115s] -- Up-to-date: /home/kol/Documents/ros_workstation/Control/six_dof_robot_ws/install/welder_mvt_cfg_2/share/welder_mvt_cfg_2/launch/setup_assistant.launch.py
[0.115s] -- Up-to-date: /home/kol/Documents/ros_workstation/Control/six_dof_robot_ws/install/welder_mvt_cfg_2/share/welder_mvt_cfg_2/launch/moveit_rviz.launch.py
[0.115s] -- Up-to-date: /home/kol/Documents/ros_workstation/Control/six_dof_robot_ws/install/welder_mvt_cfg_2/share/welder_mvt_cfg_2/launch/static_virtual_joint_tfs.launch.py
[0.115s] -- Up-to-date: /home/kol/Documents/ros_workstation/Control/six_dof_robot_ws/install/welder_mvt_cfg_2/share/welder_mvt_cfg_2/launch/warehouse_db.launch.py
[0.115s] -- Up-to-date: /home/kol/Documents/ros_workstation/Control/six_dof_robot_ws/install/welder_mvt_cfg_2/share/welder_mvt_cfg_2/config
[0.115s] -- Up-to-date: /home/kol/Documents/ros_workstation/Control/six_dof_robot_ws/install/welder_mvt_cfg_2/share/welder_mvt_cfg_2/config/moveit.rviz
[0.115s] -- Up-to-date: /home/kol/Documents/ros_workstation/Control/six_dof_robot_ws/install/welder_mvt_cfg_2/share/welder_mvt_cfg_2/config/moveit_controllers.yaml
[0.115s] -- Up-to-date: /home/kol/Documents/ros_workstation/Control/six_dof_robot_ws/install/welder_mvt_cfg_2/share/welder_mvt_cfg_2/config/ros2_controllers.yaml
[0.116s] -- Up-to-date: /home/kol/Documents/ros_workstation/Control/six_dof_robot_ws/install/welder_mvt_cfg_2/share/welder_mvt_cfg_2/config/joint_limits.yaml
[0.119s] -- Up-to-date: /home/kol/Documents/ros_workstation/Control/six_dof_robot_ws/install/welder_mvt_cfg_2/share/welder_mvt_cfg_2/config/welder.ros2_control.xacro
[0.120s] -- Up-to-date: /home/kol/Documents/ros_workstation/Control/six_dof_robot_ws/install/welder_mvt_cfg_2/share/welder_mvt_cfg_2/config/kinematics.yaml
[0.120s] -- Up-to-date: /home/kol/Documents/ros_workstation/Control/six_dof_robot_ws/install/welder_mvt_cfg_2/share/welder_mvt_cfg_2/config/initial_positions.yaml
[0.120s] -- Up-to-date: /home/kol/Documents/ros_workstation/Control/six_dof_robot_ws/install/welder_mvt_cfg_2/share/welder_mvt_cfg_2/config/welder.srdf
[0.120s] -- Up-to-date: /home/kol/Documents/ros_workstation/Control/six_dof_robot_ws/install/welder_mvt_cfg_2/share/welder_mvt_cfg_2/config/pilz_cartesian_limits.yaml
[0.120s] -- Up-to-date: /home/kol/Documents/ros_workstation/Control/six_dof_robot_ws/install/welder_mvt_cfg_2/share/welder_mvt_cfg_2/config/welder.urdf.xacro
[0.120s] -- Up-to-date: /home/kol/Documents/ros_workstation/Control/six_dof_robot_ws/install/welder_mvt_cfg_2/share/welder_mvt_cfg_2/.setup_assistant
[0.121s] Invoked command in '/home/kol/Documents/ros_workstation/Control/six_dof_robot_ws/build/welder_mvt_cfg_2' returned '0': AMENT_PREFIX_PATH=/home/kol/Documents/ros_workstation/Control/six_dof_robot_ws/install/welder_description:/home/kol/Documents/ros_workstation/Control/six_dof_robot_ws/install/welder_mvt_cfg_5:/home/kol/Documents/ros_workstation/Control/six_dof_robot_ws/install/welder_mvt_cfg_4:/home/kol/Documents/ros_workstation/Control/six_dof_robot_ws/install/welder_mvt_cf3:/home/kol/Documents/ros_workstation/Control/six_dof_robot_ws/install/welder_mvt_cfg_2:/home/kol/Documents/ros_workstation/Control/six_dof_robot_ws/install/welder_moveit_config:/home/kol/Documents/ros_workstation/Control/six_dof_robot_ws/install/welder_control:/home/kol/Documents/ros_workstation/Control/six_dof_robot_ws/install/moveit_control:/opt/ros/humble CMAKE_PREFIX_PATH=${CMAKE_PREFIX_PATH}:/home/kol/Documents/ros_workstation/Control/six_dof_robot_ws/install/welder_description:/home/kol/Documents/ros_workstation/Control/six_dof_robot_ws/install/welder_control:/opt/ros/humble /usr/bin/cmake --install /home/kol/Documents/ros_workstation/Control/six_dof_robot_ws/build/welder_mvt_cfg_2
