[1.590s] Invoking command in '/home/kol/Documents/ros_workstation/Control/six_dof_robot_ws/src/welder_description': PYTHONPATH=/home/kol/Documents/ros_workstation/Control/six_dof_robot_ws/build/welder_description/prefix_override:/usr/lib/python3/dist-packages/colcon_core/task/python/colcon_distutils_commands:/home/kol/Documents/ros_workstation/Control/six_dof_robot_ws/install/welder_description/lib/python3.10/site-packages:${PYTHONPATH} /usr/bin/python3 -W ignore:setup.py install is deprecated -W ignore:easy_install command is deprecated setup.py egg_info --egg-base ../../build/welder_description build --build-base /home/kol/Documents/ros_workstation/Control/six_dof_robot_ws/build/welder_description/build install --record /home/kol/Documents/ros_workstation/Control/six_dof_robot_ws/build/welder_description/install.log --single-version-externally-managed install_data
[2.038s] running egg_info
[2.039s] writing ../../build/welder_description/welder_description.egg-info/PKG-INFO
[2.040s] writing dependency_links to ../../build/welder_description/welder_description.egg-info/dependency_links.txt
[2.040s] writing entry points to ../../build/welder_description/welder_description.egg-info/entry_points.txt
[2.041s] writing requirements to ../../build/welder_description/welder_description.egg-info/requires.txt
[2.041s] writing top-level names to ../../build/welder_description/welder_description.egg-info/top_level.txt
[2.048s] reading manifest file '../../build/welder_description/welder_description.egg-info/SOURCES.txt'
[2.050s] writing manifest file '../../build/welder_description/welder_description.egg-info/SOURCES.txt'
[2.050s] running build
[2.050s] running build_py
[2.050s] running install
[2.050s] running install_lib
[2.052s] running install_data
[2.053s] running install_egg_info
[2.057s] removing '/home/kol/Documents/ros_workstation/Control/six_dof_robot_ws/install/welder_description/lib/python3.10/site-packages/welder_description-0.0.0-py3.10.egg-info' (and everything under it)
[2.057s] Copying ../../build/welder_description/welder_description.egg-info to /home/kol/Documents/ros_workstation/Control/six_dof_robot_ws/install/welder_description/lib/python3.10/site-packages/welder_description-0.0.0-py3.10.egg-info
[2.059s] running install_scripts
[2.090s] writing list of installed files to '/home/kol/Documents/ros_workstation/Control/six_dof_robot_ws/build/welder_description/install.log'
[2.131s] Invoked command in '/home/kol/Documents/ros_workstation/Control/six_dof_robot_ws/src/welder_description' returned '0': PYTHONPATH=/home/kol/Documents/ros_workstation/Control/six_dof_robot_ws/build/welder_description/prefix_override:/usr/lib/python3/dist-packages/colcon_core/task/python/colcon_distutils_commands:/home/kol/Documents/ros_workstation/Control/six_dof_robot_ws/install/welder_description/lib/python3.10/site-packages:${PYTHONPATH} /usr/bin/python3 -W ignore:setup.py install is deprecated -W ignore:easy_install command is deprecated setup.py egg_info --egg-base ../../build/welder_description build --build-base /home/kol/Documents/ros_workstation/Control/six_dof_robot_ws/build/welder_description/build install --record /home/kol/Documents/ros_workstation/Control/six_dof_robot_ws/build/welder_description/install.log --single-version-externally-managed install_data
