[0.011s] Invoking command in '/home/kol/Documents/ros_workstation/ArmBots/ArmBot_1/build/robotcontroller': CMAKE_PREFIX_PATH=/opt/ros/humble /usr/bin/cmake /home/kol/Documents/ros_workstation/ArmBots/ArmBot_1/src/robotcontroller -DAMENT_CMAKE_SYMLINK_INSTALL=1 -DCMAKE_INSTALL_PREFIX=/home/kol/Documents/ros_workstation/ArmBots/ArmBot_1/install/robotcontroller
[0.067s] -- The C compiler identification is GNU 11.4.0
[0.132s] -- The CXX compiler identification is GNU 11.4.0
[0.145s] -- Detecting C compiler ABI info
[0.218s] -- Detecting C compiler ABI info - done
[0.227s] -- Check for working C compiler: /usr/bin/cc - skipped
[0.227s] -- Detecting C compile features
[0.228s] -- Detecting C compile features - done
[0.231s] -- Detecting CXX compiler ABI info
[0.313s] -- Detecting CXX compiler ABI info - done
[0.323s] -- Check for working CXX compiler: /usr/bin/c++ - skipped
[0.323s] -- Detecting CXX compile features
[0.324s] -- Detecting CXX compile features - done
[0.327s] -- Found ament_cmake: 1.3.11 (/opt/ros/humble/share/ament_cmake/cmake)
[0.510s] -- Found Python3: /usr/bin/python3 (found version "3.10.12") found components: Interpreter 
[0.579s] -- Override CMake install command with custom implementation using symlinks instead of copying resources
[0.612s] -- Found rclcpp: 16.0.12 (/opt/ros/humble/share/rclcpp/cmake)
[0.670s] -- Found rosidl_generator_c: 3.1.6 (/opt/ros/humble/share/rosidl_generator_c/cmake)
[0.676s] -- Found rosidl_adapter: 3.1.6 (/opt/ros/humble/share/rosidl_adapter/cmake)
[0.692s] -- Found rosidl_generator_cpp: 3.1.6 (/opt/ros/humble/share/rosidl_generator_cpp/cmake)
[0.715s] -- Using all available rosidl_typesupport_c: rosidl_typesupport_fastrtps_c;rosidl_typesupport_introspection_c
[0.737s] -- Using all available rosidl_typesupport_cpp: rosidl_typesupport_fastrtps_cpp;rosidl_typesupport_introspection_cpp
[0.785s] -- Found rmw_implementation_cmake: 6.1.2 (/opt/ros/humble/share/rmw_implementation_cmake/cmake)
[0.788s] -- Found rmw_fastrtps_cpp: 6.2.7 (/opt/ros/humble/share/rmw_fastrtps_cpp/cmake)
[0.902s] -- Found OpenSSL: /usr/lib/x86_64-linux-gnu/libcrypto.so (found version "3.0.2")  
[0.933s] -- Found FastRTPS: /opt/ros/humble/include  
[0.978s] -- Using RMW implementation 'rmw_fastrtps_cpp' as default
[0.987s] -- Looking for pthread.h
[1.061s] -- Looking for pthread.h - found
[1.061s] -- Performing Test CMAKE_HAVE_LIBC_PTHREAD
[1.145s] -- Performing Test CMAKE_HAVE_LIBC_PTHREAD - Success
[1.146s] -- Found Threads: TRUE  
[1.215s] -- Found trajectory_msgs: 4.8.0 (/opt/ros/humble/share/trajectory_msgs/cmake)
[1.250s] -- Found ament_lint_auto: 0.12.12 (/opt/ros/humble/share/ament_lint_auto/cmake)
[1.327s] -- Added test 'cppcheck' to perform static code analysis on C / C++ code
[1.327s] -- Configured cppcheck include dirs: 
[1.328s] -- Configured cppcheck exclude dirs and/or files: 
[1.328s] -- Added test 'lint_cmake' to check CMake code style
[1.330s] -- Added test 'uncrustify' to check C / C++ code style
[1.330s] -- Configured uncrustify additional arguments: 
[1.330s] -- Added test 'xmllint' to check XML markup files
[1.332s] -- Configuring done
[1.341s] -- Generating done
[1.346s] -- Build files have been written to: /home/kol/Documents/ros_workstation/ArmBots/ArmBot_1/build/robotcontroller
[1.355s] Invoked command in '/home/kol/Documents/ros_workstation/ArmBots/ArmBot_1/build/robotcontroller' returned '0': CMAKE_PREFIX_PATH=/opt/ros/humble /usr/bin/cmake /home/kol/Documents/ros_workstation/ArmBots/ArmBot_1/src/robotcontroller -DAMENT_CMAKE_SYMLINK_INSTALL=1 -DCMAKE_INSTALL_PREFIX=/home/kol/Documents/ros_workstation/ArmBots/ArmBot_1/install/robotcontroller
[1.357s] Invoking command in '/home/kol/Documents/ros_workstation/ArmBots/ArmBot_1/build/robotcontroller': CMAKE_PREFIX_PATH=/opt/ros/humble /usr/bin/cmake --build /home/kol/Documents/ros_workstation/ArmBots/ArmBot_1/build/robotcontroller -- -j4 -l4
[1.415s] [ 50%] [32mBuilding CXX object CMakeFiles/robot_cont.dir/src/robotcont.cpp.o[0m
[5.692s] [100%] [32m[1mLinking CXX executable robot_cont[0m
[5.890s] [100%] Built target robot_cont
[5.900s] Invoked command in '/home/kol/Documents/ros_workstation/ArmBots/ArmBot_1/build/robotcontroller' returned '0': CMAKE_PREFIX_PATH=/opt/ros/humble /usr/bin/cmake --build /home/kol/Documents/ros_workstation/ArmBots/ArmBot_1/build/robotcontroller -- -j4 -l4
[5.902s] Invoking command in '/home/kol/Documents/ros_workstation/ArmBots/ArmBot_1/build/robotcontroller': CMAKE_PREFIX_PATH=/opt/ros/humble /usr/bin/cmake --install /home/kol/Documents/ros_workstation/ArmBots/ArmBot_1/build/robotcontroller
[5.909s] -- Install configuration: ""
[5.909s] -- Execute custom install script
[5.910s] -- Symlinking: /home/kol/Documents/ros_workstation/ArmBots/ArmBot_1/install/robotcontroller/lib/robotcontroller/robot_cont
[5.918s] -- Symlinking: /home/kol/Documents/ros_workstation/ArmBots/ArmBot_1/install/robotcontroller/share/ament_index/resource_index/package_run_dependencies/robotcontroller
[5.927s] -- Symlinking: /home/kol/Documents/ros_workstation/ArmBots/ArmBot_1/install/robotcontroller/share/ament_index/resource_index/parent_prefix_path/robotcontroller
[5.935s] -- Symlinking: /home/kol/Documents/ros_workstation/ArmBots/ArmBot_1/install/robotcontroller/share/robotcontroller/environment/ament_prefix_path.sh
[5.944s] -- Symlinking: /home/kol/Documents/ros_workstation/ArmBots/ArmBot_1/install/robotcontroller/share/robotcontroller/environment/ament_prefix_path.dsv
[5.952s] -- Symlinking: /home/kol/Documents/ros_workstation/ArmBots/ArmBot_1/install/robotcontroller/share/robotcontroller/environment/path.sh
[5.962s] -- Symlinking: /home/kol/Documents/ros_workstation/ArmBots/ArmBot_1/install/robotcontroller/share/robotcontroller/environment/path.dsv
[5.970s] -- Symlinking: /home/kol/Documents/ros_workstation/ArmBots/ArmBot_1/install/robotcontroller/share/robotcontroller/local_setup.bash
[5.978s] -- Symlinking: /home/kol/Documents/ros_workstation/ArmBots/ArmBot_1/install/robotcontroller/share/robotcontroller/local_setup.sh
[5.986s] -- Symlinking: /home/kol/Documents/ros_workstation/ArmBots/ArmBot_1/install/robotcontroller/share/robotcontroller/local_setup.zsh
[5.994s] -- Symlinking: /home/kol/Documents/ros_workstation/ArmBots/ArmBot_1/install/robotcontroller/share/robotcontroller/local_setup.dsv
[6.003s] -- Symlinking: /home/kol/Documents/ros_workstation/ArmBots/ArmBot_1/install/robotcontroller/share/robotcontroller/package.dsv
[6.011s] -- Symlinking: /home/kol/Documents/ros_workstation/ArmBots/ArmBot_1/install/robotcontroller/share/ament_index/resource_index/packages/robotcontroller
[6.019s] -- Symlinking: /home/kol/Documents/ros_workstation/ArmBots/ArmBot_1/install/robotcontroller/share/robotcontroller/cmake/robotcontrollerConfig.cmake
[6.028s] -- Symlinking: /home/kol/Documents/ros_workstation/ArmBots/ArmBot_1/install/robotcontroller/share/robotcontroller/cmake/robotcontrollerConfig-version.cmake
[6.036s] -- Symlinking: /home/kol/Documents/ros_workstation/ArmBots/ArmBot_1/install/robotcontroller/share/robotcontroller/package.xml
[6.047s] Invoked command in '/home/kol/Documents/ros_workstation/ArmBots/ArmBot_1/build/robotcontroller' returned '0': CMAKE_PREFIX_PATH=/opt/ros/humble /usr/bin/cmake --install /home/kol/Documents/ros_workstation/ArmBots/ArmBot_1/build/robotcontroller
