[0.010s] Invoking command in '/home/kol/Documents/ros_workstation/pipebot/build/pipebot': CMAKE_PREFIX_PATH=/opt/ros/humble /usr/bin/cmake /home/kol/Documents/ros_workstation/pipebot/src/pipebot -DCMAKE_INSTALL_PREFIX=/home/kol/Documents/ros_workstation/pipebot/install/pipebot
[0.064s] -- The C compiler identification is GNU 11.4.0
[0.122s] -- The CXX compiler identification is GNU 11.4.0
[0.136s] -- Detecting C compiler ABI info
[0.207s] -- Detecting C compiler ABI info - done
[0.214s] -- Check for working C compiler: /usr/bin/cc - skipped
[0.214s] -- Detecting C compile features
[0.215s] -- Detecting C compile features - done
[0.219s] -- Detecting CXX compiler ABI info
[0.302s] -- Detecting CXX compiler ABI info - done
[0.310s] -- Check for working CXX compiler: /usr/bin/c++ - skipped
[0.310s] -- Detecting CXX compile features
[0.311s] -- Detecting CXX compile features - done
[0.313s] -- Found ament_cmake: 1.3.11 (/opt/ros/humble/share/ament_cmake/cmake)
[0.468s] -- Found Python3: /usr/bin/python3 (found version "3.10.12") found components: Interpreter 
[0.564s] [31mCMake Error at CMakeLists.txt:14 (install):
[0.564s]   install DIRECTORY given no DESTINATION!
[0.564s] 
[0.564s] [0m
[0.565s] -- Found ament_lint_auto: 0.12.12 (/opt/ros/humble/share/ament_lint_auto/cmake)
[0.643s] -- Added test 'flake8' to check Python code syntax and style conventions
[0.644s] -- Added test 'lint_cmake' to check CMake code style
[0.645s] -- Added test 'pep257' to check Python code against some of the docstring style conventions in PEP 257
[0.647s] -- Added test 'xmllint' to check XML markup files
[0.648s] -- Configuring incomplete, errors occurred!
[0.648s] See also "/home/kol/Documents/ros_workstation/pipebot/build/pipebot/CMakeFiles/CMakeOutput.log".
[0.653s] Invoked command in '/home/kol/Documents/ros_workstation/pipebot/build/pipebot' returned '1': CMAKE_PREFIX_PATH=/opt/ros/humble /usr/bin/cmake /home/kol/Documents/ros_workstation/pipebot/src/pipebot -DCMAKE_INSTALL_PREFIX=/home/kol/Documents/ros_workstation/pipebot/install/pipebot
