-- Install configuration: ""
-- Up-to-date: /home/kol/Documents/ros_workstation/Control/Arm/install/boilerplate_mvt_cfg/share/ament_index/resource_index/package_run_dependencies/boilerplate_mvt_cfg
-- Up-to-date: /home/kol/Documents/ros_workstation/Control/Arm/install/boilerplate_mvt_cfg/share/ament_index/resource_index/parent_prefix_path/boilerplate_mvt_cfg
-- Up-to-date: /home/kol/Documents/ros_workstation/Control/Arm/install/boilerplate_mvt_cfg/share/boilerplate_mvt_cfg/environment/ament_prefix_path.sh
-- Up-to-date: /home/kol/Documents/ros_workstation/Control/Arm/install/boilerplate_mvt_cfg/share/boilerplate_mvt_cfg/environment/ament_prefix_path.dsv
-- Up-to-date: /home/kol/Documents/ros_workstation/Control/Arm/install/boilerplate_mvt_cfg/share/boilerplate_mvt_cfg/environment/path.sh
-- Up-to-date: /home/kol/Documents/ros_workstation/Control/Arm/install/boilerplate_mvt_cfg/share/boilerplate_mvt_cfg/environment/path.dsv
-- Up-to-date: /home/kol/Documents/ros_workstation/Control/Arm/install/boilerplate_mvt_cfg/share/boilerplate_mvt_cfg/local_setup.bash
-- Up-to-date: /home/kol/Documents/ros_workstation/Control/Arm/install/boilerplate_mvt_cfg/share/boilerplate_mvt_cfg/local_setup.sh
-- Up-to-date: /home/kol/Documents/ros_workstation/Control/Arm/install/boilerplate_mvt_cfg/share/boilerplate_mvt_cfg/local_setup.zsh
-- Up-to-date: /home/kol/Documents/ros_workstation/Control/Arm/install/boilerplate_mvt_cfg/share/boilerplate_mvt_cfg/local_setup.dsv
-- Up-to-date: /home/kol/Documents/ros_workstation/Control/Arm/install/boilerplate_mvt_cfg/share/boilerplate_mvt_cfg/package.dsv
-- Up-to-date: /home/kol/Documents/ros_workstation/Control/Arm/install/boilerplate_mvt_cfg/share/ament_index/resource_index/packages/boilerplate_mvt_cfg
-- Up-to-date: /home/kol/Documents/ros_workstation/Control/Arm/install/boilerplate_mvt_cfg/share/boilerplate_mvt_cfg/cmake/boilerplate_mvt_cfgConfig.cmake
-- Up-to-date: /home/kol/Documents/ros_workstation/Control/Arm/install/boilerplate_mvt_cfg/share/boilerplate_mvt_cfg/cmake/boilerplate_mvt_cfgConfig-version.cmake
-- Up-to-date: /home/kol/Documents/ros_workstation/Control/Arm/install/boilerplate_mvt_cfg/share/boilerplate_mvt_cfg/package.xml
-- Up-to-date: /home/kol/Documents/ros_workstation/Control/Arm/install/boilerplate_mvt_cfg/share/boilerplate_mvt_cfg/launch
-- Up-to-date: /home/kol/Documents/ros_workstation/Control/Arm/install/boilerplate_mvt_cfg/share/boilerplate_mvt_cfg/launch/rsp.launch.py
-- Up-to-date: /home/kol/Documents/ros_workstation/Control/Arm/install/boilerplate_mvt_cfg/share/boilerplate_mvt_cfg/launch/move_group.launch.py
-- Up-to-date: /home/kol/Documents/ros_workstation/Control/Arm/install/boilerplate_mvt_cfg/share/boilerplate_mvt_cfg/launch/spawn_controllers.launch.py
-- Up-to-date: /home/kol/Documents/ros_workstation/Control/Arm/install/boilerplate_mvt_cfg/share/boilerplate_mvt_cfg/launch/demo.launch.py
-- Up-to-date: /home/kol/Documents/ros_workstation/Control/Arm/install/boilerplate_mvt_cfg/share/boilerplate_mvt_cfg/launch/setup_assistant.launch.py
-- Up-to-date: /home/kol/Documents/ros_workstation/Control/Arm/install/boilerplate_mvt_cfg/share/boilerplate_mvt_cfg/launch/moveit_rviz.launch.py
-- Up-to-date: /home/kol/Documents/ros_workstation/Control/Arm/install/boilerplate_mvt_cfg/share/boilerplate_mvt_cfg/launch/static_virtual_joint_tfs.launch.py
-- Up-to-date: /home/kol/Documents/ros_workstation/Control/Arm/install/boilerplate_mvt_cfg/share/boilerplate_mvt_cfg/launch/warehouse_db.launch.py
-- Up-to-date: /home/kol/Documents/ros_workstation/Control/Arm/install/boilerplate_mvt_cfg/share/boilerplate_mvt_cfg/config
-- Up-to-date: /home/kol/Documents/ros_workstation/Control/Arm/install/boilerplate_mvt_cfg/share/boilerplate_mvt_cfg/config/moveit.rviz
-- Up-to-date: /home/kol/Documents/ros_workstation/Control/Arm/install/boilerplate_mvt_cfg/share/boilerplate_mvt_cfg/config/ros2_controllers.yaml
-- Up-to-date: /home/kol/Documents/ros_workstation/Control/Arm/install/boilerplate_mvt_cfg/share/boilerplate_mvt_cfg/config/joint_limits.yaml
-- Up-to-date: /home/kol/Documents/ros_workstation/Control/Arm/install/boilerplate_mvt_cfg/share/boilerplate_mvt_cfg/config/kinematics.yaml
-- Up-to-date: /home/kol/Documents/ros_workstation/Control/Arm/install/boilerplate_mvt_cfg/share/boilerplate_mvt_cfg/config/initial_positions.yaml
-- Up-to-date: /home/kol/Documents/ros_workstation/Control/Arm/install/boilerplate_mvt_cfg/share/boilerplate_mvt_cfg/config/FiveDoFBot.srdf
-- Up-to-date: /home/kol/Documents/ros_workstation/Control/Arm/install/boilerplate_mvt_cfg/share/boilerplate_mvt_cfg/config/pilz_cartesian_limits.yaml
-- Up-to-date: /home/kol/Documents/ros_workstation/Control/Arm/install/boilerplate_mvt_cfg/share/boilerplate_mvt_cfg/config/FiveDoFBot.ros2_control.xacro
-- Up-to-date: /home/kol/Documents/ros_workstation/Control/Arm/install/boilerplate_mvt_cfg/share/boilerplate_mvt_cfg/config/FiveDoFBot.urdf.xacro
-- Up-to-date: /home/kol/Documents/ros_workstation/Control/Arm/install/boilerplate_mvt_cfg/share/boilerplate_mvt_cfg/.setup_assistant
