[0.015s] Invoking command in '/home/kol/Documents/ros_workstation/Control/Arm/build/boilerplate_mvt_cfg': CMAKE_PREFIX_PATH=/home/kol/Documents/ros_workstation/Control/Arm/install/boilerplate:/home/kol/Documents/ros_workstation/Control/Arm/install/boilerplate_mvt_cfg:/opt/ros/humble /usr/bin/cmake --build /home/kol/Documents/ros_workstation/Control/Arm/build/boilerplate_mvt_cfg -- -j4 -l4
[0.064s] Invoked command in '/home/kol/Documents/ros_workstation/Control/Arm/build/boilerplate_mvt_cfg' returned '0': CMAKE_PREFIX_PATH=/home/kol/Documents/ros_workstation/Control/Arm/install/boilerplate:/home/kol/Documents/ros_workstation/Control/Arm/install/boilerplate_mvt_cfg:/opt/ros/humble /usr/bin/cmake --build /home/kol/Documents/ros_workstation/Control/Arm/build/boilerplate_mvt_cfg -- -j4 -l4
[0.067s] Invoking command in '/home/kol/Documents/ros_workstation/Control/Arm/build/boilerplate_mvt_cfg': CMAKE_PREFIX_PATH=/home/kol/Documents/ros_workstation/Control/Arm/install/boilerplate:/home/kol/Documents/ros_workstation/Control/Arm/install/boilerplate_mvt_cfg:/opt/ros/humble /usr/bin/cmake --install /home/kol/Documents/ros_workstation/Control/Arm/build/boilerplate_mvt_cfg
[0.077s] -- Install configuration: ""
[0.077s] -- Up-to-date: /home/kol/Documents/ros_workstation/Control/Arm/install/boilerplate_mvt_cfg/share/ament_index/resource_index/package_run_dependencies/boilerplate_mvt_cfg
[0.078s] -- Up-to-date: /home/kol/Documents/ros_workstation/Control/Arm/install/boilerplate_mvt_cfg/share/ament_index/resource_index/parent_prefix_path/boilerplate_mvt_cfg
[0.078s] -- Up-to-date: /home/kol/Documents/ros_workstation/Control/Arm/install/boilerplate_mvt_cfg/share/boilerplate_mvt_cfg/environment/ament_prefix_path.sh
[0.078s] -- Up-to-date: /home/kol/Documents/ros_workstation/Control/Arm/install/boilerplate_mvt_cfg/share/boilerplate_mvt_cfg/environment/ament_prefix_path.dsv
[0.078s] -- Up-to-date: /home/kol/Documents/ros_workstation/Control/Arm/install/boilerplate_mvt_cfg/share/boilerplate_mvt_cfg/environment/path.sh
[0.078s] -- Up-to-date: /home/kol/Documents/ros_workstation/Control/Arm/install/boilerplate_mvt_cfg/share/boilerplate_mvt_cfg/environment/path.dsv
[0.078s] -- Up-to-date: /home/kol/Documents/ros_workstation/Control/Arm/install/boilerplate_mvt_cfg/share/boilerplate_mvt_cfg/local_setup.bash
[0.078s] -- Up-to-date: /home/kol/Documents/ros_workstation/Control/Arm/install/boilerplate_mvt_cfg/share/boilerplate_mvt_cfg/local_setup.sh
[0.079s] -- Up-to-date: /home/kol/Documents/ros_workstation/Control/Arm/install/boilerplate_mvt_cfg/share/boilerplate_mvt_cfg/local_setup.zsh
[0.079s] -- Up-to-date: /home/kol/Documents/ros_workstation/Control/Arm/install/boilerplate_mvt_cfg/share/boilerplate_mvt_cfg/local_setup.dsv
[0.079s] -- Up-to-date: /home/kol/Documents/ros_workstation/Control/Arm/install/boilerplate_mvt_cfg/share/boilerplate_mvt_cfg/package.dsv
[0.079s] -- Up-to-date: /home/kol/Documents/ros_workstation/Control/Arm/install/boilerplate_mvt_cfg/share/ament_index/resource_index/packages/boilerplate_mvt_cfg
[0.079s] -- Up-to-date: /home/kol/Documents/ros_workstation/Control/Arm/install/boilerplate_mvt_cfg/share/boilerplate_mvt_cfg/cmake/boilerplate_mvt_cfgConfig.cmake
[0.079s] -- Up-to-date: /home/kol/Documents/ros_workstation/Control/Arm/install/boilerplate_mvt_cfg/share/boilerplate_mvt_cfg/cmake/boilerplate_mvt_cfgConfig-version.cmake
[0.080s] -- Up-to-date: /home/kol/Documents/ros_workstation/Control/Arm/install/boilerplate_mvt_cfg/share/boilerplate_mvt_cfg/package.xml
[0.080s] -- Up-to-date: /home/kol/Documents/ros_workstation/Control/Arm/install/boilerplate_mvt_cfg/share/boilerplate_mvt_cfg/launch
[0.080s] -- Up-to-date: /home/kol/Documents/ros_workstation/Control/Arm/install/boilerplate_mvt_cfg/share/boilerplate_mvt_cfg/launch/rsp.launch.py
[0.080s] -- Up-to-date: /home/kol/Documents/ros_workstation/Control/Arm/install/boilerplate_mvt_cfg/share/boilerplate_mvt_cfg/launch/move_group.launch.py
[0.080s] -- Up-to-date: /home/kol/Documents/ros_workstation/Control/Arm/install/boilerplate_mvt_cfg/share/boilerplate_mvt_cfg/launch/spawn_controllers.launch.py
[0.081s] -- Up-to-date: /home/kol/Documents/ros_workstation/Control/Arm/install/boilerplate_mvt_cfg/share/boilerplate_mvt_cfg/launch/demo.launch.py
[0.081s] -- Up-to-date: /home/kol/Documents/ros_workstation/Control/Arm/install/boilerplate_mvt_cfg/share/boilerplate_mvt_cfg/launch/setup_assistant.launch.py
[0.081s] -- Up-to-date: /home/kol/Documents/ros_workstation/Control/Arm/install/boilerplate_mvt_cfg/share/boilerplate_mvt_cfg/launch/moveit_rviz.launch.py
[0.081s] -- Up-to-date: /home/kol/Documents/ros_workstation/Control/Arm/install/boilerplate_mvt_cfg/share/boilerplate_mvt_cfg/launch/static_virtual_joint_tfs.launch.py
[0.081s] -- Up-to-date: /home/kol/Documents/ros_workstation/Control/Arm/install/boilerplate_mvt_cfg/share/boilerplate_mvt_cfg/launch/warehouse_db.launch.py
[0.081s] -- Up-to-date: /home/kol/Documents/ros_workstation/Control/Arm/install/boilerplate_mvt_cfg/share/boilerplate_mvt_cfg/config
[0.081s] -- Up-to-date: /home/kol/Documents/ros_workstation/Control/Arm/install/boilerplate_mvt_cfg/share/boilerplate_mvt_cfg/config/moveit.rviz
[0.081s] -- Up-to-date: /home/kol/Documents/ros_workstation/Control/Arm/install/boilerplate_mvt_cfg/share/boilerplate_mvt_cfg/config/ros2_controllers.yaml
[0.082s] -- Up-to-date: /home/kol/Documents/ros_workstation/Control/Arm/install/boilerplate_mvt_cfg/share/boilerplate_mvt_cfg/config/joint_limits.yaml
[0.082s] -- Up-to-date: /home/kol/Documents/ros_workstation/Control/Arm/install/boilerplate_mvt_cfg/share/boilerplate_mvt_cfg/config/kinematics.yaml
[0.082s] -- Up-to-date: /home/kol/Documents/ros_workstation/Control/Arm/install/boilerplate_mvt_cfg/share/boilerplate_mvt_cfg/config/initial_positions.yaml
[0.083s] -- Up-to-date: /home/kol/Documents/ros_workstation/Control/Arm/install/boilerplate_mvt_cfg/share/boilerplate_mvt_cfg/config/FiveDoFBot.srdf
[0.084s] -- Up-to-date: /home/kol/Documents/ros_workstation/Control/Arm/install/boilerplate_mvt_cfg/share/boilerplate_mvt_cfg/config/pilz_cartesian_limits.yaml
[0.084s] -- Up-to-date: /home/kol/Documents/ros_workstation/Control/Arm/install/boilerplate_mvt_cfg/share/boilerplate_mvt_cfg/config/FiveDoFBot.ros2_control.xacro
[0.085s] -- Up-to-date: /home/kol/Documents/ros_workstation/Control/Arm/install/boilerplate_mvt_cfg/share/boilerplate_mvt_cfg/config/FiveDoFBot.urdf.xacro
[0.085s] -- Up-to-date: /home/kol/Documents/ros_workstation/Control/Arm/install/boilerplate_mvt_cfg/share/boilerplate_mvt_cfg/.setup_assistant
[0.085s] Invoked command in '/home/kol/Documents/ros_workstation/Control/Arm/build/boilerplate_mvt_cfg' returned '0': CMAKE_PREFIX_PATH=/home/kol/Documents/ros_workstation/Control/Arm/install/boilerplate:/home/kol/Documents/ros_workstation/Control/Arm/install/boilerplate_mvt_cfg:/opt/ros/humble /usr/bin/cmake --install /home/kol/Documents/ros_workstation/Control/Arm/build/boilerplate_mvt_cfg
