[0.023s] Invoking command in '/home/kol/Documents/ros_workstation/ps_3/build/ps3': CMAKE_PREFIX_PATH=${CMAKE_PREFIX_PATH}:/opt/ros/humble /usr/bin/cmake --build /home/kol/Documents/ros_workstation/ps_3/build/ps3 -- -j4 -l4
[0.090s] [ 50%] Built target cust_pub
[0.090s] [100%] Built target cust_sub
[0.101s] Invoked command in '/home/kol/Documents/ros_workstation/ps_3/build/ps3' returned '0': CMAKE_PREFIX_PATH=${CMAKE_PREFIX_PATH}:/opt/ros/humble /usr/bin/cmake --build /home/kol/Documents/ros_workstation/ps_3/build/ps3 -- -j4 -l4
[0.110s] Invoking command in '/home/kol/Documents/ros_workstation/ps_3/build/ps3': CMAKE_PREFIX_PATH=${CMAKE_PREFIX_PATH}:/opt/ros/humble /usr/bin/cmake --install /home/kol/Documents/ros_workstation/ps_3/build/ps3
[0.118s] -- Install configuration: ""
[0.119s] -- Up-to-date: /home/kol/Documents/ros_workstation/ps_3/install/ps3/lib/ps3/cust_sub
[0.119s] -- Up-to-date: /home/kol/Documents/ros_workstation/ps_3/install/ps3/lib/ps3/cust_pub
[0.119s] -- Up-to-date: /home/kol/Documents/ros_workstation/ps_3/install/ps3/share/ps3/launch
[0.119s] -- Up-to-date: /home/kol/Documents/ros_workstation/ps_3/install/ps3/share/ps3/launch/.vscode
[0.120s] -- Up-to-date: /home/kol/Documents/ros_workstation/ps_3/install/ps3/share/ps3/launch/.vscode/c_cpp_properties.json
[0.120s] -- Up-to-date: /home/kol/Documents/ros_workstation/ps_3/install/ps3/share/ps3/launch/.vscode/settings.json
[0.120s] -- Installing: /home/kol/Documents/ros_workstation/ps_3/install/ps3/share/ps3/launch/pkg.launch.py
[0.120s] -- Up-to-date: /home/kol/Documents/ros_workstation/ps_3/install/ps3/share/ament_index/resource_index/package_run_dependencies/ps3
[0.120s] -- Up-to-date: /home/kol/Documents/ros_workstation/ps_3/install/ps3/share/ament_index/resource_index/parent_prefix_path/ps3
[0.120s] -- Up-to-date: /home/kol/Documents/ros_workstation/ps_3/install/ps3/share/ps3/environment/ament_prefix_path.sh
[0.120s] -- Up-to-date: /home/kol/Documents/ros_workstation/ps_3/install/ps3/share/ps3/environment/ament_prefix_path.dsv
[0.121s] -- Up-to-date: /home/kol/Documents/ros_workstation/ps_3/install/ps3/share/ps3/environment/path.sh
[0.121s] -- Up-to-date: /home/kol/Documents/ros_workstation/ps_3/install/ps3/share/ps3/environment/path.dsv
[0.121s] -- Up-to-date: /home/kol/Documents/ros_workstation/ps_3/install/ps3/share/ps3/local_setup.bash
[0.121s] -- Up-to-date: /home/kol/Documents/ros_workstation/ps_3/install/ps3/share/ps3/local_setup.sh
[0.121s] -- Up-to-date: /home/kol/Documents/ros_workstation/ps_3/install/ps3/share/ps3/local_setup.zsh
[0.121s] -- Up-to-date: /home/kol/Documents/ros_workstation/ps_3/install/ps3/share/ps3/local_setup.dsv
[0.121s] -- Installing: /home/kol/Documents/ros_workstation/ps_3/install/ps3/share/ps3/package.dsv
[0.121s] -- Up-to-date: /home/kol/Documents/ros_workstation/ps_3/install/ps3/share/ament_index/resource_index/packages/ps3
[0.121s] -- Up-to-date: /home/kol/Documents/ros_workstation/ps_3/install/ps3/share/ps3/cmake/ps3Config.cmake
[0.121s] -- Up-to-date: /home/kol/Documents/ros_workstation/ps_3/install/ps3/share/ps3/cmake/ps3Config-version.cmake
[0.122s] -- Up-to-date: /home/kol/Documents/ros_workstation/ps_3/install/ps3/share/ps3/package.xml
[0.123s] Invoked command in '/home/kol/Documents/ros_workstation/ps_3/build/ps3' returned '0': CMAKE_PREFIX_PATH=${CMAKE_PREFIX_PATH}:/opt/ros/humble /usr/bin/cmake --install /home/kol/Documents/ros_workstation/ps_3/build/ps3
