[0.015s] Invoking command in '/home/kol/Documents/ros_workstation/pipebot/src/build/pipebot_moveit_config': AMENT_PREFIX_PATH=/home/kol/Documents/ros_workstation/pipebot/src/install/pipebot:${AMENT_PREFIX_PATH} CMAKE_PREFIX_PATH=/home/kol/Documents/ros_workstation/pipebot/src/install/pipebot:/home/kol/Documents/ros_workstation/pipebot/install/pipebot:/opt/ros/humble /usr/bin/cmake /home/kol/Documents/ros_workstation/pipebot/src/pipebot_moveit_config -DCMAKE_INSTALL_PREFIX=/home/kol/Documents/ros_workstation/pipebot/src/install/pipebot_moveit_config
[0.106s] -- The C compiler identification is GNU 11.4.0
[0.197s] -- The CXX compiler identification is GNU 11.4.0
[0.207s] -- Detecting C compiler ABI info
[0.314s] -- Detecting C compiler ABI info - done
[0.323s] -- Check for working C compiler: /usr/bin/cc - skipped
[0.324s] -- Detecting C compile features
[0.324s] -- Detecting C compile features - done
[0.331s] -- Detecting CXX compiler ABI info
[0.445s] -- Detecting CXX compiler ABI info - done
[0.457s] -- Check for working CXX compiler: /usr/bin/c++ - skipped
[0.457s] -- Detecting CXX compile features
[0.458s] -- Detecting CXX compile features - done
[0.462s] -- Found ament_cmake: 1.3.11 (/opt/ros/humble/share/ament_cmake/cmake)
[0.677s] -- Found Python3: /usr/bin/python3 (found version "3.10.12") found components: Interpreter 
[0.922s] -- Configuring done
[0.928s] -- Generating done
[0.930s] -- Build files have been written to: /home/kol/Documents/ros_workstation/pipebot/src/build/pipebot_moveit_config
[0.940s] Invoked command in '/home/kol/Documents/ros_workstation/pipebot/src/build/pipebot_moveit_config' returned '0': AMENT_PREFIX_PATH=/home/kol/Documents/ros_workstation/pipebot/src/install/pipebot:${AMENT_PREFIX_PATH} CMAKE_PREFIX_PATH=/home/kol/Documents/ros_workstation/pipebot/src/install/pipebot:/home/kol/Documents/ros_workstation/pipebot/install/pipebot:/opt/ros/humble /usr/bin/cmake /home/kol/Documents/ros_workstation/pipebot/src/pipebot_moveit_config -DCMAKE_INSTALL_PREFIX=/home/kol/Documents/ros_workstation/pipebot/src/install/pipebot_moveit_config
[0.940s] Invoking command in '/home/kol/Documents/ros_workstation/pipebot/src/build/pipebot_moveit_config': AMENT_PREFIX_PATH=/home/kol/Documents/ros_workstation/pipebot/src/install/pipebot:${AMENT_PREFIX_PATH} CMAKE_PREFIX_PATH=/home/kol/Documents/ros_workstation/pipebot/src/install/pipebot:/home/kol/Documents/ros_workstation/pipebot/install/pipebot:/opt/ros/humble /usr/bin/cmake --build /home/kol/Documents/ros_workstation/pipebot/src/build/pipebot_moveit_config -- -j4 -l4
[0.988s] Invoked command in '/home/kol/Documents/ros_workstation/pipebot/src/build/pipebot_moveit_config' returned '0': AMENT_PREFIX_PATH=/home/kol/Documents/ros_workstation/pipebot/src/install/pipebot:${AMENT_PREFIX_PATH} CMAKE_PREFIX_PATH=/home/kol/Documents/ros_workstation/pipebot/src/install/pipebot:/home/kol/Documents/ros_workstation/pipebot/install/pipebot:/opt/ros/humble /usr/bin/cmake --build /home/kol/Documents/ros_workstation/pipebot/src/build/pipebot_moveit_config -- -j4 -l4
[0.994s] Invoking command in '/home/kol/Documents/ros_workstation/pipebot/src/build/pipebot_moveit_config': AMENT_PREFIX_PATH=/home/kol/Documents/ros_workstation/pipebot/src/install/pipebot:${AMENT_PREFIX_PATH} CMAKE_PREFIX_PATH=/home/kol/Documents/ros_workstation/pipebot/src/install/pipebot:/home/kol/Documents/ros_workstation/pipebot/install/pipebot:/opt/ros/humble /usr/bin/cmake --install /home/kol/Documents/ros_workstation/pipebot/src/build/pipebot_moveit_config
[1.000s] -- Install configuration: ""
[1.003s] -- Installing: /home/kol/Documents/ros_workstation/pipebot/src/install/pipebot_moveit_config/share/ament_index/resource_index/package_run_dependencies/pipebot_moveit_config
[1.003s] -- Installing: /home/kol/Documents/ros_workstation/pipebot/src/install/pipebot_moveit_config/share/ament_index/resource_index/parent_prefix_path/pipebot_moveit_config
[1.004s] -- Installing: /home/kol/Documents/ros_workstation/pipebot/src/install/pipebot_moveit_config/share/pipebot_moveit_config/environment/ament_prefix_path.sh
[1.004s] -- Installing: /home/kol/Documents/ros_workstation/pipebot/src/install/pipebot_moveit_config/share/pipebot_moveit_config/environment/ament_prefix_path.dsv
[1.005s] -- Installing: /home/kol/Documents/ros_workstation/pipebot/src/install/pipebot_moveit_config/share/pipebot_moveit_config/environment/path.sh
[1.006s] -- Installing: /home/kol/Documents/ros_workstation/pipebot/src/install/pipebot_moveit_config/share/pipebot_moveit_config/environment/path.dsv
[1.006s] -- Installing: /home/kol/Documents/ros_workstation/pipebot/src/install/pipebot_moveit_config/share/pipebot_moveit_config/local_setup.bash
[1.006s] -- Installing: /home/kol/Documents/ros_workstation/pipebot/src/install/pipebot_moveit_config/share/pipebot_moveit_config/local_setup.sh
[1.007s] -- Installing: /home/kol/Documents/ros_workstation/pipebot/src/install/pipebot_moveit_config/share/pipebot_moveit_config/local_setup.zsh
[1.007s] -- Installing: /home/kol/Documents/ros_workstation/pipebot/src/install/pipebot_moveit_config/share/pipebot_moveit_config/local_setup.dsv
[1.007s] -- Installing: /home/kol/Documents/ros_workstation/pipebot/src/install/pipebot_moveit_config/share/pipebot_moveit_config/package.dsv
[1.007s] -- Installing: /home/kol/Documents/ros_workstation/pipebot/src/install/pipebot_moveit_config/share/ament_index/resource_index/packages/pipebot_moveit_config
[1.007s] -- Installing: /home/kol/Documents/ros_workstation/pipebot/src/install/pipebot_moveit_config/share/pipebot_moveit_config/cmake/pipebot_moveit_configConfig.cmake
[1.007s] -- Installing: /home/kol/Documents/ros_workstation/pipebot/src/install/pipebot_moveit_config/share/pipebot_moveit_config/cmake/pipebot_moveit_configConfig-version.cmake
[1.008s] -- Installing: /home/kol/Documents/ros_workstation/pipebot/src/install/pipebot_moveit_config/share/pipebot_moveit_config/package.xml
[1.008s] -- Installing: /home/kol/Documents/ros_workstation/pipebot/src/install/pipebot_moveit_config/share/pipebot_moveit_config/launch
[1.008s] -- Installing: /home/kol/Documents/ros_workstation/pipebot/src/install/pipebot_moveit_config/share/pipebot_moveit_config/launch/rsp.launch.py
[1.008s] -- Installing: /home/kol/Documents/ros_workstation/pipebot/src/install/pipebot_moveit_config/share/pipebot_moveit_config/launch/move_group.launch.py
[1.008s] -- Installing: /home/kol/Documents/ros_workstation/pipebot/src/install/pipebot_moveit_config/share/pipebot_moveit_config/launch/spawn_controllers.launch.py
[1.008s] -- Installing: /home/kol/Documents/ros_workstation/pipebot/src/install/pipebot_moveit_config/share/pipebot_moveit_config/launch/demo.launch.py
[1.008s] -- Installing: /home/kol/Documents/ros_workstation/pipebot/src/install/pipebot_moveit_config/share/pipebot_moveit_config/launch/setup_assistant.launch.py
[1.008s] -- Installing: /home/kol/Documents/ros_workstation/pipebot/src/install/pipebot_moveit_config/share/pipebot_moveit_config/launch/moveit_rviz.launch.py
[1.009s] -- Installing: /home/kol/Documents/ros_workstation/pipebot/src/install/pipebot_moveit_config/share/pipebot_moveit_config/launch/static_virtual_joint_tfs.launch.py
[1.009s] -- Installing: /home/kol/Documents/ros_workstation/pipebot/src/install/pipebot_moveit_config/share/pipebot_moveit_config/launch/warehouse_db.launch.py
[1.009s] -- Installing: /home/kol/Documents/ros_workstation/pipebot/src/install/pipebot_moveit_config/share/pipebot_moveit_config/config
[1.009s] -- Installing: /home/kol/Documents/ros_workstation/pipebot/src/install/pipebot_moveit_config/share/pipebot_moveit_config/config/moveit.rviz
[1.009s] -- Installing: /home/kol/Documents/ros_workstation/pipebot/src/install/pipebot_moveit_config/share/pipebot_moveit_config/config/ros2_controllers.yaml
[1.009s] -- Installing: /home/kol/Documents/ros_workstation/pipebot/src/install/pipebot_moveit_config/share/pipebot_moveit_config/config/joint_limits.yaml
[1.009s] -- Installing: /home/kol/Documents/ros_workstation/pipebot/src/install/pipebot_moveit_config/share/pipebot_moveit_config/config/pipebot.ros2_control.xacro
[1.010s] -- Installing: /home/kol/Documents/ros_workstation/pipebot/src/install/pipebot_moveit_config/share/pipebot_moveit_config/config/pipebot.srdf
[1.010s] -- Installing: /home/kol/Documents/ros_workstation/pipebot/src/install/pipebot_moveit_config/share/pipebot_moveit_config/config/kinematics.yaml
[1.010s] -- Installing: /home/kol/Documents/ros_workstation/pipebot/src/install/pipebot_moveit_config/share/pipebot_moveit_config/config/initial_positions.yaml
[1.010s] -- Installing: /home/kol/Documents/ros_workstation/pipebot/src/install/pipebot_moveit_config/share/pipebot_moveit_config/config/pipebot.urdf.xacro
[1.010s] -- Installing: /home/kol/Documents/ros_workstation/pipebot/src/install/pipebot_moveit_config/share/pipebot_moveit_config/config/pilz_cartesian_limits.yaml
[1.010s] -- Installing: /home/kol/Documents/ros_workstation/pipebot/src/install/pipebot_moveit_config/share/pipebot_moveit_config/.setup_assistant
[1.013s] Invoked command in '/home/kol/Documents/ros_workstation/pipebot/src/build/pipebot_moveit_config' returned '0': AMENT_PREFIX_PATH=/home/kol/Documents/ros_workstation/pipebot/src/install/pipebot:${AMENT_PREFIX_PATH} CMAKE_PREFIX_PATH=/home/kol/Documents/ros_workstation/pipebot/src/install/pipebot:/home/kol/Documents/ros_workstation/pipebot/install/pipebot:/opt/ros/humble /usr/bin/cmake --install /home/kol/Documents/ros_workstation/pipebot/src/build/pipebot_moveit_config
