[0.158s] DEBUG:colcon:Command line arguments: ['/usr/bin/colcon', 'build']
[0.158s] DEBUG:colcon:Parsed command line arguments: Namespace(log_base=None, log_level=None, verb_name='build', build_base='build', install_base='install', merge_install=False, symlink_install=False, test_result_base=None, continue_on_error=False, executor='parallel', parallel_workers=4, event_handlers=None, ignore_user_meta=False, metas=['./colcon.meta'], base_paths=['.'], packages_ignore=None, packages_ignore_regex=None, paths=None, packages_up_to=None, packages_up_to_regex=None, packages_above=None, packages_above_and_dependencies=None, packages_above_depth=None, packages_select_by_dep=None, packages_skip_by_dep=None, packages_skip_up_to=None, packages_select_build_failed=False, packages_skip_build_finished=False, packages_select_test_failures=False, packages_skip_test_passed=False, packages_select=None, packages_skip=None, packages_select_regex=None, packages_skip_regex=None, packages_start=None, packages_end=None, allow_overriding=[], cmake_args=None, cmake_target=None, cmake_target_skip_unavailable=False, cmake_clean_cache=False, cmake_clean_first=False, cmake_force_configure=False, ament_cmake_args=None, catkin_cmake_args=None, catkin_skip_building_tests=False, mixin_files=None, mixin=None, verb_parser=<colcon_mixin.mixin.mixin_argument.MixinArgumentDecorator object at 0x7cb595195de0>, verb_extension=<colcon_core.verb.build.BuildVerb object at 0x7cb595195870>, main=<bound method BuildVerb.main of <colcon_core.verb.build.BuildVerb object at 0x7cb595195870>>, mixin_verb=('build',))
[0.451s] Level 1:colcon.colcon_core.package_discovery:discover_packages(colcon_meta) check parameters
[0.451s] Level 1:colcon.colcon_core.package_discovery:discover_packages(recursive) check parameters
[0.451s] Level 1:colcon.colcon_core.package_discovery:discover_packages(ignore) check parameters
[0.451s] Level 1:colcon.colcon_core.package_discovery:discover_packages(path) check parameters
[0.451s] Level 1:colcon.colcon_core.package_discovery:discover_packages(colcon_meta) discover
[0.451s] Level 1:colcon.colcon_core.package_discovery:discover_packages(recursive) discover
[0.451s] INFO:colcon.colcon_core.package_discovery:Crawling recursively for packages in '/home/kol/Documents/ros_workstation/Control/Arm'
[0.452s] Level 1:colcon.colcon_core.package_identification:_identify(.) by extensions ['ignore', 'ignore_ament_install']
[0.452s] Level 1:colcon.colcon_core.package_identification:_identify(.) by extension 'ignore'
[0.452s] Level 1:colcon.colcon_core.package_identification:_identify(.) by extension 'ignore_ament_install'
[0.452s] Level 1:colcon.colcon_core.package_identification:_identify(.) by extensions ['colcon_pkg']
[0.452s] Level 1:colcon.colcon_core.package_identification:_identify(.) by extension 'colcon_pkg'
[0.452s] Level 1:colcon.colcon_core.package_identification:_identify(.) by extensions ['colcon_meta']
[0.452s] Level 1:colcon.colcon_core.package_identification:_identify(.) by extension 'colcon_meta'
[0.452s] Level 1:colcon.colcon_core.package_identification:_identify(.) by extensions ['ros']
[0.452s] Level 1:colcon.colcon_core.package_identification:_identify(.) by extension 'ros'
[0.467s] Level 1:colcon.colcon_core.package_identification:_identify(.) by extensions ['cmake', 'python']
[0.467s] Level 1:colcon.colcon_core.package_identification:_identify(.) by extension 'cmake'
[0.467s] Level 1:colcon.colcon_core.package_identification:_identify(.) by extension 'python'
[0.467s] Level 1:colcon.colcon_core.package_identification:_identify(.) by extensions ['python_setup_py']
[0.467s] Level 1:colcon.colcon_core.package_identification:_identify(.) by extension 'python_setup_py'
[0.467s] Level 1:colcon.colcon_core.package_identification:_identify(build) by extensions ['ignore', 'ignore_ament_install']
[0.467s] Level 1:colcon.colcon_core.package_identification:_identify(build) by extension 'ignore'
[0.467s] Level 1:colcon.colcon_core.package_identification:_identify(build) ignored
[0.467s] Level 1:colcon.colcon_core.package_identification:_identify(install) by extensions ['ignore', 'ignore_ament_install']
[0.467s] Level 1:colcon.colcon_core.package_identification:_identify(install) by extension 'ignore'
[0.467s] Level 1:colcon.colcon_core.package_identification:_identify(install) ignored
[0.468s] Level 1:colcon.colcon_core.package_identification:_identify(log) by extensions ['ignore', 'ignore_ament_install']
[0.468s] Level 1:colcon.colcon_core.package_identification:_identify(log) by extension 'ignore'
[0.468s] Level 1:colcon.colcon_core.package_identification:_identify(log) ignored
[0.468s] Level 1:colcon.colcon_core.package_identification:_identify(src) by extensions ['ignore', 'ignore_ament_install']
[0.468s] Level 1:colcon.colcon_core.package_identification:_identify(src) by extension 'ignore'
[0.468s] Level 1:colcon.colcon_core.package_identification:_identify(src) by extension 'ignore_ament_install'
[0.468s] Level 1:colcon.colcon_core.package_identification:_identify(src) by extensions ['colcon_pkg']
[0.468s] Level 1:colcon.colcon_core.package_identification:_identify(src) by extension 'colcon_pkg'
[0.468s] Level 1:colcon.colcon_core.package_identification:_identify(src) by extensions ['colcon_meta']
[0.468s] Level 1:colcon.colcon_core.package_identification:_identify(src) by extension 'colcon_meta'
[0.468s] Level 1:colcon.colcon_core.package_identification:_identify(src) by extensions ['ros']
[0.468s] Level 1:colcon.colcon_core.package_identification:_identify(src) by extension 'ros'
[0.468s] Level 1:colcon.colcon_core.package_identification:_identify(src) by extensions ['cmake', 'python']
[0.468s] Level 1:colcon.colcon_core.package_identification:_identify(src) by extension 'cmake'
[0.468s] Level 1:colcon.colcon_core.package_identification:_identify(src) by extension 'python'
[0.468s] Level 1:colcon.colcon_core.package_identification:_identify(src) by extensions ['python_setup_py']
[0.469s] Level 1:colcon.colcon_core.package_identification:_identify(src) by extension 'python_setup_py'
[0.469s] Level 1:colcon.colcon_core.package_identification:_identify(src/boilerplate) by extensions ['ignore', 'ignore_ament_install']
[0.469s] Level 1:colcon.colcon_core.package_identification:_identify(src/boilerplate) by extension 'ignore'
[0.469s] Level 1:colcon.colcon_core.package_identification:_identify(src/boilerplate) by extension 'ignore_ament_install'
[0.469s] Level 1:colcon.colcon_core.package_identification:_identify(src/boilerplate) by extensions ['colcon_pkg']
[0.469s] Level 1:colcon.colcon_core.package_identification:_identify(src/boilerplate) by extension 'colcon_pkg'
[0.469s] Level 1:colcon.colcon_core.package_identification:_identify(src/boilerplate) by extensions ['colcon_meta']
[0.469s] Level 1:colcon.colcon_core.package_identification:_identify(src/boilerplate) by extension 'colcon_meta'
[0.469s] Level 1:colcon.colcon_core.package_identification:_identify(src/boilerplate) by extensions ['ros']
[0.469s] Level 1:colcon.colcon_core.package_identification:_identify(src/boilerplate) by extension 'ros'
[0.472s] DEBUG:colcon.colcon_core.package_identification:Package 'src/boilerplate' with type 'ros.ament_cmake' and name 'boilerplate'
[0.472s] Level 1:colcon.colcon_core.package_identification:_identify(src/boilerplate_cfg2) by extensions ['ignore', 'ignore_ament_install']
[0.472s] Level 1:colcon.colcon_core.package_identification:_identify(src/boilerplate_cfg2) by extension 'ignore'
[0.473s] Level 1:colcon.colcon_core.package_identification:_identify(src/boilerplate_cfg2) by extension 'ignore_ament_install'
[0.473s] Level 1:colcon.colcon_core.package_identification:_identify(src/boilerplate_cfg2) by extensions ['colcon_pkg']
[0.473s] Level 1:colcon.colcon_core.package_identification:_identify(src/boilerplate_cfg2) by extension 'colcon_pkg'
[0.473s] Level 1:colcon.colcon_core.package_identification:_identify(src/boilerplate_cfg2) by extensions ['colcon_meta']
[0.473s] Level 1:colcon.colcon_core.package_identification:_identify(src/boilerplate_cfg2) by extension 'colcon_meta'
[0.473s] Level 1:colcon.colcon_core.package_identification:_identify(src/boilerplate_cfg2) by extensions ['ros']
[0.473s] Level 1:colcon.colcon_core.package_identification:_identify(src/boilerplate_cfg2) by extension 'ros'
[0.474s] DEBUG:colcon.colcon_core.package_identification:Package 'src/boilerplate_cfg2' with type 'ros.ament_cmake' and name 'boilerplate_cfg2'
[0.474s] Level 1:colcon.colcon_core.package_identification:_identify(src/boilerplate_mvt_cfg) by extensions ['ignore', 'ignore_ament_install']
[0.474s] Level 1:colcon.colcon_core.package_identification:_identify(src/boilerplate_mvt_cfg) by extension 'ignore'
[0.474s] Level 1:colcon.colcon_core.package_identification:_identify(src/boilerplate_mvt_cfg) by extension 'ignore_ament_install'
[0.474s] Level 1:colcon.colcon_core.package_identification:_identify(src/boilerplate_mvt_cfg) by extensions ['colcon_pkg']
[0.474s] Level 1:colcon.colcon_core.package_identification:_identify(src/boilerplate_mvt_cfg) by extension 'colcon_pkg'
[0.474s] Level 1:colcon.colcon_core.package_identification:_identify(src/boilerplate_mvt_cfg) by extensions ['colcon_meta']
[0.474s] Level 1:colcon.colcon_core.package_identification:_identify(src/boilerplate_mvt_cfg) by extension 'colcon_meta'
[0.475s] Level 1:colcon.colcon_core.package_identification:_identify(src/boilerplate_mvt_cfg) by extensions ['ros']
[0.475s] Level 1:colcon.colcon_core.package_identification:_identify(src/boilerplate_mvt_cfg) by extension 'ros'
[0.476s] DEBUG:colcon.colcon_core.package_identification:Package 'src/boilerplate_mvt_cfg' with type 'ros.ament_cmake' and name 'boilerplate_mvt_cfg'
[0.476s] Level 1:colcon.colcon_core.package_discovery:discover_packages(recursive) using defaults
[0.476s] Level 1:colcon.colcon_core.package_discovery:discover_packages(ignore) discover
[0.476s] Level 1:colcon.colcon_core.package_discovery:discover_packages(ignore) using defaults
[0.476s] Level 1:colcon.colcon_core.package_discovery:discover_packages(path) discover
[0.476s] Level 1:colcon.colcon_core.package_discovery:discover_packages(path) using defaults
[0.502s] Level 1:colcon.colcon_core.package_discovery:discover_packages(prefix_path) check parameters
[0.502s] Level 1:colcon.colcon_core.package_discovery:discover_packages(prefix_path) discover
[0.504s] DEBUG:colcon.colcon_installed_package_information.package_discovery:Found 2 installed packages in /home/kol/Documents/ros_workstation/Control/Arm/install
[0.506s] DEBUG:colcon.colcon_installed_package_information.package_discovery:Found 382 installed packages in /opt/ros/humble
[0.508s] Level 1:colcon.colcon_core.package_discovery:discover_packages(prefix_path) using defaults
[0.579s] Level 5:colcon.colcon_core.verb:set package 'boilerplate' build argument 'cmake_args' from command line to 'None'
[0.579s] Level 5:colcon.colcon_core.verb:set package 'boilerplate' build argument 'cmake_target' from command line to 'None'
[0.579s] Level 5:colcon.colcon_core.verb:set package 'boilerplate' build argument 'cmake_target_skip_unavailable' from command line to 'False'
[0.579s] Level 5:colcon.colcon_core.verb:set package 'boilerplate' build argument 'cmake_clean_cache' from command line to 'False'
[0.579s] Level 5:colcon.colcon_core.verb:set package 'boilerplate' build argument 'cmake_clean_first' from command line to 'False'
[0.579s] Level 5:colcon.colcon_core.verb:set package 'boilerplate' build argument 'cmake_force_configure' from command line to 'False'
[0.579s] Level 5:colcon.colcon_core.verb:set package 'boilerplate' build argument 'ament_cmake_args' from command line to 'None'
[0.579s] Level 5:colcon.colcon_core.verb:set package 'boilerplate' build argument 'catkin_cmake_args' from command line to 'None'
[0.579s] Level 5:colcon.colcon_core.verb:set package 'boilerplate' build argument 'catkin_skip_building_tests' from command line to 'False'
[0.579s] DEBUG:colcon.colcon_core.verb:Building package 'boilerplate' with the following arguments: {'ament_cmake_args': None, 'build_base': '/home/kol/Documents/ros_workstation/Control/Arm/build/boilerplate', 'catkin_cmake_args': None, 'catkin_skip_building_tests': False, 'cmake_args': None, 'cmake_clean_cache': False, 'cmake_clean_first': False, 'cmake_force_configure': False, 'cmake_target': None, 'cmake_target_skip_unavailable': False, 'install_base': '/home/kol/Documents/ros_workstation/Control/Arm/install/boilerplate', 'merge_install': False, 'path': '/home/kol/Documents/ros_workstation/Control/Arm/src/boilerplate', 'symlink_install': False, 'test_result_base': None}
[0.579s] Level 5:colcon.colcon_core.verb:set package 'boilerplate_cfg2' build argument 'cmake_args' from command line to 'None'
[0.579s] Level 5:colcon.colcon_core.verb:set package 'boilerplate_cfg2' build argument 'cmake_target' from command line to 'None'
[0.579s] Level 5:colcon.colcon_core.verb:set package 'boilerplate_cfg2' build argument 'cmake_target_skip_unavailable' from command line to 'False'
[0.579s] Level 5:colcon.colcon_core.verb:set package 'boilerplate_cfg2' build argument 'cmake_clean_cache' from command line to 'False'
[0.579s] Level 5:colcon.colcon_core.verb:set package 'boilerplate_cfg2' build argument 'cmake_clean_first' from command line to 'False'
[0.580s] Level 5:colcon.colcon_core.verb:set package 'boilerplate_cfg2' build argument 'cmake_force_configure' from command line to 'False'
[0.580s] Level 5:colcon.colcon_core.verb:set package 'boilerplate_cfg2' build argument 'ament_cmake_args' from command line to 'None'
[0.580s] Level 5:colcon.colcon_core.verb:set package 'boilerplate_cfg2' build argument 'catkin_cmake_args' from command line to 'None'
[0.580s] Level 5:colcon.colcon_core.verb:set package 'boilerplate_cfg2' build argument 'catkin_skip_building_tests' from command line to 'False'
[0.580s] DEBUG:colcon.colcon_core.verb:Building package 'boilerplate_cfg2' with the following arguments: {'ament_cmake_args': None, 'build_base': '/home/kol/Documents/ros_workstation/Control/Arm/build/boilerplate_cfg2', 'catkin_cmake_args': None, 'catkin_skip_building_tests': False, 'cmake_args': None, 'cmake_clean_cache': False, 'cmake_clean_first': False, 'cmake_force_configure': False, 'cmake_target': None, 'cmake_target_skip_unavailable': False, 'install_base': '/home/kol/Documents/ros_workstation/Control/Arm/install/boilerplate_cfg2', 'merge_install': False, 'path': '/home/kol/Documents/ros_workstation/Control/Arm/src/boilerplate_cfg2', 'symlink_install': False, 'test_result_base': None}
[0.580s] Level 5:colcon.colcon_core.verb:set package 'boilerplate_mvt_cfg' build argument 'cmake_args' from command line to 'None'
[0.580s] Level 5:colcon.colcon_core.verb:set package 'boilerplate_mvt_cfg' build argument 'cmake_target' from command line to 'None'
[0.580s] Level 5:colcon.colcon_core.verb:set package 'boilerplate_mvt_cfg' build argument 'cmake_target_skip_unavailable' from command line to 'False'
[0.580s] Level 5:colcon.colcon_core.verb:set package 'boilerplate_mvt_cfg' build argument 'cmake_clean_cache' from command line to 'False'
[0.580s] Level 5:colcon.colcon_core.verb:set package 'boilerplate_mvt_cfg' build argument 'cmake_clean_first' from command line to 'False'
[0.580s] Level 5:colcon.colcon_core.verb:set package 'boilerplate_mvt_cfg' build argument 'cmake_force_configure' from command line to 'False'
[0.580s] Level 5:colcon.colcon_core.verb:set package 'boilerplate_mvt_cfg' build argument 'ament_cmake_args' from command line to 'None'
[0.580s] Level 5:colcon.colcon_core.verb:set package 'boilerplate_mvt_cfg' build argument 'catkin_cmake_args' from command line to 'None'
[0.580s] Level 5:colcon.colcon_core.verb:set package 'boilerplate_mvt_cfg' build argument 'catkin_skip_building_tests' from command line to 'False'
[0.580s] DEBUG:colcon.colcon_core.verb:Building package 'boilerplate_mvt_cfg' with the following arguments: {'ament_cmake_args': None, 'build_base': '/home/kol/Documents/ros_workstation/Control/Arm/build/boilerplate_mvt_cfg', 'catkin_cmake_args': None, 'catkin_skip_building_tests': False, 'cmake_args': None, 'cmake_clean_cache': False, 'cmake_clean_first': False, 'cmake_force_configure': False, 'cmake_target': None, 'cmake_target_skip_unavailable': False, 'install_base': '/home/kol/Documents/ros_workstation/Control/Arm/install/boilerplate_mvt_cfg', 'merge_install': False, 'path': '/home/kol/Documents/ros_workstation/Control/Arm/src/boilerplate_mvt_cfg', 'symlink_install': False, 'test_result_base': None}
[0.581s] INFO:colcon.colcon_core.executor:Executing jobs using 'parallel' executor
[0.582s] DEBUG:colcon.colcon_parallel_executor.executor.parallel:run_until_complete
[0.582s] INFO:colcon.colcon_ros.task.ament_cmake.build:Building ROS package in '/home/kol/Documents/ros_workstation/Control/Arm/src/boilerplate' with build type 'ament_cmake'
[0.582s] INFO:colcon.colcon_cmake.task.cmake.build:Building CMake package in '/home/kol/Documents/ros_workstation/Control/Arm/src/boilerplate'
[0.584s] INFO:colcon.colcon_core.plugin_system:Skipping extension 'colcon_core.shell.bat': Not used on non-Windows systems
[0.585s] INFO:colcon.colcon_core.shell:Skip shell extension 'powershell' for command environment: Not usable outside of PowerShell
[0.585s] DEBUG:colcon.colcon_core.shell:Skip shell extension 'dsv' for command environment
[0.597s] DEBUG:colcon.colcon_core.event_handler.log_command:Invoking command in '/home/kol/Documents/ros_workstation/Control/Arm/build/boilerplate': CMAKE_PREFIX_PATH=${CMAKE_PREFIX_PATH}:/opt/ros/humble /usr/bin/cmake --build /home/kol/Documents/ros_workstation/Control/Arm/build/boilerplate -- -j4 -l4
[0.643s] DEBUG:colcon.colcon_core.event_handler.log_command:Invoked command in '/home/kol/Documents/ros_workstation/Control/Arm/build/boilerplate' returned '0': CMAKE_PREFIX_PATH=${CMAKE_PREFIX_PATH}:/opt/ros/humble /usr/bin/cmake --build /home/kol/Documents/ros_workstation/Control/Arm/build/boilerplate -- -j4 -l4
[0.654s] DEBUG:colcon.colcon_core.event_handler.log_command:Invoking command in '/home/kol/Documents/ros_workstation/Control/Arm/build/boilerplate': CMAKE_PREFIX_PATH=${CMAKE_PREFIX_PATH}:/opt/ros/humble /usr/bin/cmake --install /home/kol/Documents/ros_workstation/Control/Arm/build/boilerplate
[0.668s] Level 1:colcon.colcon_core.environment:create_environment_scripts_only(boilerplate)
[0.669s] DEBUG:colcon.colcon_core.event_handler.log_command:Invoked command in '/home/kol/Documents/ros_workstation/Control/Arm/build/boilerplate' returned '0': CMAKE_PREFIX_PATH=${CMAKE_PREFIX_PATH}:/opt/ros/humble /usr/bin/cmake --install /home/kol/Documents/ros_workstation/Control/Arm/build/boilerplate
[0.672s] Level 1:colcon.colcon_core.environment:checking '/home/kol/Documents/ros_workstation/Control/Arm/install/boilerplate' for CMake module files
[0.672s] Level 1:colcon.colcon_core.environment:checking '/home/kol/Documents/ros_workstation/Control/Arm/install/boilerplate' for CMake config files
[0.673s] Level 1:colcon.colcon_core.shell:create_environment_hook('boilerplate', 'cmake_prefix_path')
[0.673s] INFO:colcon.colcon_core.shell:Creating environment hook '/home/kol/Documents/ros_workstation/Control/Arm/install/boilerplate/share/boilerplate/hook/cmake_prefix_path.ps1'
[0.674s] INFO:colcon.colcon_core.shell:Creating environment descriptor '/home/kol/Documents/ros_workstation/Control/Arm/install/boilerplate/share/boilerplate/hook/cmake_prefix_path.dsv'
[0.674s] INFO:colcon.colcon_core.shell:Creating environment hook '/home/kol/Documents/ros_workstation/Control/Arm/install/boilerplate/share/boilerplate/hook/cmake_prefix_path.sh'
[0.675s] Level 1:colcon.colcon_core.environment:checking '/home/kol/Documents/ros_workstation/Control/Arm/install/boilerplate/bin'
[0.676s] Level 1:colcon.colcon_core.environment:checking '/home/kol/Documents/ros_workstation/Control/Arm/install/boilerplate/lib/pkgconfig/boilerplate.pc'
[0.676s] Level 1:colcon.colcon_core.environment:checking '/home/kol/Documents/ros_workstation/Control/Arm/install/boilerplate/lib/python3.10/site-packages'
[0.676s] Level 1:colcon.colcon_core.environment:checking '/home/kol/Documents/ros_workstation/Control/Arm/install/boilerplate/bin'
[0.676s] INFO:colcon.colcon_core.shell:Creating package script '/home/kol/Documents/ros_workstation/Control/Arm/install/boilerplate/share/boilerplate/package.ps1'
[0.677s] INFO:colcon.colcon_core.shell:Creating package descriptor '/home/kol/Documents/ros_workstation/Control/Arm/install/boilerplate/share/boilerplate/package.dsv'
[0.678s] INFO:colcon.colcon_core.shell:Creating package script '/home/kol/Documents/ros_workstation/Control/Arm/install/boilerplate/share/boilerplate/package.sh'
[0.679s] INFO:colcon.colcon_core.shell:Creating package script '/home/kol/Documents/ros_workstation/Control/Arm/install/boilerplate/share/boilerplate/package.bash'
[0.680s] INFO:colcon.colcon_core.shell:Creating package script '/home/kol/Documents/ros_workstation/Control/Arm/install/boilerplate/share/boilerplate/package.zsh'
[0.680s] Level 1:colcon.colcon_core.environment:create_file_with_runtime_dependencies(/home/kol/Documents/ros_workstation/Control/Arm/install/boilerplate/share/colcon-core/packages/boilerplate)
[0.681s] Level 1:colcon.colcon_core.environment:create_environment_scripts_only(boilerplate)
[0.681s] Level 1:colcon.colcon_core.environment:checking '/home/kol/Documents/ros_workstation/Control/Arm/install/boilerplate' for CMake module files
[0.682s] Level 1:colcon.colcon_core.environment:checking '/home/kol/Documents/ros_workstation/Control/Arm/install/boilerplate' for CMake config files
[0.682s] Level 1:colcon.colcon_core.shell:create_environment_hook('boilerplate', 'cmake_prefix_path')
[0.683s] INFO:colcon.colcon_core.shell:Creating environment hook '/home/kol/Documents/ros_workstation/Control/Arm/install/boilerplate/share/boilerplate/hook/cmake_prefix_path.ps1'
[0.683s] INFO:colcon.colcon_core.shell:Creating environment descriptor '/home/kol/Documents/ros_workstation/Control/Arm/install/boilerplate/share/boilerplate/hook/cmake_prefix_path.dsv'
[0.684s] INFO:colcon.colcon_core.shell:Creating environment hook '/home/kol/Documents/ros_workstation/Control/Arm/install/boilerplate/share/boilerplate/hook/cmake_prefix_path.sh'
[0.684s] Level 1:colcon.colcon_core.environment:checking '/home/kol/Documents/ros_workstation/Control/Arm/install/boilerplate/bin'
[0.684s] Level 1:colcon.colcon_core.environment:checking '/home/kol/Documents/ros_workstation/Control/Arm/install/boilerplate/lib/pkgconfig/boilerplate.pc'
[0.685s] Level 1:colcon.colcon_core.environment:checking '/home/kol/Documents/ros_workstation/Control/Arm/install/boilerplate/lib/python3.10/site-packages'
[0.685s] Level 1:colcon.colcon_core.environment:checking '/home/kol/Documents/ros_workstation/Control/Arm/install/boilerplate/bin'
[0.685s] INFO:colcon.colcon_core.shell:Creating package script '/home/kol/Documents/ros_workstation/Control/Arm/install/boilerplate/share/boilerplate/package.ps1'
[0.686s] INFO:colcon.colcon_core.shell:Creating package descriptor '/home/kol/Documents/ros_workstation/Control/Arm/install/boilerplate/share/boilerplate/package.dsv'
[0.686s] INFO:colcon.colcon_core.shell:Creating package script '/home/kol/Documents/ros_workstation/Control/Arm/install/boilerplate/share/boilerplate/package.sh'
[0.687s] INFO:colcon.colcon_core.shell:Creating package script '/home/kol/Documents/ros_workstation/Control/Arm/install/boilerplate/share/boilerplate/package.bash'
[0.687s] INFO:colcon.colcon_core.shell:Creating package script '/home/kol/Documents/ros_workstation/Control/Arm/install/boilerplate/share/boilerplate/package.zsh'
[0.688s] Level 1:colcon.colcon_core.environment:create_file_with_runtime_dependencies(/home/kol/Documents/ros_workstation/Control/Arm/install/boilerplate/share/colcon-core/packages/boilerplate)
[0.688s] INFO:colcon.colcon_ros.task.ament_cmake.build:Building ROS package in '/home/kol/Documents/ros_workstation/Control/Arm/src/boilerplate_cfg2' with build type 'ament_cmake'
[0.688s] INFO:colcon.colcon_cmake.task.cmake.build:Building CMake package in '/home/kol/Documents/ros_workstation/Control/Arm/src/boilerplate_cfg2'
[0.689s] INFO:colcon.colcon_core.shell:Skip shell extension 'powershell' for command environment: Not usable outside of PowerShell
[0.689s] DEBUG:colcon.colcon_core.shell:Skip shell extension 'dsv' for command environment
[0.694s] INFO:colcon.colcon_ros.task.ament_cmake.build:Building ROS package in '/home/kol/Documents/ros_workstation/Control/Arm/src/boilerplate_mvt_cfg' with build type 'ament_cmake'
[0.694s] INFO:colcon.colcon_cmake.task.cmake.build:Building CMake package in '/home/kol/Documents/ros_workstation/Control/Arm/src/boilerplate_mvt_cfg'
[0.695s] INFO:colcon.colcon_core.shell:Skip shell extension 'powershell' for command environment: Not usable outside of PowerShell
[0.695s] DEBUG:colcon.colcon_core.shell:Skip shell extension 'dsv' for command environment
[0.704s] DEBUG:colcon.colcon_core.event_handler.log_command:Invoking command in '/home/kol/Documents/ros_workstation/Control/Arm/build/boilerplate_cfg2': CMAKE_PREFIX_PATH=/home/kol/Documents/ros_workstation/Control/Arm/install/boilerplate:/home/kol/Documents/ros_workstation/Control/Arm/install/boilerplate_mvt_cfg:/opt/ros/humble /usr/bin/cmake /home/kol/Documents/ros_workstation/Control/Arm/src/boilerplate_cfg2 -DCMAKE_INSTALL_PREFIX=/home/kol/Documents/ros_workstation/Control/Arm/install/boilerplate_cfg2
[0.711s] DEBUG:colcon.colcon_core.event_handler.log_command:Invoking command in '/home/kol/Documents/ros_workstation/Control/Arm/build/boilerplate_mvt_cfg': CMAKE_PREFIX_PATH=/home/kol/Documents/ros_workstation/Control/Arm/install/boilerplate:/home/kol/Documents/ros_workstation/Control/Arm/install/boilerplate_mvt_cfg:/opt/ros/humble /usr/bin/cmake --build /home/kol/Documents/ros_workstation/Control/Arm/build/boilerplate_mvt_cfg -- -j4 -l4
[0.759s] DEBUG:colcon.colcon_core.event_handler.log_command:Invoked command in '/home/kol/Documents/ros_workstation/Control/Arm/build/boilerplate_mvt_cfg' returned '0': CMAKE_PREFIX_PATH=/home/kol/Documents/ros_workstation/Control/Arm/install/boilerplate:/home/kol/Documents/ros_workstation/Control/Arm/install/boilerplate_mvt_cfg:/opt/ros/humble /usr/bin/cmake --build /home/kol/Documents/ros_workstation/Control/Arm/build/boilerplate_mvt_cfg -- -j4 -l4
[0.762s] DEBUG:colcon.colcon_core.event_handler.log_command:Invoking command in '/home/kol/Documents/ros_workstation/Control/Arm/build/boilerplate_mvt_cfg': CMAKE_PREFIX_PATH=/home/kol/Documents/ros_workstation/Control/Arm/install/boilerplate:/home/kol/Documents/ros_workstation/Control/Arm/install/boilerplate_mvt_cfg:/opt/ros/humble /usr/bin/cmake --install /home/kol/Documents/ros_workstation/Control/Arm/build/boilerplate_mvt_cfg
[0.778s] Level 1:colcon.colcon_core.environment:create_environment_scripts_only(boilerplate_mvt_cfg)
[0.779s] Level 1:colcon.colcon_core.environment:checking '/home/kol/Documents/ros_workstation/Control/Arm/install/boilerplate_mvt_cfg' for CMake module files
[0.781s] DEBUG:colcon.colcon_core.event_handler.log_command:Invoked command in '/home/kol/Documents/ros_workstation/Control/Arm/build/boilerplate_mvt_cfg' returned '0': CMAKE_PREFIX_PATH=/home/kol/Documents/ros_workstation/Control/Arm/install/boilerplate:/home/kol/Documents/ros_workstation/Control/Arm/install/boilerplate_mvt_cfg:/opt/ros/humble /usr/bin/cmake --install /home/kol/Documents/ros_workstation/Control/Arm/build/boilerplate_mvt_cfg
[0.781s] Level 1:colcon.colcon_core.environment:checking '/home/kol/Documents/ros_workstation/Control/Arm/install/boilerplate_mvt_cfg' for CMake config files
[0.782s] Level 1:colcon.colcon_core.shell:create_environment_hook('boilerplate_mvt_cfg', 'cmake_prefix_path')
[0.782s] INFO:colcon.colcon_core.shell:Creating environment hook '/home/kol/Documents/ros_workstation/Control/Arm/install/boilerplate_mvt_cfg/share/boilerplate_mvt_cfg/hook/cmake_prefix_path.ps1'
[0.783s] INFO:colcon.colcon_core.shell:Creating environment descriptor '/home/kol/Documents/ros_workstation/Control/Arm/install/boilerplate_mvt_cfg/share/boilerplate_mvt_cfg/hook/cmake_prefix_path.dsv'
[0.784s] INFO:colcon.colcon_core.shell:Creating environment hook '/home/kol/Documents/ros_workstation/Control/Arm/install/boilerplate_mvt_cfg/share/boilerplate_mvt_cfg/hook/cmake_prefix_path.sh'
[0.784s] Level 1:colcon.colcon_core.environment:checking '/home/kol/Documents/ros_workstation/Control/Arm/install/boilerplate_mvt_cfg/bin'
[0.784s] Level 1:colcon.colcon_core.environment:checking '/home/kol/Documents/ros_workstation/Control/Arm/install/boilerplate_mvt_cfg/lib/pkgconfig/boilerplate_mvt_cfg.pc'
[0.785s] Level 1:colcon.colcon_core.environment:checking '/home/kol/Documents/ros_workstation/Control/Arm/install/boilerplate_mvt_cfg/lib/python3.10/site-packages'
[0.785s] Level 1:colcon.colcon_core.environment:checking '/home/kol/Documents/ros_workstation/Control/Arm/install/boilerplate_mvt_cfg/bin'
[0.786s] INFO:colcon.colcon_core.shell:Creating package script '/home/kol/Documents/ros_workstation/Control/Arm/install/boilerplate_mvt_cfg/share/boilerplate_mvt_cfg/package.ps1'
[0.786s] INFO:colcon.colcon_core.shell:Creating package descriptor '/home/kol/Documents/ros_workstation/Control/Arm/install/boilerplate_mvt_cfg/share/boilerplate_mvt_cfg/package.dsv'
[0.787s] INFO:colcon.colcon_core.shell:Creating package script '/home/kol/Documents/ros_workstation/Control/Arm/install/boilerplate_mvt_cfg/share/boilerplate_mvt_cfg/package.sh'
[0.787s] INFO:colcon.colcon_core.shell:Creating package script '/home/kol/Documents/ros_workstation/Control/Arm/install/boilerplate_mvt_cfg/share/boilerplate_mvt_cfg/package.bash'
[0.788s] INFO:colcon.colcon_core.shell:Creating package script '/home/kol/Documents/ros_workstation/Control/Arm/install/boilerplate_mvt_cfg/share/boilerplate_mvt_cfg/package.zsh'
[0.788s] Level 1:colcon.colcon_core.environment:create_file_with_runtime_dependencies(/home/kol/Documents/ros_workstation/Control/Arm/install/boilerplate_mvt_cfg/share/colcon-core/packages/boilerplate_mvt_cfg)
[0.789s] Level 1:colcon.colcon_core.environment:create_environment_scripts_only(boilerplate_mvt_cfg)
[0.789s] Level 1:colcon.colcon_core.environment:checking '/home/kol/Documents/ros_workstation/Control/Arm/install/boilerplate_mvt_cfg' for CMake module files
[0.790s] Level 1:colcon.colcon_core.environment:checking '/home/kol/Documents/ros_workstation/Control/Arm/install/boilerplate_mvt_cfg' for CMake config files
[0.790s] Level 1:colcon.colcon_core.shell:create_environment_hook('boilerplate_mvt_cfg', 'cmake_prefix_path')
[0.790s] INFO:colcon.colcon_core.shell:Creating environment hook '/home/kol/Documents/ros_workstation/Control/Arm/install/boilerplate_mvt_cfg/share/boilerplate_mvt_cfg/hook/cmake_prefix_path.ps1'
[0.791s] INFO:colcon.colcon_core.shell:Creating environment descriptor '/home/kol/Documents/ros_workstation/Control/Arm/install/boilerplate_mvt_cfg/share/boilerplate_mvt_cfg/hook/cmake_prefix_path.dsv'
[0.791s] INFO:colcon.colcon_core.shell:Creating environment hook '/home/kol/Documents/ros_workstation/Control/Arm/install/boilerplate_mvt_cfg/share/boilerplate_mvt_cfg/hook/cmake_prefix_path.sh'
[0.792s] Level 1:colcon.colcon_core.environment:checking '/home/kol/Documents/ros_workstation/Control/Arm/install/boilerplate_mvt_cfg/bin'
[0.792s] Level 1:colcon.colcon_core.environment:checking '/home/kol/Documents/ros_workstation/Control/Arm/install/boilerplate_mvt_cfg/lib/pkgconfig/boilerplate_mvt_cfg.pc'
[0.792s] Level 1:colcon.colcon_core.environment:checking '/home/kol/Documents/ros_workstation/Control/Arm/install/boilerplate_mvt_cfg/lib/python3.10/site-packages'
[0.792s] Level 1:colcon.colcon_core.environment:checking '/home/kol/Documents/ros_workstation/Control/Arm/install/boilerplate_mvt_cfg/bin'
[0.793s] INFO:colcon.colcon_core.shell:Creating package script '/home/kol/Documents/ros_workstation/Control/Arm/install/boilerplate_mvt_cfg/share/boilerplate_mvt_cfg/package.ps1'
[0.794s] INFO:colcon.colcon_core.shell:Creating package descriptor '/home/kol/Documents/ros_workstation/Control/Arm/install/boilerplate_mvt_cfg/share/boilerplate_mvt_cfg/package.dsv'
[0.794s] INFO:colcon.colcon_core.shell:Creating package script '/home/kol/Documents/ros_workstation/Control/Arm/install/boilerplate_mvt_cfg/share/boilerplate_mvt_cfg/package.sh'
[0.795s] INFO:colcon.colcon_core.shell:Creating package script '/home/kol/Documents/ros_workstation/Control/Arm/install/boilerplate_mvt_cfg/share/boilerplate_mvt_cfg/package.bash'
[0.796s] INFO:colcon.colcon_core.shell:Creating package script '/home/kol/Documents/ros_workstation/Control/Arm/install/boilerplate_mvt_cfg/share/boilerplate_mvt_cfg/package.zsh'
[0.796s] Level 1:colcon.colcon_core.environment:create_file_with_runtime_dependencies(/home/kol/Documents/ros_workstation/Control/Arm/install/boilerplate_mvt_cfg/share/colcon-core/packages/boilerplate_mvt_cfg)
[1.522s] DEBUG:colcon.colcon_core.event_handler.log_command:Invoked command in '/home/kol/Documents/ros_workstation/Control/Arm/build/boilerplate_cfg2' returned '0': CMAKE_PREFIX_PATH=/home/kol/Documents/ros_workstation/Control/Arm/install/boilerplate:/home/kol/Documents/ros_workstation/Control/Arm/install/boilerplate_mvt_cfg:/opt/ros/humble /usr/bin/cmake /home/kol/Documents/ros_workstation/Control/Arm/src/boilerplate_cfg2 -DCMAKE_INSTALL_PREFIX=/home/kol/Documents/ros_workstation/Control/Arm/install/boilerplate_cfg2
[1.525s] DEBUG:colcon.colcon_core.event_handler.log_command:Invoking command in '/home/kol/Documents/ros_workstation/Control/Arm/build/boilerplate_cfg2': CMAKE_PREFIX_PATH=/home/kol/Documents/ros_workstation/Control/Arm/install/boilerplate:/home/kol/Documents/ros_workstation/Control/Arm/install/boilerplate_mvt_cfg:/opt/ros/humble /usr/bin/cmake --build /home/kol/Documents/ros_workstation/Control/Arm/build/boilerplate_cfg2 -- -j4 -l4
[1.578s] DEBUG:colcon.colcon_core.event_handler.log_command:Invoked command in '/home/kol/Documents/ros_workstation/Control/Arm/build/boilerplate_cfg2' returned '0': CMAKE_PREFIX_PATH=/home/kol/Documents/ros_workstation/Control/Arm/install/boilerplate:/home/kol/Documents/ros_workstation/Control/Arm/install/boilerplate_mvt_cfg:/opt/ros/humble /usr/bin/cmake --build /home/kol/Documents/ros_workstation/Control/Arm/build/boilerplate_cfg2 -- -j4 -l4
[1.579s] DEBUG:colcon.colcon_core.event_handler.log_command:Invoking command in '/home/kol/Documents/ros_workstation/Control/Arm/build/boilerplate_cfg2': CMAKE_PREFIX_PATH=/home/kol/Documents/ros_workstation/Control/Arm/install/boilerplate:/home/kol/Documents/ros_workstation/Control/Arm/install/boilerplate_mvt_cfg:/opt/ros/humble /usr/bin/cmake --install /home/kol/Documents/ros_workstation/Control/Arm/build/boilerplate_cfg2
[1.596s] Level 1:colcon.colcon_core.environment:create_environment_scripts_only(boilerplate_cfg2)
[1.596s] Level 1:colcon.colcon_core.environment:checking '/home/kol/Documents/ros_workstation/Control/Arm/install/boilerplate_cfg2' for CMake module files
[1.596s] DEBUG:colcon.colcon_core.event_handler.log_command:Invoked command in '/home/kol/Documents/ros_workstation/Control/Arm/build/boilerplate_cfg2' returned '0': CMAKE_PREFIX_PATH=/home/kol/Documents/ros_workstation/Control/Arm/install/boilerplate:/home/kol/Documents/ros_workstation/Control/Arm/install/boilerplate_mvt_cfg:/opt/ros/humble /usr/bin/cmake --install /home/kol/Documents/ros_workstation/Control/Arm/build/boilerplate_cfg2
[1.597s] Level 1:colcon.colcon_core.environment:checking '/home/kol/Documents/ros_workstation/Control/Arm/install/boilerplate_cfg2' for CMake config files
[1.597s] Level 1:colcon.colcon_core.shell:create_environment_hook('boilerplate_cfg2', 'cmake_prefix_path')
[1.597s] INFO:colcon.colcon_core.shell:Creating environment hook '/home/kol/Documents/ros_workstation/Control/Arm/install/boilerplate_cfg2/share/boilerplate_cfg2/hook/cmake_prefix_path.ps1'
[1.598s] INFO:colcon.colcon_core.shell:Creating environment descriptor '/home/kol/Documents/ros_workstation/Control/Arm/install/boilerplate_cfg2/share/boilerplate_cfg2/hook/cmake_prefix_path.dsv'
[1.598s] INFO:colcon.colcon_core.shell:Creating environment hook '/home/kol/Documents/ros_workstation/Control/Arm/install/boilerplate_cfg2/share/boilerplate_cfg2/hook/cmake_prefix_path.sh'
[1.599s] Level 1:colcon.colcon_core.environment:checking '/home/kol/Documents/ros_workstation/Control/Arm/install/boilerplate_cfg2/bin'
[1.599s] Level 1:colcon.colcon_core.environment:checking '/home/kol/Documents/ros_workstation/Control/Arm/install/boilerplate_cfg2/lib/pkgconfig/boilerplate_cfg2.pc'
[1.599s] Level 1:colcon.colcon_core.environment:checking '/home/kol/Documents/ros_workstation/Control/Arm/install/boilerplate_cfg2/lib/python3.10/site-packages'
[1.599s] Level 1:colcon.colcon_core.environment:checking '/home/kol/Documents/ros_workstation/Control/Arm/install/boilerplate_cfg2/bin'
[1.600s] INFO:colcon.colcon_core.shell:Creating package script '/home/kol/Documents/ros_workstation/Control/Arm/install/boilerplate_cfg2/share/boilerplate_cfg2/package.ps1'
[1.600s] INFO:colcon.colcon_core.shell:Creating package descriptor '/home/kol/Documents/ros_workstation/Control/Arm/install/boilerplate_cfg2/share/boilerplate_cfg2/package.dsv'
[1.601s] INFO:colcon.colcon_core.shell:Creating package script '/home/kol/Documents/ros_workstation/Control/Arm/install/boilerplate_cfg2/share/boilerplate_cfg2/package.sh'
[1.601s] INFO:colcon.colcon_core.shell:Creating package script '/home/kol/Documents/ros_workstation/Control/Arm/install/boilerplate_cfg2/share/boilerplate_cfg2/package.bash'
[1.602s] INFO:colcon.colcon_core.shell:Creating package script '/home/kol/Documents/ros_workstation/Control/Arm/install/boilerplate_cfg2/share/boilerplate_cfg2/package.zsh'
[1.602s] Level 1:colcon.colcon_core.environment:create_file_with_runtime_dependencies(/home/kol/Documents/ros_workstation/Control/Arm/install/boilerplate_cfg2/share/colcon-core/packages/boilerplate_cfg2)
[1.603s] Level 1:colcon.colcon_core.environment:create_environment_scripts_only(boilerplate_cfg2)
[1.603s] Level 1:colcon.colcon_core.environment:checking '/home/kol/Documents/ros_workstation/Control/Arm/install/boilerplate_cfg2' for CMake module files
[1.604s] Level 1:colcon.colcon_core.environment:checking '/home/kol/Documents/ros_workstation/Control/Arm/install/boilerplate_cfg2' for CMake config files
[1.604s] Level 1:colcon.colcon_core.shell:create_environment_hook('boilerplate_cfg2', 'cmake_prefix_path')
[1.604s] INFO:colcon.colcon_core.shell:Creating environment hook '/home/kol/Documents/ros_workstation/Control/Arm/install/boilerplate_cfg2/share/boilerplate_cfg2/hook/cmake_prefix_path.ps1'
[1.605s] INFO:colcon.colcon_core.shell:Creating environment descriptor '/home/kol/Documents/ros_workstation/Control/Arm/install/boilerplate_cfg2/share/boilerplate_cfg2/hook/cmake_prefix_path.dsv'
[1.605s] INFO:colcon.colcon_core.shell:Creating environment hook '/home/kol/Documents/ros_workstation/Control/Arm/install/boilerplate_cfg2/share/boilerplate_cfg2/hook/cmake_prefix_path.sh'
[1.606s] Level 1:colcon.colcon_core.environment:checking '/home/kol/Documents/ros_workstation/Control/Arm/install/boilerplate_cfg2/bin'
[1.606s] Level 1:colcon.colcon_core.environment:checking '/home/kol/Documents/ros_workstation/Control/Arm/install/boilerplate_cfg2/lib/pkgconfig/boilerplate_cfg2.pc'
[1.606s] Level 1:colcon.colcon_core.environment:checking '/home/kol/Documents/ros_workstation/Control/Arm/install/boilerplate_cfg2/lib/python3.10/site-packages'
[1.607s] Level 1:colcon.colcon_core.environment:checking '/home/kol/Documents/ros_workstation/Control/Arm/install/boilerplate_cfg2/bin'
[1.607s] INFO:colcon.colcon_core.shell:Creating package script '/home/kol/Documents/ros_workstation/Control/Arm/install/boilerplate_cfg2/share/boilerplate_cfg2/package.ps1'
[1.608s] INFO:colcon.colcon_core.shell:Creating package descriptor '/home/kol/Documents/ros_workstation/Control/Arm/install/boilerplate_cfg2/share/boilerplate_cfg2/package.dsv'
[1.608s] INFO:colcon.colcon_core.shell:Creating package script '/home/kol/Documents/ros_workstation/Control/Arm/install/boilerplate_cfg2/share/boilerplate_cfg2/package.sh'
[1.609s] INFO:colcon.colcon_core.shell:Creating package script '/home/kol/Documents/ros_workstation/Control/Arm/install/boilerplate_cfg2/share/boilerplate_cfg2/package.bash'
[1.609s] INFO:colcon.colcon_core.shell:Creating package script '/home/kol/Documents/ros_workstation/Control/Arm/install/boilerplate_cfg2/share/boilerplate_cfg2/package.zsh'
[1.610s] Level 1:colcon.colcon_core.environment:create_file_with_runtime_dependencies(/home/kol/Documents/ros_workstation/Control/Arm/install/boilerplate_cfg2/share/colcon-core/packages/boilerplate_cfg2)
[1.611s] DEBUG:colcon.colcon_parallel_executor.executor.parallel:closing loop
[1.611s] DEBUG:colcon.colcon_parallel_executor.executor.parallel:loop closed
[1.611s] DEBUG:colcon.colcon_parallel_executor.executor.parallel:run_until_complete finished with '0'
[1.612s] DEBUG:colcon.colcon_core.event_reactor:joining thread
[1.618s] INFO:colcon.colcon_core.plugin_system:Skipping extension 'colcon_notification.desktop_notification.terminal_notifier': Not used on non-Darwin systems
[1.618s] INFO:colcon.colcon_core.plugin_system:Skipping extension 'colcon_notification.desktop_notification.win32': Not used on non-Windows systems
[1.618s] INFO:colcon.colcon_notification.desktop_notification:Sending desktop notification using 'notify2'
[1.629s] DEBUG:colcon.colcon_core.event_reactor:joined thread
[1.629s] INFO:colcon.colcon_core.shell:Creating prefix script '/home/kol/Documents/ros_workstation/Control/Arm/install/local_setup.ps1'
[1.630s] INFO:colcon.colcon_core.shell:Creating prefix util module '/home/kol/Documents/ros_workstation/Control/Arm/install/_local_setup_util_ps1.py'
[1.632s] INFO:colcon.colcon_core.shell:Creating prefix chain script '/home/kol/Documents/ros_workstation/Control/Arm/install/setup.ps1'
[1.633s] INFO:colcon.colcon_core.shell:Creating prefix script '/home/kol/Documents/ros_workstation/Control/Arm/install/local_setup.sh'
[1.634s] INFO:colcon.colcon_core.shell:Creating prefix util module '/home/kol/Documents/ros_workstation/Control/Arm/install/_local_setup_util_sh.py'
[1.634s] INFO:colcon.colcon_core.shell:Creating prefix chain script '/home/kol/Documents/ros_workstation/Control/Arm/install/setup.sh'
[1.636s] INFO:colcon.colcon_core.shell:Creating prefix script '/home/kol/Documents/ros_workstation/Control/Arm/install/local_setup.bash'
[1.636s] INFO:colcon.colcon_core.shell:Creating prefix chain script '/home/kol/Documents/ros_workstation/Control/Arm/install/setup.bash'
[1.638s] INFO:colcon.colcon_core.shell:Creating prefix script '/home/kol/Documents/ros_workstation/Control/Arm/install/local_setup.zsh'
[1.638s] INFO:colcon.colcon_core.shell:Creating prefix chain script '/home/kol/Documents/ros_workstation/Control/Arm/install/setup.zsh'
