[0.122s] DEBUG:colcon:Command line arguments: ['/usr/bin/colcon', 'build']
[0.122s] DEBUG:colcon:Parsed command line arguments: Namespace(log_base=None, log_level=None, verb_name='build', build_base='build', install_base='install', merge_install=False, symlink_install=False, test_result_base=None, continue_on_error=False, executor='parallel', parallel_workers=4, event_handlers=None, ignore_user_meta=False, metas=['./colcon.meta'], base_paths=['.'], packages_ignore=None, packages_ignore_regex=None, paths=None, packages_up_to=None, packages_up_to_regex=None, packages_above=None, packages_above_and_dependencies=None, packages_above_depth=None, packages_select_by_dep=None, packages_skip_by_dep=None, packages_skip_up_to=None, packages_select_build_failed=False, packages_skip_build_finished=False, packages_select_test_failures=False, packages_skip_test_passed=False, packages_select=None, packages_skip=None, packages_select_regex=None, packages_skip_regex=None, packages_start=None, packages_end=None, allow_overriding=[], cmake_args=None, cmake_target=None, cmake_target_skip_unavailable=False, cmake_clean_cache=False, cmake_clean_first=False, cmake_force_configure=False, ament_cmake_args=None, catkin_cmake_args=None, catkin_skip_building_tests=False, mixin_files=None, mixin=None, verb_parser=<colcon_mixin.mixin.mixin_argument.MixinArgumentDecorator object at 0x7aeae824bc70>, verb_extension=<colcon_core.verb.build.BuildVerb object at 0x7aeae824b670>, main=<bound method BuildVerb.main of <colcon_core.verb.build.BuildVerb object at 0x7aeae824b670>>, mixin_verb=('build',))
[0.344s] Level 1:colcon.colcon_core.package_discovery:discover_packages(colcon_meta) check parameters
[0.344s] Level 1:colcon.colcon_core.package_discovery:discover_packages(recursive) check parameters
[0.344s] Level 1:colcon.colcon_core.package_discovery:discover_packages(ignore) check parameters
[0.344s] Level 1:colcon.colcon_core.package_discovery:discover_packages(path) check parameters
[0.344s] Level 1:colcon.colcon_core.package_discovery:discover_packages(colcon_meta) discover
[0.345s] Level 1:colcon.colcon_core.package_discovery:discover_packages(recursive) discover
[0.345s] INFO:colcon.colcon_core.package_discovery:Crawling recursively for packages in '/home/kol/Documents/ros_workstation/ps6'
[0.345s] Level 1:colcon.colcon_core.package_identification:_identify(.) by extensions ['ignore', 'ignore_ament_install']
[0.345s] Level 1:colcon.colcon_core.package_identification:_identify(.) by extension 'ignore'
[0.345s] Level 1:colcon.colcon_core.package_identification:_identify(.) by extension 'ignore_ament_install'
[0.345s] Level 1:colcon.colcon_core.package_identification:_identify(.) by extensions ['colcon_pkg']
[0.345s] Level 1:colcon.colcon_core.package_identification:_identify(.) by extension 'colcon_pkg'
[0.345s] Level 1:colcon.colcon_core.package_identification:_identify(.) by extensions ['colcon_meta']
[0.345s] Level 1:colcon.colcon_core.package_identification:_identify(.) by extension 'colcon_meta'
[0.345s] Level 1:colcon.colcon_core.package_identification:_identify(.) by extensions ['ros']
[0.345s] Level 1:colcon.colcon_core.package_identification:_identify(.) by extension 'ros'
[0.357s] Level 1:colcon.colcon_core.package_identification:_identify(.) by extensions ['cmake', 'python']
[0.357s] Level 1:colcon.colcon_core.package_identification:_identify(.) by extension 'cmake'
[0.357s] Level 1:colcon.colcon_core.package_identification:_identify(.) by extension 'python'
[0.357s] Level 1:colcon.colcon_core.package_identification:_identify(.) by extensions ['python_setup_py']
[0.358s] Level 1:colcon.colcon_core.package_identification:_identify(.) by extension 'python_setup_py'
[0.358s] Level 1:colcon.colcon_core.package_identification:_identify(build) by extensions ['ignore', 'ignore_ament_install']
[0.358s] Level 1:colcon.colcon_core.package_identification:_identify(build) by extension 'ignore'
[0.358s] Level 1:colcon.colcon_core.package_identification:_identify(build) ignored
[0.358s] Level 1:colcon.colcon_core.package_identification:_identify(install) by extensions ['ignore', 'ignore_ament_install']
[0.358s] Level 1:colcon.colcon_core.package_identification:_identify(install) by extension 'ignore'
[0.358s] Level 1:colcon.colcon_core.package_identification:_identify(install) ignored
[0.358s] Level 1:colcon.colcon_core.package_identification:_identify(log) by extensions ['ignore', 'ignore_ament_install']
[0.358s] Level 1:colcon.colcon_core.package_identification:_identify(log) by extension 'ignore'
[0.358s] Level 1:colcon.colcon_core.package_identification:_identify(log) ignored
[0.358s] Level 1:colcon.colcon_core.package_identification:_identify(src) by extensions ['ignore', 'ignore_ament_install']
[0.358s] Level 1:colcon.colcon_core.package_identification:_identify(src) by extension 'ignore'
[0.358s] Level 1:colcon.colcon_core.package_identification:_identify(src) by extension 'ignore_ament_install'
[0.359s] Level 1:colcon.colcon_core.package_identification:_identify(src) by extensions ['colcon_pkg']
[0.359s] Level 1:colcon.colcon_core.package_identification:_identify(src) by extension 'colcon_pkg'
[0.359s] Level 1:colcon.colcon_core.package_identification:_identify(src) by extensions ['colcon_meta']
[0.359s] Level 1:colcon.colcon_core.package_identification:_identify(src) by extension 'colcon_meta'
[0.359s] Level 1:colcon.colcon_core.package_identification:_identify(src) by extensions ['ros']
[0.359s] Level 1:colcon.colcon_core.package_identification:_identify(src) by extension 'ros'
[0.359s] Level 1:colcon.colcon_core.package_identification:_identify(src) by extensions ['cmake', 'python']
[0.359s] Level 1:colcon.colcon_core.package_identification:_identify(src) by extension 'cmake'
[0.359s] Level 1:colcon.colcon_core.package_identification:_identify(src) by extension 'python'
[0.359s] Level 1:colcon.colcon_core.package_identification:_identify(src) by extensions ['python_setup_py']
[0.359s] Level 1:colcon.colcon_core.package_identification:_identify(src) by extension 'python_setup_py'
[0.359s] Level 1:colcon.colcon_core.package_identification:_identify(src/ps6) by extensions ['ignore', 'ignore_ament_install']
[0.359s] Level 1:colcon.colcon_core.package_identification:_identify(src/ps6) by extension 'ignore'
[0.359s] Level 1:colcon.colcon_core.package_identification:_identify(src/ps6) by extension 'ignore_ament_install'
[0.359s] Level 1:colcon.colcon_core.package_identification:_identify(src/ps6) by extensions ['colcon_pkg']
[0.359s] Level 1:colcon.colcon_core.package_identification:_identify(src/ps6) by extension 'colcon_pkg'
[0.359s] Level 1:colcon.colcon_core.package_identification:_identify(src/ps6) by extensions ['colcon_meta']
[0.359s] Level 1:colcon.colcon_core.package_identification:_identify(src/ps6) by extension 'colcon_meta'
[0.359s] Level 1:colcon.colcon_core.package_identification:_identify(src/ps6) by extensions ['ros']
[0.359s] Level 1:colcon.colcon_core.package_identification:_identify(src/ps6) by extension 'ros'
[0.362s] DEBUG:colcon.colcon_core.package_identification:Package 'src/ps6' with type 'ros.ament_cmake' and name 'ps6'
[0.362s] Level 1:colcon.colcon_core.package_discovery:discover_packages(recursive) using defaults
[0.362s] Level 1:colcon.colcon_core.package_discovery:discover_packages(ignore) discover
[0.362s] Level 1:colcon.colcon_core.package_discovery:discover_packages(ignore) using defaults
[0.362s] Level 1:colcon.colcon_core.package_discovery:discover_packages(path) discover
[0.362s] Level 1:colcon.colcon_core.package_discovery:discover_packages(path) using defaults
[0.394s] Level 1:colcon.colcon_core.package_discovery:discover_packages(prefix_path) check parameters
[0.395s] Level 1:colcon.colcon_core.package_discovery:discover_packages(prefix_path) discover
[0.398s] DEBUG:colcon.colcon_installed_package_information.package_discovery:Found 363 installed packages in /opt/ros/humble
[0.401s] Level 1:colcon.colcon_core.package_discovery:discover_packages(prefix_path) using defaults
[0.454s] Level 5:colcon.colcon_core.verb:set package 'ps6' build argument 'cmake_args' from command line to 'None'
[0.454s] Level 5:colcon.colcon_core.verb:set package 'ps6' build argument 'cmake_target' from command line to 'None'
[0.454s] Level 5:colcon.colcon_core.verb:set package 'ps6' build argument 'cmake_target_skip_unavailable' from command line to 'False'
[0.454s] Level 5:colcon.colcon_core.verb:set package 'ps6' build argument 'cmake_clean_cache' from command line to 'False'
[0.454s] Level 5:colcon.colcon_core.verb:set package 'ps6' build argument 'cmake_clean_first' from command line to 'False'
[0.454s] Level 5:colcon.colcon_core.verb:set package 'ps6' build argument 'cmake_force_configure' from command line to 'False'
[0.454s] Level 5:colcon.colcon_core.verb:set package 'ps6' build argument 'ament_cmake_args' from command line to 'None'
[0.454s] Level 5:colcon.colcon_core.verb:set package 'ps6' build argument 'catkin_cmake_args' from command line to 'None'
[0.454s] Level 5:colcon.colcon_core.verb:set package 'ps6' build argument 'catkin_skip_building_tests' from command line to 'False'
[0.454s] DEBUG:colcon.colcon_core.verb:Building package 'ps6' with the following arguments: {'ament_cmake_args': None, 'build_base': '/home/kol/Documents/ros_workstation/ps6/build/ps6', 'catkin_cmake_args': None, 'catkin_skip_building_tests': False, 'cmake_args': None, 'cmake_clean_cache': False, 'cmake_clean_first': False, 'cmake_force_configure': False, 'cmake_target': None, 'cmake_target_skip_unavailable': False, 'install_base': '/home/kol/Documents/ros_workstation/ps6/install/ps6', 'merge_install': False, 'path': '/home/kol/Documents/ros_workstation/ps6/src/ps6', 'symlink_install': False, 'test_result_base': None}
[0.455s] INFO:colcon.colcon_core.executor:Executing jobs using 'parallel' executor
[0.455s] DEBUG:colcon.colcon_parallel_executor.executor.parallel:run_until_complete
[0.456s] INFO:colcon.colcon_ros.task.ament_cmake.build:Building ROS package in '/home/kol/Documents/ros_workstation/ps6/src/ps6' with build type 'ament_cmake'
[0.456s] INFO:colcon.colcon_cmake.task.cmake.build:Building CMake package in '/home/kol/Documents/ros_workstation/ps6/src/ps6'
[0.458s] INFO:colcon.colcon_core.plugin_system:Skipping extension 'colcon_core.shell.bat': Not used on non-Windows systems
[0.458s] INFO:colcon.colcon_core.shell:Skip shell extension 'powershell' for command environment: Not usable outside of PowerShell
[0.458s] DEBUG:colcon.colcon_core.shell:Skip shell extension 'dsv' for command environment
[0.473s] DEBUG:colcon.colcon_core.event_handler.log_command:Invoking command in '/home/kol/Documents/ros_workstation/ps6/build/ps6': CMAKE_PREFIX_PATH=/opt/ros/humble /usr/bin/cmake --build /home/kol/Documents/ros_workstation/ps6/build/ps6 -- -j4 -l4
[11.044s] DEBUG:colcon.colcon_core.event_handler.log_command:Invoked command in '/home/kol/Documents/ros_workstation/ps6/build/ps6' returned '0': CMAKE_PREFIX_PATH=/opt/ros/humble /usr/bin/cmake --build /home/kol/Documents/ros_workstation/ps6/build/ps6 -- -j4 -l4
[11.056s] DEBUG:colcon.colcon_core.event_handler.log_command:Invoking command in '/home/kol/Documents/ros_workstation/ps6/build/ps6': CMAKE_PREFIX_PATH=/opt/ros/humble /usr/bin/cmake --install /home/kol/Documents/ros_workstation/ps6/build/ps6
[11.074s] Level 1:colcon.colcon_core.environment:create_environment_scripts_only(ps6)
[11.075s] DEBUG:colcon.colcon_core.event_handler.log_command:Invoked command in '/home/kol/Documents/ros_workstation/ps6/build/ps6' returned '0': CMAKE_PREFIX_PATH=/opt/ros/humble /usr/bin/cmake --install /home/kol/Documents/ros_workstation/ps6/build/ps6
[11.077s] Level 1:colcon.colcon_core.environment:checking '/home/kol/Documents/ros_workstation/ps6/install/ps6' for CMake module files
[11.078s] Level 1:colcon.colcon_core.environment:checking '/home/kol/Documents/ros_workstation/ps6/install/ps6' for CMake config files
[11.078s] Level 1:colcon.colcon_core.shell:create_environment_hook('ps6', 'cmake_prefix_path')
[11.079s] INFO:colcon.colcon_core.shell:Creating environment hook '/home/kol/Documents/ros_workstation/ps6/install/ps6/share/ps6/hook/cmake_prefix_path.ps1'
[11.079s] INFO:colcon.colcon_core.shell:Creating environment descriptor '/home/kol/Documents/ros_workstation/ps6/install/ps6/share/ps6/hook/cmake_prefix_path.dsv'
[11.080s] INFO:colcon.colcon_core.shell:Creating environment hook '/home/kol/Documents/ros_workstation/ps6/install/ps6/share/ps6/hook/cmake_prefix_path.sh'
[11.081s] Level 1:colcon.colcon_core.environment:checking '/home/kol/Documents/ros_workstation/ps6/install/ps6/lib'
[11.081s] Level 1:colcon.colcon_core.environment:checking '/home/kol/Documents/ros_workstation/ps6/install/ps6/bin'
[11.081s] Level 1:colcon.colcon_core.environment:checking '/home/kol/Documents/ros_workstation/ps6/install/ps6/lib/pkgconfig/ps6.pc'
[11.082s] Level 1:colcon.colcon_core.environment:checking '/home/kol/Documents/ros_workstation/ps6/install/ps6/lib/python3.10/site-packages'
[11.082s] Level 1:colcon.colcon_core.environment:checking '/home/kol/Documents/ros_workstation/ps6/install/ps6/bin'
[11.082s] INFO:colcon.colcon_core.shell:Creating package script '/home/kol/Documents/ros_workstation/ps6/install/ps6/share/ps6/package.ps1'
[11.083s] INFO:colcon.colcon_core.shell:Creating package descriptor '/home/kol/Documents/ros_workstation/ps6/install/ps6/share/ps6/package.dsv'
[11.084s] INFO:colcon.colcon_core.shell:Creating package script '/home/kol/Documents/ros_workstation/ps6/install/ps6/share/ps6/package.sh'
[11.085s] INFO:colcon.colcon_core.shell:Creating package script '/home/kol/Documents/ros_workstation/ps6/install/ps6/share/ps6/package.bash'
[11.086s] INFO:colcon.colcon_core.shell:Creating package script '/home/kol/Documents/ros_workstation/ps6/install/ps6/share/ps6/package.zsh'
[11.087s] Level 1:colcon.colcon_core.environment:create_file_with_runtime_dependencies(/home/kol/Documents/ros_workstation/ps6/install/ps6/share/colcon-core/packages/ps6)
[11.087s] Level 1:colcon.colcon_core.environment:create_environment_scripts_only(ps6)
[11.087s] Level 1:colcon.colcon_core.environment:checking '/home/kol/Documents/ros_workstation/ps6/install/ps6' for CMake module files
[11.088s] Level 1:colcon.colcon_core.environment:checking '/home/kol/Documents/ros_workstation/ps6/install/ps6' for CMake config files
[11.088s] Level 1:colcon.colcon_core.shell:create_environment_hook('ps6', 'cmake_prefix_path')
[11.088s] INFO:colcon.colcon_core.shell:Creating environment hook '/home/kol/Documents/ros_workstation/ps6/install/ps6/share/ps6/hook/cmake_prefix_path.ps1'
[11.089s] INFO:colcon.colcon_core.shell:Creating environment descriptor '/home/kol/Documents/ros_workstation/ps6/install/ps6/share/ps6/hook/cmake_prefix_path.dsv'
[11.089s] INFO:colcon.colcon_core.shell:Creating environment hook '/home/kol/Documents/ros_workstation/ps6/install/ps6/share/ps6/hook/cmake_prefix_path.sh'
[11.090s] Level 1:colcon.colcon_core.environment:checking '/home/kol/Documents/ros_workstation/ps6/install/ps6/lib'
[11.090s] Level 1:colcon.colcon_core.environment:checking '/home/kol/Documents/ros_workstation/ps6/install/ps6/bin'
[11.090s] Level 1:colcon.colcon_core.environment:checking '/home/kol/Documents/ros_workstation/ps6/install/ps6/lib/pkgconfig/ps6.pc'
[11.090s] Level 1:colcon.colcon_core.environment:checking '/home/kol/Documents/ros_workstation/ps6/install/ps6/lib/python3.10/site-packages'
[11.090s] Level 1:colcon.colcon_core.environment:checking '/home/kol/Documents/ros_workstation/ps6/install/ps6/bin'
[11.091s] INFO:colcon.colcon_core.shell:Creating package script '/home/kol/Documents/ros_workstation/ps6/install/ps6/share/ps6/package.ps1'
[11.091s] INFO:colcon.colcon_core.shell:Creating package descriptor '/home/kol/Documents/ros_workstation/ps6/install/ps6/share/ps6/package.dsv'
[11.092s] INFO:colcon.colcon_core.shell:Creating package script '/home/kol/Documents/ros_workstation/ps6/install/ps6/share/ps6/package.sh'
[11.093s] INFO:colcon.colcon_core.shell:Creating package script '/home/kol/Documents/ros_workstation/ps6/install/ps6/share/ps6/package.bash'
[11.094s] INFO:colcon.colcon_core.shell:Creating package script '/home/kol/Documents/ros_workstation/ps6/install/ps6/share/ps6/package.zsh'
[11.094s] Level 1:colcon.colcon_core.environment:create_file_with_runtime_dependencies(/home/kol/Documents/ros_workstation/ps6/install/ps6/share/colcon-core/packages/ps6)
[11.095s] DEBUG:colcon.colcon_parallel_executor.executor.parallel:closing loop
[11.095s] DEBUG:colcon.colcon_parallel_executor.executor.parallel:loop closed
[11.095s] DEBUG:colcon.colcon_parallel_executor.executor.parallel:run_until_complete finished with '0'
[11.095s] DEBUG:colcon.colcon_core.event_reactor:joining thread
[11.101s] INFO:colcon.colcon_core.plugin_system:Skipping extension 'colcon_notification.desktop_notification.terminal_notifier': Not used on non-Darwin systems
[11.101s] INFO:colcon.colcon_core.plugin_system:Skipping extension 'colcon_notification.desktop_notification.win32': Not used on non-Windows systems
[11.101s] INFO:colcon.colcon_notification.desktop_notification:Sending desktop notification using 'notify2'
[11.110s] DEBUG:colcon.colcon_core.event_reactor:joined thread
[11.110s] INFO:colcon.colcon_core.shell:Creating prefix script '/home/kol/Documents/ros_workstation/ps6/install/local_setup.ps1'
[11.112s] INFO:colcon.colcon_core.shell:Creating prefix util module '/home/kol/Documents/ros_workstation/ps6/install/_local_setup_util_ps1.py'
[11.114s] INFO:colcon.colcon_core.shell:Creating prefix chain script '/home/kol/Documents/ros_workstation/ps6/install/setup.ps1'
[11.116s] INFO:colcon.colcon_core.shell:Creating prefix script '/home/kol/Documents/ros_workstation/ps6/install/local_setup.sh'
[11.117s] INFO:colcon.colcon_core.shell:Creating prefix util module '/home/kol/Documents/ros_workstation/ps6/install/_local_setup_util_sh.py'
[11.118s] INFO:colcon.colcon_core.shell:Creating prefix chain script '/home/kol/Documents/ros_workstation/ps6/install/setup.sh'
[11.119s] INFO:colcon.colcon_core.shell:Creating prefix script '/home/kol/Documents/ros_workstation/ps6/install/local_setup.bash'
[11.120s] INFO:colcon.colcon_core.shell:Creating prefix chain script '/home/kol/Documents/ros_workstation/ps6/install/setup.bash'
[11.121s] INFO:colcon.colcon_core.shell:Creating prefix script '/home/kol/Documents/ros_workstation/ps6/install/local_setup.zsh'
[11.121s] INFO:colcon.colcon_core.shell:Creating prefix chain script '/home/kol/Documents/ros_workstation/ps6/install/setup.zsh'
