[0.084s] Invoking command in '/home/kol/Documents/ros_workstation/Control/six_dof_robot_ws/build/welder_mvt_cfg_4': AMENT_PREFIX_PATH=/home/kol/Documents/ros_workstation/Control/six_dof_robot_ws/install/welder_description:${AMENT_PREFIX_PATH} CMAKE_PREFIX_PATH=/opt/ros/humble PYTHONPATH=/home/kol/Documents/ros_workstation/Control/six_dof_robot_ws/install/welder_description/lib/python3.10/site-packages:${PYTHONPATH} /usr/bin/cmake --build /home/kol/Documents/ros_workstation/Control/six_dof_robot_ws/build/welder_mvt_cfg_4 -- -j4 -l4
[0.160s] Invoked command in '/home/kol/Documents/ros_workstation/Control/six_dof_robot_ws/build/welder_mvt_cfg_4' returned '0': AMENT_PREFIX_PATH=/home/kol/Documents/ros_workstation/Control/six_dof_robot_ws/install/welder_description:${AMENT_PREFIX_PATH} CMAKE_PREFIX_PATH=/opt/ros/humble PYTHONPATH=/home/kol/Documents/ros_workstation/Control/six_dof_robot_ws/install/welder_description/lib/python3.10/site-packages:${PYTHONPATH} /usr/bin/cmake --build /home/kol/Documents/ros_workstation/Control/six_dof_robot_ws/build/welder_mvt_cfg_4 -- -j4 -l4
[0.161s] Invoking command in '/home/kol/Documents/ros_workstation/Control/six_dof_robot_ws/build/welder_mvt_cfg_4': AMENT_PREFIX_PATH=/home/kol/Documents/ros_workstation/Control/six_dof_robot_ws/install/welder_description:${AMENT_PREFIX_PATH} CMAKE_PREFIX_PATH=/opt/ros/humble PYTHONPATH=/home/kol/Documents/ros_workstation/Control/six_dof_robot_ws/install/welder_description/lib/python3.10/site-packages:${PYTHONPATH} /usr/bin/cmake --install /home/kol/Documents/ros_workstation/Control/six_dof_robot_ws/build/welder_mvt_cfg_4
[0.175s] -- Install configuration: ""
[0.175s] -- Up-to-date: /home/kol/Documents/ros_workstation/Control/six_dof_robot_ws/install/welder_mvt_cfg_4/share/ament_index/resource_index/package_run_dependencies/welder_mvt_cfg_4
[0.177s] -- Up-to-date: /home/kol/Documents/ros_workstation/Control/six_dof_robot_ws/install/welder_mvt_cfg_4/share/ament_index/resource_index/parent_prefix_path/welder_mvt_cfg_4
[0.178s] -- Up-to-date: /home/kol/Documents/ros_workstation/Control/six_dof_robot_ws/install/welder_mvt_cfg_4/share/welder_mvt_cfg_4/environment/ament_prefix_path.sh
[0.179s] -- Up-to-date: /home/kol/Documents/ros_workstation/Control/six_dof_robot_ws/install/welder_mvt_cfg_4/share/welder_mvt_cfg_4/environment/ament_prefix_path.dsv
[0.179s] -- Up-to-date: /home/kol/Documents/ros_workstation/Control/six_dof_robot_ws/install/welder_mvt_cfg_4/share/welder_mvt_cfg_4/environment/path.sh
[0.179s] -- Up-to-date: /home/kol/Documents/ros_workstation/Control/six_dof_robot_ws/install/welder_mvt_cfg_4/share/welder_mvt_cfg_4/environment/path.dsv
[0.179s] -- Up-to-date: /home/kol/Documents/ros_workstation/Control/six_dof_robot_ws/install/welder_mvt_cfg_4/share/welder_mvt_cfg_4/local_setup.bash
[0.179s] -- Up-to-date: /home/kol/Documents/ros_workstation/Control/six_dof_robot_ws/install/welder_mvt_cfg_4/share/welder_mvt_cfg_4/local_setup.sh
[0.179s] -- Up-to-date: /home/kol/Documents/ros_workstation/Control/six_dof_robot_ws/install/welder_mvt_cfg_4/share/welder_mvt_cfg_4/local_setup.zsh
[0.180s] -- Up-to-date: /home/kol/Documents/ros_workstation/Control/six_dof_robot_ws/install/welder_mvt_cfg_4/share/welder_mvt_cfg_4/local_setup.dsv
[0.180s] -- Installing: /home/kol/Documents/ros_workstation/Control/six_dof_robot_ws/install/welder_mvt_cfg_4/share/welder_mvt_cfg_4/package.dsv
[0.180s] -- Up-to-date: /home/kol/Documents/ros_workstation/Control/six_dof_robot_ws/install/welder_mvt_cfg_4/share/ament_index/resource_index/packages/welder_mvt_cfg_4
[0.181s] -- Up-to-date: /home/kol/Documents/ros_workstation/Control/six_dof_robot_ws/install/welder_mvt_cfg_4/share/welder_mvt_cfg_4/cmake/welder_mvt_cfg_4Config.cmake
[0.181s] -- Up-to-date: /home/kol/Documents/ros_workstation/Control/six_dof_robot_ws/install/welder_mvt_cfg_4/share/welder_mvt_cfg_4/cmake/welder_mvt_cfg_4Config-version.cmake
[0.181s] -- Up-to-date: /home/kol/Documents/ros_workstation/Control/six_dof_robot_ws/install/welder_mvt_cfg_4/share/welder_mvt_cfg_4/package.xml
[0.181s] -- Up-to-date: /home/kol/Documents/ros_workstation/Control/six_dof_robot_ws/install/welder_mvt_cfg_4/share/welder_mvt_cfg_4/launch
[0.181s] -- Up-to-date: /home/kol/Documents/ros_workstation/Control/six_dof_robot_ws/install/welder_mvt_cfg_4/share/welder_mvt_cfg_4/launch/rsp.launch.py
[0.181s] -- Up-to-date: /home/kol/Documents/ros_workstation/Control/six_dof_robot_ws/install/welder_mvt_cfg_4/share/welder_mvt_cfg_4/launch/move_group.launch.py
[0.181s] -- Up-to-date: /home/kol/Documents/ros_workstation/Control/six_dof_robot_ws/install/welder_mvt_cfg_4/share/welder_mvt_cfg_4/launch/spawn_controllers.launch.py
[0.181s] -- Up-to-date: /home/kol/Documents/ros_workstation/Control/six_dof_robot_ws/install/welder_mvt_cfg_4/share/welder_mvt_cfg_4/launch/demo.launch.py
[0.181s] -- Up-to-date: /home/kol/Documents/ros_workstation/Control/six_dof_robot_ws/install/welder_mvt_cfg_4/share/welder_mvt_cfg_4/launch/setup_assistant.launch.py
[0.181s] -- Up-to-date: /home/kol/Documents/ros_workstation/Control/six_dof_robot_ws/install/welder_mvt_cfg_4/share/welder_mvt_cfg_4/launch/moveit_rviz.launch.py
[0.182s] -- Up-to-date: /home/kol/Documents/ros_workstation/Control/six_dof_robot_ws/install/welder_mvt_cfg_4/share/welder_mvt_cfg_4/launch/static_virtual_joint_tfs.launch.py
[0.182s] -- Up-to-date: /home/kol/Documents/ros_workstation/Control/six_dof_robot_ws/install/welder_mvt_cfg_4/share/welder_mvt_cfg_4/launch/warehouse_db.launch.py
[0.182s] -- Up-to-date: /home/kol/Documents/ros_workstation/Control/six_dof_robot_ws/install/welder_mvt_cfg_4/share/welder_mvt_cfg_4/config
[0.182s] -- Up-to-date: /home/kol/Documents/ros_workstation/Control/six_dof_robot_ws/install/welder_mvt_cfg_4/share/welder_mvt_cfg_4/config/moveit.rviz
[0.182s] -- Up-to-date: /home/kol/Documents/ros_workstation/Control/six_dof_robot_ws/install/welder_mvt_cfg_4/share/welder_mvt_cfg_4/config/ros2_controllers.yaml
[0.182s] -- Up-to-date: /home/kol/Documents/ros_workstation/Control/six_dof_robot_ws/install/welder_mvt_cfg_4/share/welder_mvt_cfg_4/config/joint_limits.yaml
[0.182s] -- Up-to-date: /home/kol/Documents/ros_workstation/Control/six_dof_robot_ws/install/welder_mvt_cfg_4/share/welder_mvt_cfg_4/config/welder.ros2_control.xacro
[0.182s] -- Up-to-date: /home/kol/Documents/ros_workstation/Control/six_dof_robot_ws/install/welder_mvt_cfg_4/share/welder_mvt_cfg_4/config/kinematics.yaml
[0.182s] -- Up-to-date: /home/kol/Documents/ros_workstation/Control/six_dof_robot_ws/install/welder_mvt_cfg_4/share/welder_mvt_cfg_4/config/initial_positions.yaml
[0.183s] -- Up-to-date: /home/kol/Documents/ros_workstation/Control/six_dof_robot_ws/install/welder_mvt_cfg_4/share/welder_mvt_cfg_4/config/welder.srdf
[0.183s] -- Up-to-date: /home/kol/Documents/ros_workstation/Control/six_dof_robot_ws/install/welder_mvt_cfg_4/share/welder_mvt_cfg_4/config/pilz_cartesian_limits.yaml
[0.183s] -- Up-to-date: /home/kol/Documents/ros_workstation/Control/six_dof_robot_ws/install/welder_mvt_cfg_4/share/welder_mvt_cfg_4/config/welder.urdf.xacro
[0.183s] -- Up-to-date: /home/kol/Documents/ros_workstation/Control/six_dof_robot_ws/install/welder_mvt_cfg_4/share/welder_mvt_cfg_4/.setup_assistant
[0.202s] Invoked command in '/home/kol/Documents/ros_workstation/Control/six_dof_robot_ws/build/welder_mvt_cfg_4' returned '0': AMENT_PREFIX_PATH=/home/kol/Documents/ros_workstation/Control/six_dof_robot_ws/install/welder_description:${AMENT_PREFIX_PATH} CMAKE_PREFIX_PATH=/opt/ros/humble PYTHONPATH=/home/kol/Documents/ros_workstation/Control/six_dof_robot_ws/install/welder_description/lib/python3.10/site-packages:${PYTHONPATH} /usr/bin/cmake --install /home/kol/Documents/ros_workstation/Control/six_dof_robot_ws/build/welder_mvt_cfg_4
