[35m[1mConsolidate compiler generated dependencies of target cust_pub[0m
[ 50%] Built target cust_pub
[35m[1mConsolidate compiler generated dependencies of target cust_sub[0m
[100%] Built target cust_sub
-- Install configuration: ""
-- Up-to-date: /home/kol/Documents/ros_workstation/ps_4/install/ps4/lib/ps4/cust_pub
-- Up-to-date: /home/kol/Documents/ros_workstation/ps_4/install/ps4/lib/ps4/cust_sub
-- Up-to-date: /home/kol/Documents/ros_workstation/ps_4/install/ps4/share/ps4/launch
-- Up-to-date: /home/kol/Documents/ros_workstation/ps_4/install/ps4/share/ps4/launch/.vscode
-- Up-to-date: /home/kol/Documents/ros_workstation/ps_4/install/ps4/share/ps4/launch/.vscode/c_cpp_properties.json
-- Up-to-date: /home/kol/Documents/ros_workstation/ps_4/install/ps4/share/ps4/launch/.vscode/settings.json
-- Up-to-date: /home/kol/Documents/ros_workstation/ps_4/install/ps4/share/ps4/launch/pkg.launch.py
-- Up-to-date: /home/kol/Documents/ros_workstation/ps_4/install/ps4/share/ament_index/resource_index/package_run_dependencies/ps4
-- Up-to-date: /home/kol/Documents/ros_workstation/ps_4/install/ps4/share/ament_index/resource_index/parent_prefix_path/ps4
-- Up-to-date: /home/kol/Documents/ros_workstation/ps_4/install/ps4/share/ps4/environment/ament_prefix_path.sh
-- Up-to-date: /home/kol/Documents/ros_workstation/ps_4/install/ps4/share/ps4/environment/ament_prefix_path.dsv
-- Up-to-date: /home/kol/Documents/ros_workstation/ps_4/install/ps4/share/ps4/environment/path.sh
-- Up-to-date: /home/kol/Documents/ros_workstation/ps_4/install/ps4/share/ps4/environment/path.dsv
-- Up-to-date: /home/kol/Documents/ros_workstation/ps_4/install/ps4/share/ps4/local_setup.bash
-- Up-to-date: /home/kol/Documents/ros_workstation/ps_4/install/ps4/share/ps4/local_setup.sh
-- Up-to-date: /home/kol/Documents/ros_workstation/ps_4/install/ps4/share/ps4/local_setup.zsh
-- Up-to-date: /home/kol/Documents/ros_workstation/ps_4/install/ps4/share/ps4/local_setup.dsv
-- Installing: /home/kol/Documents/ros_workstation/ps_4/install/ps4/share/ps4/package.dsv
-- Up-to-date: /home/kol/Documents/ros_workstation/ps_4/install/ps4/share/ament_index/resource_index/packages/ps4
-- Up-to-date: /home/kol/Documents/ros_workstation/ps_4/install/ps4/share/ps4/cmake/ps4Config.cmake
-- Up-to-date: /home/kol/Documents/ros_workstation/ps_4/install/ps4/share/ps4/cmake/ps4Config-version.cmake
-- Up-to-date: /home/kol/Documents/ros_workstation/ps_4/install/ps4/share/ps4/package.xml
