[0.159s] DEBUG:colcon:Command line arguments: ['/usr/bin/colcon', 'build']
[0.160s] DEBUG:colcon:Parsed command line arguments: Namespace(log_base=None, log_level=None, verb_name='build', build_base='build', install_base='install', merge_install=False, symlink_install=False, test_result_base=None, continue_on_error=False, executor='parallel', parallel_workers=4, event_handlers=None, ignore_user_meta=False, metas=['./colcon.meta'], base_paths=['.'], packages_ignore=None, packages_ignore_regex=None, paths=None, packages_up_to=None, packages_up_to_regex=None, packages_above=None, packages_above_and_dependencies=None, packages_above_depth=None, packages_select_by_dep=None, packages_skip_by_dep=None, packages_skip_up_to=None, packages_select_build_failed=False, packages_skip_build_finished=False, packages_select_test_failures=False, packages_skip_test_passed=False, packages_select=None, packages_skip=None, packages_select_regex=None, packages_skip_regex=None, packages_start=None, packages_end=None, allow_overriding=[], cmake_args=None, cmake_target=None, cmake_target_skip_unavailable=False, cmake_clean_cache=False, cmake_clean_first=False, cmake_force_configure=False, ament_cmake_args=None, catkin_cmake_args=None, catkin_skip_building_tests=False, mixin_files=None, mixin=None, verb_parser=<colcon_mixin.mixin.mixin_argument.MixinArgumentDecorator object at 0x77e3b4c4bca0>, verb_extension=<colcon_core.verb.build.BuildVerb object at 0x77e3b4c4b6a0>, main=<bound method BuildVerb.main of <colcon_core.verb.build.BuildVerb object at 0x77e3b4c4b6a0>>, mixin_verb=('build',))
[0.450s] Level 1:colcon.colcon_core.package_discovery:discover_packages(colcon_meta) check parameters
[0.450s] Level 1:colcon.colcon_core.package_discovery:discover_packages(recursive) check parameters
[0.450s] Level 1:colcon.colcon_core.package_discovery:discover_packages(ignore) check parameters
[0.450s] Level 1:colcon.colcon_core.package_discovery:discover_packages(path) check parameters
[0.450s] Level 1:colcon.colcon_core.package_discovery:discover_packages(colcon_meta) discover
[0.450s] Level 1:colcon.colcon_core.package_discovery:discover_packages(recursive) discover
[0.451s] INFO:colcon.colcon_core.package_discovery:Crawling recursively for packages in '/home/kol/Documents/ros_workstation/ps_4'
[0.451s] Level 1:colcon.colcon_core.package_identification:_identify(.) by extensions ['ignore', 'ignore_ament_install']
[0.451s] Level 1:colcon.colcon_core.package_identification:_identify(.) by extension 'ignore'
[0.451s] Level 1:colcon.colcon_core.package_identification:_identify(.) by extension 'ignore_ament_install'
[0.451s] Level 1:colcon.colcon_core.package_identification:_identify(.) by extensions ['colcon_pkg']
[0.451s] Level 1:colcon.colcon_core.package_identification:_identify(.) by extension 'colcon_pkg'
[0.451s] Level 1:colcon.colcon_core.package_identification:_identify(.) by extensions ['colcon_meta']
[0.451s] Level 1:colcon.colcon_core.package_identification:_identify(.) by extension 'colcon_meta'
[0.451s] Level 1:colcon.colcon_core.package_identification:_identify(.) by extensions ['ros']
[0.451s] Level 1:colcon.colcon_core.package_identification:_identify(.) by extension 'ros'
[0.465s] Level 1:colcon.colcon_core.package_identification:_identify(.) by extensions ['cmake', 'python']
[0.465s] Level 1:colcon.colcon_core.package_identification:_identify(.) by extension 'cmake'
[0.465s] Level 1:colcon.colcon_core.package_identification:_identify(.) by extension 'python'
[0.465s] Level 1:colcon.colcon_core.package_identification:_identify(.) by extensions ['python_setup_py']
[0.465s] Level 1:colcon.colcon_core.package_identification:_identify(.) by extension 'python_setup_py'
[0.466s] Level 1:colcon.colcon_core.package_identification:_identify(build) by extensions ['ignore', 'ignore_ament_install']
[0.466s] Level 1:colcon.colcon_core.package_identification:_identify(build) by extension 'ignore'
[0.466s] Level 1:colcon.colcon_core.package_identification:_identify(build) ignored
[0.466s] Level 1:colcon.colcon_core.package_identification:_identify(install) by extensions ['ignore', 'ignore_ament_install']
[0.466s] Level 1:colcon.colcon_core.package_identification:_identify(install) by extension 'ignore'
[0.466s] Level 1:colcon.colcon_core.package_identification:_identify(install) ignored
[0.466s] Level 1:colcon.colcon_core.package_identification:_identify(log) by extensions ['ignore', 'ignore_ament_install']
[0.466s] Level 1:colcon.colcon_core.package_identification:_identify(log) by extension 'ignore'
[0.466s] Level 1:colcon.colcon_core.package_identification:_identify(log) ignored
[0.466s] Level 1:colcon.colcon_core.package_identification:_identify(src) by extensions ['ignore', 'ignore_ament_install']
[0.466s] Level 1:colcon.colcon_core.package_identification:_identify(src) by extension 'ignore'
[0.466s] Level 1:colcon.colcon_core.package_identification:_identify(src) by extension 'ignore_ament_install'
[0.466s] Level 1:colcon.colcon_core.package_identification:_identify(src) by extensions ['colcon_pkg']
[0.466s] Level 1:colcon.colcon_core.package_identification:_identify(src) by extension 'colcon_pkg'
[0.467s] Level 1:colcon.colcon_core.package_identification:_identify(src) by extensions ['colcon_meta']
[0.467s] Level 1:colcon.colcon_core.package_identification:_identify(src) by extension 'colcon_meta'
[0.467s] Level 1:colcon.colcon_core.package_identification:_identify(src) by extensions ['ros']
[0.467s] Level 1:colcon.colcon_core.package_identification:_identify(src) by extension 'ros'
[0.467s] Level 1:colcon.colcon_core.package_identification:_identify(src) by extensions ['cmake', 'python']
[0.467s] Level 1:colcon.colcon_core.package_identification:_identify(src) by extension 'cmake'
[0.467s] Level 1:colcon.colcon_core.package_identification:_identify(src) by extension 'python'
[0.467s] Level 1:colcon.colcon_core.package_identification:_identify(src) by extensions ['python_setup_py']
[0.467s] Level 1:colcon.colcon_core.package_identification:_identify(src) by extension 'python_setup_py'
[0.467s] Level 1:colcon.colcon_core.package_identification:_identify(src/ps4) by extensions ['ignore', 'ignore_ament_install']
[0.467s] Level 1:colcon.colcon_core.package_identification:_identify(src/ps4) by extension 'ignore'
[0.467s] Level 1:colcon.colcon_core.package_identification:_identify(src/ps4) by extension 'ignore_ament_install'
[0.467s] Level 1:colcon.colcon_core.package_identification:_identify(src/ps4) by extensions ['colcon_pkg']
[0.467s] Level 1:colcon.colcon_core.package_identification:_identify(src/ps4) by extension 'colcon_pkg'
[0.467s] Level 1:colcon.colcon_core.package_identification:_identify(src/ps4) by extensions ['colcon_meta']
[0.467s] Level 1:colcon.colcon_core.package_identification:_identify(src/ps4) by extension 'colcon_meta'
[0.467s] Level 1:colcon.colcon_core.package_identification:_identify(src/ps4) by extensions ['ros']
[0.467s] Level 1:colcon.colcon_core.package_identification:_identify(src/ps4) by extension 'ros'
[0.470s] DEBUG:colcon.colcon_core.package_identification:Package 'src/ps4' with type 'ros.ament_cmake' and name 'ps4'
[0.470s] Level 1:colcon.colcon_core.package_discovery:discover_packages(recursive) using defaults
[0.470s] Level 1:colcon.colcon_core.package_discovery:discover_packages(ignore) discover
[0.470s] Level 1:colcon.colcon_core.package_discovery:discover_packages(ignore) using defaults
[0.470s] Level 1:colcon.colcon_core.package_discovery:discover_packages(path) discover
[0.470s] Level 1:colcon.colcon_core.package_discovery:discover_packages(path) using defaults
[0.509s] Level 1:colcon.colcon_core.package_discovery:discover_packages(prefix_path) check parameters
[0.509s] Level 1:colcon.colcon_core.package_discovery:discover_packages(prefix_path) discover
[0.513s] DEBUG:colcon.colcon_installed_package_information.package_discovery:Found 363 installed packages in /opt/ros/humble
[0.514s] Level 1:colcon.colcon_core.package_discovery:discover_packages(prefix_path) using defaults
[0.590s] Level 5:colcon.colcon_core.verb:set package 'ps4' build argument 'cmake_args' from command line to 'None'
[0.590s] Level 5:colcon.colcon_core.verb:set package 'ps4' build argument 'cmake_target' from command line to 'None'
[0.590s] Level 5:colcon.colcon_core.verb:set package 'ps4' build argument 'cmake_target_skip_unavailable' from command line to 'False'
[0.590s] Level 5:colcon.colcon_core.verb:set package 'ps4' build argument 'cmake_clean_cache' from command line to 'False'
[0.590s] Level 5:colcon.colcon_core.verb:set package 'ps4' build argument 'cmake_clean_first' from command line to 'False'
[0.590s] Level 5:colcon.colcon_core.verb:set package 'ps4' build argument 'cmake_force_configure' from command line to 'False'
[0.590s] Level 5:colcon.colcon_core.verb:set package 'ps4' build argument 'ament_cmake_args' from command line to 'None'
[0.590s] Level 5:colcon.colcon_core.verb:set package 'ps4' build argument 'catkin_cmake_args' from command line to 'None'
[0.590s] Level 5:colcon.colcon_core.verb:set package 'ps4' build argument 'catkin_skip_building_tests' from command line to 'False'
[0.590s] DEBUG:colcon.colcon_core.verb:Building package 'ps4' with the following arguments: {'ament_cmake_args': None, 'build_base': '/home/kol/Documents/ros_workstation/ps_4/build/ps4', 'catkin_cmake_args': None, 'catkin_skip_building_tests': False, 'cmake_args': None, 'cmake_clean_cache': False, 'cmake_clean_first': False, 'cmake_force_configure': False, 'cmake_target': None, 'cmake_target_skip_unavailable': False, 'install_base': '/home/kol/Documents/ros_workstation/ps_4/install/ps4', 'merge_install': False, 'path': '/home/kol/Documents/ros_workstation/ps_4/src/ps4', 'symlink_install': False, 'test_result_base': None}
[0.591s] INFO:colcon.colcon_core.executor:Executing jobs using 'parallel' executor
[0.592s] DEBUG:colcon.colcon_parallel_executor.executor.parallel:run_until_complete
[0.593s] INFO:colcon.colcon_ros.task.ament_cmake.build:Building ROS package in '/home/kol/Documents/ros_workstation/ps_4/src/ps4' with build type 'ament_cmake'
[0.593s] INFO:colcon.colcon_cmake.task.cmake.build:Building CMake package in '/home/kol/Documents/ros_workstation/ps_4/src/ps4'
[0.596s] INFO:colcon.colcon_core.plugin_system:Skipping extension 'colcon_core.shell.bat': Not used on non-Windows systems
[0.596s] INFO:colcon.colcon_core.shell:Skip shell extension 'powershell' for command environment: Not usable outside of PowerShell
[0.596s] DEBUG:colcon.colcon_core.shell:Skip shell extension 'dsv' for command environment
[0.632s] DEBUG:colcon.colcon_core.event_handler.log_command:Invoking command in '/home/kol/Documents/ros_workstation/ps_4/build/ps4': CMAKE_PREFIX_PATH=/opt/ros/humble /usr/bin/cmake /home/kol/Documents/ros_workstation/ps_4/src/ps4 -DCMAKE_INSTALL_PREFIX=/home/kol/Documents/ros_workstation/ps_4/install/ps4
[3.145s] DEBUG:colcon.colcon_core.event_handler.log_command:Invoked command in '/home/kol/Documents/ros_workstation/ps_4/build/ps4' returned '0': CMAKE_PREFIX_PATH=/opt/ros/humble /usr/bin/cmake /home/kol/Documents/ros_workstation/ps_4/src/ps4 -DCMAKE_INSTALL_PREFIX=/home/kol/Documents/ros_workstation/ps_4/install/ps4
[3.147s] DEBUG:colcon.colcon_core.event_handler.log_command:Invoking command in '/home/kol/Documents/ros_workstation/ps_4/build/ps4': CMAKE_PREFIX_PATH=/opt/ros/humble /usr/bin/cmake --build /home/kol/Documents/ros_workstation/ps_4/build/ps4 -- -j4 -l4
[3.685s] DEBUG:colcon.colcon_core.event_handler.log_command:Invoked command in '/home/kol/Documents/ros_workstation/ps_4/build/ps4' returned '0': CMAKE_PREFIX_PATH=/opt/ros/humble /usr/bin/cmake --build /home/kol/Documents/ros_workstation/ps_4/build/ps4 -- -j4 -l4
[3.705s] DEBUG:colcon.colcon_core.event_handler.log_command:Invoking command in '/home/kol/Documents/ros_workstation/ps_4/build/ps4': CMAKE_PREFIX_PATH=/opt/ros/humble /usr/bin/cmake --install /home/kol/Documents/ros_workstation/ps_4/build/ps4
[3.734s] Level 1:colcon.colcon_core.environment:create_environment_scripts_only(ps4)
[3.735s] DEBUG:colcon.colcon_core.event_handler.log_command:Invoked command in '/home/kol/Documents/ros_workstation/ps_4/build/ps4' returned '0': CMAKE_PREFIX_PATH=/opt/ros/humble /usr/bin/cmake --install /home/kol/Documents/ros_workstation/ps_4/build/ps4
[3.739s] Level 1:colcon.colcon_core.environment:checking '/home/kol/Documents/ros_workstation/ps_4/install/ps4' for CMake module files
[3.740s] Level 1:colcon.colcon_core.environment:checking '/home/kol/Documents/ros_workstation/ps_4/install/ps4' for CMake config files
[3.741s] Level 1:colcon.colcon_core.shell:create_environment_hook('ps4', 'cmake_prefix_path')
[3.741s] INFO:colcon.colcon_core.shell:Creating environment hook '/home/kol/Documents/ros_workstation/ps_4/install/ps4/share/ps4/hook/cmake_prefix_path.ps1'
[3.742s] INFO:colcon.colcon_core.shell:Creating environment descriptor '/home/kol/Documents/ros_workstation/ps_4/install/ps4/share/ps4/hook/cmake_prefix_path.dsv'
[3.742s] INFO:colcon.colcon_core.shell:Creating environment hook '/home/kol/Documents/ros_workstation/ps_4/install/ps4/share/ps4/hook/cmake_prefix_path.sh'
[3.743s] Level 1:colcon.colcon_core.environment:checking '/home/kol/Documents/ros_workstation/ps_4/install/ps4/lib'
[3.743s] Level 1:colcon.colcon_core.environment:checking '/home/kol/Documents/ros_workstation/ps_4/install/ps4/bin'
[3.743s] Level 1:colcon.colcon_core.environment:checking '/home/kol/Documents/ros_workstation/ps_4/install/ps4/lib/pkgconfig/ps4.pc'
[3.744s] Level 1:colcon.colcon_core.environment:checking '/home/kol/Documents/ros_workstation/ps_4/install/ps4/lib/python3.10/site-packages'
[3.744s] Level 1:colcon.colcon_core.environment:checking '/home/kol/Documents/ros_workstation/ps_4/install/ps4/bin'
[3.744s] INFO:colcon.colcon_core.shell:Creating package script '/home/kol/Documents/ros_workstation/ps_4/install/ps4/share/ps4/package.ps1'
[3.745s] INFO:colcon.colcon_core.shell:Creating package descriptor '/home/kol/Documents/ros_workstation/ps_4/install/ps4/share/ps4/package.dsv'
[3.746s] INFO:colcon.colcon_core.shell:Creating package script '/home/kol/Documents/ros_workstation/ps_4/install/ps4/share/ps4/package.sh'
[3.747s] INFO:colcon.colcon_core.shell:Creating package script '/home/kol/Documents/ros_workstation/ps_4/install/ps4/share/ps4/package.bash'
[3.747s] INFO:colcon.colcon_core.shell:Creating package script '/home/kol/Documents/ros_workstation/ps_4/install/ps4/share/ps4/package.zsh'
[3.748s] Level 1:colcon.colcon_core.environment:create_file_with_runtime_dependencies(/home/kol/Documents/ros_workstation/ps_4/install/ps4/share/colcon-core/packages/ps4)
[3.749s] Level 1:colcon.colcon_core.environment:create_environment_scripts_only(ps4)
[3.749s] Level 1:colcon.colcon_core.environment:checking '/home/kol/Documents/ros_workstation/ps_4/install/ps4' for CMake module files
[3.750s] Level 1:colcon.colcon_core.environment:checking '/home/kol/Documents/ros_workstation/ps_4/install/ps4' for CMake config files
[3.750s] Level 1:colcon.colcon_core.shell:create_environment_hook('ps4', 'cmake_prefix_path')
[3.751s] INFO:colcon.colcon_core.shell:Creating environment hook '/home/kol/Documents/ros_workstation/ps_4/install/ps4/share/ps4/hook/cmake_prefix_path.ps1'
[3.751s] INFO:colcon.colcon_core.shell:Creating environment descriptor '/home/kol/Documents/ros_workstation/ps_4/install/ps4/share/ps4/hook/cmake_prefix_path.dsv'
[3.752s] INFO:colcon.colcon_core.shell:Creating environment hook '/home/kol/Documents/ros_workstation/ps_4/install/ps4/share/ps4/hook/cmake_prefix_path.sh'
[3.753s] Level 1:colcon.colcon_core.environment:checking '/home/kol/Documents/ros_workstation/ps_4/install/ps4/lib'
[3.753s] Level 1:colcon.colcon_core.environment:checking '/home/kol/Documents/ros_workstation/ps_4/install/ps4/bin'
[3.753s] Level 1:colcon.colcon_core.environment:checking '/home/kol/Documents/ros_workstation/ps_4/install/ps4/lib/pkgconfig/ps4.pc'
[3.754s] Level 1:colcon.colcon_core.environment:checking '/home/kol/Documents/ros_workstation/ps_4/install/ps4/lib/python3.10/site-packages'
[3.754s] Level 1:colcon.colcon_core.environment:checking '/home/kol/Documents/ros_workstation/ps_4/install/ps4/bin'
[3.754s] INFO:colcon.colcon_core.shell:Creating package script '/home/kol/Documents/ros_workstation/ps_4/install/ps4/share/ps4/package.ps1'
[3.755s] INFO:colcon.colcon_core.shell:Creating package descriptor '/home/kol/Documents/ros_workstation/ps_4/install/ps4/share/ps4/package.dsv'
[3.755s] INFO:colcon.colcon_core.shell:Creating package script '/home/kol/Documents/ros_workstation/ps_4/install/ps4/share/ps4/package.sh'
[3.756s] INFO:colcon.colcon_core.shell:Creating package script '/home/kol/Documents/ros_workstation/ps_4/install/ps4/share/ps4/package.bash'
[3.756s] INFO:colcon.colcon_core.shell:Creating package script '/home/kol/Documents/ros_workstation/ps_4/install/ps4/share/ps4/package.zsh'
[3.757s] Level 1:colcon.colcon_core.environment:create_file_with_runtime_dependencies(/home/kol/Documents/ros_workstation/ps_4/install/ps4/share/colcon-core/packages/ps4)
[3.757s] DEBUG:colcon.colcon_parallel_executor.executor.parallel:closing loop
[3.757s] DEBUG:colcon.colcon_parallel_executor.executor.parallel:loop closed
[3.757s] DEBUG:colcon.colcon_parallel_executor.executor.parallel:run_until_complete finished with '0'
[3.757s] DEBUG:colcon.colcon_core.event_reactor:joining thread
[3.764s] INFO:colcon.colcon_core.plugin_system:Skipping extension 'colcon_notification.desktop_notification.terminal_notifier': Not used on non-Darwin systems
[3.764s] INFO:colcon.colcon_core.plugin_system:Skipping extension 'colcon_notification.desktop_notification.win32': Not used on non-Windows systems
[3.764s] INFO:colcon.colcon_notification.desktop_notification:Sending desktop notification using 'notify2'
[3.801s] DEBUG:colcon.colcon_core.event_reactor:joined thread
[3.801s] INFO:colcon.colcon_core.shell:Creating prefix script '/home/kol/Documents/ros_workstation/ps_4/install/local_setup.ps1'
[3.803s] INFO:colcon.colcon_core.shell:Creating prefix util module '/home/kol/Documents/ros_workstation/ps_4/install/_local_setup_util_ps1.py'
[3.806s] INFO:colcon.colcon_core.shell:Creating prefix chain script '/home/kol/Documents/ros_workstation/ps_4/install/setup.ps1'
[3.809s] INFO:colcon.colcon_core.shell:Creating prefix script '/home/kol/Documents/ros_workstation/ps_4/install/local_setup.sh'
[3.809s] INFO:colcon.colcon_core.shell:Creating prefix util module '/home/kol/Documents/ros_workstation/ps_4/install/_local_setup_util_sh.py'
[3.810s] INFO:colcon.colcon_core.shell:Creating prefix chain script '/home/kol/Documents/ros_workstation/ps_4/install/setup.sh'
[3.812s] INFO:colcon.colcon_core.shell:Creating prefix script '/home/kol/Documents/ros_workstation/ps_4/install/local_setup.bash'
[3.812s] INFO:colcon.colcon_core.shell:Creating prefix chain script '/home/kol/Documents/ros_workstation/ps_4/install/setup.bash'
[3.814s] INFO:colcon.colcon_core.shell:Creating prefix script '/home/kol/Documents/ros_workstation/ps_4/install/local_setup.zsh'
[3.814s] INFO:colcon.colcon_core.shell:Creating prefix chain script '/home/kol/Documents/ros_workstation/ps_4/install/setup.zsh'
