[0.009s] Invoking command in '/home/kol/Documents/ros_workstation/pipebot/build/pipebot': CMAKE_PREFIX_PATH=/opt/ros/humble /usr/bin/cmake /home/kol/Documents/ros_workstation/pipebot/src/pipebot -DCMAKE_INSTALL_PREFIX=/home/kol/Documents/ros_workstation/pipebot/install/pipebot
[0.022s] -- Found ament_cmake: 1.3.11 (/opt/ros/humble/share/ament_cmake/cmake)
[0.151s] -- Found ament_lint_auto: 0.12.12 (/opt/ros/humble/share/ament_lint_auto/cmake)
[0.227s] -- Added test 'flake8' to check Python code syntax and style conventions
[0.227s] -- Added test 'lint_cmake' to check CMake code style
[0.228s] -- Added test 'pep257' to check Python code against some of the docstring style conventions in PEP 257
[0.230s] -- Added test 'xmllint' to check XML markup files
[0.231s] -- Configuring done
[0.234s] -- Generating done
[0.235s] -- Build files have been written to: /home/kol/Documents/ros_workstation/pipebot/build/pipebot
[0.239s] Invoked command in '/home/kol/Documents/ros_workstation/pipebot/build/pipebot' returned '0': CMAKE_PREFIX_PATH=/opt/ros/humble /usr/bin/cmake /home/kol/Documents/ros_workstation/pipebot/src/pipebot -DCMAKE_INSTALL_PREFIX=/home/kol/Documents/ros_workstation/pipebot/install/pipebot
[0.242s] Invoking command in '/home/kol/Documents/ros_workstation/pipebot/build/pipebot': CMAKE_PREFIX_PATH=/opt/ros/humble /usr/bin/cmake --build /home/kol/Documents/ros_workstation/pipebot/build/pipebot -- -j4 -l4
[0.281s] Invoked command in '/home/kol/Documents/ros_workstation/pipebot/build/pipebot' returned '0': CMAKE_PREFIX_PATH=/opt/ros/humble /usr/bin/cmake --build /home/kol/Documents/ros_workstation/pipebot/build/pipebot -- -j4 -l4
[0.293s] Invoking command in '/home/kol/Documents/ros_workstation/pipebot/build/pipebot': CMAKE_PREFIX_PATH=/opt/ros/humble /usr/bin/cmake --install /home/kol/Documents/ros_workstation/pipebot/build/pipebot
[0.300s] -- Install configuration: ""
[0.300s] -- Installing: /home/kol/Documents/ros_workstation/pipebot/install/pipebot/share/pipebot/launch
[0.300s] -- Installing: /home/kol/Documents/ros_workstation/pipebot/install/pipebot/share/pipebot/launch/sim.launch.py
[0.300s] -- Installing: /home/kol/Documents/ros_workstation/pipebot/install/pipebot/share/pipebot/launch/rsp.launch.py
[0.301s] -- Installing: /home/kol/Documents/ros_workstation/pipebot/install/pipebot/share/pipebot/launch/__pycache__
[0.301s] -- Installing: /home/kol/Documents/ros_workstation/pipebot/install/pipebot/share/pipebot/launch/__pycache__/sim.launch.d.er
[0.301s] -- Installing: /home/kol/Documents/ros_workstation/pipebot/install/pipebot/share/pipebot/launch/__pycache__/rsp.launch.d.er
[0.301s] -- Installing: /home/kol/Documents/ros_workstation/pipebot/install/pipebot/share/pipebot/pipebot
[0.301s] -- Installing: /home/kol/Documents/ros_workstation/pipebot/install/pipebot/share/pipebot/pipebot/robot.urdf.xacro
[0.301s] -- Installing: /home/kol/Documents/ros_workstation/pipebot/install/pipebot/share/pipebot/pipebot/assets
[0.302s] -- Installing: /home/kol/Documents/ros_workstation/pipebot/install/pipebot/share/pipebot/pipebot/assets/part_2.part
[0.302s] -- Installing: /home/kol/Documents/ros_workstation/pipebot/install/pipebot/share/pipebot/pipebot/assets/part_1.stl
[0.302s] -- Installing: /home/kol/Documents/ros_workstation/pipebot/install/pipebot/share/pipebot/pipebot/assets/part_3.stl
[0.302s] -- Installing: /home/kol/Documents/ros_workstation/pipebot/install/pipebot/share/pipebot/pipebot/assets/part_2.stl
[0.302s] -- Installing: /home/kol/Documents/ros_workstation/pipebot/install/pipebot/share/pipebot/pipebot/assets/part_3.part
[0.303s] -- Installing: /home/kol/Documents/ros_workstation/pipebot/install/pipebot/share/pipebot/pipebot/assets/part_1.part
[0.303s] -- Installing: /home/kol/Documents/ros_workstation/pipebot/install/pipebot/share/pipebot/pipebot/config.json
[0.303s] -- Installing: /home/kol/Documents/ros_workstation/pipebot/install/pipebot/share/ament_index/resource_index/package_run_dependencies/pipebot
[0.303s] -- Installing: /home/kol/Documents/ros_workstation/pipebot/install/pipebot/share/ament_index/resource_index/parent_prefix_path/pipebot
[0.304s] -- Installing: /home/kol/Documents/ros_workstation/pipebot/install/pipebot/share/pipebot/environment/ament_prefix_path.sh
[0.304s] -- Installing: /home/kol/Documents/ros_workstation/pipebot/install/pipebot/share/pipebot/environment/ament_prefix_path.dsv
[0.304s] -- Installing: /home/kol/Documents/ros_workstation/pipebot/install/pipebot/share/pipebot/environment/path.sh
[0.304s] -- Installing: /home/kol/Documents/ros_workstation/pipebot/install/pipebot/share/pipebot/environment/path.dsv
[0.304s] -- Installing: /home/kol/Documents/ros_workstation/pipebot/install/pipebot/share/pipebot/local_setup.bash
[0.305s] -- Installing: /home/kol/Documents/ros_workstation/pipebot/install/pipebot/share/pipebot/local_setup.sh
[0.305s] -- Installing: /home/kol/Documents/ros_workstation/pipebot/install/pipebot/share/pipebot/local_setup.zsh
[0.305s] -- Installing: /home/kol/Documents/ros_workstation/pipebot/install/pipebot/share/pipebot/local_setup.dsv
[0.305s] -- Installing: /home/kol/Documents/ros_workstation/pipebot/install/pipebot/share/pipebot/package.dsv
[0.306s] -- Installing: /home/kol/Documents/ros_workstation/pipebot/install/pipebot/share/ament_index/resource_index/packages/pipebot
[0.306s] -- Installing: /home/kol/Documents/ros_workstation/pipebot/install/pipebot/share/pipebot/cmake/pipebotConfig.cmake
[0.306s] -- Installing: /home/kol/Documents/ros_workstation/pipebot/install/pipebot/share/pipebot/cmake/pipebotConfig-version.cmake
[0.306s] -- Installing: /home/kol/Documents/ros_workstation/pipebot/install/pipebot/share/pipebot/package.xml
[0.309s] Invoked command in '/home/kol/Documents/ros_workstation/pipebot/build/pipebot' returned '0': CMAKE_PREFIX_PATH=/opt/ros/humble /usr/bin/cmake --install /home/kol/Documents/ros_workstation/pipebot/build/pipebot
