-- Install configuration: ""
-- Up-to-date: /home/kol/Documents/ros_workstation/steward/install/platform/share/platform/config
-- Up-to-date: /home/kol/Documents/ros_workstation/steward/install/platform/share/platform/launch
-- Up-to-date: /home/kol/Documents/ros_workstation/steward/install/platform/share/platform/meshes
-- Up-to-date: /home/kol/Documents/ros_workstation/steward/install/platform/share/platform/meshes/rod31.stl
-- Up-to-date: /home/kol/Documents/ros_workstation/steward/install/platform/share/platform/meshes/rod21.stl
-- Up-to-date: /home/kol/Documents/ros_workstation/steward/install/platform/share/platform/meshes/rod11.stl
-- Up-to-date: /home/kol/Documents/ros_workstation/steward/install/platform/share/platform/meshes/J1T1.stl
-- Up-to-date: /home/kol/Documents/ros_workstation/steward/install/platform/share/platform/meshes/J3T_1.stl
-- Up-to-date: /home/kol/Documents/ros_workstation/steward/install/platform/share/platform/meshes/cylinder61.stl
-- Up-to-date: /home/kol/Documents/ros_workstation/steward/install/platform/share/platform/meshes/X4bottom1.stl
-- Up-to-date: /home/kol/Documents/ros_workstation/steward/install/platform/share/platform/meshes/rod61.stl
-- Up-to-date: /home/kol/Documents/ros_workstation/steward/install/platform/share/platform/meshes/UJ51.stl
-- Up-to-date: /home/kol/Documents/ros_workstation/steward/install/platform/share/platform/meshes/base_link.stl
-- Up-to-date: /home/kol/Documents/ros_workstation/steward/install/platform/share/platform/meshes/J4B1.stl
-- Up-to-date: /home/kol/Documents/ros_workstation/steward/install/platform/share/platform/meshes/J5B1.stl
-- Up-to-date: /home/kol/Documents/ros_workstation/steward/install/platform/share/platform/meshes/X1bottom1.stl
-- Up-to-date: /home/kol/Documents/ros_workstation/steward/install/platform/share/platform/meshes/X4top1.stl
-- Up-to-date: /home/kol/Documents/ros_workstation/steward/install/platform/share/platform/meshes/cylinder11.stl
-- Up-to-date: /home/kol/Documents/ros_workstation/steward/install/platform/share/platform/meshes/X3bottom1.stl
-- Up-to-date: /home/kol/Documents/ros_workstation/steward/install/platform/share/platform/meshes/X3top1.stl
-- Up-to-date: /home/kol/Documents/ros_workstation/steward/install/platform/share/platform/meshes/UJ21.stl
-- Up-to-date: /home/kol/Documents/ros_workstation/steward/install/platform/share/platform/meshes/J6T1.stl
-- Up-to-date: /home/kol/Documents/ros_workstation/steward/install/platform/share/platform/meshes/J5T_1.stl
-- Up-to-date: /home/kol/Documents/ros_workstation/steward/install/platform/share/platform/meshes/rod41.stl
-- Up-to-date: /home/kol/Documents/ros_workstation/steward/install/platform/share/platform/meshes/indicator1.stl
-- Up-to-date: /home/kol/Documents/ros_workstation/steward/install/platform/share/platform/meshes/piston51.stl
-- Up-to-date: /home/kol/Documents/ros_workstation/steward/install/platform/share/platform/meshes/J4T1.stl
-- Up-to-date: /home/kol/Documents/ros_workstation/steward/install/platform/share/platform/meshes/piston41.stl
-- Up-to-date: /home/kol/Documents/ros_workstation/steward/install/platform/share/platform/meshes/J1B_1.stl
-- Up-to-date: /home/kol/Documents/ros_workstation/steward/install/platform/share/platform/meshes/TOP1.stl
-- Up-to-date: /home/kol/Documents/ros_workstation/steward/install/platform/share/platform/meshes/J2B1.stl
-- Up-to-date: /home/kol/Documents/ros_workstation/steward/install/platform/share/platform/meshes/UJ61.stl
-- Up-to-date: /home/kol/Documents/ros_workstation/steward/install/platform/share/platform/meshes/UJ31.stl
-- Up-to-date: /home/kol/Documents/ros_workstation/steward/install/platform/share/platform/meshes/J6B1.stl
-- Up-to-date: /home/kol/Documents/ros_workstation/steward/install/platform/share/platform/meshes/X6bottom1.stl
-- Up-to-date: /home/kol/Documents/ros_workstation/steward/install/platform/share/platform/meshes/J3B1.stl
-- Up-to-date: /home/kol/Documents/ros_workstation/steward/install/platform/share/platform/meshes/X6top1.stl
-- Up-to-date: /home/kol/Documents/ros_workstation/steward/install/platform/share/platform/meshes/UJ11.stl
-- Up-to-date: /home/kol/Documents/ros_workstation/steward/install/platform/share/platform/meshes/piston61.stl
-- Up-to-date: /home/kol/Documents/ros_workstation/steward/install/platform/share/platform/meshes/cylinder31.stl
-- Up-to-date: /home/kol/Documents/ros_workstation/steward/install/platform/share/platform/meshes/cylinder21.stl
-- Up-to-date: /home/kol/Documents/ros_workstation/steward/install/platform/share/platform/meshes/J2T1.stl
-- Up-to-date: /home/kol/Documents/ros_workstation/steward/install/platform/share/platform/meshes/X1top1.stl
-- Up-to-date: /home/kol/Documents/ros_workstation/steward/install/platform/share/platform/meshes/X2bottom1.stl
-- Up-to-date: /home/kol/Documents/ros_workstation/steward/install/platform/share/platform/meshes/rod51.stl
-- Up-to-date: /home/kol/Documents/ros_workstation/steward/install/platform/share/platform/meshes/piston21.stl
-- Up-to-date: /home/kol/Documents/ros_workstation/steward/install/platform/share/platform/meshes/UJ41.stl
-- Up-to-date: /home/kol/Documents/ros_workstation/steward/install/platform/share/platform/meshes/cylinder51.stl
-- Up-to-date: /home/kol/Documents/ros_workstation/steward/install/platform/share/platform/meshes/piston31.stl
-- Up-to-date: /home/kol/Documents/ros_workstation/steward/install/platform/share/platform/meshes/X5top1.stl
-- Up-to-date: /home/kol/Documents/ros_workstation/steward/install/platform/share/platform/meshes/X2top1.stl
-- Up-to-date: /home/kol/Documents/ros_workstation/steward/install/platform/share/platform/meshes/cylinder41.stl
-- Up-to-date: /home/kol/Documents/ros_workstation/steward/install/platform/share/platform/meshes/piston11.stl
-- Up-to-date: /home/kol/Documents/ros_workstation/steward/install/platform/share/platform/meshes/X5bottom1.stl
-- Up-to-date: /home/kol/Documents/ros_workstation/steward/install/platform/share/platform/urdf
-- Up-to-date: /home/kol/Documents/ros_workstation/steward/install/platform/share/platform/urdf/stewart.urdf.xacro
-- Up-to-date: /home/kol/Documents/ros_workstation/steward/install/platform/share/ament_index/resource_index/package_run_dependencies/platform
-- Up-to-date: /home/kol/Documents/ros_workstation/steward/install/platform/share/ament_index/resource_index/parent_prefix_path/platform
-- Up-to-date: /home/kol/Documents/ros_workstation/steward/install/platform/share/platform/environment/ament_prefix_path.sh
-- Up-to-date: /home/kol/Documents/ros_workstation/steward/install/platform/share/platform/environment/ament_prefix_path.dsv
-- Up-to-date: /home/kol/Documents/ros_workstation/steward/install/platform/share/platform/environment/path.sh
-- Up-to-date: /home/kol/Documents/ros_workstation/steward/install/platform/share/platform/environment/path.dsv
-- Up-to-date: /home/kol/Documents/ros_workstation/steward/install/platform/share/platform/local_setup.bash
-- Up-to-date: /home/kol/Documents/ros_workstation/steward/install/platform/share/platform/local_setup.sh
-- Up-to-date: /home/kol/Documents/ros_workstation/steward/install/platform/share/platform/local_setup.zsh
-- Up-to-date: /home/kol/Documents/ros_workstation/steward/install/platform/share/platform/local_setup.dsv
-- Up-to-date: /home/kol/Documents/ros_workstation/steward/install/platform/share/platform/package.dsv
-- Up-to-date: /home/kol/Documents/ros_workstation/steward/install/platform/share/ament_index/resource_index/packages/platform
-- Up-to-date: /home/kol/Documents/ros_workstation/steward/install/platform/share/platform/cmake/platformConfig.cmake
-- Up-to-date: /home/kol/Documents/ros_workstation/steward/install/platform/share/platform/cmake/platformConfig-version.cmake
-- Up-to-date: /home/kol/Documents/ros_workstation/steward/install/platform/share/platform/package.xml
