[0.015s] Invoking command in '/home/kol/Documents/ros_workstation/steward/build/platform': CMAKE_PREFIX_PATH=/opt/ros/humble /usr/bin/cmake --build /home/kol/Documents/ros_workstation/steward/build/platform -- -j4 -l4
[0.082s] Invoked command in '/home/kol/Documents/ros_workstation/steward/build/platform' returned '0': CMAKE_PREFIX_PATH=/opt/ros/humble /usr/bin/cmake --build /home/kol/Documents/ros_workstation/steward/build/platform -- -j4 -l4
[0.095s] Invoking command in '/home/kol/Documents/ros_workstation/steward/build/platform': CMAKE_PREFIX_PATH=/opt/ros/humble /usr/bin/cmake --install /home/kol/Documents/ros_workstation/steward/build/platform
[0.104s] -- Install configuration: ""
[0.104s] -- Up-to-date: /home/kol/Documents/ros_workstation/steward/install/platform/share/platform/config
[0.104s] -- Up-to-date: /home/kol/Documents/ros_workstation/steward/install/platform/share/platform/launch
[0.104s] -- Up-to-date: /home/kol/Documents/ros_workstation/steward/install/platform/share/platform/meshes
[0.104s] -- Up-to-date: /home/kol/Documents/ros_workstation/steward/install/platform/share/platform/meshes/rod31.stl
[0.105s] -- Up-to-date: /home/kol/Documents/ros_workstation/steward/install/platform/share/platform/meshes/rod21.stl
[0.105s] -- Up-to-date: /home/kol/Documents/ros_workstation/steward/install/platform/share/platform/meshes/rod11.stl
[0.105s] -- Up-to-date: /home/kol/Documents/ros_workstation/steward/install/platform/share/platform/meshes/J1T1.stl
[0.105s] -- Up-to-date: /home/kol/Documents/ros_workstation/steward/install/platform/share/platform/meshes/J3T_1.stl
[0.106s] -- Up-to-date: /home/kol/Documents/ros_workstation/steward/install/platform/share/platform/meshes/cylinder61.stl
[0.106s] -- Up-to-date: /home/kol/Documents/ros_workstation/steward/install/platform/share/platform/meshes/X4bottom1.stl
[0.106s] -- Up-to-date: /home/kol/Documents/ros_workstation/steward/install/platform/share/platform/meshes/rod61.stl
[0.106s] -- Up-to-date: /home/kol/Documents/ros_workstation/steward/install/platform/share/platform/meshes/UJ51.stl
[0.106s] -- Up-to-date: /home/kol/Documents/ros_workstation/steward/install/platform/share/platform/meshes/base_link.stl
[0.106s] -- Up-to-date: /home/kol/Documents/ros_workstation/steward/install/platform/share/platform/meshes/J4B1.stl
[0.107s] -- Up-to-date: /home/kol/Documents/ros_workstation/steward/install/platform/share/platform/meshes/J5B1.stl
[0.107s] -- Up-to-date: /home/kol/Documents/ros_workstation/steward/install/platform/share/platform/meshes/X1bottom1.stl
[0.107s] -- Up-to-date: /home/kol/Documents/ros_workstation/steward/install/platform/share/platform/meshes/X4top1.stl
[0.107s] -- Up-to-date: /home/kol/Documents/ros_workstation/steward/install/platform/share/platform/meshes/cylinder11.stl
[0.107s] -- Up-to-date: /home/kol/Documents/ros_workstation/steward/install/platform/share/platform/meshes/X3bottom1.stl
[0.107s] -- Up-to-date: /home/kol/Documents/ros_workstation/steward/install/platform/share/platform/meshes/X3top1.stl
[0.108s] -- Up-to-date: /home/kol/Documents/ros_workstation/steward/install/platform/share/platform/meshes/UJ21.stl
[0.108s] -- Up-to-date: /home/kol/Documents/ros_workstation/steward/install/platform/share/platform/meshes/J6T1.stl
[0.108s] -- Up-to-date: /home/kol/Documents/ros_workstation/steward/install/platform/share/platform/meshes/J5T_1.stl
[0.108s] -- Up-to-date: /home/kol/Documents/ros_workstation/steward/install/platform/share/platform/meshes/rod41.stl
[0.108s] -- Up-to-date: /home/kol/Documents/ros_workstation/steward/install/platform/share/platform/meshes/indicator1.stl
[0.108s] -- Up-to-date: /home/kol/Documents/ros_workstation/steward/install/platform/share/platform/meshes/piston51.stl
[0.108s] -- Up-to-date: /home/kol/Documents/ros_workstation/steward/install/platform/share/platform/meshes/J4T1.stl
[0.109s] -- Up-to-date: /home/kol/Documents/ros_workstation/steward/install/platform/share/platform/meshes/piston41.stl
[0.109s] -- Up-to-date: /home/kol/Documents/ros_workstation/steward/install/platform/share/platform/meshes/J1B_1.stl
[0.109s] -- Up-to-date: /home/kol/Documents/ros_workstation/steward/install/platform/share/platform/meshes/TOP1.stl
[0.109s] -- Up-to-date: /home/kol/Documents/ros_workstation/steward/install/platform/share/platform/meshes/J2B1.stl
[0.110s] -- Up-to-date: /home/kol/Documents/ros_workstation/steward/install/platform/share/platform/meshes/UJ61.stl
[0.110s] -- Up-to-date: /home/kol/Documents/ros_workstation/steward/install/platform/share/platform/meshes/UJ31.stl
[0.111s] -- Up-to-date: /home/kol/Documents/ros_workstation/steward/install/platform/share/platform/meshes/J6B1.stl
[0.111s] -- Up-to-date: /home/kol/Documents/ros_workstation/steward/install/platform/share/platform/meshes/X6bottom1.stl
[0.111s] -- Up-to-date: /home/kol/Documents/ros_workstation/steward/install/platform/share/platform/meshes/J3B1.stl
[0.111s] -- Up-to-date: /home/kol/Documents/ros_workstation/steward/install/platform/share/platform/meshes/X6top1.stl
[0.111s] -- Up-to-date: /home/kol/Documents/ros_workstation/steward/install/platform/share/platform/meshes/UJ11.stl
[0.111s] -- Up-to-date: /home/kol/Documents/ros_workstation/steward/install/platform/share/platform/meshes/piston61.stl
[0.112s] -- Up-to-date: /home/kol/Documents/ros_workstation/steward/install/platform/share/platform/meshes/cylinder31.stl
[0.112s] -- Up-to-date: /home/kol/Documents/ros_workstation/steward/install/platform/share/platform/meshes/cylinder21.stl
[0.112s] -- Up-to-date: /home/kol/Documents/ros_workstation/steward/install/platform/share/platform/meshes/J2T1.stl
[0.112s] -- Up-to-date: /home/kol/Documents/ros_workstation/steward/install/platform/share/platform/meshes/X1top1.stl
[0.112s] -- Up-to-date: /home/kol/Documents/ros_workstation/steward/install/platform/share/platform/meshes/X2bottom1.stl
[0.112s] -- Up-to-date: /home/kol/Documents/ros_workstation/steward/install/platform/share/platform/meshes/rod51.stl
[0.113s] -- Up-to-date: /home/kol/Documents/ros_workstation/steward/install/platform/share/platform/meshes/piston21.stl
[0.113s] -- Up-to-date: /home/kol/Documents/ros_workstation/steward/install/platform/share/platform/meshes/UJ41.stl
[0.113s] -- Up-to-date: /home/kol/Documents/ros_workstation/steward/install/platform/share/platform/meshes/cylinder51.stl
[0.113s] -- Up-to-date: /home/kol/Documents/ros_workstation/steward/install/platform/share/platform/meshes/piston31.stl
[0.113s] -- Up-to-date: /home/kol/Documents/ros_workstation/steward/install/platform/share/platform/meshes/X5top1.stl
[0.113s] -- Up-to-date: /home/kol/Documents/ros_workstation/steward/install/platform/share/platform/meshes/X2top1.stl
[0.113s] -- Up-to-date: /home/kol/Documents/ros_workstation/steward/install/platform/share/platform/meshes/cylinder41.stl
[0.114s] -- Up-to-date: /home/kol/Documents/ros_workstation/steward/install/platform/share/platform/meshes/piston11.stl
[0.114s] -- Up-to-date: /home/kol/Documents/ros_workstation/steward/install/platform/share/platform/meshes/X5bottom1.stl
[0.114s] -- Up-to-date: /home/kol/Documents/ros_workstation/steward/install/platform/share/platform/urdf
[0.114s] -- Up-to-date: /home/kol/Documents/ros_workstation/steward/install/platform/share/platform/urdf/stewart.urdf.xacro
[0.114s] -- Up-to-date: /home/kol/Documents/ros_workstation/steward/install/platform/share/ament_index/resource_index/package_run_dependencies/platform
[0.114s] -- Up-to-date: /home/kol/Documents/ros_workstation/steward/install/platform/share/ament_index/resource_index/parent_prefix_path/platform
[0.114s] -- Up-to-date: /home/kol/Documents/ros_workstation/steward/install/platform/share/platform/environment/ament_prefix_path.sh
[0.115s] -- Up-to-date: /home/kol/Documents/ros_workstation/steward/install/platform/share/platform/environment/ament_prefix_path.dsv
[0.115s] -- Up-to-date: /home/kol/Documents/ros_workstation/steward/install/platform/share/platform/environment/path.sh
[0.115s] -- Up-to-date: /home/kol/Documents/ros_workstation/steward/install/platform/share/platform/environment/path.dsv
[0.115s] -- Up-to-date: /home/kol/Documents/ros_workstation/steward/install/platform/share/platform/local_setup.bash
[0.115s] -- Up-to-date: /home/kol/Documents/ros_workstation/steward/install/platform/share/platform/local_setup.sh
[0.115s] -- Up-to-date: /home/kol/Documents/ros_workstation/steward/install/platform/share/platform/local_setup.zsh
[0.115s] -- Up-to-date: /home/kol/Documents/ros_workstation/steward/install/platform/share/platform/local_setup.dsv
[0.116s] -- Up-to-date: /home/kol/Documents/ros_workstation/steward/install/platform/share/platform/package.dsv
[0.116s] -- Up-to-date: /home/kol/Documents/ros_workstation/steward/install/platform/share/ament_index/resource_index/packages/platform
[0.116s] -- Up-to-date: /home/kol/Documents/ros_workstation/steward/install/platform/share/platform/cmake/platformConfig.cmake
[0.116s] -- Up-to-date: /home/kol/Documents/ros_workstation/steward/install/platform/share/platform/cmake/platformConfig-version.cmake
[0.116s] -- Up-to-date: /home/kol/Documents/ros_workstation/steward/install/platform/share/platform/package.xml
[0.117s] Invoked command in '/home/kol/Documents/ros_workstation/steward/build/platform' returned '0': CMAKE_PREFIX_PATH=/opt/ros/humble /usr/bin/cmake --install /home/kol/Documents/ros_workstation/steward/build/platform
