[0.018s] Invoking command in '/home/kol/Documents/ros_workstation/ArmBots/ArmBot_1/build/boilerplate': CMAKE_PREFIX_PATH=/opt/ros/humble /usr/bin/cmake --build /home/kol/Documents/ros_workstation/ArmBots/ArmBot_1/build/boilerplate -- -j4 -l4
[0.074s] Invoked command in '/home/kol/Documents/ros_workstation/ArmBots/ArmBot_1/build/boilerplate' returned '0': CMAKE_PREFIX_PATH=/opt/ros/humble /usr/bin/cmake --build /home/kol/Documents/ros_workstation/ArmBots/ArmBot_1/build/boilerplate -- -j4 -l4
[0.086s] Invoking command in '/home/kol/Documents/ros_workstation/ArmBots/ArmBot_1/build/boilerplate': CMAKE_PREFIX_PATH=/opt/ros/humble /usr/bin/cmake --install /home/kol/Documents/ros_workstation/ArmBots/ArmBot_1/build/boilerplate
[0.096s] -- Install configuration: ""
[0.096s] -- Up-to-date: /home/kol/Documents/ros_workstation/ArmBots/ArmBot_1/install/boilerplate/share/boilerplate/config
[0.096s] -- Up-to-date: /home/kol/Documents/ros_workstation/ArmBots/ArmBot_1/install/boilerplate/share/boilerplate/config/robot_controls.yaml
[0.096s] -- Up-to-date: /home/kol/Documents/ros_workstation/ArmBots/ArmBot_1/install/boilerplate/share/boilerplate/launch
[0.097s] -- Up-to-date: /home/kol/Documents/ros_workstation/ArmBots/ArmBot_1/install/boilerplate/share/boilerplate/launch/sim.launch.py
[0.097s] -- Up-to-date: /home/kol/Documents/ros_workstation/ArmBots/ArmBot_1/install/boilerplate/share/boilerplate/launch/rsp2.launch.py
[0.097s] -- Up-to-date: /home/kol/Documents/ros_workstation/ArmBots/ArmBot_1/install/boilerplate/share/boilerplate/launch/rsp.launch.py
[0.097s] -- Up-to-date: /home/kol/Documents/ros_workstation/ArmBots/ArmBot_1/install/boilerplate/share/boilerplate/launch/sim2.launch.py
[0.097s] -- Up-to-date: /home/kol/Documents/ros_workstation/ArmBots/ArmBot_1/install/boilerplate/share/boilerplate/launch/__pycache__
[0.098s] -- Up-to-date: /home/kol/Documents/ros_workstation/ArmBots/ArmBot_1/install/boilerplate/share/boilerplate/launch/__pycache__/sim2.launch.d.er
[0.098s] -- Up-to-date: /home/kol/Documents/ros_workstation/ArmBots/ArmBot_1/install/boilerplate/share/boilerplate/launch/__pycache__/sim.launch.d.er
[0.098s] -- Up-to-date: /home/kol/Documents/ros_workstation/ArmBots/ArmBot_1/install/boilerplate/share/boilerplate/launch/__pycache__/rsp2.launch.d.er
[0.098s] -- Up-to-date: /home/kol/Documents/ros_workstation/ArmBots/ArmBot_1/install/boilerplate/share/boilerplate/launch/__pycache__/rsp.launch.d.er
[0.098s] -- Up-to-date: /home/kol/Documents/ros_workstation/ArmBots/ArmBot_1/install/boilerplate/share/boilerplate/meshes
[0.098s] -- Up-to-date: /home/kol/Documents/ros_workstation/ArmBots/ArmBot_1/install/boilerplate/share/boilerplate/meshes/link_3_1.stl
[0.099s] -- Up-to-date: /home/kol/Documents/ros_workstation/ArmBots/ArmBot_1/install/boilerplate/share/boilerplate/meshes/link_1_1.stl
[0.099s] -- Up-to-date: /home/kol/Documents/ros_workstation/ArmBots/ArmBot_1/install/boilerplate/share/boilerplate/meshes/base_link.stl
[0.099s] -- Up-to-date: /home/kol/Documents/ros_workstation/ArmBots/ArmBot_1/install/boilerplate/share/boilerplate/meshes/link_5_1.stl
[0.099s] -- Up-to-date: /home/kol/Documents/ros_workstation/ArmBots/ArmBot_1/install/boilerplate/share/boilerplate/meshes/link_4_1.stl
[0.099s] -- Up-to-date: /home/kol/Documents/ros_workstation/ArmBots/ArmBot_1/install/boilerplate/share/boilerplate/meshes/link_2_1.stl
[0.100s] -- Up-to-date: /home/kol/Documents/ros_workstation/ArmBots/ArmBot_1/install/boilerplate/share/boilerplate/urdf
[0.100s] -- Up-to-date: /home/kol/Documents/ros_workstation/ArmBots/ArmBot_1/install/boilerplate/share/boilerplate/urdf/arm.urdf.xacro
[0.100s] -- Up-to-date: /home/kol/Documents/ros_workstation/ArmBots/ArmBot_1/install/boilerplate/share/boilerplate/urdf/ros2_control.xacro
[0.100s] -- Up-to-date: /home/kol/Documents/ros_workstation/ArmBots/ArmBot_1/install/boilerplate/share/ament_index/resource_index/package_run_dependencies/boilerplate
[0.100s] -- Up-to-date: /home/kol/Documents/ros_workstation/ArmBots/ArmBot_1/install/boilerplate/share/ament_index/resource_index/parent_prefix_path/boilerplate
[0.100s] -- Up-to-date: /home/kol/Documents/ros_workstation/ArmBots/ArmBot_1/install/boilerplate/share/boilerplate/environment/ament_prefix_path.sh
[0.101s] -- Up-to-date: /home/kol/Documents/ros_workstation/ArmBots/ArmBot_1/install/boilerplate/share/boilerplate/environment/ament_prefix_path.dsv
[0.101s] -- Up-to-date: /home/kol/Documents/ros_workstation/ArmBots/ArmBot_1/install/boilerplate/share/boilerplate/environment/path.sh
[0.101s] -- Up-to-date: /home/kol/Documents/ros_workstation/ArmBots/ArmBot_1/install/boilerplate/share/boilerplate/environment/path.dsv
[0.101s] -- Up-to-date: /home/kol/Documents/ros_workstation/ArmBots/ArmBot_1/install/boilerplate/share/boilerplate/local_setup.bash
[0.101s] -- Up-to-date: /home/kol/Documents/ros_workstation/ArmBots/ArmBot_1/install/boilerplate/share/boilerplate/local_setup.sh
[0.102s] -- Up-to-date: /home/kol/Documents/ros_workstation/ArmBots/ArmBot_1/install/boilerplate/share/boilerplate/local_setup.zsh
[0.102s] -- Up-to-date: /home/kol/Documents/ros_workstation/ArmBots/ArmBot_1/install/boilerplate/share/boilerplate/local_setup.dsv
[0.103s] -- Installing: /home/kol/Documents/ros_workstation/ArmBots/ArmBot_1/install/boilerplate/share/boilerplate/package.dsv
[0.103s] -- Up-to-date: /home/kol/Documents/ros_workstation/ArmBots/ArmBot_1/install/boilerplate/share/ament_index/resource_index/packages/boilerplate
[0.103s] -- Up-to-date: /home/kol/Documents/ros_workstation/ArmBots/ArmBot_1/install/boilerplate/share/boilerplate/cmake/boilerplateConfig.cmake
[0.103s] -- Up-to-date: /home/kol/Documents/ros_workstation/ArmBots/ArmBot_1/install/boilerplate/share/boilerplate/cmake/boilerplateConfig-version.cmake
[0.103s] -- Up-to-date: /home/kol/Documents/ros_workstation/ArmBots/ArmBot_1/install/boilerplate/share/boilerplate/package.xml
[0.103s] Invoked command in '/home/kol/Documents/ros_workstation/ArmBots/ArmBot_1/build/boilerplate' returned '0': CMAKE_PREFIX_PATH=/opt/ros/humble /usr/bin/cmake --install /home/kol/Documents/ros_workstation/ArmBots/ArmBot_1/build/boilerplate
