[35m[1mConsolidate compiler generated dependencies of target cust_sub[0m
[35m[1mConsolidate compiler generated dependencies of target cust_pub[0m
[ 75%] Built target cust_pub
[ 75%] [32mBuilding CXX object CMakeFiles/cust_sub.dir/src/sub.cpp.o[0m
[01m[K/home/kol/Documents/ros_workstation/ps6/src/ps6/src/sub.cpp:[m[K In member function ‘[01m[Kvoid Subscriber::topic_callback(const Pose&) const[m[K’:
[01m[K/home/kol/Documents/ros_workstation/ps6/src/ps6/src/sub.cpp:22:51:[m[K [01;35m[Kwarning: [m[Kunused parameter ‘[01m[Kpose[m[K’ [[01;35m[K]8;;https://gcc.gnu.org/onlinedocs/gcc/Warning-Options.html#index-Wunused-parameter-Wunused-parameter]8;;[m[K]
   22 |   void topic_callback([01;35m[Kconst turtlesim::msg::Pose &pose[m[K) const {
      |                       [01;35m[K~~~~~~~~~~~~~~~~~~~~~~~~~~~~^~~~[m[K
[100%] [32m[1mLinking CXX executable cust_sub[0m
[100%] Built target cust_sub
-- Install configuration: ""
-- Installing: /home/kol/Documents/ros_workstation/ps6/install/ps6/lib/ps6/cust_pub
-- Set runtime path of "/home/kol/Documents/ros_workstation/ps6/install/ps6/lib/ps6/cust_pub" to ""
-- Installing: /home/kol/Documents/ros_workstation/ps6/install/ps6/lib/ps6/cust_sub
-- Set runtime path of "/home/kol/Documents/ros_workstation/ps6/install/ps6/lib/ps6/cust_sub" to ""
-- Up-to-date: /home/kol/Documents/ros_workstation/ps6/install/ps6/share/ps6/launch
-- Up-to-date: /home/kol/Documents/ros_workstation/ps6/install/ps6/share/ps6/launch/pkg.launch.py
-- Up-to-date: /home/kol/Documents/ros_workstation/ps6/install/ps6/share/ament_index/resource_index/package_run_dependencies/ps6
-- Up-to-date: /home/kol/Documents/ros_workstation/ps6/install/ps6/share/ament_index/resource_index/parent_prefix_path/ps6
-- Up-to-date: /home/kol/Documents/ros_workstation/ps6/install/ps6/share/ps6/environment/ament_prefix_path.sh
-- Up-to-date: /home/kol/Documents/ros_workstation/ps6/install/ps6/share/ps6/environment/ament_prefix_path.dsv
-- Up-to-date: /home/kol/Documents/ros_workstation/ps6/install/ps6/share/ps6/environment/path.sh
-- Up-to-date: /home/kol/Documents/ros_workstation/ps6/install/ps6/share/ps6/environment/path.dsv
-- Up-to-date: /home/kol/Documents/ros_workstation/ps6/install/ps6/share/ps6/local_setup.bash
-- Up-to-date: /home/kol/Documents/ros_workstation/ps6/install/ps6/share/ps6/local_setup.sh
-- Up-to-date: /home/kol/Documents/ros_workstation/ps6/install/ps6/share/ps6/local_setup.zsh
-- Up-to-date: /home/kol/Documents/ros_workstation/ps6/install/ps6/share/ps6/local_setup.dsv
-- Installing: /home/kol/Documents/ros_workstation/ps6/install/ps6/share/ps6/package.dsv
-- Up-to-date: /home/kol/Documents/ros_workstation/ps6/install/ps6/share/ament_index/resource_index/packages/ps6
-- Up-to-date: /home/kol/Documents/ros_workstation/ps6/install/ps6/share/ps6/cmake/ps6Config.cmake
-- Up-to-date: /home/kol/Documents/ros_workstation/ps6/install/ps6/share/ps6/cmake/ps6Config-version.cmake
-- Up-to-date: /home/kol/Documents/ros_workstation/ps6/install/ps6/share/ps6/package.xml
