[0.026s] Invoking command in '/home/kol/Documents/ros_workstation/pub_sub_1/build/pub_sub_1': CMAKE_PREFIX_PATH=${CMAKE_PREFIX_PATH}:/opt/ros/humble /usr/bin/cmake /home/kol/Documents/ros_workstation/pub_sub_1/src/pub_sub_1 -DCMAKE_INSTALL_PREFIX=/home/kol/Documents/ros_workstation/pub_sub_1/install/pub_sub_1
[0.044s] -- Found ament_cmake: 1.3.11 (/opt/ros/humble/share/ament_cmake/cmake)
[0.188s] -- Override CMake install command with custom implementation using symlinks instead of copying resources
[0.195s] -- Found rclcpp: 16.0.12 (/opt/ros/humble/share/rclcpp/cmake)
[0.225s] -- Found rosidl_generator_c: 3.1.6 (/opt/ros/humble/share/rosidl_generator_c/cmake)
[0.229s] -- Found rosidl_adapter: 3.1.6 (/opt/ros/humble/share/rosidl_adapter/cmake)
[0.235s] -- Found rosidl_generator_cpp: 3.1.6 (/opt/ros/humble/share/rosidl_generator_cpp/cmake)
[0.248s] -- Using all available rosidl_typesupport_c: rosidl_typesupport_fastrtps_c;rosidl_typesupport_introspection_c
[0.261s] -- Using all available rosidl_typesupport_cpp: rosidl_typesupport_fastrtps_cpp;rosidl_typesupport_introspection_cpp
[0.292s] -- Found rmw_implementation_cmake: 6.1.2 (/opt/ros/humble/share/rmw_implementation_cmake/cmake)
[0.293s] -- Found rmw_fastrtps_cpp: 6.2.7 (/opt/ros/humble/share/rmw_fastrtps_cpp/cmake)
[0.418s] -- Using RMW implementation 'rmw_fastrtps_cpp' as default
[0.469s] -- Found geometry_msgs: 4.8.0 (/opt/ros/humble/share/geometry_msgs/cmake)
[0.482s] -- Found turtlesim: 1.4.2 (/opt/ros/humble/share/turtlesim/cmake)
[0.521s] -- Found ament_lint_auto: 0.12.12 (/opt/ros/humble/share/ament_lint_auto/cmake)
[0.596s] -- Added test 'cppcheck' to perform static code analysis on C / C++ code
[0.596s] -- Configured cppcheck include dirs: 
[0.596s] -- Configured cppcheck exclude dirs and/or files: 
[0.597s] -- Added test 'lint_cmake' to check CMake code style
[0.598s] -- Added test 'uncrustify' to check C / C++ code style
[0.598s] -- Configured uncrustify additional arguments: 
[0.598s] -- Added test 'xmllint' to check XML markup files
[0.599s] -- Configuring done
[0.614s] -- Generating done
[0.620s] -- Build files have been written to: /home/kol/Documents/ros_workstation/pub_sub_1/build/pub_sub_1
[0.629s] Invoked command in '/home/kol/Documents/ros_workstation/pub_sub_1/build/pub_sub_1' returned '0': CMAKE_PREFIX_PATH=${CMAKE_PREFIX_PATH}:/opt/ros/humble /usr/bin/cmake /home/kol/Documents/ros_workstation/pub_sub_1/src/pub_sub_1 -DCMAKE_INSTALL_PREFIX=/home/kol/Documents/ros_workstation/pub_sub_1/install/pub_sub_1
[0.631s] Invoking command in '/home/kol/Documents/ros_workstation/pub_sub_1/build/pub_sub_1': CMAKE_PREFIX_PATH=${CMAKE_PREFIX_PATH}:/opt/ros/humble /usr/bin/cmake --build /home/kol/Documents/ros_workstation/pub_sub_1/build/pub_sub_1 -- -j4 -l4
[0.736s] [35m[1mConsolidate compiler generated dependencies of target cust_pub[0m
[0.784s] [ 25%] [32mBuilding CXX object CMakeFiles/cust_sub.dir/src/sub.cpp.o[0m
[0.788s] [ 75%] Built target cust_pub
[0.814s] [01m[K/home/kol/Documents/ros_workstation/pub_sub_1/src/pub_sub_1/src/sub.cpp:[m[K In function ‘[01m[Kint main(int, char**)[m[K’:
[0.814s] [01m[K/home/kol/Documents/ros_workstation/pub_sub_1/src/pub_sub_1/src/sub.cpp:3:14:[m[K [01;35m[Kwarning: [m[Kunused parameter ‘[01m[Kargc[m[K’ [[01;35m[K]8;;https://gcc.gnu.org/onlinedocs/gcc/Warning-Options.html#index-Wunused-parameter-Wunused-parameter]8;;[m[K]
[0.814s]     3 | int main([01;35m[Kint argc[m[K, char *argv[]) { return 0; }
[0.814s]       |          [01;35m[K~~~~^~~~[m[K
[0.814s] [01m[K/home/kol/Documents/ros_workstation/pub_sub_1/src/pub_sub_1/src/sub.cpp:3:26:[m[K [01;35m[Kwarning: [m[Kunused parameter ‘[01m[Kargv[m[K’ [[01;35m[K]8;;https://gcc.gnu.org/onlinedocs/gcc/Warning-Options.html#index-Wunused-parameter-Wunused-parameter]8;;[m[K]
[0.815s]     3 | int main(int argc, [01;35m[Kchar *argv[][m[K) { return 0; }
[0.815s]       |                    [01;35m[K~~~~~~^~~~~~[m[K
[0.857s] [100%] [32m[1mLinking CXX executable cust_sub[0m
[0.992s] [100%] Built target cust_sub
[1.015s] Invoked command in '/home/kol/Documents/ros_workstation/pub_sub_1/build/pub_sub_1' returned '0': CMAKE_PREFIX_PATH=${CMAKE_PREFIX_PATH}:/opt/ros/humble /usr/bin/cmake --build /home/kol/Documents/ros_workstation/pub_sub_1/build/pub_sub_1 -- -j4 -l4
[1.034s] Invoking command in '/home/kol/Documents/ros_workstation/pub_sub_1/build/pub_sub_1': CMAKE_PREFIX_PATH=${CMAKE_PREFIX_PATH}:/opt/ros/humble /usr/bin/cmake --install /home/kol/Documents/ros_workstation/pub_sub_1/build/pub_sub_1
[1.049s] -- Install configuration: ""
[1.049s] -- Execute custom install script
[1.049s] -- Up-to-date symlink: /home/kol/Documents/ros_workstation/pub_sub_1/install/pub_sub_1/lib/pub_sub_1/cust_pub
[1.050s] -- Symlinking: /home/kol/Documents/ros_workstation/pub_sub_1/install/pub_sub_1/lib/pub_sub_1/cust_sub
[1.065s] -- Up-to-date symlink: /home/kol/Documents/ros_workstation/pub_sub_1/install/pub_sub_1/share/ament_index/resource_index/package_run_dependencies/pub_sub_1
[1.065s] -- Up-to-date symlink: /home/kol/Documents/ros_workstation/pub_sub_1/install/pub_sub_1/share/ament_index/resource_index/parent_prefix_path/pub_sub_1
[1.065s] -- Up-to-date symlink: /home/kol/Documents/ros_workstation/pub_sub_1/install/pub_sub_1/share/pub_sub_1/environment/ament_prefix_path.sh
[1.066s] -- Up-to-date symlink: /home/kol/Documents/ros_workstation/pub_sub_1/install/pub_sub_1/share/pub_sub_1/environment/ament_prefix_path.dsv
[1.066s] -- Up-to-date symlink: /home/kol/Documents/ros_workstation/pub_sub_1/install/pub_sub_1/share/pub_sub_1/environment/path.sh
[1.066s] -- Up-to-date symlink: /home/kol/Documents/ros_workstation/pub_sub_1/install/pub_sub_1/share/pub_sub_1/environment/path.dsv
[1.066s] -- Up-to-date symlink: /home/kol/Documents/ros_workstation/pub_sub_1/install/pub_sub_1/share/pub_sub_1/local_setup.bash
[1.067s] -- Up-to-date symlink: /home/kol/Documents/ros_workstation/pub_sub_1/install/pub_sub_1/share/pub_sub_1/local_setup.sh
[1.067s] -- Up-to-date symlink: /home/kol/Documents/ros_workstation/pub_sub_1/install/pub_sub_1/share/pub_sub_1/local_setup.zsh
[1.067s] -- Up-to-date symlink: /home/kol/Documents/ros_workstation/pub_sub_1/install/pub_sub_1/share/pub_sub_1/local_setup.dsv
[1.067s] -- Symlinking: /home/kol/Documents/ros_workstation/pub_sub_1/install/pub_sub_1/share/pub_sub_1/package.dsv
[1.082s] -- Up-to-date symlink: /home/kol/Documents/ros_workstation/pub_sub_1/install/pub_sub_1/share/ament_index/resource_index/packages/pub_sub_1
[1.082s] -- Up-to-date symlink: /home/kol/Documents/ros_workstation/pub_sub_1/install/pub_sub_1/share/pub_sub_1/cmake/pub_sub_1Config.cmake
[1.083s] -- Up-to-date symlink: /home/kol/Documents/ros_workstation/pub_sub_1/install/pub_sub_1/share/pub_sub_1/cmake/pub_sub_1Config-version.cmake
[1.083s] -- Up-to-date symlink: /home/kol/Documents/ros_workstation/pub_sub_1/install/pub_sub_1/share/pub_sub_1/package.xml
[1.086s] Invoked command in '/home/kol/Documents/ros_workstation/pub_sub_1/build/pub_sub_1' returned '0': CMAKE_PREFIX_PATH=${CMAKE_PREFIX_PATH}:/opt/ros/humble /usr/bin/cmake --install /home/kol/Documents/ros_workstation/pub_sub_1/build/pub_sub_1
