[1.632s] Invoking command in '/home/kol/Documents/ros_workstation/Control/six_dof_robot_ws/src/welder_description': PYTHONPATH=/home/kol/Documents/ros_workstation/Control/six_dof_robot_ws/build/welder_description/prefix_override:/usr/lib/python3/dist-packages/colcon_core/task/python/colcon_distutils_commands:/home/kol/Documents/ros_workstation/Control/six_dof_robot_ws/install/welder_description/lib/python3.10/site-packages:${PYTHONPATH} /usr/bin/python3 -W ignore:setup.py install is deprecated -W ignore:easy_install command is deprecated setup.py egg_info --egg-base ../../build/welder_description build --build-base /home/kol/Documents/ros_workstation/Control/six_dof_robot_ws/build/welder_description/build install --record /home/kol/Documents/ros_workstation/Control/six_dof_robot_ws/build/welder_description/install.log --single-version-externally-managed install_data
[2.100s] running egg_info
[2.101s] creating ../../build/welder_description/welder_description.egg-info
[2.102s] writing ../../build/welder_description/welder_description.egg-info/PKG-INFO
[2.102s] writing dependency_links to ../../build/welder_description/welder_description.egg-info/dependency_links.txt
[2.102s] writing entry points to ../../build/welder_description/welder_description.egg-info/entry_points.txt
[2.103s] writing requirements to ../../build/welder_description/welder_description.egg-info/requires.txt
[2.103s] writing top-level names to ../../build/welder_description/welder_description.egg-info/top_level.txt
[2.103s] writing manifest file '../../build/welder_description/welder_description.egg-info/SOURCES.txt'
[2.106s] reading manifest file '../../build/welder_description/welder_description.egg-info/SOURCES.txt'
[2.107s] writing manifest file '../../build/welder_description/welder_description.egg-info/SOURCES.txt'
[2.108s] running build
[2.108s] running build_py
[2.108s] creating /home/kol/Documents/ros_workstation/Control/six_dof_robot_ws/build/welder_description/build
[2.108s] creating /home/kol/Documents/ros_workstation/Control/six_dof_robot_ws/build/welder_description/build/lib
[2.108s] creating /home/kol/Documents/ros_workstation/Control/six_dof_robot_ws/build/welder_description/build/lib/welder_description
[2.109s] copying welder_description/__init__.py -> /home/kol/Documents/ros_workstation/Control/six_dof_robot_ws/build/welder_description/build/lib/welder_description
[2.109s] running install
[2.109s] running install_lib
[2.111s] creating /home/kol/Documents/ros_workstation/Control/six_dof_robot_ws/install/welder_description/lib/python3.10/site-packages/welder_description
[2.111s] copying /home/kol/Documents/ros_workstation/Control/six_dof_robot_ws/build/welder_description/build/lib/welder_description/__init__.py -> /home/kol/Documents/ros_workstation/Control/six_dof_robot_ws/install/welder_description/lib/python3.10/site-packages/welder_description
[2.112s] byte-compiling /home/kol/Documents/ros_workstation/Control/six_dof_robot_ws/install/welder_description/lib/python3.10/site-packages/welder_description/__init__.py to __init__.cpython-310.pyc
[2.112s] running install_data
[2.112s] creating /home/kol/Documents/ros_workstation/Control/six_dof_robot_ws/install/welder_description/share/ament_index
[2.112s] creating /home/kol/Documents/ros_workstation/Control/six_dof_robot_ws/install/welder_description/share/ament_index/resource_index
[2.112s] creating /home/kol/Documents/ros_workstation/Control/six_dof_robot_ws/install/welder_description/share/ament_index/resource_index/packages
[2.113s] copying resource/welder_description -> /home/kol/Documents/ros_workstation/Control/six_dof_robot_ws/install/welder_description/share/ament_index/resource_index/packages
[2.113s] copying package.xml -> /home/kol/Documents/ros_workstation/Control/six_dof_robot_ws/install/welder_description/share/welder_description
[2.113s] creating /home/kol/Documents/ros_workstation/Control/six_dof_robot_ws/install/welder_description/share/welder_description/launch
[2.113s] copying launch/display.launch.py -> /home/kol/Documents/ros_workstation/Control/six_dof_robot_ws/install/welder_description/share/welder_description/launch
[2.113s] copying launch/gazebo.launch.py -> /home/kol/Documents/ros_workstation/Control/six_dof_robot_ws/install/welder_description/share/welder_description/launch
[2.114s] creating /home/kol/Documents/ros_workstation/Control/six_dof_robot_ws/install/welder_description/share/welder_description/urdf
[2.114s] copying urdf/welder.trans -> /home/kol/Documents/ros_workstation/Control/six_dof_robot_ws/install/welder_description/share/welder_description/urdf
[2.114s] copying urdf/welder.xacro -> /home/kol/Documents/ros_workstation/Control/six_dof_robot_ws/install/welder_description/share/welder_description/urdf
[2.114s] copying urdf/ros2_control.xacro -> /home/kol/Documents/ros_workstation/Control/six_dof_robot_ws/install/welder_description/share/welder_description/urdf
[2.114s] copying urdf/welder.gazebo -> /home/kol/Documents/ros_workstation/Control/six_dof_robot_ws/install/welder_description/share/welder_description/urdf
[2.115s] creating /home/kol/Documents/ros_workstation/Control/six_dof_robot_ws/install/welder_description/share/welder_description/meshes
[2.115s] copying meshes/link_3_1.stl -> /home/kol/Documents/ros_workstation/Control/six_dof_robot_ws/install/welder_description/share/welder_description/meshes
[2.115s] copying meshes/link_1_1.stl -> /home/kol/Documents/ros_workstation/Control/six_dof_robot_ws/install/welder_description/share/welder_description/meshes
[2.115s] copying meshes/base_link.stl -> /home/kol/Documents/ros_workstation/Control/six_dof_robot_ws/install/welder_description/share/welder_description/meshes
[2.115s] copying meshes/link_5_1.stl -> /home/kol/Documents/ros_workstation/Control/six_dof_robot_ws/install/welder_description/share/welder_description/meshes
[2.116s] copying meshes/link_4_1.stl -> /home/kol/Documents/ros_workstation/Control/six_dof_robot_ws/install/welder_description/share/welder_description/meshes
[2.116s] copying meshes/link_6_1.stl -> /home/kol/Documents/ros_workstation/Control/six_dof_robot_ws/install/welder_description/share/welder_description/meshes
[2.116s] copying meshes/link_2_1.stl -> /home/kol/Documents/ros_workstation/Control/six_dof_robot_ws/install/welder_description/share/welder_description/meshes
[2.116s] creating /home/kol/Documents/ros_workstation/Control/six_dof_robot_ws/install/welder_description/share/welder_description/config
[2.116s] copying config/my_controllers.yaml -> /home/kol/Documents/ros_workstation/Control/six_dof_robot_ws/install/welder_description/share/welder_description/config
[2.116s] copying config/display.rviz -> /home/kol/Documents/ros_workstation/Control/six_dof_robot_ws/install/welder_description/share/welder_description/config
[2.117s] running install_egg_info
[2.120s] Copying ../../build/welder_description/welder_description.egg-info to /home/kol/Documents/ros_workstation/Control/six_dof_robot_ws/install/welder_description/lib/python3.10/site-packages/welder_description-0.0.0-py3.10.egg-info
[2.121s] running install_scripts
[2.156s] writing list of installed files to '/home/kol/Documents/ros_workstation/Control/six_dof_robot_ws/build/welder_description/install.log'
[2.204s] Invoked command in '/home/kol/Documents/ros_workstation/Control/six_dof_robot_ws/src/welder_description' returned '0': PYTHONPATH=/home/kol/Documents/ros_workstation/Control/six_dof_robot_ws/build/welder_description/prefix_override:/usr/lib/python3/dist-packages/colcon_core/task/python/colcon_distutils_commands:/home/kol/Documents/ros_workstation/Control/six_dof_robot_ws/install/welder_description/lib/python3.10/site-packages:${PYTHONPATH} /usr/bin/python3 -W ignore:setup.py install is deprecated -W ignore:easy_install command is deprecated setup.py egg_info --egg-base ../../build/welder_description build --build-base /home/kol/Documents/ros_workstation/Control/six_dof_robot_ws/build/welder_description/build install --record /home/kol/Documents/ros_workstation/Control/six_dof_robot_ws/build/welder_description/install.log --single-version-externally-managed install_data
