[0.103s] DEBUG:colcon:Command line arguments: ['/usr/bin/colcon', 'build', '--symlink-install']
[0.104s] DEBUG:colcon:Parsed command line arguments: Namespace(log_base=None, log_level=None, verb_name='build', build_base='build', install_base='install', merge_install=False, symlink_install=True, test_result_base=None, continue_on_error=False, executor='parallel', parallel_workers=4, event_handlers=None, ignore_user_meta=False, metas=['./colcon.meta'], base_paths=['.'], packages_ignore=None, packages_ignore_regex=None, paths=None, packages_up_to=None, packages_up_to_regex=None, packages_above=None, packages_above_and_dependencies=None, packages_above_depth=None, packages_select_by_dep=None, packages_skip_by_dep=None, packages_skip_up_to=None, packages_select_build_failed=False, packages_skip_build_finished=False, packages_select_test_failures=False, packages_skip_test_passed=False, packages_select=None, packages_skip=None, packages_select_regex=None, packages_skip_regex=None, packages_start=None, packages_end=None, allow_overriding=[], cmake_args=None, cmake_target=None, cmake_target_skip_unavailable=False, cmake_clean_cache=False, cmake_clean_first=False, cmake_force_configure=False, ament_cmake_args=None, catkin_cmake_args=None, catkin_skip_building_tests=False, mixin_files=None, mixin=None, verb_parser=<colcon_mixin.mixin.mixin_argument.MixinArgumentDecorator object at 0x7cc7b9172890>, verb_extension=<colcon_core.verb.build.BuildVerb object at 0x7cc7b9172290>, main=<bound method BuildVerb.main of <colcon_core.verb.build.BuildVerb object at 0x7cc7b9172290>>, mixin_verb=('build',))
[0.272s] Level 1:colcon.colcon_core.package_discovery:discover_packages(colcon_meta) check parameters
[0.272s] Level 1:colcon.colcon_core.package_discovery:discover_packages(recursive) check parameters
[0.272s] Level 1:colcon.colcon_core.package_discovery:discover_packages(ignore) check parameters
[0.272s] Level 1:colcon.colcon_core.package_discovery:discover_packages(path) check parameters
[0.272s] Level 1:colcon.colcon_core.package_discovery:discover_packages(colcon_meta) discover
[0.272s] Level 1:colcon.colcon_core.package_discovery:discover_packages(recursive) discover
[0.272s] INFO:colcon.colcon_core.package_discovery:Crawling recursively for packages in '/home/kol/Documents/ros_workstation/pub_sub_1'
[0.272s] Level 1:colcon.colcon_core.package_identification:_identify(.) by extensions ['ignore', 'ignore_ament_install']
[0.272s] Level 1:colcon.colcon_core.package_identification:_identify(.) by extension 'ignore'
[0.272s] Level 1:colcon.colcon_core.package_identification:_identify(.) by extension 'ignore_ament_install'
[0.273s] Level 1:colcon.colcon_core.package_identification:_identify(.) by extensions ['colcon_pkg']
[0.273s] Level 1:colcon.colcon_core.package_identification:_identify(.) by extension 'colcon_pkg'
[0.273s] Level 1:colcon.colcon_core.package_identification:_identify(.) by extensions ['colcon_meta']
[0.273s] Level 1:colcon.colcon_core.package_identification:_identify(.) by extension 'colcon_meta'
[0.273s] Level 1:colcon.colcon_core.package_identification:_identify(.) by extensions ['ros']
[0.273s] Level 1:colcon.colcon_core.package_identification:_identify(.) by extension 'ros'
[0.283s] Level 1:colcon.colcon_core.package_identification:_identify(.) by extensions ['cmake', 'python']
[0.283s] Level 1:colcon.colcon_core.package_identification:_identify(.) by extension 'cmake'
[0.283s] Level 1:colcon.colcon_core.package_identification:_identify(.) by extension 'python'
[0.283s] Level 1:colcon.colcon_core.package_identification:_identify(.) by extensions ['python_setup_py']
[0.283s] Level 1:colcon.colcon_core.package_identification:_identify(.) by extension 'python_setup_py'
[0.283s] Level 1:colcon.colcon_core.package_identification:_identify(build) by extensions ['ignore', 'ignore_ament_install']
[0.283s] Level 1:colcon.colcon_core.package_identification:_identify(build) by extension 'ignore'
[0.283s] Level 1:colcon.colcon_core.package_identification:_identify(build) ignored
[0.283s] Level 1:colcon.colcon_core.package_identification:_identify(install) by extensions ['ignore', 'ignore_ament_install']
[0.283s] Level 1:colcon.colcon_core.package_identification:_identify(install) by extension 'ignore'
[0.283s] Level 1:colcon.colcon_core.package_identification:_identify(install) ignored
[0.283s] Level 1:colcon.colcon_core.package_identification:_identify(log) by extensions ['ignore', 'ignore_ament_install']
[0.283s] Level 1:colcon.colcon_core.package_identification:_identify(log) by extension 'ignore'
[0.284s] Level 1:colcon.colcon_core.package_identification:_identify(log) ignored
[0.284s] Level 1:colcon.colcon_core.package_identification:_identify(src) by extensions ['ignore', 'ignore_ament_install']
[0.284s] Level 1:colcon.colcon_core.package_identification:_identify(src) by extension 'ignore'
[0.284s] Level 1:colcon.colcon_core.package_identification:_identify(src) by extension 'ignore_ament_install'
[0.284s] Level 1:colcon.colcon_core.package_identification:_identify(src) by extensions ['colcon_pkg']
[0.284s] Level 1:colcon.colcon_core.package_identification:_identify(src) by extension 'colcon_pkg'
[0.284s] Level 1:colcon.colcon_core.package_identification:_identify(src) by extensions ['colcon_meta']
[0.284s] Level 1:colcon.colcon_core.package_identification:_identify(src) by extension 'colcon_meta'
[0.284s] Level 1:colcon.colcon_core.package_identification:_identify(src) by extensions ['ros']
[0.284s] Level 1:colcon.colcon_core.package_identification:_identify(src) by extension 'ros'
[0.284s] Level 1:colcon.colcon_core.package_identification:_identify(src) by extensions ['cmake', 'python']
[0.284s] Level 1:colcon.colcon_core.package_identification:_identify(src) by extension 'cmake'
[0.284s] Level 1:colcon.colcon_core.package_identification:_identify(src) by extension 'python'
[0.284s] Level 1:colcon.colcon_core.package_identification:_identify(src) by extensions ['python_setup_py']
[0.284s] Level 1:colcon.colcon_core.package_identification:_identify(src) by extension 'python_setup_py'
[0.284s] Level 1:colcon.colcon_core.package_identification:_identify(src/pub_sub_1) by extensions ['ignore', 'ignore_ament_install']
[0.284s] Level 1:colcon.colcon_core.package_identification:_identify(src/pub_sub_1) by extension 'ignore'
[0.284s] Level 1:colcon.colcon_core.package_identification:_identify(src/pub_sub_1) by extension 'ignore_ament_install'
[0.284s] Level 1:colcon.colcon_core.package_identification:_identify(src/pub_sub_1) by extensions ['colcon_pkg']
[0.284s] Level 1:colcon.colcon_core.package_identification:_identify(src/pub_sub_1) by extension 'colcon_pkg'
[0.284s] Level 1:colcon.colcon_core.package_identification:_identify(src/pub_sub_1) by extensions ['colcon_meta']
[0.284s] Level 1:colcon.colcon_core.package_identification:_identify(src/pub_sub_1) by extension 'colcon_meta'
[0.285s] Level 1:colcon.colcon_core.package_identification:_identify(src/pub_sub_1) by extensions ['ros']
[0.285s] Level 1:colcon.colcon_core.package_identification:_identify(src/pub_sub_1) by extension 'ros'
[0.287s] DEBUG:colcon.colcon_core.package_identification:Package 'src/pub_sub_1' with type 'ros.ament_cmake' and name 'pub_sub_1'
[0.287s] Level 1:colcon.colcon_core.package_discovery:discover_packages(recursive) using defaults
[0.287s] Level 1:colcon.colcon_core.package_discovery:discover_packages(ignore) discover
[0.287s] Level 1:colcon.colcon_core.package_discovery:discover_packages(ignore) using defaults
[0.287s] Level 1:colcon.colcon_core.package_discovery:discover_packages(path) discover
[0.287s] Level 1:colcon.colcon_core.package_discovery:discover_packages(path) using defaults
[0.314s] Level 1:colcon.colcon_core.package_discovery:discover_packages(prefix_path) check parameters
[0.314s] Level 1:colcon.colcon_core.package_discovery:discover_packages(prefix_path) discover
[0.316s] DEBUG:colcon.colcon_installed_package_information.package_discovery:Found 1 installed packages in /home/kol/Documents/ros_workstation/pub_sub_1/install
[0.317s] DEBUG:colcon.colcon_installed_package_information.package_discovery:Found 363 installed packages in /opt/ros/humble
[0.319s] Level 1:colcon.colcon_core.package_discovery:discover_packages(prefix_path) using defaults
[0.364s] Level 5:colcon.colcon_core.verb:set package 'pub_sub_1' build argument 'cmake_args' from command line to 'None'
[0.364s] Level 5:colcon.colcon_core.verb:set package 'pub_sub_1' build argument 'cmake_target' from command line to 'None'
[0.364s] Level 5:colcon.colcon_core.verb:set package 'pub_sub_1' build argument 'cmake_target_skip_unavailable' from command line to 'False'
[0.364s] Level 5:colcon.colcon_core.verb:set package 'pub_sub_1' build argument 'cmake_clean_cache' from command line to 'False'
[0.364s] Level 5:colcon.colcon_core.verb:set package 'pub_sub_1' build argument 'cmake_clean_first' from command line to 'False'
[0.364s] Level 5:colcon.colcon_core.verb:set package 'pub_sub_1' build argument 'cmake_force_configure' from command line to 'False'
[0.364s] Level 5:colcon.colcon_core.verb:set package 'pub_sub_1' build argument 'ament_cmake_args' from command line to 'None'
[0.364s] Level 5:colcon.colcon_core.verb:set package 'pub_sub_1' build argument 'catkin_cmake_args' from command line to 'None'
[0.364s] Level 5:colcon.colcon_core.verb:set package 'pub_sub_1' build argument 'catkin_skip_building_tests' from command line to 'False'
[0.364s] DEBUG:colcon.colcon_core.verb:Building package 'pub_sub_1' with the following arguments: {'ament_cmake_args': None, 'build_base': '/home/kol/Documents/ros_workstation/pub_sub_1/build/pub_sub_1', 'catkin_cmake_args': None, 'catkin_skip_building_tests': False, 'cmake_args': None, 'cmake_clean_cache': False, 'cmake_clean_first': False, 'cmake_force_configure': False, 'cmake_target': None, 'cmake_target_skip_unavailable': False, 'install_base': '/home/kol/Documents/ros_workstation/pub_sub_1/install/pub_sub_1', 'merge_install': False, 'path': '/home/kol/Documents/ros_workstation/pub_sub_1/src/pub_sub_1', 'symlink_install': True, 'test_result_base': None}
[0.364s] INFO:colcon.colcon_core.executor:Executing jobs using 'parallel' executor
[0.365s] DEBUG:colcon.colcon_parallel_executor.executor.parallel:run_until_complete
[0.366s] INFO:colcon.colcon_ros.task.ament_cmake.build:Building ROS package in '/home/kol/Documents/ros_workstation/pub_sub_1/src/pub_sub_1' with build type 'ament_cmake'
[0.366s] INFO:colcon.colcon_cmake.task.cmake.build:Building CMake package in '/home/kol/Documents/ros_workstation/pub_sub_1/src/pub_sub_1'
[0.367s] INFO:colcon.colcon_core.plugin_system:Skipping extension 'colcon_core.shell.bat': Not used on non-Windows systems
[0.368s] INFO:colcon.colcon_core.shell:Skip shell extension 'powershell' for command environment: Not usable outside of PowerShell
[0.368s] DEBUG:colcon.colcon_core.shell:Skip shell extension 'dsv' for command environment
[0.381s] DEBUG:colcon.colcon_core.event_handler.log_command:Invoking command in '/home/kol/Documents/ros_workstation/pub_sub_1/build/pub_sub_1': CMAKE_PREFIX_PATH=${CMAKE_PREFIX_PATH}:/opt/ros/humble /usr/bin/cmake --build /home/kol/Documents/ros_workstation/pub_sub_1/build/pub_sub_1 -- -j4 -l4
[0.448s] DEBUG:colcon.colcon_core.event_handler.log_command:Invoked command in '/home/kol/Documents/ros_workstation/pub_sub_1/build/pub_sub_1' returned '0': CMAKE_PREFIX_PATH=${CMAKE_PREFIX_PATH}:/opt/ros/humble /usr/bin/cmake --build /home/kol/Documents/ros_workstation/pub_sub_1/build/pub_sub_1 -- -j4 -l4
[0.457s] DEBUG:colcon.colcon_core.event_handler.log_command:Invoking command in '/home/kol/Documents/ros_workstation/pub_sub_1/build/pub_sub_1': CMAKE_PREFIX_PATH=${CMAKE_PREFIX_PATH}:/opt/ros/humble /usr/bin/cmake --install /home/kol/Documents/ros_workstation/pub_sub_1/build/pub_sub_1
[0.476s] Level 1:colcon.colcon_core.environment:create_environment_scripts_only(pub_sub_1)
[0.477s] DEBUG:colcon.colcon_core.event_handler.log_command:Invoked command in '/home/kol/Documents/ros_workstation/pub_sub_1/build/pub_sub_1' returned '0': CMAKE_PREFIX_PATH=${CMAKE_PREFIX_PATH}:/opt/ros/humble /usr/bin/cmake --install /home/kol/Documents/ros_workstation/pub_sub_1/build/pub_sub_1
[0.479s] Level 1:colcon.colcon_core.environment:checking '/home/kol/Documents/ros_workstation/pub_sub_1/install/pub_sub_1' for CMake module files
[0.480s] Level 1:colcon.colcon_core.environment:checking '/home/kol/Documents/ros_workstation/pub_sub_1/install/pub_sub_1' for CMake config files
[0.480s] Level 1:colcon.colcon_core.shell:create_environment_hook('pub_sub_1', 'cmake_prefix_path')
[0.481s] INFO:colcon.colcon_core.shell:Creating environment hook '/home/kol/Documents/ros_workstation/pub_sub_1/install/pub_sub_1/share/pub_sub_1/hook/cmake_prefix_path.ps1'
[0.482s] INFO:colcon.colcon_core.shell:Creating environment descriptor '/home/kol/Documents/ros_workstation/pub_sub_1/install/pub_sub_1/share/pub_sub_1/hook/cmake_prefix_path.dsv'
[0.482s] INFO:colcon.colcon_core.shell:Creating environment hook '/home/kol/Documents/ros_workstation/pub_sub_1/install/pub_sub_1/share/pub_sub_1/hook/cmake_prefix_path.sh'
[0.483s] Level 1:colcon.colcon_core.environment:checking '/home/kol/Documents/ros_workstation/pub_sub_1/install/pub_sub_1/lib'
[0.483s] Level 1:colcon.colcon_core.environment:checking '/home/kol/Documents/ros_workstation/pub_sub_1/install/pub_sub_1/bin'
[0.483s] Level 1:colcon.colcon_core.environment:checking '/home/kol/Documents/ros_workstation/pub_sub_1/install/pub_sub_1/lib/pkgconfig/pub_sub_1.pc'
[0.483s] Level 1:colcon.colcon_core.environment:checking '/home/kol/Documents/ros_workstation/pub_sub_1/install/pub_sub_1/lib/python3.10/site-packages'
[0.484s] Level 1:colcon.colcon_core.environment:checking '/home/kol/Documents/ros_workstation/pub_sub_1/install/pub_sub_1/bin'
[0.484s] INFO:colcon.colcon_core.shell:Creating package script '/home/kol/Documents/ros_workstation/pub_sub_1/install/pub_sub_1/share/pub_sub_1/package.ps1'
[0.485s] INFO:colcon.colcon_core.shell:Creating package descriptor '/home/kol/Documents/ros_workstation/pub_sub_1/install/pub_sub_1/share/pub_sub_1/package.dsv'
[0.485s] INFO:colcon.colcon_core.shell:Creating package script '/home/kol/Documents/ros_workstation/pub_sub_1/install/pub_sub_1/share/pub_sub_1/package.sh'
[0.486s] INFO:colcon.colcon_core.shell:Creating package script '/home/kol/Documents/ros_workstation/pub_sub_1/install/pub_sub_1/share/pub_sub_1/package.bash'
[0.487s] INFO:colcon.colcon_core.shell:Creating package script '/home/kol/Documents/ros_workstation/pub_sub_1/install/pub_sub_1/share/pub_sub_1/package.zsh'
[0.487s] Level 1:colcon.colcon_core.environment:create_file_with_runtime_dependencies(/home/kol/Documents/ros_workstation/pub_sub_1/install/pub_sub_1/share/colcon-core/packages/pub_sub_1)
[0.488s] Level 1:colcon.colcon_core.environment:create_environment_scripts_only(pub_sub_1)
[0.488s] Level 1:colcon.colcon_core.environment:checking '/home/kol/Documents/ros_workstation/pub_sub_1/install/pub_sub_1' for CMake module files
[0.489s] Level 1:colcon.colcon_core.environment:checking '/home/kol/Documents/ros_workstation/pub_sub_1/install/pub_sub_1' for CMake config files
[0.489s] Level 1:colcon.colcon_core.shell:create_environment_hook('pub_sub_1', 'cmake_prefix_path')
[0.489s] INFO:colcon.colcon_core.shell:Creating environment hook '/home/kol/Documents/ros_workstation/pub_sub_1/install/pub_sub_1/share/pub_sub_1/hook/cmake_prefix_path.ps1'
[0.490s] INFO:colcon.colcon_core.shell:Creating environment descriptor '/home/kol/Documents/ros_workstation/pub_sub_1/install/pub_sub_1/share/pub_sub_1/hook/cmake_prefix_path.dsv'
[0.490s] INFO:colcon.colcon_core.shell:Creating environment hook '/home/kol/Documents/ros_workstation/pub_sub_1/install/pub_sub_1/share/pub_sub_1/hook/cmake_prefix_path.sh'
[0.491s] Level 1:colcon.colcon_core.environment:checking '/home/kol/Documents/ros_workstation/pub_sub_1/install/pub_sub_1/lib'
[0.491s] Level 1:colcon.colcon_core.environment:checking '/home/kol/Documents/ros_workstation/pub_sub_1/install/pub_sub_1/bin'
[0.491s] Level 1:colcon.colcon_core.environment:checking '/home/kol/Documents/ros_workstation/pub_sub_1/install/pub_sub_1/lib/pkgconfig/pub_sub_1.pc'
[0.491s] Level 1:colcon.colcon_core.environment:checking '/home/kol/Documents/ros_workstation/pub_sub_1/install/pub_sub_1/lib/python3.10/site-packages'
[0.491s] Level 1:colcon.colcon_core.environment:checking '/home/kol/Documents/ros_workstation/pub_sub_1/install/pub_sub_1/bin'
[0.491s] INFO:colcon.colcon_core.shell:Creating package script '/home/kol/Documents/ros_workstation/pub_sub_1/install/pub_sub_1/share/pub_sub_1/package.ps1'
[0.492s] INFO:colcon.colcon_core.shell:Creating package descriptor '/home/kol/Documents/ros_workstation/pub_sub_1/install/pub_sub_1/share/pub_sub_1/package.dsv'
[0.492s] INFO:colcon.colcon_core.shell:Creating package script '/home/kol/Documents/ros_workstation/pub_sub_1/install/pub_sub_1/share/pub_sub_1/package.sh'
[0.493s] INFO:colcon.colcon_core.shell:Creating package script '/home/kol/Documents/ros_workstation/pub_sub_1/install/pub_sub_1/share/pub_sub_1/package.bash'
[0.493s] INFO:colcon.colcon_core.shell:Creating package script '/home/kol/Documents/ros_workstation/pub_sub_1/install/pub_sub_1/share/pub_sub_1/package.zsh'
[0.494s] Level 1:colcon.colcon_core.environment:create_file_with_runtime_dependencies(/home/kol/Documents/ros_workstation/pub_sub_1/install/pub_sub_1/share/colcon-core/packages/pub_sub_1)
[0.494s] DEBUG:colcon.colcon_parallel_executor.executor.parallel:closing loop
[0.494s] DEBUG:colcon.colcon_parallel_executor.executor.parallel:loop closed
[0.494s] DEBUG:colcon.colcon_parallel_executor.executor.parallel:run_until_complete finished with '0'
[0.494s] DEBUG:colcon.colcon_core.event_reactor:joining thread
[0.501s] INFO:colcon.colcon_core.plugin_system:Skipping extension 'colcon_notification.desktop_notification.terminal_notifier': Not used on non-Darwin systems
[0.501s] INFO:colcon.colcon_core.plugin_system:Skipping extension 'colcon_notification.desktop_notification.win32': Not used on non-Windows systems
[0.501s] INFO:colcon.colcon_notification.desktop_notification:Sending desktop notification using 'notify2'
[0.511s] DEBUG:colcon.colcon_core.event_reactor:joined thread
[0.511s] INFO:colcon.colcon_core.shell:Creating prefix script '/home/kol/Documents/ros_workstation/pub_sub_1/install/local_setup.ps1'
[0.512s] INFO:colcon.colcon_core.shell:Creating prefix util module '/home/kol/Documents/ros_workstation/pub_sub_1/install/_local_setup_util_ps1.py'
[0.514s] INFO:colcon.colcon_core.shell:Creating prefix chain script '/home/kol/Documents/ros_workstation/pub_sub_1/install/setup.ps1'
[0.515s] INFO:colcon.colcon_core.shell:Creating prefix script '/home/kol/Documents/ros_workstation/pub_sub_1/install/local_setup.sh'
[0.516s] INFO:colcon.colcon_core.shell:Creating prefix util module '/home/kol/Documents/ros_workstation/pub_sub_1/install/_local_setup_util_sh.py'
[0.517s] INFO:colcon.colcon_core.shell:Creating prefix chain script '/home/kol/Documents/ros_workstation/pub_sub_1/install/setup.sh'
[0.519s] INFO:colcon.colcon_core.shell:Creating prefix script '/home/kol/Documents/ros_workstation/pub_sub_1/install/local_setup.bash'
[0.520s] INFO:colcon.colcon_core.shell:Creating prefix chain script '/home/kol/Documents/ros_workstation/pub_sub_1/install/setup.bash'
[0.521s] INFO:colcon.colcon_core.shell:Creating prefix script '/home/kol/Documents/ros_workstation/pub_sub_1/install/local_setup.zsh'
[0.522s] INFO:colcon.colcon_core.shell:Creating prefix chain script '/home/kol/Documents/ros_workstation/pub_sub_1/install/setup.zsh'
