[0.014s] Invoking command in '/home/kol/Documents/ros_workstation/Control/panda/build/dual_arm_panda_moveit_config': AMENT_PREFIX_PATH=/home/kol/Documents/ros_workstation/Control/panda/install/moveit_resources_panda_description:${AMENT_PREFIX_PATH} CMAKE_PREFIX_PATH=/home/kol/Documents/ros_workstation/Control/panda/install/moveit_resources_panda_description:/home/kol/Documents/test/moveit_resources/panda/install/moveit_resources_panda_moveit_config:/home/kol/Documents/test/moveit_resources/panda/install/dual_arm_panda_moveit_config:/home/kol/Documents/test/moveit_resources/panda/install/moveit_resources_panda_description:/opt/ros/humble /usr/bin/cmake /home/kol/Documents/ros_workstation/Control/panda/src/dual_arm_panda_moveit_config -DCMAKE_INSTALL_PREFIX=/home/kol/Documents/ros_workstation/Control/panda/install/dual_arm_panda_moveit_config
[0.087s] -- The C compiler identification is GNU 11.4.0
[0.150s] -- The CXX compiler identification is GNU 11.4.0
[0.160s] -- Detecting C compiler ABI info
[0.247s] -- Detecting C compiler ABI info - done
[0.257s] -- Check for working C compiler: /usr/bin/cc - skipped
[0.257s] -- Detecting C compile features
[0.257s] -- Detecting C compile features - done
[0.260s] -- Detecting CXX compiler ABI info
[0.350s] -- Detecting CXX compiler ABI info - done
[0.364s] -- Check for working CXX compiler: /usr/bin/c++ - skipped
[0.365s] -- Detecting CXX compile features
[0.366s] -- Detecting CXX compile features - done
[0.371s] -- Found ament_cmake: 1.3.11 (/opt/ros/humble/share/ament_cmake/cmake)
[0.547s] -- Found Python3: /usr/bin/python3 (found version "3.10.12") found components: Interpreter 
[0.759s] -- Configuring done
[0.761s] -- Generating done
[0.763s] -- Build files have been written to: /home/kol/Documents/ros_workstation/Control/panda/build/dual_arm_panda_moveit_config
[0.772s] Invoked command in '/home/kol/Documents/ros_workstation/Control/panda/build/dual_arm_panda_moveit_config' returned '0': AMENT_PREFIX_PATH=/home/kol/Documents/ros_workstation/Control/panda/install/moveit_resources_panda_description:${AMENT_PREFIX_PATH} CMAKE_PREFIX_PATH=/home/kol/Documents/ros_workstation/Control/panda/install/moveit_resources_panda_description:/home/kol/Documents/test/moveit_resources/panda/install/moveit_resources_panda_moveit_config:/home/kol/Documents/test/moveit_resources/panda/install/dual_arm_panda_moveit_config:/home/kol/Documents/test/moveit_resources/panda/install/moveit_resources_panda_description:/opt/ros/humble /usr/bin/cmake /home/kol/Documents/ros_workstation/Control/panda/src/dual_arm_panda_moveit_config -DCMAKE_INSTALL_PREFIX=/home/kol/Documents/ros_workstation/Control/panda/install/dual_arm_panda_moveit_config
[0.775s] Invoking command in '/home/kol/Documents/ros_workstation/Control/panda/build/dual_arm_panda_moveit_config': AMENT_PREFIX_PATH=/home/kol/Documents/ros_workstation/Control/panda/install/moveit_resources_panda_description:${AMENT_PREFIX_PATH} CMAKE_PREFIX_PATH=/home/kol/Documents/ros_workstation/Control/panda/install/moveit_resources_panda_description:/home/kol/Documents/test/moveit_resources/panda/install/moveit_resources_panda_moveit_config:/home/kol/Documents/test/moveit_resources/panda/install/dual_arm_panda_moveit_config:/home/kol/Documents/test/moveit_resources/panda/install/moveit_resources_panda_description:/opt/ros/humble /usr/bin/cmake --build /home/kol/Documents/ros_workstation/Control/panda/build/dual_arm_panda_moveit_config -- -j4 -l4
[0.815s] Invoked command in '/home/kol/Documents/ros_workstation/Control/panda/build/dual_arm_panda_moveit_config' returned '0': AMENT_PREFIX_PATH=/home/kol/Documents/ros_workstation/Control/panda/install/moveit_resources_panda_description:${AMENT_PREFIX_PATH} CMAKE_PREFIX_PATH=/home/kol/Documents/ros_workstation/Control/panda/install/moveit_resources_panda_description:/home/kol/Documents/test/moveit_resources/panda/install/moveit_resources_panda_moveit_config:/home/kol/Documents/test/moveit_resources/panda/install/dual_arm_panda_moveit_config:/home/kol/Documents/test/moveit_resources/panda/install/moveit_resources_panda_description:/opt/ros/humble /usr/bin/cmake --build /home/kol/Documents/ros_workstation/Control/panda/build/dual_arm_panda_moveit_config -- -j4 -l4
[0.817s] Invoking command in '/home/kol/Documents/ros_workstation/Control/panda/build/dual_arm_panda_moveit_config': AMENT_PREFIX_PATH=/home/kol/Documents/ros_workstation/Control/panda/install/moveit_resources_panda_description:${AMENT_PREFIX_PATH} CMAKE_PREFIX_PATH=/home/kol/Documents/ros_workstation/Control/panda/install/moveit_resources_panda_description:/home/kol/Documents/test/moveit_resources/panda/install/moveit_resources_panda_moveit_config:/home/kol/Documents/test/moveit_resources/panda/install/dual_arm_panda_moveit_config:/home/kol/Documents/test/moveit_resources/panda/install/moveit_resources_panda_description:/opt/ros/humble /usr/bin/cmake --install /home/kol/Documents/ros_workstation/Control/panda/build/dual_arm_panda_moveit_config
[0.827s] -- Install configuration: ""
[0.827s] -- Installing: /home/kol/Documents/ros_workstation/Control/panda/install/dual_arm_panda_moveit_config/share/ament_index/resource_index/package_run_dependencies/dual_arm_panda_moveit_config
[0.827s] -- Installing: /home/kol/Documents/ros_workstation/Control/panda/install/dual_arm_panda_moveit_config/share/ament_index/resource_index/parent_prefix_path/dual_arm_panda_moveit_config
[0.828s] -- Installing: /home/kol/Documents/ros_workstation/Control/panda/install/dual_arm_panda_moveit_config/share/dual_arm_panda_moveit_config/environment/ament_prefix_path.sh
[0.829s] -- Installing: /home/kol/Documents/ros_workstation/Control/panda/install/dual_arm_panda_moveit_config/share/dual_arm_panda_moveit_config/environment/ament_prefix_path.dsv
[0.829s] -- Installing: /home/kol/Documents/ros_workstation/Control/panda/install/dual_arm_panda_moveit_config/share/dual_arm_panda_moveit_config/environment/path.sh
[0.830s] -- Installing: /home/kol/Documents/ros_workstation/Control/panda/install/dual_arm_panda_moveit_config/share/dual_arm_panda_moveit_config/environment/path.dsv
[0.830s] -- Installing: /home/kol/Documents/ros_workstation/Control/panda/install/dual_arm_panda_moveit_config/share/dual_arm_panda_moveit_config/local_setup.bash
[0.830s] -- Installing: /home/kol/Documents/ros_workstation/Control/panda/install/dual_arm_panda_moveit_config/share/dual_arm_panda_moveit_config/local_setup.sh
[0.831s] -- Installing: /home/kol/Documents/ros_workstation/Control/panda/install/dual_arm_panda_moveit_config/share/dual_arm_panda_moveit_config/local_setup.zsh
[0.831s] -- Installing: /home/kol/Documents/ros_workstation/Control/panda/install/dual_arm_panda_moveit_config/share/dual_arm_panda_moveit_config/local_setup.dsv
[0.831s] -- Installing: /home/kol/Documents/ros_workstation/Control/panda/install/dual_arm_panda_moveit_config/share/dual_arm_panda_moveit_config/package.dsv
[0.831s] -- Installing: /home/kol/Documents/ros_workstation/Control/panda/install/dual_arm_panda_moveit_config/share/ament_index/resource_index/packages/dual_arm_panda_moveit_config
[0.831s] -- Installing: /home/kol/Documents/ros_workstation/Control/panda/install/dual_arm_panda_moveit_config/share/dual_arm_panda_moveit_config/cmake/dual_arm_panda_moveit_configConfig.cmake
[0.832s] -- Installing: /home/kol/Documents/ros_workstation/Control/panda/install/dual_arm_panda_moveit_config/share/dual_arm_panda_moveit_config/cmake/dual_arm_panda_moveit_configConfig-version.cmake
[0.832s] -- Installing: /home/kol/Documents/ros_workstation/Control/panda/install/dual_arm_panda_moveit_config/share/dual_arm_panda_moveit_config/package.xml
[0.832s] -- Installing: /home/kol/Documents/ros_workstation/Control/panda/install/dual_arm_panda_moveit_config/share/dual_arm_panda_moveit_config/launch
[0.832s] -- Installing: /home/kol/Documents/ros_workstation/Control/panda/install/dual_arm_panda_moveit_config/share/dual_arm_panda_moveit_config/launch/moveit.rviz
[0.833s] -- Installing: /home/kol/Documents/ros_workstation/Control/panda/install/dual_arm_panda_moveit_config/share/dual_arm_panda_moveit_config/launch/demo.launch.py
[0.833s] -- Installing: /home/kol/Documents/ros_workstation/Control/panda/install/dual_arm_panda_moveit_config/share/dual_arm_panda_moveit_config/config
[0.833s] -- Installing: /home/kol/Documents/ros_workstation/Control/panda/install/dual_arm_panda_moveit_config/share/dual_arm_panda_moveit_config/config/moveit_controllers.yaml
[0.834s] -- Installing: /home/kol/Documents/ros_workstation/Control/panda/install/dual_arm_panda_moveit_config/share/dual_arm_panda_moveit_config/config/ros2_controllers.yaml
[0.834s] -- Installing: /home/kol/Documents/ros_workstation/Control/panda/install/dual_arm_panda_moveit_config/share/dual_arm_panda_moveit_config/config/joint_limits.yaml
[0.834s] -- Installing: /home/kol/Documents/ros_workstation/Control/panda/install/dual_arm_panda_moveit_config/share/dual_arm_panda_moveit_config/config/left_initial_positions.yaml
[0.835s] -- Installing: /home/kol/Documents/ros_workstation/Control/panda/install/dual_arm_panda_moveit_config/share/dual_arm_panda_moveit_config/config/panda.srdf
[0.835s] -- Installing: /home/kol/Documents/ros_workstation/Control/panda/install/dual_arm_panda_moveit_config/share/dual_arm_panda_moveit_config/config/panda_arm_macro.xacro
[0.835s] -- Installing: /home/kol/Documents/ros_workstation/Control/panda/install/dual_arm_panda_moveit_config/share/dual_arm_panda_moveit_config/config/ompl_planning.yaml
[0.835s] -- Installing: /home/kol/Documents/ros_workstation/Control/panda/install/dual_arm_panda_moveit_config/share/dual_arm_panda_moveit_config/config/hand.xacro
[0.835s] -- Installing: /home/kol/Documents/ros_workstation/Control/panda/install/dual_arm_panda_moveit_config/share/dual_arm_panda_moveit_config/config/kinematics.yaml
[0.836s] -- Installing: /home/kol/Documents/ros_workstation/Control/panda/install/dual_arm_panda_moveit_config/share/dual_arm_panda_moveit_config/config/panda.urdf.xacro
[0.836s] -- Installing: /home/kol/Documents/ros_workstation/Control/panda/install/dual_arm_panda_moveit_config/share/dual_arm_panda_moveit_config/config/panda.ros2_control.xacro
[0.836s] -- Installing: /home/kol/Documents/ros_workstation/Control/panda/install/dual_arm_panda_moveit_config/share/dual_arm_panda_moveit_config/config/right_initial_positions.yaml
[0.836s] -- Installing: /home/kol/Documents/ros_workstation/Control/panda/install/dual_arm_panda_moveit_config/share/dual_arm_panda_moveit_config/config/pilz_cartesian_limits.yaml
[0.836s] -- Installing: /home/kol/Documents/ros_workstation/Control/panda/install/dual_arm_panda_moveit_config/share/dual_arm_panda_moveit_config/config/panda_hand.ros2_control.xacro
[0.855s] Invoked command in '/home/kol/Documents/ros_workstation/Control/panda/build/dual_arm_panda_moveit_config' returned '0': AMENT_PREFIX_PATH=/home/kol/Documents/ros_workstation/Control/panda/install/moveit_resources_panda_description:${AMENT_PREFIX_PATH} CMAKE_PREFIX_PATH=/home/kol/Documents/ros_workstation/Control/panda/install/moveit_resources_panda_description:/home/kol/Documents/test/moveit_resources/panda/install/moveit_resources_panda_moveit_config:/home/kol/Documents/test/moveit_resources/panda/install/dual_arm_panda_moveit_config:/home/kol/Documents/test/moveit_resources/panda/install/moveit_resources_panda_description:/opt/ros/humble /usr/bin/cmake --install /home/kol/Documents/ros_workstation/Control/panda/build/dual_arm_panda_moveit_config
