[35m[1mConsolidate compiler generated dependencies of target cust_sub[0m
[35m[1mConsolidate compiler generated dependencies of target cust_pub[0m
[ 25%] [32mBuilding CXX object CMakeFiles/cust_sub.dir/src/sub.cpp.o[0m
[ 50%] [32mBuilding CXX object CMakeFiles/cust_pub.dir/src/pub.cpp.o[0m
[01m[K/home/kol/Documents/ros_workstation/ps6/src/ps6/src/sub.cpp:[m[K In member function ‘[01m[Kvoid Subscriber::topic_callback(const Pose&) const[m[K’:
[01m[K/home/kol/Documents/ros_workstation/ps6/src/ps6/src/sub.cpp:22:51:[m[K [01;35m[Kwarning: [m[Kunused parameter ‘[01m[Kpose[m[K’ [[01;35m[K]8;;https://gcc.gnu.org/onlinedocs/gcc/Warning-Options.html#index-Wunused-parameter-Wunused-parameter]8;;[m[K]
   22 |   void topic_callback([01;35m[Kconst turtlesim::msg::Pose &pose[m[K) const {
      |                       [01;35m[K~~~~~~~~~~~~~~~~~~~~~~~~~~~~^~~~[m[K
[01m[K/home/kol/Documents/ros_workstation/ps6/src/ps6/src/sub.cpp:[m[K In function ‘[01m[Kint main(int, char**)[m[K’:
[01m[K/home/kol/Documents/ros_workstation/ps6/src/ps6/src/sub.cpp:30:15:[m[K [01;31m[Kerror: [m[Kno matching function for call to ‘[01m[Kspin(std::shared_ptr<Subscriber>&)[m[K’
   30 |   [01;31m[Krclcpp::spin(sub)[m[K;
      |   [01;31m[K~~~~~~~~~~~~^~~~~[m[K
In file included from [01m[K/home/kol/Documents/ros_workstation/ps6/src/ps6/src/sub.cpp:3[m[K:
[01m[K/opt/ros/humble/include/rclcpp/rclcpp/executors.hpp:45:1:[m[K [01;36m[Knote: [m[Kcandidate: ‘[01m[Kvoid rclcpp::spin(rclcpp::node_interfaces::NodeBaseInterface::SharedPtr)[m[K’
   45 | [01;36m[Kspin[m[K(rclcpp::node_interfaces::NodeBaseInterface::SharedPtr node_ptr);
      | [01;36m[K^~~~[m[K
[01m[K/opt/ros/humble/include/rclcpp/rclcpp/executors.hpp:45:60:[m[K [01;36m[Knote: [m[K  no known conversion for argument 1 from ‘[01m[Kshared_ptr<[01;32m[KSubscriber[m[K>[m[K’ to ‘[01m[Kshared_ptr<[01;32m[Krclcpp::node_interfaces::NodeBaseInterface[m[K>[m[K’
   45 | spin([01;36m[Krclcpp::node_interfaces::NodeBaseInterface::SharedPtr node_ptr[m[K);
      |      [01;36m[K~~~~~~~~~~~~~~~~~~~~~~~~~~~~~~~~~~~~~~~~~~~~~~~~~~~~~~^~~~~~~~[m[K
[01m[K/opt/ros/humble/include/rclcpp/rclcpp/executors.hpp:49:1:[m[K [01;36m[Knote: [m[Kcandidate: ‘[01m[Kvoid rclcpp::spin(rclcpp::Node::SharedPtr)[m[K’
   49 | [01;36m[Kspin[m[K(rclcpp::Node::SharedPtr node_ptr);
      | [01;36m[K^~~~[m[K
[01m[K/opt/ros/humble/include/rclcpp/rclcpp/executors.hpp:49:30:[m[K [01;36m[Knote: [m[K  no known conversion for argument 1 from ‘[01m[Kshared_ptr<[01;32m[KSubscriber[m[K>[m[K’ to ‘[01m[Kshared_ptr<[01;32m[Krclcpp::Node[m[K>[m[K’
   49 | spin([01;36m[Krclcpp::Node::SharedPtr node_ptr[m[K);
      |      [01;36m[K~~~~~~~~~~~~~~~~~~~~~~~~^~~~~~~~[m[K
[ 75%] [32m[1mLinking CXX executable cust_pub[0m
[ 75%] Built target cust_pub
gmake[2]: *** [CMakeFiles/cust_sub.dir/build.make:76: CMakeFiles/cust_sub.dir/src/sub.cpp.o] Error 1
gmake[1]: *** [CMakeFiles/Makefile2:165: CMakeFiles/cust_sub.dir/all] Error 2
gmake: *** [Makefile:146: all] Error 2
