[0.125s] DEBUG:colcon:Command line arguments: ['/usr/bin/colcon', 'build']
[0.126s] DEBUG:colcon:Parsed command line arguments: Namespace(log_base=None, log_level=None, verb_name='build', build_base='build', install_base='install', merge_install=False, symlink_install=False, test_result_base=None, continue_on_error=False, executor='parallel', parallel_workers=4, event_handlers=None, ignore_user_meta=False, metas=['./colcon.meta'], base_paths=['.'], packages_ignore=None, packages_ignore_regex=None, paths=None, packages_up_to=None, packages_up_to_regex=None, packages_above=None, packages_above_and_dependencies=None, packages_above_depth=None, packages_select_by_dep=None, packages_skip_by_dep=None, packages_skip_up_to=None, packages_select_build_failed=False, packages_skip_build_finished=False, packages_select_test_failures=False, packages_skip_test_passed=False, packages_select=None, packages_skip=None, packages_select_regex=None, packages_skip_regex=None, packages_start=None, packages_end=None, allow_overriding=[], cmake_args=None, cmake_target=None, cmake_target_skip_unavailable=False, cmake_clean_cache=False, cmake_clean_first=False, cmake_force_configure=False, ament_cmake_args=None, catkin_cmake_args=None, catkin_skip_building_tests=False, mixin_files=None, mixin=None, verb_parser=<colcon_mixin.mixin.mixin_argument.MixinArgumentDecorator object at 0x7e28941923e0>, verb_extension=<colcon_core.verb.build.BuildVerb object at 0x7e2894191de0>, main=<bound method BuildVerb.main of <colcon_core.verb.build.BuildVerb object at 0x7e2894191de0>>, mixin_verb=('build',))
[0.453s] Level 1:colcon.colcon_core.package_discovery:discover_packages(colcon_meta) check parameters
[0.453s] Level 1:colcon.colcon_core.package_discovery:discover_packages(recursive) check parameters
[0.453s] Level 1:colcon.colcon_core.package_discovery:discover_packages(ignore) check parameters
[0.454s] Level 1:colcon.colcon_core.package_discovery:discover_packages(path) check parameters
[0.454s] Level 1:colcon.colcon_core.package_discovery:discover_packages(colcon_meta) discover
[0.454s] Level 1:colcon.colcon_core.package_discovery:discover_packages(recursive) discover
[0.454s] INFO:colcon.colcon_core.package_discovery:Crawling recursively for packages in '/home/kol/Documents/ros_workstation/Control/six_dof_robot_ws'
[0.454s] Level 1:colcon.colcon_core.package_identification:_identify(.) by extensions ['ignore', 'ignore_ament_install']
[0.454s] Level 1:colcon.colcon_core.package_identification:_identify(.) by extension 'ignore'
[0.454s] Level 1:colcon.colcon_core.package_identification:_identify(.) by extension 'ignore_ament_install'
[0.454s] Level 1:colcon.colcon_core.package_identification:_identify(.) by extensions ['colcon_pkg']
[0.454s] Level 1:colcon.colcon_core.package_identification:_identify(.) by extension 'colcon_pkg'
[0.454s] Level 1:colcon.colcon_core.package_identification:_identify(.) by extensions ['colcon_meta']
[0.454s] Level 1:colcon.colcon_core.package_identification:_identify(.) by extension 'colcon_meta'
[0.454s] Level 1:colcon.colcon_core.package_identification:_identify(.) by extensions ['ros']
[0.454s] Level 1:colcon.colcon_core.package_identification:_identify(.) by extension 'ros'
[0.468s] Level 1:colcon.colcon_core.package_identification:_identify(.) by extensions ['cmake', 'python']
[0.469s] Level 1:colcon.colcon_core.package_identification:_identify(.) by extension 'cmake'
[0.469s] Level 1:colcon.colcon_core.package_identification:_identify(.) by extension 'python'
[0.469s] Level 1:colcon.colcon_core.package_identification:_identify(.) by extensions ['python_setup_py']
[0.469s] Level 1:colcon.colcon_core.package_identification:_identify(.) by extension 'python_setup_py'
[0.469s] Level 1:colcon.colcon_core.package_identification:_identify(build) by extensions ['ignore', 'ignore_ament_install']
[0.469s] Level 1:colcon.colcon_core.package_identification:_identify(build) by extension 'ignore'
[0.469s] Level 1:colcon.colcon_core.package_identification:_identify(build) ignored
[0.469s] Level 1:colcon.colcon_core.package_identification:_identify(install) by extensions ['ignore', 'ignore_ament_install']
[0.469s] Level 1:colcon.colcon_core.package_identification:_identify(install) by extension 'ignore'
[0.469s] Level 1:colcon.colcon_core.package_identification:_identify(install) ignored
[0.470s] Level 1:colcon.colcon_core.package_identification:_identify(log) by extensions ['ignore', 'ignore_ament_install']
[0.470s] Level 1:colcon.colcon_core.package_identification:_identify(log) by extension 'ignore'
[0.470s] Level 1:colcon.colcon_core.package_identification:_identify(log) ignored
[0.470s] Level 1:colcon.colcon_core.package_identification:_identify(src) by extensions ['ignore', 'ignore_ament_install']
[0.470s] Level 1:colcon.colcon_core.package_identification:_identify(src) by extension 'ignore'
[0.470s] Level 1:colcon.colcon_core.package_identification:_identify(src) by extension 'ignore_ament_install'
[0.470s] Level 1:colcon.colcon_core.package_identification:_identify(src) by extensions ['colcon_pkg']
[0.470s] Level 1:colcon.colcon_core.package_identification:_identify(src) by extension 'colcon_pkg'
[0.471s] Level 1:colcon.colcon_core.package_identification:_identify(src) by extensions ['colcon_meta']
[0.471s] Level 1:colcon.colcon_core.package_identification:_identify(src) by extension 'colcon_meta'
[0.471s] Level 1:colcon.colcon_core.package_identification:_identify(src) by extensions ['ros']
[0.471s] Level 1:colcon.colcon_core.package_identification:_identify(src) by extension 'ros'
[0.471s] Level 1:colcon.colcon_core.package_identification:_identify(src) by extensions ['cmake', 'python']
[0.471s] Level 1:colcon.colcon_core.package_identification:_identify(src) by extension 'cmake'
[0.471s] Level 1:colcon.colcon_core.package_identification:_identify(src) by extension 'python'
[0.471s] Level 1:colcon.colcon_core.package_identification:_identify(src) by extensions ['python_setup_py']
[0.471s] Level 1:colcon.colcon_core.package_identification:_identify(src) by extension 'python_setup_py'
[0.471s] Level 1:colcon.colcon_core.package_identification:_identify(src/moveit_control) by extensions ['ignore', 'ignore_ament_install']
[0.472s] Level 1:colcon.colcon_core.package_identification:_identify(src/moveit_control) by extension 'ignore'
[0.472s] Level 1:colcon.colcon_core.package_identification:_identify(src/moveit_control) by extension 'ignore_ament_install'
[0.472s] Level 1:colcon.colcon_core.package_identification:_identify(src/moveit_control) by extensions ['colcon_pkg']
[0.472s] Level 1:colcon.colcon_core.package_identification:_identify(src/moveit_control) by extension 'colcon_pkg'
[0.472s] Level 1:colcon.colcon_core.package_identification:_identify(src/moveit_control) by extensions ['colcon_meta']
[0.472s] Level 1:colcon.colcon_core.package_identification:_identify(src/moveit_control) by extension 'colcon_meta'
[0.472s] Level 1:colcon.colcon_core.package_identification:_identify(src/moveit_control) by extensions ['ros']
[0.472s] Level 1:colcon.colcon_core.package_identification:_identify(src/moveit_control) by extension 'ros'
[0.477s] DEBUG:colcon.colcon_core.package_identification:Package 'src/moveit_control' with type 'ros.ament_cmake' and name 'moveit_control'
[0.478s] Level 1:colcon.colcon_core.package_identification:_identify(src/welder_control) by extensions ['ignore', 'ignore_ament_install']
[0.478s] Level 1:colcon.colcon_core.package_identification:_identify(src/welder_control) by extension 'ignore'
[0.478s] Level 1:colcon.colcon_core.package_identification:_identify(src/welder_control) by extension 'ignore_ament_install'
[0.478s] Level 1:colcon.colcon_core.package_identification:_identify(src/welder_control) by extensions ['colcon_pkg']
[0.478s] Level 1:colcon.colcon_core.package_identification:_identify(src/welder_control) by extension 'colcon_pkg'
[0.478s] Level 1:colcon.colcon_core.package_identification:_identify(src/welder_control) by extensions ['colcon_meta']
[0.478s] Level 1:colcon.colcon_core.package_identification:_identify(src/welder_control) by extension 'colcon_meta'
[0.478s] Level 1:colcon.colcon_core.package_identification:_identify(src/welder_control) by extensions ['ros']
[0.479s] Level 1:colcon.colcon_core.package_identification:_identify(src/welder_control) by extension 'ros'
[0.480s] DEBUG:colcon.colcon_core.package_identification:Package 'src/welder_control' with type 'ros.ament_python' and name 'welder_control'
[0.480s] Level 1:colcon.colcon_core.package_identification:_identify(src/welder_description) by extensions ['ignore', 'ignore_ament_install']
[0.480s] Level 1:colcon.colcon_core.package_identification:_identify(src/welder_description) by extension 'ignore'
[0.480s] Level 1:colcon.colcon_core.package_identification:_identify(src/welder_description) by extension 'ignore_ament_install'
[0.480s] Level 1:colcon.colcon_core.package_identification:_identify(src/welder_description) by extensions ['colcon_pkg']
[0.480s] Level 1:colcon.colcon_core.package_identification:_identify(src/welder_description) by extension 'colcon_pkg'
[0.481s] Level 1:colcon.colcon_core.package_identification:_identify(src/welder_description) by extensions ['colcon_meta']
[0.481s] Level 1:colcon.colcon_core.package_identification:_identify(src/welder_description) by extension 'colcon_meta'
[0.481s] Level 1:colcon.colcon_core.package_identification:_identify(src/welder_description) by extensions ['ros']
[0.481s] Level 1:colcon.colcon_core.package_identification:_identify(src/welder_description) by extension 'ros'
[0.483s] DEBUG:colcon.colcon_core.package_identification:Package 'src/welder_description' with type 'ros.ament_python' and name 'welder_description'
[0.483s] Level 1:colcon.colcon_core.package_identification:_identify(src/welder_moveit_config) by extensions ['ignore', 'ignore_ament_install']
[0.483s] Level 1:colcon.colcon_core.package_identification:_identify(src/welder_moveit_config) by extension 'ignore'
[0.484s] Level 1:colcon.colcon_core.package_identification:_identify(src/welder_moveit_config) by extension 'ignore_ament_install'
[0.484s] Level 1:colcon.colcon_core.package_identification:_identify(src/welder_moveit_config) by extensions ['colcon_pkg']
[0.484s] Level 1:colcon.colcon_core.package_identification:_identify(src/welder_moveit_config) by extension 'colcon_pkg'
[0.484s] Level 1:colcon.colcon_core.package_identification:_identify(src/welder_moveit_config) by extensions ['colcon_meta']
[0.484s] Level 1:colcon.colcon_core.package_identification:_identify(src/welder_moveit_config) by extension 'colcon_meta'
[0.484s] Level 1:colcon.colcon_core.package_identification:_identify(src/welder_moveit_config) by extensions ['ros']
[0.484s] Level 1:colcon.colcon_core.package_identification:_identify(src/welder_moveit_config) by extension 'ros'
[0.486s] DEBUG:colcon.colcon_core.package_identification:Package 'src/welder_moveit_config' with type 'ros.ament_cmake' and name 'welder_moveit_config'
[0.486s] Level 1:colcon.colcon_core.package_identification:_identify(src/welder_mvt_cfg_2) by extensions ['ignore', 'ignore_ament_install']
[0.487s] Level 1:colcon.colcon_core.package_identification:_identify(src/welder_mvt_cfg_2) by extension 'ignore'
[0.487s] Level 1:colcon.colcon_core.package_identification:_identify(src/welder_mvt_cfg_2) by extension 'ignore_ament_install'
[0.487s] Level 1:colcon.colcon_core.package_identification:_identify(src/welder_mvt_cfg_2) by extensions ['colcon_pkg']
[0.487s] Level 1:colcon.colcon_core.package_identification:_identify(src/welder_mvt_cfg_2) by extension 'colcon_pkg'
[0.487s] Level 1:colcon.colcon_core.package_identification:_identify(src/welder_mvt_cfg_2) by extensions ['colcon_meta']
[0.487s] Level 1:colcon.colcon_core.package_identification:_identify(src/welder_mvt_cfg_2) by extension 'colcon_meta'
[0.487s] Level 1:colcon.colcon_core.package_identification:_identify(src/welder_mvt_cfg_2) by extensions ['ros']
[0.487s] Level 1:colcon.colcon_core.package_identification:_identify(src/welder_mvt_cfg_2) by extension 'ros'
[0.491s] DEBUG:colcon.colcon_core.package_identification:Package 'src/welder_mvt_cfg_2' with type 'ros.ament_cmake' and name 'welder_mvt_cfg_2'
[0.491s] Level 1:colcon.colcon_core.package_discovery:discover_packages(recursive) using defaults
[0.491s] Level 1:colcon.colcon_core.package_discovery:discover_packages(ignore) discover
[0.491s] Level 1:colcon.colcon_core.package_discovery:discover_packages(ignore) using defaults
[0.491s] Level 1:colcon.colcon_core.package_discovery:discover_packages(path) discover
[0.491s] Level 1:colcon.colcon_core.package_discovery:discover_packages(path) using defaults
[0.537s] Level 1:colcon.colcon_core.package_discovery:discover_packages(prefix_path) check parameters
[0.537s] Level 1:colcon.colcon_core.package_discovery:discover_packages(prefix_path) discover
[0.541s] DEBUG:colcon.colcon_installed_package_information.package_discovery:Found 4 installed packages in /home/kol/Documents/ros_workstation/Control/six_dof_robot_ws/install
[0.545s] DEBUG:colcon.colcon_installed_package_information.package_discovery:Found 383 installed packages in /opt/ros/humble
[0.549s] Level 1:colcon.colcon_core.package_discovery:discover_packages(prefix_path) using defaults
[0.670s] Level 5:colcon.colcon_core.verb:set package 'moveit_control' build argument 'cmake_args' from command line to 'None'
[0.670s] Level 5:colcon.colcon_core.verb:set package 'moveit_control' build argument 'cmake_target' from command line to 'None'
[0.670s] Level 5:colcon.colcon_core.verb:set package 'moveit_control' build argument 'cmake_target_skip_unavailable' from command line to 'False'
[0.670s] Level 5:colcon.colcon_core.verb:set package 'moveit_control' build argument 'cmake_clean_cache' from command line to 'False'
[0.671s] Level 5:colcon.colcon_core.verb:set package 'moveit_control' build argument 'cmake_clean_first' from command line to 'False'
[0.671s] Level 5:colcon.colcon_core.verb:set package 'moveit_control' build argument 'cmake_force_configure' from command line to 'False'
[0.671s] Level 5:colcon.colcon_core.verb:set package 'moveit_control' build argument 'ament_cmake_args' from command line to 'None'
[0.671s] Level 5:colcon.colcon_core.verb:set package 'moveit_control' build argument 'catkin_cmake_args' from command line to 'None'
[0.671s] Level 5:colcon.colcon_core.verb:set package 'moveit_control' build argument 'catkin_skip_building_tests' from command line to 'False'
[0.671s] DEBUG:colcon.colcon_core.verb:Building package 'moveit_control' with the following arguments: {'ament_cmake_args': None, 'build_base': '/home/kol/Documents/ros_workstation/Control/six_dof_robot_ws/build/moveit_control', 'catkin_cmake_args': None, 'catkin_skip_building_tests': False, 'cmake_args': None, 'cmake_clean_cache': False, 'cmake_clean_first': False, 'cmake_force_configure': False, 'cmake_target': None, 'cmake_target_skip_unavailable': False, 'install_base': '/home/kol/Documents/ros_workstation/Control/six_dof_robot_ws/install/moveit_control', 'merge_install': False, 'path': '/home/kol/Documents/ros_workstation/Control/six_dof_robot_ws/src/moveit_control', 'symlink_install': False, 'test_result_base': None}
[0.672s] Level 5:colcon.colcon_core.verb:set package 'welder_control' build argument 'cmake_args' from command line to 'None'
[0.672s] Level 5:colcon.colcon_core.verb:set package 'welder_control' build argument 'cmake_target' from command line to 'None'
[0.672s] Level 5:colcon.colcon_core.verb:set package 'welder_control' build argument 'cmake_target_skip_unavailable' from command line to 'False'
[0.672s] Level 5:colcon.colcon_core.verb:set package 'welder_control' build argument 'cmake_clean_cache' from command line to 'False'
[0.672s] Level 5:colcon.colcon_core.verb:set package 'welder_control' build argument 'cmake_clean_first' from command line to 'False'
[0.672s] Level 5:colcon.colcon_core.verb:set package 'welder_control' build argument 'cmake_force_configure' from command line to 'False'
[0.672s] Level 5:colcon.colcon_core.verb:set package 'welder_control' build argument 'ament_cmake_args' from command line to 'None'
[0.672s] Level 5:colcon.colcon_core.verb:set package 'welder_control' build argument 'catkin_cmake_args' from command line to 'None'
[0.672s] Level 5:colcon.colcon_core.verb:set package 'welder_control' build argument 'catkin_skip_building_tests' from command line to 'False'
[0.672s] DEBUG:colcon.colcon_core.verb:Building package 'welder_control' with the following arguments: {'ament_cmake_args': None, 'build_base': '/home/kol/Documents/ros_workstation/Control/six_dof_robot_ws/build/welder_control', 'catkin_cmake_args': None, 'catkin_skip_building_tests': False, 'cmake_args': None, 'cmake_clean_cache': False, 'cmake_clean_first': False, 'cmake_force_configure': False, 'cmake_target': None, 'cmake_target_skip_unavailable': False, 'install_base': '/home/kol/Documents/ros_workstation/Control/six_dof_robot_ws/install/welder_control', 'merge_install': False, 'path': '/home/kol/Documents/ros_workstation/Control/six_dof_robot_ws/src/welder_control', 'symlink_install': False, 'test_result_base': None}
[0.673s] Level 5:colcon.colcon_core.verb:set package 'welder_description' build argument 'cmake_args' from command line to 'None'
[0.673s] Level 5:colcon.colcon_core.verb:set package 'welder_description' build argument 'cmake_target' from command line to 'None'
[0.673s] Level 5:colcon.colcon_core.verb:set package 'welder_description' build argument 'cmake_target_skip_unavailable' from command line to 'False'
[0.673s] Level 5:colcon.colcon_core.verb:set package 'welder_description' build argument 'cmake_clean_cache' from command line to 'False'
[0.673s] Level 5:colcon.colcon_core.verb:set package 'welder_description' build argument 'cmake_clean_first' from command line to 'False'
[0.674s] Level 5:colcon.colcon_core.verb:set package 'welder_description' build argument 'cmake_force_configure' from command line to 'False'
[0.674s] Level 5:colcon.colcon_core.verb:set package 'welder_description' build argument 'ament_cmake_args' from command line to 'None'
[0.674s] Level 5:colcon.colcon_core.verb:set package 'welder_description' build argument 'catkin_cmake_args' from command line to 'None'
[0.674s] Level 5:colcon.colcon_core.verb:set package 'welder_description' build argument 'catkin_skip_building_tests' from command line to 'False'
[0.674s] DEBUG:colcon.colcon_core.verb:Building package 'welder_description' with the following arguments: {'ament_cmake_args': None, 'build_base': '/home/kol/Documents/ros_workstation/Control/six_dof_robot_ws/build/welder_description', 'catkin_cmake_args': None, 'catkin_skip_building_tests': False, 'cmake_args': None, 'cmake_clean_cache': False, 'cmake_clean_first': False, 'cmake_force_configure': False, 'cmake_target': None, 'cmake_target_skip_unavailable': False, 'install_base': '/home/kol/Documents/ros_workstation/Control/six_dof_robot_ws/install/welder_description', 'merge_install': False, 'path': '/home/kol/Documents/ros_workstation/Control/six_dof_robot_ws/src/welder_description', 'symlink_install': False, 'test_result_base': None}
[0.675s] Level 5:colcon.colcon_core.verb:set package 'welder_moveit_config' build argument 'cmake_args' from command line to 'None'
[0.675s] Level 5:colcon.colcon_core.verb:set package 'welder_moveit_config' build argument 'cmake_target' from command line to 'None'
[0.675s] Level 5:colcon.colcon_core.verb:set package 'welder_moveit_config' build argument 'cmake_target_skip_unavailable' from command line to 'False'
[0.675s] Level 5:colcon.colcon_core.verb:set package 'welder_moveit_config' build argument 'cmake_clean_cache' from command line to 'False'
[0.675s] Level 5:colcon.colcon_core.verb:set package 'welder_moveit_config' build argument 'cmake_clean_first' from command line to 'False'
[0.675s] Level 5:colcon.colcon_core.verb:set package 'welder_moveit_config' build argument 'cmake_force_configure' from command line to 'False'
[0.675s] Level 5:colcon.colcon_core.verb:set package 'welder_moveit_config' build argument 'ament_cmake_args' from command line to 'None'
[0.675s] Level 5:colcon.colcon_core.verb:set package 'welder_moveit_config' build argument 'catkin_cmake_args' from command line to 'None'
[0.675s] Level 5:colcon.colcon_core.verb:set package 'welder_moveit_config' build argument 'catkin_skip_building_tests' from command line to 'False'
[0.675s] DEBUG:colcon.colcon_core.verb:Building package 'welder_moveit_config' with the following arguments: {'ament_cmake_args': None, 'build_base': '/home/kol/Documents/ros_workstation/Control/six_dof_robot_ws/build/welder_moveit_config', 'catkin_cmake_args': None, 'catkin_skip_building_tests': False, 'cmake_args': None, 'cmake_clean_cache': False, 'cmake_clean_first': False, 'cmake_force_configure': False, 'cmake_target': None, 'cmake_target_skip_unavailable': False, 'install_base': '/home/kol/Documents/ros_workstation/Control/six_dof_robot_ws/install/welder_moveit_config', 'merge_install': False, 'path': '/home/kol/Documents/ros_workstation/Control/six_dof_robot_ws/src/welder_moveit_config', 'symlink_install': False, 'test_result_base': None}
[0.676s] Level 5:colcon.colcon_core.verb:set package 'welder_mvt_cfg_2' build argument 'cmake_args' from command line to 'None'
[0.676s] Level 5:colcon.colcon_core.verb:set package 'welder_mvt_cfg_2' build argument 'cmake_target' from command line to 'None'
[0.676s] Level 5:colcon.colcon_core.verb:set package 'welder_mvt_cfg_2' build argument 'cmake_target_skip_unavailable' from command line to 'False'
[0.676s] Level 5:colcon.colcon_core.verb:set package 'welder_mvt_cfg_2' build argument 'cmake_clean_cache' from command line to 'False'
[0.676s] Level 5:colcon.colcon_core.verb:set package 'welder_mvt_cfg_2' build argument 'cmake_clean_first' from command line to 'False'
[0.676s] Level 5:colcon.colcon_core.verb:set package 'welder_mvt_cfg_2' build argument 'cmake_force_configure' from command line to 'False'
[0.676s] Level 5:colcon.colcon_core.verb:set package 'welder_mvt_cfg_2' build argument 'ament_cmake_args' from command line to 'None'
[0.676s] Level 5:colcon.colcon_core.verb:set package 'welder_mvt_cfg_2' build argument 'catkin_cmake_args' from command line to 'None'
[0.676s] Level 5:colcon.colcon_core.verb:set package 'welder_mvt_cfg_2' build argument 'catkin_skip_building_tests' from command line to 'False'
[0.677s] DEBUG:colcon.colcon_core.verb:Building package 'welder_mvt_cfg_2' with the following arguments: {'ament_cmake_args': None, 'build_base': '/home/kol/Documents/ros_workstation/Control/six_dof_robot_ws/build/welder_mvt_cfg_2', 'catkin_cmake_args': None, 'catkin_skip_building_tests': False, 'cmake_args': None, 'cmake_clean_cache': False, 'cmake_clean_first': False, 'cmake_force_configure': False, 'cmake_target': None, 'cmake_target_skip_unavailable': False, 'install_base': '/home/kol/Documents/ros_workstation/Control/six_dof_robot_ws/install/welder_mvt_cfg_2', 'merge_install': False, 'path': '/home/kol/Documents/ros_workstation/Control/six_dof_robot_ws/src/welder_mvt_cfg_2', 'symlink_install': False, 'test_result_base': None}
[0.677s] INFO:colcon.colcon_core.executor:Executing jobs using 'parallel' executor
[0.683s] DEBUG:colcon.colcon_parallel_executor.executor.parallel:run_until_complete
[0.684s] INFO:colcon.colcon_ros.task.ament_python.build:Building ROS package in '/home/kol/Documents/ros_workstation/Control/six_dof_robot_ws/src/welder_description' with build type 'ament_python'
[0.686s] Level 1:colcon.colcon_core.shell:create_environment_hook('welder_description', 'ament_prefix_path')
[0.698s] INFO:colcon.colcon_core.plugin_system:Skipping extension 'colcon_core.shell.bat': Not used on non-Windows systems
[0.699s] INFO:colcon.colcon_core.shell:Creating environment hook '/home/kol/Documents/ros_workstation/Control/six_dof_robot_ws/install/welder_description/share/welder_description/hook/ament_prefix_path.ps1'
[0.700s] INFO:colcon.colcon_core.shell:Creating environment descriptor '/home/kol/Documents/ros_workstation/Control/six_dof_robot_ws/install/welder_description/share/welder_description/hook/ament_prefix_path.dsv'
[0.701s] INFO:colcon.colcon_core.shell:Creating environment hook '/home/kol/Documents/ros_workstation/Control/six_dof_robot_ws/install/welder_description/share/welder_description/hook/ament_prefix_path.sh'
[0.704s] INFO:colcon.colcon_core.shell:Skip shell extension 'powershell' for command environment: Not usable outside of PowerShell
[0.704s] DEBUG:colcon.colcon_core.shell:Skip shell extension 'dsv' for command environment
[0.714s] INFO:colcon.colcon_ros.task.ament_cmake.build:Building ROS package in '/home/kol/Documents/ros_workstation/Control/six_dof_robot_ws/src/moveit_control' with build type 'ament_cmake'
[0.715s] INFO:colcon.colcon_cmake.task.cmake.build:Building CMake package in '/home/kol/Documents/ros_workstation/Control/six_dof_robot_ws/src/moveit_control'
[0.716s] INFO:colcon.colcon_core.shell:Skip shell extension 'powershell' for command environment: Not usable outside of PowerShell
[0.718s] DEBUG:colcon.colcon_core.shell:Skip shell extension 'dsv' for command environment
[0.743s] INFO:colcon.colcon_ros.task.ament_python.build:Building ROS package in '/home/kol/Documents/ros_workstation/Control/six_dof_robot_ws/src/welder_control' with build type 'ament_python'
[0.744s] Level 1:colcon.colcon_core.shell:create_environment_hook('welder_control', 'ament_prefix_path')
[0.744s] INFO:colcon.colcon_core.shell:Creating environment hook '/home/kol/Documents/ros_workstation/Control/six_dof_robot_ws/install/welder_control/share/welder_control/hook/ament_prefix_path.ps1'
[0.745s] INFO:colcon.colcon_core.shell:Creating environment descriptor '/home/kol/Documents/ros_workstation/Control/six_dof_robot_ws/install/welder_control/share/welder_control/hook/ament_prefix_path.dsv'
[0.746s] INFO:colcon.colcon_core.shell:Creating environment hook '/home/kol/Documents/ros_workstation/Control/six_dof_robot_ws/install/welder_control/share/welder_control/hook/ament_prefix_path.sh'
[0.749s] INFO:colcon.colcon_core.shell:Skip shell extension 'powershell' for command environment: Not usable outside of PowerShell
[0.750s] DEBUG:colcon.colcon_core.shell:Skip shell extension 'dsv' for command environment
[1.298s] INFO:colcon.colcon_core.task.python.build:Building Python package in '/home/kol/Documents/ros_workstation/Control/six_dof_robot_ws/src/welder_description'
[1.298s] INFO:colcon.colcon_core.shell:Skip shell extension 'powershell' for command environment: Not usable outside of PowerShell
[1.298s] DEBUG:colcon.colcon_core.shell:Skip shell extension 'dsv' for command environment
[1.309s] DEBUG:colcon.colcon_core.event_handler.log_command:Invoking command in '/home/kol/Documents/ros_workstation/Control/six_dof_robot_ws/build/moveit_control': CMAKE_PREFIX_PATH=${CMAKE_PREFIX_PATH}:/home/kol/Documents/ros_workstation/Control/six_dof_robot_ws/install/welder_description:/home/kol/Documents/ros_workstation/Control/six_dof_robot_ws/install/welder_control:/opt/ros/humble /usr/bin/cmake --build /home/kol/Documents/ros_workstation/Control/six_dof_robot_ws/build/moveit_control -- -j4 -l4
[1.874s] INFO:colcon.colcon_core.task.python.build:Building Python package in '/home/kol/Documents/ros_workstation/Control/six_dof_robot_ws/src/welder_control'
[1.874s] INFO:colcon.colcon_core.shell:Skip shell extension 'powershell' for command environment: Not usable outside of PowerShell
[1.874s] DEBUG:colcon.colcon_core.shell:Skip shell extension 'dsv' for command environment
[1.895s] DEBUG:colcon.colcon_core.event_handler.log_command:Invoked command in '/home/kol/Documents/ros_workstation/Control/six_dof_robot_ws/build/moveit_control' returned '0': CMAKE_PREFIX_PATH=${CMAKE_PREFIX_PATH}:/home/kol/Documents/ros_workstation/Control/six_dof_robot_ws/install/welder_description:/home/kol/Documents/ros_workstation/Control/six_dof_robot_ws/install/welder_control:/opt/ros/humble /usr/bin/cmake --build /home/kol/Documents/ros_workstation/Control/six_dof_robot_ws/build/moveit_control -- -j4 -l4
[1.906s] DEBUG:colcon.colcon_core.event_handler.log_command:Invoking command in '/home/kol/Documents/ros_workstation/Control/six_dof_robot_ws/build/moveit_control': CMAKE_PREFIX_PATH=${CMAKE_PREFIX_PATH}:/home/kol/Documents/ros_workstation/Control/six_dof_robot_ws/install/welder_description:/home/kol/Documents/ros_workstation/Control/six_dof_robot_ws/install/welder_control:/opt/ros/humble /usr/bin/cmake --install /home/kol/Documents/ros_workstation/Control/six_dof_robot_ws/build/moveit_control
[1.940s] Level 1:colcon.colcon_core.environment:create_environment_scripts_only(moveit_control)
[1.943s] DEBUG:colcon.colcon_core.event_handler.log_command:Invoked command in '/home/kol/Documents/ros_workstation/Control/six_dof_robot_ws/build/moveit_control' returned '0': CMAKE_PREFIX_PATH=${CMAKE_PREFIX_PATH}:/home/kol/Documents/ros_workstation/Control/six_dof_robot_ws/install/welder_description:/home/kol/Documents/ros_workstation/Control/six_dof_robot_ws/install/welder_control:/opt/ros/humble /usr/bin/cmake --install /home/kol/Documents/ros_workstation/Control/six_dof_robot_ws/build/moveit_control
[1.944s] Level 1:colcon.colcon_core.environment:checking '/home/kol/Documents/ros_workstation/Control/six_dof_robot_ws/install/moveit_control' for CMake module files
[1.944s] Level 1:colcon.colcon_core.environment:checking '/home/kol/Documents/ros_workstation/Control/six_dof_robot_ws/install/moveit_control' for CMake config files
[1.945s] Level 1:colcon.colcon_core.shell:create_environment_hook('moveit_control', 'cmake_prefix_path')
[1.945s] INFO:colcon.colcon_core.shell:Creating environment hook '/home/kol/Documents/ros_workstation/Control/six_dof_robot_ws/install/moveit_control/share/moveit_control/hook/cmake_prefix_path.ps1'
[1.947s] INFO:colcon.colcon_core.shell:Creating environment descriptor '/home/kol/Documents/ros_workstation/Control/six_dof_robot_ws/install/moveit_control/share/moveit_control/hook/cmake_prefix_path.dsv'
[1.947s] INFO:colcon.colcon_core.shell:Creating environment hook '/home/kol/Documents/ros_workstation/Control/six_dof_robot_ws/install/moveit_control/share/moveit_control/hook/cmake_prefix_path.sh'
[1.948s] Level 1:colcon.colcon_core.environment:checking '/home/kol/Documents/ros_workstation/Control/six_dof_robot_ws/install/moveit_control/lib'
[1.949s] Level 1:colcon.colcon_core.environment:checking '/home/kol/Documents/ros_workstation/Control/six_dof_robot_ws/install/moveit_control/bin'
[1.949s] Level 1:colcon.colcon_core.environment:checking '/home/kol/Documents/ros_workstation/Control/six_dof_robot_ws/install/moveit_control/lib/pkgconfig/moveit_control.pc'
[1.949s] Level 1:colcon.colcon_core.environment:checking '/home/kol/Documents/ros_workstation/Control/six_dof_robot_ws/install/moveit_control/lib/python3.10/site-packages'
[1.951s] Level 1:colcon.colcon_core.environment:checking '/home/kol/Documents/ros_workstation/Control/six_dof_robot_ws/install/moveit_control/bin'
[1.952s] INFO:colcon.colcon_core.shell:Creating package script '/home/kol/Documents/ros_workstation/Control/six_dof_robot_ws/install/moveit_control/share/moveit_control/package.ps1'
[1.955s] INFO:colcon.colcon_core.shell:Creating package descriptor '/home/kol/Documents/ros_workstation/Control/six_dof_robot_ws/install/moveit_control/share/moveit_control/package.dsv'
[1.956s] INFO:colcon.colcon_core.shell:Creating package script '/home/kol/Documents/ros_workstation/Control/six_dof_robot_ws/install/moveit_control/share/moveit_control/package.sh'
[1.957s] INFO:colcon.colcon_core.shell:Creating package script '/home/kol/Documents/ros_workstation/Control/six_dof_robot_ws/install/moveit_control/share/moveit_control/package.bash'
[1.958s] INFO:colcon.colcon_core.shell:Creating package script '/home/kol/Documents/ros_workstation/Control/six_dof_robot_ws/install/moveit_control/share/moveit_control/package.zsh'
[1.960s] Level 1:colcon.colcon_core.environment:create_file_with_runtime_dependencies(/home/kol/Documents/ros_workstation/Control/six_dof_robot_ws/install/moveit_control/share/colcon-core/packages/moveit_control)
[1.961s] Level 1:colcon.colcon_core.environment:create_environment_scripts_only(moveit_control)
[1.961s] Level 1:colcon.colcon_core.environment:checking '/home/kol/Documents/ros_workstation/Control/six_dof_robot_ws/install/moveit_control' for CMake module files
[1.962s] Level 1:colcon.colcon_core.environment:checking '/home/kol/Documents/ros_workstation/Control/six_dof_robot_ws/install/moveit_control' for CMake config files
[1.962s] Level 1:colcon.colcon_core.shell:create_environment_hook('moveit_control', 'cmake_prefix_path')
[1.963s] INFO:colcon.colcon_core.shell:Creating environment hook '/home/kol/Documents/ros_workstation/Control/six_dof_robot_ws/install/moveit_control/share/moveit_control/hook/cmake_prefix_path.ps1'
[1.963s] INFO:colcon.colcon_core.shell:Creating environment descriptor '/home/kol/Documents/ros_workstation/Control/six_dof_robot_ws/install/moveit_control/share/moveit_control/hook/cmake_prefix_path.dsv'
[1.964s] INFO:colcon.colcon_core.shell:Creating environment hook '/home/kol/Documents/ros_workstation/Control/six_dof_robot_ws/install/moveit_control/share/moveit_control/hook/cmake_prefix_path.sh'
[1.966s] Level 1:colcon.colcon_core.environment:checking '/home/kol/Documents/ros_workstation/Control/six_dof_robot_ws/install/moveit_control/lib'
[1.967s] Level 1:colcon.colcon_core.environment:checking '/home/kol/Documents/ros_workstation/Control/six_dof_robot_ws/install/moveit_control/bin'
[1.967s] Level 1:colcon.colcon_core.environment:checking '/home/kol/Documents/ros_workstation/Control/six_dof_robot_ws/install/moveit_control/lib/pkgconfig/moveit_control.pc'
[1.967s] Level 1:colcon.colcon_core.environment:checking '/home/kol/Documents/ros_workstation/Control/six_dof_robot_ws/install/moveit_control/lib/python3.10/site-packages'
[1.968s] Level 1:colcon.colcon_core.environment:checking '/home/kol/Documents/ros_workstation/Control/six_dof_robot_ws/install/moveit_control/bin'
[1.968s] INFO:colcon.colcon_core.shell:Creating package script '/home/kol/Documents/ros_workstation/Control/six_dof_robot_ws/install/moveit_control/share/moveit_control/package.ps1'
[1.969s] INFO:colcon.colcon_core.shell:Creating package descriptor '/home/kol/Documents/ros_workstation/Control/six_dof_robot_ws/install/moveit_control/share/moveit_control/package.dsv'
[1.970s] INFO:colcon.colcon_core.shell:Creating package script '/home/kol/Documents/ros_workstation/Control/six_dof_robot_ws/install/moveit_control/share/moveit_control/package.sh'
[1.970s] INFO:colcon.colcon_core.shell:Creating package script '/home/kol/Documents/ros_workstation/Control/six_dof_robot_ws/install/moveit_control/share/moveit_control/package.bash'
[1.972s] INFO:colcon.colcon_core.shell:Creating package script '/home/kol/Documents/ros_workstation/Control/six_dof_robot_ws/install/moveit_control/share/moveit_control/package.zsh'
[1.972s] Level 1:colcon.colcon_core.environment:create_file_with_runtime_dependencies(/home/kol/Documents/ros_workstation/Control/six_dof_robot_ws/install/moveit_control/share/colcon-core/packages/moveit_control)
[2.814s] DEBUG:colcon.colcon_core.event_handler.log_command:Invoking command in '/home/kol/Documents/ros_workstation/Control/six_dof_robot_ws/src/welder_description': PYTHONPATH=/home/kol/Documents/ros_workstation/Control/six_dof_robot_ws/build/welder_description/prefix_override:/usr/lib/python3/dist-packages/colcon_core/task/python/colcon_distutils_commands:/home/kol/Documents/ros_workstation/Control/six_dof_robot_ws/install/welder_description/lib/python3.10/site-packages:${PYTHONPATH} /usr/bin/python3 -W ignore:setup.py install is deprecated -W ignore:easy_install command is deprecated setup.py egg_info --egg-base ../../build/welder_description build --build-base /home/kol/Documents/ros_workstation/Control/six_dof_robot_ws/build/welder_description/build install --record /home/kol/Documents/ros_workstation/Control/six_dof_robot_ws/build/welder_description/install.log --single-version-externally-managed install_data
[2.861s] DEBUG:colcon.colcon_core.event_handler.log_command:Invoking command in '/home/kol/Documents/ros_workstation/Control/six_dof_robot_ws/src/welder_control': PYTHONPATH=/home/kol/Documents/ros_workstation/Control/six_dof_robot_ws/build/welder_control/prefix_override:/usr/lib/python3/dist-packages/colcon_core/task/python/colcon_distutils_commands:/home/kol/Documents/ros_workstation/Control/six_dof_robot_ws/install/welder_control/lib/python3.10/site-packages:${PYTHONPATH} /usr/bin/python3 -W ignore:setup.py install is deprecated -W ignore:easy_install command is deprecated setup.py egg_info --egg-base ../../build/welder_control build --build-base /home/kol/Documents/ros_workstation/Control/six_dof_robot_ws/build/welder_control/build install --record /home/kol/Documents/ros_workstation/Control/six_dof_robot_ws/build/welder_control/install.log --single-version-externally-managed install_data
[3.536s] Level 1:colcon.colcon_core.environment:checking '/home/kol/Documents/ros_workstation/Control/six_dof_robot_ws/install/welder_control' for CMake module files
[3.536s] Level 1:colcon.colcon_core.environment:checking '/home/kol/Documents/ros_workstation/Control/six_dof_robot_ws/install/welder_control' for CMake config files
[3.538s] DEBUG:colcon.colcon_core.event_handler.log_command:Invoked command in '/home/kol/Documents/ros_workstation/Control/six_dof_robot_ws/src/welder_control' returned '0': PYTHONPATH=/home/kol/Documents/ros_workstation/Control/six_dof_robot_ws/build/welder_control/prefix_override:/usr/lib/python3/dist-packages/colcon_core/task/python/colcon_distutils_commands:/home/kol/Documents/ros_workstation/Control/six_dof_robot_ws/install/welder_control/lib/python3.10/site-packages:${PYTHONPATH} /usr/bin/python3 -W ignore:setup.py install is deprecated -W ignore:easy_install command is deprecated setup.py egg_info --egg-base ../../build/welder_control build --build-base /home/kol/Documents/ros_workstation/Control/six_dof_robot_ws/build/welder_control/build install --record /home/kol/Documents/ros_workstation/Control/six_dof_robot_ws/build/welder_control/install.log --single-version-externally-managed install_data
[3.538s] Level 1:colcon.colcon_core.environment:checking '/home/kol/Documents/ros_workstation/Control/six_dof_robot_ws/install/welder_control/lib'
[3.539s] Level 1:colcon.colcon_core.environment:checking '/home/kol/Documents/ros_workstation/Control/six_dof_robot_ws/install/welder_control/bin'
[3.539s] Level 1:colcon.colcon_core.environment:checking '/home/kol/Documents/ros_workstation/Control/six_dof_robot_ws/install/welder_control/lib/pkgconfig/welder_control.pc'
[3.539s] Level 1:colcon.colcon_core.environment:checking '/home/kol/Documents/ros_workstation/Control/six_dof_robot_ws/install/welder_control/lib/python3.10/site-packages'
[3.539s] Level 1:colcon.colcon_core.shell:create_environment_hook('welder_control', 'pythonpath')
[3.540s] INFO:colcon.colcon_core.shell:Creating environment hook '/home/kol/Documents/ros_workstation/Control/six_dof_robot_ws/install/welder_control/share/welder_control/hook/pythonpath.ps1'
[3.540s] INFO:colcon.colcon_core.shell:Creating environment descriptor '/home/kol/Documents/ros_workstation/Control/six_dof_robot_ws/install/welder_control/share/welder_control/hook/pythonpath.dsv'
[3.541s] INFO:colcon.colcon_core.shell:Creating environment hook '/home/kol/Documents/ros_workstation/Control/six_dof_robot_ws/install/welder_control/share/welder_control/hook/pythonpath.sh'
[3.541s] Level 1:colcon.colcon_core.environment:checking '/home/kol/Documents/ros_workstation/Control/six_dof_robot_ws/install/welder_control/bin'
[3.541s] Level 1:colcon.colcon_core.environment:create_environment_scripts_only(welder_control)
[3.542s] INFO:colcon.colcon_core.shell:Creating package script '/home/kol/Documents/ros_workstation/Control/six_dof_robot_ws/install/welder_control/share/welder_control/package.ps1'
[3.542s] INFO:colcon.colcon_core.shell:Creating package descriptor '/home/kol/Documents/ros_workstation/Control/six_dof_robot_ws/install/welder_control/share/welder_control/package.dsv'
[3.544s] INFO:colcon.colcon_core.shell:Creating package script '/home/kol/Documents/ros_workstation/Control/six_dof_robot_ws/install/welder_control/share/welder_control/package.sh'
[3.546s] INFO:colcon.colcon_core.shell:Creating package script '/home/kol/Documents/ros_workstation/Control/six_dof_robot_ws/install/welder_control/share/welder_control/package.bash'
[3.547s] INFO:colcon.colcon_core.shell:Creating package script '/home/kol/Documents/ros_workstation/Control/six_dof_robot_ws/install/welder_control/share/welder_control/package.zsh'
[3.547s] Level 1:colcon.colcon_core.environment:create_file_with_runtime_dependencies(/home/kol/Documents/ros_workstation/Control/six_dof_robot_ws/install/welder_control/share/colcon-core/packages/welder_control)
[3.676s] Level 1:colcon.colcon_core.environment:checking '/home/kol/Documents/ros_workstation/Control/six_dof_robot_ws/install/welder_description' for CMake module files
[3.678s] DEBUG:colcon.colcon_core.event_handler.log_command:Invoked command in '/home/kol/Documents/ros_workstation/Control/six_dof_robot_ws/src/welder_description' returned '0': PYTHONPATH=/home/kol/Documents/ros_workstation/Control/six_dof_robot_ws/build/welder_description/prefix_override:/usr/lib/python3/dist-packages/colcon_core/task/python/colcon_distutils_commands:/home/kol/Documents/ros_workstation/Control/six_dof_robot_ws/install/welder_description/lib/python3.10/site-packages:${PYTHONPATH} /usr/bin/python3 -W ignore:setup.py install is deprecated -W ignore:easy_install command is deprecated setup.py egg_info --egg-base ../../build/welder_description build --build-base /home/kol/Documents/ros_workstation/Control/six_dof_robot_ws/build/welder_description/build install --record /home/kol/Documents/ros_workstation/Control/six_dof_robot_ws/build/welder_description/install.log --single-version-externally-managed install_data
[3.678s] Level 1:colcon.colcon_core.environment:checking '/home/kol/Documents/ros_workstation/Control/six_dof_robot_ws/install/welder_description' for CMake config files
[3.679s] Level 1:colcon.colcon_core.environment:checking '/home/kol/Documents/ros_workstation/Control/six_dof_robot_ws/install/welder_description/lib'
[3.679s] Level 1:colcon.colcon_core.environment:checking '/home/kol/Documents/ros_workstation/Control/six_dof_robot_ws/install/welder_description/bin'
[3.679s] Level 1:colcon.colcon_core.environment:checking '/home/kol/Documents/ros_workstation/Control/six_dof_robot_ws/install/welder_description/lib/pkgconfig/welder_description.pc'
[3.679s] Level 1:colcon.colcon_core.environment:checking '/home/kol/Documents/ros_workstation/Control/six_dof_robot_ws/install/welder_description/lib/python3.10/site-packages'
[3.679s] Level 1:colcon.colcon_core.shell:create_environment_hook('welder_description', 'pythonpath')
[3.680s] INFO:colcon.colcon_core.shell:Creating environment hook '/home/kol/Documents/ros_workstation/Control/six_dof_robot_ws/install/welder_description/share/welder_description/hook/pythonpath.ps1'
[3.680s] INFO:colcon.colcon_core.shell:Creating environment descriptor '/home/kol/Documents/ros_workstation/Control/six_dof_robot_ws/install/welder_description/share/welder_description/hook/pythonpath.dsv'
[3.681s] INFO:colcon.colcon_core.shell:Creating environment hook '/home/kol/Documents/ros_workstation/Control/six_dof_robot_ws/install/welder_description/share/welder_description/hook/pythonpath.sh'
[3.682s] Level 1:colcon.colcon_core.environment:checking '/home/kol/Documents/ros_workstation/Control/six_dof_robot_ws/install/welder_description/bin'
[3.683s] Level 1:colcon.colcon_core.environment:create_environment_scripts_only(welder_description)
[3.683s] INFO:colcon.colcon_core.shell:Creating package script '/home/kol/Documents/ros_workstation/Control/six_dof_robot_ws/install/welder_description/share/welder_description/package.ps1'
[3.685s] INFO:colcon.colcon_core.shell:Creating package descriptor '/home/kol/Documents/ros_workstation/Control/six_dof_robot_ws/install/welder_description/share/welder_description/package.dsv'
[3.687s] INFO:colcon.colcon_core.shell:Creating package script '/home/kol/Documents/ros_workstation/Control/six_dof_robot_ws/install/welder_description/share/welder_description/package.sh'
[3.687s] INFO:colcon.colcon_core.shell:Creating package script '/home/kol/Documents/ros_workstation/Control/six_dof_robot_ws/install/welder_description/share/welder_description/package.bash'
[3.688s] INFO:colcon.colcon_core.shell:Creating package script '/home/kol/Documents/ros_workstation/Control/six_dof_robot_ws/install/welder_description/share/welder_description/package.zsh'
[3.689s] Level 1:colcon.colcon_core.environment:create_file_with_runtime_dependencies(/home/kol/Documents/ros_workstation/Control/six_dof_robot_ws/install/welder_description/share/colcon-core/packages/welder_description)
[3.689s] INFO:colcon.colcon_ros.task.ament_cmake.build:Building ROS package in '/home/kol/Documents/ros_workstation/Control/six_dof_robot_ws/src/welder_moveit_config' with build type 'ament_cmake'
[3.689s] INFO:colcon.colcon_cmake.task.cmake.build:Building CMake package in '/home/kol/Documents/ros_workstation/Control/six_dof_robot_ws/src/welder_moveit_config'
[3.689s] INFO:colcon.colcon_core.shell:Skip shell extension 'powershell' for command environment: Not usable outside of PowerShell
[3.690s] DEBUG:colcon.colcon_core.shell:Skip shell extension 'dsv' for command environment
[3.697s] INFO:colcon.colcon_ros.task.ament_cmake.build:Building ROS package in '/home/kol/Documents/ros_workstation/Control/six_dof_robot_ws/src/welder_mvt_cfg_2' with build type 'ament_cmake'
[3.697s] INFO:colcon.colcon_cmake.task.cmake.build:Building CMake package in '/home/kol/Documents/ros_workstation/Control/six_dof_robot_ws/src/welder_mvt_cfg_2'
[3.698s] INFO:colcon.colcon_core.shell:Skip shell extension 'powershell' for command environment: Not usable outside of PowerShell
[3.698s] DEBUG:colcon.colcon_core.shell:Skip shell extension 'dsv' for command environment
[3.711s] DEBUG:colcon.colcon_core.event_handler.log_command:Invoking command in '/home/kol/Documents/ros_workstation/Control/six_dof_robot_ws/build/welder_moveit_config': AMENT_PREFIX_PATH=/home/kol/Documents/ros_workstation/Control/six_dof_robot_ws/install/welder_description:/home/kol/Documents/ros_workstation/Control/six_dof_robot_ws/install/welder_moveit_config:/home/kol/Documents/ros_workstation/Control/six_dof_robot_ws/install/welder_control:/home/kol/Documents/ros_workstation/Control/six_dof_robot_ws/install/moveit_control:/opt/ros/humble CMAKE_PREFIX_PATH=${CMAKE_PREFIX_PATH}:/home/kol/Documents/ros_workstation/Control/six_dof_robot_ws/install/welder_description:/home/kol/Documents/ros_workstation/Control/six_dof_robot_ws/install/welder_control:/opt/ros/humble /usr/bin/cmake --build /home/kol/Documents/ros_workstation/Control/six_dof_robot_ws/build/welder_moveit_config -- -j4 -l4
[3.716s] DEBUG:colcon.colcon_core.event_handler.log_command:Invoking command in '/home/kol/Documents/ros_workstation/Control/six_dof_robot_ws/build/welder_mvt_cfg_2': AMENT_PREFIX_PATH=/home/kol/Documents/ros_workstation/Control/six_dof_robot_ws/install/welder_description:/home/kol/Documents/ros_workstation/Control/six_dof_robot_ws/install/welder_moveit_config:/home/kol/Documents/ros_workstation/Control/six_dof_robot_ws/install/welder_control:/home/kol/Documents/ros_workstation/Control/six_dof_robot_ws/install/moveit_control:/opt/ros/humble CMAKE_PREFIX_PATH=${CMAKE_PREFIX_PATH}:/home/kol/Documents/ros_workstation/Control/six_dof_robot_ws/install/welder_description:/home/kol/Documents/ros_workstation/Control/six_dof_robot_ws/install/welder_control:/opt/ros/humble /usr/bin/cmake /home/kol/Documents/ros_workstation/Control/six_dof_robot_ws/src/welder_mvt_cfg_2 -DCMAKE_INSTALL_PREFIX=/home/kol/Documents/ros_workstation/Control/six_dof_robot_ws/install/welder_mvt_cfg_2
[3.776s] DEBUG:colcon.colcon_core.event_handler.log_command:Invoked command in '/home/kol/Documents/ros_workstation/Control/six_dof_robot_ws/build/welder_moveit_config' returned '0': AMENT_PREFIX_PATH=/home/kol/Documents/ros_workstation/Control/six_dof_robot_ws/install/welder_description:/home/kol/Documents/ros_workstation/Control/six_dof_robot_ws/install/welder_moveit_config:/home/kol/Documents/ros_workstation/Control/six_dof_robot_ws/install/welder_control:/home/kol/Documents/ros_workstation/Control/six_dof_robot_ws/install/moveit_control:/opt/ros/humble CMAKE_PREFIX_PATH=${CMAKE_PREFIX_PATH}:/home/kol/Documents/ros_workstation/Control/six_dof_robot_ws/install/welder_description:/home/kol/Documents/ros_workstation/Control/six_dof_robot_ws/install/welder_control:/opt/ros/humble /usr/bin/cmake --build /home/kol/Documents/ros_workstation/Control/six_dof_robot_ws/build/welder_moveit_config -- -j4 -l4
[3.776s] DEBUG:colcon.colcon_core.event_handler.log_command:Invoking command in '/home/kol/Documents/ros_workstation/Control/six_dof_robot_ws/build/welder_moveit_config': AMENT_PREFIX_PATH=/home/kol/Documents/ros_workstation/Control/six_dof_robot_ws/install/welder_description:/home/kol/Documents/ros_workstation/Control/six_dof_robot_ws/install/welder_moveit_config:/home/kol/Documents/ros_workstation/Control/six_dof_robot_ws/install/welder_control:/home/kol/Documents/ros_workstation/Control/six_dof_robot_ws/install/moveit_control:/opt/ros/humble CMAKE_PREFIX_PATH=${CMAKE_PREFIX_PATH}:/home/kol/Documents/ros_workstation/Control/six_dof_robot_ws/install/welder_description:/home/kol/Documents/ros_workstation/Control/six_dof_robot_ws/install/welder_control:/opt/ros/humble /usr/bin/cmake --install /home/kol/Documents/ros_workstation/Control/six_dof_robot_ws/build/welder_moveit_config
[3.794s] Level 1:colcon.colcon_core.environment:create_environment_scripts_only(welder_moveit_config)
[3.796s] Level 1:colcon.colcon_core.environment:checking '/home/kol/Documents/ros_workstation/Control/six_dof_robot_ws/install/welder_moveit_config' for CMake module files
[3.795s] DEBUG:colcon.colcon_core.event_handler.log_command:Invoked command in '/home/kol/Documents/ros_workstation/Control/six_dof_robot_ws/build/welder_moveit_config' returned '0': AMENT_PREFIX_PATH=/home/kol/Documents/ros_workstation/Control/six_dof_robot_ws/install/welder_description:/home/kol/Documents/ros_workstation/Control/six_dof_robot_ws/install/welder_moveit_config:/home/kol/Documents/ros_workstation/Control/six_dof_robot_ws/install/welder_control:/home/kol/Documents/ros_workstation/Control/six_dof_robot_ws/install/moveit_control:/opt/ros/humble CMAKE_PREFIX_PATH=${CMAKE_PREFIX_PATH}:/home/kol/Documents/ros_workstation/Control/six_dof_robot_ws/install/welder_description:/home/kol/Documents/ros_workstation/Control/six_dof_robot_ws/install/welder_control:/opt/ros/humble /usr/bin/cmake --install /home/kol/Documents/ros_workstation/Control/six_dof_robot_ws/build/welder_moveit_config
[3.797s] Level 1:colcon.colcon_core.environment:checking '/home/kol/Documents/ros_workstation/Control/six_dof_robot_ws/install/welder_moveit_config' for CMake config files
[3.797s] Level 1:colcon.colcon_core.shell:create_environment_hook('welder_moveit_config', 'cmake_prefix_path')
[3.798s] INFO:colcon.colcon_core.shell:Creating environment hook '/home/kol/Documents/ros_workstation/Control/six_dof_robot_ws/install/welder_moveit_config/share/welder_moveit_config/hook/cmake_prefix_path.ps1'
[3.799s] INFO:colcon.colcon_core.shell:Creating environment descriptor '/home/kol/Documents/ros_workstation/Control/six_dof_robot_ws/install/welder_moveit_config/share/welder_moveit_config/hook/cmake_prefix_path.dsv'
[3.800s] INFO:colcon.colcon_core.shell:Creating environment hook '/home/kol/Documents/ros_workstation/Control/six_dof_robot_ws/install/welder_moveit_config/share/welder_moveit_config/hook/cmake_prefix_path.sh'
[3.801s] Level 1:colcon.colcon_core.environment:checking '/home/kol/Documents/ros_workstation/Control/six_dof_robot_ws/install/welder_moveit_config/bin'
[3.801s] Level 1:colcon.colcon_core.environment:checking '/home/kol/Documents/ros_workstation/Control/six_dof_robot_ws/install/welder_moveit_config/lib/pkgconfig/welder_moveit_config.pc'
[3.801s] Level 1:colcon.colcon_core.environment:checking '/home/kol/Documents/ros_workstation/Control/six_dof_robot_ws/install/welder_moveit_config/lib/python3.10/site-packages'
[3.802s] Level 1:colcon.colcon_core.environment:checking '/home/kol/Documents/ros_workstation/Control/six_dof_robot_ws/install/welder_moveit_config/bin'
[3.803s] INFO:colcon.colcon_core.shell:Creating package script '/home/kol/Documents/ros_workstation/Control/six_dof_robot_ws/install/welder_moveit_config/share/welder_moveit_config/package.ps1'
[3.804s] INFO:colcon.colcon_core.shell:Creating package descriptor '/home/kol/Documents/ros_workstation/Control/six_dof_robot_ws/install/welder_moveit_config/share/welder_moveit_config/package.dsv'
[3.806s] INFO:colcon.colcon_core.shell:Creating package script '/home/kol/Documents/ros_workstation/Control/six_dof_robot_ws/install/welder_moveit_config/share/welder_moveit_config/package.sh'
[3.807s] INFO:colcon.colcon_core.shell:Creating package script '/home/kol/Documents/ros_workstation/Control/six_dof_robot_ws/install/welder_moveit_config/share/welder_moveit_config/package.bash'
[3.808s] INFO:colcon.colcon_core.shell:Creating package script '/home/kol/Documents/ros_workstation/Control/six_dof_robot_ws/install/welder_moveit_config/share/welder_moveit_config/package.zsh'
[3.808s] Level 1:colcon.colcon_core.environment:create_file_with_runtime_dependencies(/home/kol/Documents/ros_workstation/Control/six_dof_robot_ws/install/welder_moveit_config/share/colcon-core/packages/welder_moveit_config)
[3.810s] Level 1:colcon.colcon_core.environment:create_environment_scripts_only(welder_moveit_config)
[3.810s] Level 1:colcon.colcon_core.environment:checking '/home/kol/Documents/ros_workstation/Control/six_dof_robot_ws/install/welder_moveit_config' for CMake module files
[3.811s] Level 1:colcon.colcon_core.environment:checking '/home/kol/Documents/ros_workstation/Control/six_dof_robot_ws/install/welder_moveit_config' for CMake config files
[3.812s] Level 1:colcon.colcon_core.shell:create_environment_hook('welder_moveit_config', 'cmake_prefix_path')
[3.812s] INFO:colcon.colcon_core.shell:Creating environment hook '/home/kol/Documents/ros_workstation/Control/six_dof_robot_ws/install/welder_moveit_config/share/welder_moveit_config/hook/cmake_prefix_path.ps1'
[3.813s] INFO:colcon.colcon_core.shell:Creating environment descriptor '/home/kol/Documents/ros_workstation/Control/six_dof_robot_ws/install/welder_moveit_config/share/welder_moveit_config/hook/cmake_prefix_path.dsv'
[3.814s] INFO:colcon.colcon_core.shell:Creating environment hook '/home/kol/Documents/ros_workstation/Control/six_dof_robot_ws/install/welder_moveit_config/share/welder_moveit_config/hook/cmake_prefix_path.sh'
[3.815s] Level 1:colcon.colcon_core.environment:checking '/home/kol/Documents/ros_workstation/Control/six_dof_robot_ws/install/welder_moveit_config/bin'
[3.815s] Level 1:colcon.colcon_core.environment:checking '/home/kol/Documents/ros_workstation/Control/six_dof_robot_ws/install/welder_moveit_config/lib/pkgconfig/welder_moveit_config.pc'
[3.816s] Level 1:colcon.colcon_core.environment:checking '/home/kol/Documents/ros_workstation/Control/six_dof_robot_ws/install/welder_moveit_config/lib/python3.10/site-packages'
[3.816s] Level 1:colcon.colcon_core.environment:checking '/home/kol/Documents/ros_workstation/Control/six_dof_robot_ws/install/welder_moveit_config/bin'
[3.817s] INFO:colcon.colcon_core.shell:Creating package script '/home/kol/Documents/ros_workstation/Control/six_dof_robot_ws/install/welder_moveit_config/share/welder_moveit_config/package.ps1'
[3.818s] INFO:colcon.colcon_core.shell:Creating package descriptor '/home/kol/Documents/ros_workstation/Control/six_dof_robot_ws/install/welder_moveit_config/share/welder_moveit_config/package.dsv'
[3.819s] INFO:colcon.colcon_core.shell:Creating package script '/home/kol/Documents/ros_workstation/Control/six_dof_robot_ws/install/welder_moveit_config/share/welder_moveit_config/package.sh'
[3.820s] INFO:colcon.colcon_core.shell:Creating package script '/home/kol/Documents/ros_workstation/Control/six_dof_robot_ws/install/welder_moveit_config/share/welder_moveit_config/package.bash'
[3.821s] INFO:colcon.colcon_core.shell:Creating package script '/home/kol/Documents/ros_workstation/Control/six_dof_robot_ws/install/welder_moveit_config/share/welder_moveit_config/package.zsh'
[3.822s] Level 1:colcon.colcon_core.environment:create_file_with_runtime_dependencies(/home/kol/Documents/ros_workstation/Control/six_dof_robot_ws/install/welder_moveit_config/share/colcon-core/packages/welder_moveit_config)
[4.638s] DEBUG:colcon.colcon_core.event_handler.log_command:Invoked command in '/home/kol/Documents/ros_workstation/Control/six_dof_robot_ws/build/welder_mvt_cfg_2' returned '0': AMENT_PREFIX_PATH=/home/kol/Documents/ros_workstation/Control/six_dof_robot_ws/install/welder_description:/home/kol/Documents/ros_workstation/Control/six_dof_robot_ws/install/welder_moveit_config:/home/kol/Documents/ros_workstation/Control/six_dof_robot_ws/install/welder_control:/home/kol/Documents/ros_workstation/Control/six_dof_robot_ws/install/moveit_control:/opt/ros/humble CMAKE_PREFIX_PATH=${CMAKE_PREFIX_PATH}:/home/kol/Documents/ros_workstation/Control/six_dof_robot_ws/install/welder_description:/home/kol/Documents/ros_workstation/Control/six_dof_robot_ws/install/welder_control:/opt/ros/humble /usr/bin/cmake /home/kol/Documents/ros_workstation/Control/six_dof_robot_ws/src/welder_mvt_cfg_2 -DCMAKE_INSTALL_PREFIX=/home/kol/Documents/ros_workstation/Control/six_dof_robot_ws/install/welder_mvt_cfg_2
[4.639s] DEBUG:colcon.colcon_core.event_handler.log_command:Invoking command in '/home/kol/Documents/ros_workstation/Control/six_dof_robot_ws/build/welder_mvt_cfg_2': AMENT_PREFIX_PATH=/home/kol/Documents/ros_workstation/Control/six_dof_robot_ws/install/welder_description:/home/kol/Documents/ros_workstation/Control/six_dof_robot_ws/install/welder_moveit_config:/home/kol/Documents/ros_workstation/Control/six_dof_robot_ws/install/welder_control:/home/kol/Documents/ros_workstation/Control/six_dof_robot_ws/install/moveit_control:/opt/ros/humble CMAKE_PREFIX_PATH=${CMAKE_PREFIX_PATH}:/home/kol/Documents/ros_workstation/Control/six_dof_robot_ws/install/welder_description:/home/kol/Documents/ros_workstation/Control/six_dof_robot_ws/install/welder_control:/opt/ros/humble /usr/bin/cmake --build /home/kol/Documents/ros_workstation/Control/six_dof_robot_ws/build/welder_mvt_cfg_2 -- -j4 -l4
[4.680s] DEBUG:colcon.colcon_core.event_handler.log_command:Invoked command in '/home/kol/Documents/ros_workstation/Control/six_dof_robot_ws/build/welder_mvt_cfg_2' returned '0': AMENT_PREFIX_PATH=/home/kol/Documents/ros_workstation/Control/six_dof_robot_ws/install/welder_description:/home/kol/Documents/ros_workstation/Control/six_dof_robot_ws/install/welder_moveit_config:/home/kol/Documents/ros_workstation/Control/six_dof_robot_ws/install/welder_control:/home/kol/Documents/ros_workstation/Control/six_dof_robot_ws/install/moveit_control:/opt/ros/humble CMAKE_PREFIX_PATH=${CMAKE_PREFIX_PATH}:/home/kol/Documents/ros_workstation/Control/six_dof_robot_ws/install/welder_description:/home/kol/Documents/ros_workstation/Control/six_dof_robot_ws/install/welder_control:/opt/ros/humble /usr/bin/cmake --build /home/kol/Documents/ros_workstation/Control/six_dof_robot_ws/build/welder_mvt_cfg_2 -- -j4 -l4
[4.682s] DEBUG:colcon.colcon_core.event_handler.log_command:Invoking command in '/home/kol/Documents/ros_workstation/Control/six_dof_robot_ws/build/welder_mvt_cfg_2': AMENT_PREFIX_PATH=/home/kol/Documents/ros_workstation/Control/six_dof_robot_ws/install/welder_description:/home/kol/Documents/ros_workstation/Control/six_dof_robot_ws/install/welder_moveit_config:/home/kol/Documents/ros_workstation/Control/six_dof_robot_ws/install/welder_control:/home/kol/Documents/ros_workstation/Control/six_dof_robot_ws/install/moveit_control:/opt/ros/humble CMAKE_PREFIX_PATH=${CMAKE_PREFIX_PATH}:/home/kol/Documents/ros_workstation/Control/six_dof_robot_ws/install/welder_description:/home/kol/Documents/ros_workstation/Control/six_dof_robot_ws/install/welder_control:/opt/ros/humble /usr/bin/cmake --install /home/kol/Documents/ros_workstation/Control/six_dof_robot_ws/build/welder_mvt_cfg_2
[4.703s] Level 1:colcon.colcon_core.environment:create_environment_scripts_only(welder_mvt_cfg_2)
[4.704s] Level 1:colcon.colcon_core.environment:checking '/home/kol/Documents/ros_workstation/Control/six_dof_robot_ws/install/welder_mvt_cfg_2' for CMake module files
[4.705s] DEBUG:colcon.colcon_core.event_handler.log_command:Invoked command in '/home/kol/Documents/ros_workstation/Control/six_dof_robot_ws/build/welder_mvt_cfg_2' returned '0': AMENT_PREFIX_PATH=/home/kol/Documents/ros_workstation/Control/six_dof_robot_ws/install/welder_description:/home/kol/Documents/ros_workstation/Control/six_dof_robot_ws/install/welder_moveit_config:/home/kol/Documents/ros_workstation/Control/six_dof_robot_ws/install/welder_control:/home/kol/Documents/ros_workstation/Control/six_dof_robot_ws/install/moveit_control:/opt/ros/humble CMAKE_PREFIX_PATH=${CMAKE_PREFIX_PATH}:/home/kol/Documents/ros_workstation/Control/six_dof_robot_ws/install/welder_description:/home/kol/Documents/ros_workstation/Control/six_dof_robot_ws/install/welder_control:/opt/ros/humble /usr/bin/cmake --install /home/kol/Documents/ros_workstation/Control/six_dof_robot_ws/build/welder_mvt_cfg_2
[4.705s] Level 1:colcon.colcon_core.environment:checking '/home/kol/Documents/ros_workstation/Control/six_dof_robot_ws/install/welder_mvt_cfg_2' for CMake config files
[4.706s] Level 1:colcon.colcon_core.shell:create_environment_hook('welder_mvt_cfg_2', 'cmake_prefix_path')
[4.706s] INFO:colcon.colcon_core.shell:Creating environment hook '/home/kol/Documents/ros_workstation/Control/six_dof_robot_ws/install/welder_mvt_cfg_2/share/welder_mvt_cfg_2/hook/cmake_prefix_path.ps1'
[4.707s] INFO:colcon.colcon_core.shell:Creating environment descriptor '/home/kol/Documents/ros_workstation/Control/six_dof_robot_ws/install/welder_mvt_cfg_2/share/welder_mvt_cfg_2/hook/cmake_prefix_path.dsv'
[4.707s] INFO:colcon.colcon_core.shell:Creating environment hook '/home/kol/Documents/ros_workstation/Control/six_dof_robot_ws/install/welder_mvt_cfg_2/share/welder_mvt_cfg_2/hook/cmake_prefix_path.sh'
[4.708s] Level 1:colcon.colcon_core.environment:checking '/home/kol/Documents/ros_workstation/Control/six_dof_robot_ws/install/welder_mvt_cfg_2/bin'
[4.708s] Level 1:colcon.colcon_core.environment:checking '/home/kol/Documents/ros_workstation/Control/six_dof_robot_ws/install/welder_mvt_cfg_2/lib/pkgconfig/welder_mvt_cfg_2.pc'
[4.708s] Level 1:colcon.colcon_core.environment:checking '/home/kol/Documents/ros_workstation/Control/six_dof_robot_ws/install/welder_mvt_cfg_2/lib/python3.10/site-packages'
[4.708s] Level 1:colcon.colcon_core.environment:checking '/home/kol/Documents/ros_workstation/Control/six_dof_robot_ws/install/welder_mvt_cfg_2/bin'
[4.709s] INFO:colcon.colcon_core.shell:Creating package script '/home/kol/Documents/ros_workstation/Control/six_dof_robot_ws/install/welder_mvt_cfg_2/share/welder_mvt_cfg_2/package.ps1'
[4.709s] INFO:colcon.colcon_core.shell:Creating package descriptor '/home/kol/Documents/ros_workstation/Control/six_dof_robot_ws/install/welder_mvt_cfg_2/share/welder_mvt_cfg_2/package.dsv'
[4.710s] INFO:colcon.colcon_core.shell:Creating package script '/home/kol/Documents/ros_workstation/Control/six_dof_robot_ws/install/welder_mvt_cfg_2/share/welder_mvt_cfg_2/package.sh'
[4.710s] INFO:colcon.colcon_core.shell:Creating package script '/home/kol/Documents/ros_workstation/Control/six_dof_robot_ws/install/welder_mvt_cfg_2/share/welder_mvt_cfg_2/package.bash'
[4.710s] INFO:colcon.colcon_core.shell:Creating package script '/home/kol/Documents/ros_workstation/Control/six_dof_robot_ws/install/welder_mvt_cfg_2/share/welder_mvt_cfg_2/package.zsh'
[4.711s] Level 1:colcon.colcon_core.environment:create_file_with_runtime_dependencies(/home/kol/Documents/ros_workstation/Control/six_dof_robot_ws/install/welder_mvt_cfg_2/share/colcon-core/packages/welder_mvt_cfg_2)
[4.711s] Level 1:colcon.colcon_core.environment:create_environment_scripts_only(welder_mvt_cfg_2)
[4.711s] Level 1:colcon.colcon_core.environment:checking '/home/kol/Documents/ros_workstation/Control/six_dof_robot_ws/install/welder_mvt_cfg_2' for CMake module files
[4.712s] Level 1:colcon.colcon_core.environment:checking '/home/kol/Documents/ros_workstation/Control/six_dof_robot_ws/install/welder_mvt_cfg_2' for CMake config files
[4.712s] Level 1:colcon.colcon_core.shell:create_environment_hook('welder_mvt_cfg_2', 'cmake_prefix_path')
[4.712s] INFO:colcon.colcon_core.shell:Creating environment hook '/home/kol/Documents/ros_workstation/Control/six_dof_robot_ws/install/welder_mvt_cfg_2/share/welder_mvt_cfg_2/hook/cmake_prefix_path.ps1'
[4.713s] INFO:colcon.colcon_core.shell:Creating environment descriptor '/home/kol/Documents/ros_workstation/Control/six_dof_robot_ws/install/welder_mvt_cfg_2/share/welder_mvt_cfg_2/hook/cmake_prefix_path.dsv'
[4.714s] INFO:colcon.colcon_core.shell:Creating environment hook '/home/kol/Documents/ros_workstation/Control/six_dof_robot_ws/install/welder_mvt_cfg_2/share/welder_mvt_cfg_2/hook/cmake_prefix_path.sh'
[4.715s] Level 1:colcon.colcon_core.environment:checking '/home/kol/Documents/ros_workstation/Control/six_dof_robot_ws/install/welder_mvt_cfg_2/bin'
[4.715s] Level 1:colcon.colcon_core.environment:checking '/home/kol/Documents/ros_workstation/Control/six_dof_robot_ws/install/welder_mvt_cfg_2/lib/pkgconfig/welder_mvt_cfg_2.pc'
[4.716s] Level 1:colcon.colcon_core.environment:checking '/home/kol/Documents/ros_workstation/Control/six_dof_robot_ws/install/welder_mvt_cfg_2/lib/python3.10/site-packages'
[4.716s] Level 1:colcon.colcon_core.environment:checking '/home/kol/Documents/ros_workstation/Control/six_dof_robot_ws/install/welder_mvt_cfg_2/bin'
[4.717s] INFO:colcon.colcon_core.shell:Creating package script '/home/kol/Documents/ros_workstation/Control/six_dof_robot_ws/install/welder_mvt_cfg_2/share/welder_mvt_cfg_2/package.ps1'
[4.717s] INFO:colcon.colcon_core.shell:Creating package descriptor '/home/kol/Documents/ros_workstation/Control/six_dof_robot_ws/install/welder_mvt_cfg_2/share/welder_mvt_cfg_2/package.dsv'
[4.718s] INFO:colcon.colcon_core.shell:Creating package script '/home/kol/Documents/ros_workstation/Control/six_dof_robot_ws/install/welder_mvt_cfg_2/share/welder_mvt_cfg_2/package.sh'
[4.718s] INFO:colcon.colcon_core.shell:Creating package script '/home/kol/Documents/ros_workstation/Control/six_dof_robot_ws/install/welder_mvt_cfg_2/share/welder_mvt_cfg_2/package.bash'
[4.719s] INFO:colcon.colcon_core.shell:Creating package script '/home/kol/Documents/ros_workstation/Control/six_dof_robot_ws/install/welder_mvt_cfg_2/share/welder_mvt_cfg_2/package.zsh'
[4.719s] Level 1:colcon.colcon_core.environment:create_file_with_runtime_dependencies(/home/kol/Documents/ros_workstation/Control/six_dof_robot_ws/install/welder_mvt_cfg_2/share/colcon-core/packages/welder_mvt_cfg_2)
[4.719s] DEBUG:colcon.colcon_parallel_executor.executor.parallel:closing loop
[4.720s] DEBUG:colcon.colcon_parallel_executor.executor.parallel:loop closed
[4.720s] DEBUG:colcon.colcon_parallel_executor.executor.parallel:run_until_complete finished with '0'
[4.720s] DEBUG:colcon.colcon_core.event_reactor:joining thread
[4.725s] INFO:colcon.colcon_core.plugin_system:Skipping extension 'colcon_notification.desktop_notification.terminal_notifier': Not used on non-Darwin systems
[4.725s] INFO:colcon.colcon_core.plugin_system:Skipping extension 'colcon_notification.desktop_notification.win32': Not used on non-Windows systems
[4.725s] INFO:colcon.colcon_notification.desktop_notification:Sending desktop notification using 'notify2'
[4.735s] DEBUG:colcon.colcon_core.event_reactor:joined thread
[4.735s] INFO:colcon.colcon_core.shell:Creating prefix script '/home/kol/Documents/ros_workstation/Control/six_dof_robot_ws/install/local_setup.ps1'
[4.736s] INFO:colcon.colcon_core.shell:Creating prefix util module '/home/kol/Documents/ros_workstation/Control/six_dof_robot_ws/install/_local_setup_util_ps1.py'
[4.738s] INFO:colcon.colcon_core.shell:Creating prefix chain script '/home/kol/Documents/ros_workstation/Control/six_dof_robot_ws/install/setup.ps1'
[4.740s] INFO:colcon.colcon_core.shell:Creating prefix script '/home/kol/Documents/ros_workstation/Control/six_dof_robot_ws/install/local_setup.sh'
[4.741s] INFO:colcon.colcon_core.shell:Creating prefix util module '/home/kol/Documents/ros_workstation/Control/six_dof_robot_ws/install/_local_setup_util_sh.py'
[4.741s] INFO:colcon.colcon_core.shell:Creating prefix chain script '/home/kol/Documents/ros_workstation/Control/six_dof_robot_ws/install/setup.sh'
[4.743s] INFO:colcon.colcon_core.shell:Creating prefix script '/home/kol/Documents/ros_workstation/Control/six_dof_robot_ws/install/local_setup.bash'
[4.743s] INFO:colcon.colcon_core.shell:Creating prefix chain script '/home/kol/Documents/ros_workstation/Control/six_dof_robot_ws/install/setup.bash'
[4.744s] INFO:colcon.colcon_core.shell:Creating prefix script '/home/kol/Documents/ros_workstation/Control/six_dof_robot_ws/install/local_setup.zsh'
[4.745s] INFO:colcon.colcon_core.shell:Creating prefix chain script '/home/kol/Documents/ros_workstation/Control/six_dof_robot_ws/install/setup.zsh'
