[0.130s] DEBUG:colcon:Command line arguments: ['/usr/bin/colcon', 'build']
[0.130s] DEBUG:colcon:Parsed command line arguments: Namespace(log_base=None, log_level=None, verb_name='build', build_base='build', install_base='install', merge_install=False, symlink_install=False, test_result_base=None, continue_on_error=False, executor='parallel', parallel_workers=4, event_handlers=None, ignore_user_meta=False, metas=['./colcon.meta'], base_paths=['.'], packages_ignore=None, packages_ignore_regex=None, paths=None, packages_up_to=None, packages_up_to_regex=None, packages_above=None, packages_above_and_dependencies=None, packages_above_depth=None, packages_select_by_dep=None, packages_skip_by_dep=None, packages_skip_up_to=None, packages_select_build_failed=False, packages_skip_build_finished=False, packages_select_test_failures=False, packages_skip_test_passed=False, packages_select=None, packages_skip=None, packages_select_regex=None, packages_skip_regex=None, packages_start=None, packages_end=None, allow_overriding=[], cmake_args=None, cmake_target=None, cmake_target_skip_unavailable=False, cmake_clean_cache=False, cmake_clean_first=False, cmake_force_configure=False, ament_cmake_args=None, catkin_cmake_args=None, catkin_skip_building_tests=False, mixin_files=None, mixin=None, verb_parser=<colcon_mixin.mixin.mixin_argument.MixinArgumentDecorator object at 0x7034dcf8df90>, verb_extension=<colcon_core.verb.build.BuildVerb object at 0x7034dcf8d990>, main=<bound method BuildVerb.main of <colcon_core.verb.build.BuildVerb object at 0x7034dcf8d990>>, mixin_verb=('build',))
[0.386s] Level 1:colcon.colcon_core.package_discovery:discover_packages(colcon_meta) check parameters
[0.386s] Level 1:colcon.colcon_core.package_discovery:discover_packages(recursive) check parameters
[0.386s] Level 1:colcon.colcon_core.package_discovery:discover_packages(ignore) check parameters
[0.386s] Level 1:colcon.colcon_core.package_discovery:discover_packages(path) check parameters
[0.386s] Level 1:colcon.colcon_core.package_discovery:discover_packages(colcon_meta) discover
[0.386s] Level 1:colcon.colcon_core.package_discovery:discover_packages(recursive) discover
[0.386s] INFO:colcon.colcon_core.package_discovery:Crawling recursively for packages in '/home/kol/Documents/ros_workstation/worlds/sixdof/src'
[0.386s] Level 1:colcon.colcon_core.package_identification:_identify(.) by extensions ['ignore', 'ignore_ament_install']
[0.386s] Level 1:colcon.colcon_core.package_identification:_identify(.) by extension 'ignore'
[0.386s] Level 1:colcon.colcon_core.package_identification:_identify(.) by extension 'ignore_ament_install'
[0.386s] Level 1:colcon.colcon_core.package_identification:_identify(.) by extensions ['colcon_pkg']
[0.386s] Level 1:colcon.colcon_core.package_identification:_identify(.) by extension 'colcon_pkg'
[0.386s] Level 1:colcon.colcon_core.package_identification:_identify(.) by extensions ['colcon_meta']
[0.386s] Level 1:colcon.colcon_core.package_identification:_identify(.) by extension 'colcon_meta'
[0.386s] Level 1:colcon.colcon_core.package_identification:_identify(.) by extensions ['ros']
[0.386s] Level 1:colcon.colcon_core.package_identification:_identify(.) by extension 'ros'
[0.401s] Level 1:colcon.colcon_core.package_identification:_identify(.) by extensions ['cmake', 'python']
[0.401s] Level 1:colcon.colcon_core.package_identification:_identify(.) by extension 'cmake'
[0.401s] Level 1:colcon.colcon_core.package_identification:_identify(.) by extension 'python'
[0.401s] Level 1:colcon.colcon_core.package_identification:_identify(.) by extensions ['python_setup_py']
[0.401s] Level 1:colcon.colcon_core.package_identification:_identify(.) by extension 'python_setup_py'
[0.401s] Level 1:colcon.colcon_core.package_identification:_identify(build) by extensions ['ignore', 'ignore_ament_install']
[0.401s] Level 1:colcon.colcon_core.package_identification:_identify(build) by extension 'ignore'
[0.401s] Level 1:colcon.colcon_core.package_identification:_identify(build) ignored
[0.401s] Level 1:colcon.colcon_core.package_identification:_identify(install) by extensions ['ignore', 'ignore_ament_install']
[0.402s] Level 1:colcon.colcon_core.package_identification:_identify(install) by extension 'ignore'
[0.402s] Level 1:colcon.colcon_core.package_identification:_identify(install) ignored
[0.402s] Level 1:colcon.colcon_core.package_identification:_identify(log) by extensions ['ignore', 'ignore_ament_install']
[0.402s] Level 1:colcon.colcon_core.package_identification:_identify(log) by extension 'ignore'
[0.402s] Level 1:colcon.colcon_core.package_identification:_identify(log) ignored
[0.402s] Level 1:colcon.colcon_core.package_identification:_identify(sixdof) by extensions ['ignore', 'ignore_ament_install']
[0.402s] Level 1:colcon.colcon_core.package_identification:_identify(sixdof) by extension 'ignore'
[0.402s] Level 1:colcon.colcon_core.package_identification:_identify(sixdof) by extension 'ignore_ament_install'
[0.402s] Level 1:colcon.colcon_core.package_identification:_identify(sixdof) by extensions ['colcon_pkg']
[0.402s] Level 1:colcon.colcon_core.package_identification:_identify(sixdof) by extension 'colcon_pkg'
[0.402s] Level 1:colcon.colcon_core.package_identification:_identify(sixdof) by extensions ['colcon_meta']
[0.402s] Level 1:colcon.colcon_core.package_identification:_identify(sixdof) by extension 'colcon_meta'
[0.402s] Level 1:colcon.colcon_core.package_identification:_identify(sixdof) by extensions ['ros']
[0.402s] Level 1:colcon.colcon_core.package_identification:_identify(sixdof) by extension 'ros'
[0.404s] DEBUG:colcon.colcon_core.package_identification:Package 'sixdof' with type 'ros.ament_cmake' and name 'sixdof'
[0.404s] Level 1:colcon.colcon_core.package_discovery:discover_packages(recursive) using defaults
[0.405s] Level 1:colcon.colcon_core.package_discovery:discover_packages(ignore) discover
[0.405s] Level 1:colcon.colcon_core.package_discovery:discover_packages(ignore) using defaults
[0.405s] Level 1:colcon.colcon_core.package_discovery:discover_packages(path) discover
[0.405s] Level 1:colcon.colcon_core.package_discovery:discover_packages(path) using defaults
[0.427s] Level 1:colcon.colcon_core.package_discovery:discover_packages(prefix_path) check parameters
[0.427s] Level 1:colcon.colcon_core.package_discovery:discover_packages(prefix_path) discover
[0.429s] DEBUG:colcon.colcon_installed_package_information.package_discovery:Found 1 installed packages in /home/kol/Documents/ros_workstation/worlds/sixdof/install
[0.431s] DEBUG:colcon.colcon_installed_package_information.package_discovery:Found 382 installed packages in /opt/ros/humble
[0.433s] Level 1:colcon.colcon_core.package_discovery:discover_packages(prefix_path) using defaults
[0.488s] Level 5:colcon.colcon_core.verb:set package 'sixdof' build argument 'cmake_args' from command line to 'None'
[0.488s] Level 5:colcon.colcon_core.verb:set package 'sixdof' build argument 'cmake_target' from command line to 'None'
[0.488s] Level 5:colcon.colcon_core.verb:set package 'sixdof' build argument 'cmake_target_skip_unavailable' from command line to 'False'
[0.488s] Level 5:colcon.colcon_core.verb:set package 'sixdof' build argument 'cmake_clean_cache' from command line to 'False'
[0.488s] Level 5:colcon.colcon_core.verb:set package 'sixdof' build argument 'cmake_clean_first' from command line to 'False'
[0.488s] Level 5:colcon.colcon_core.verb:set package 'sixdof' build argument 'cmake_force_configure' from command line to 'False'
[0.488s] Level 5:colcon.colcon_core.verb:set package 'sixdof' build argument 'ament_cmake_args' from command line to 'None'
[0.488s] Level 5:colcon.colcon_core.verb:set package 'sixdof' build argument 'catkin_cmake_args' from command line to 'None'
[0.488s] Level 5:colcon.colcon_core.verb:set package 'sixdof' build argument 'catkin_skip_building_tests' from command line to 'False'
[0.488s] DEBUG:colcon.colcon_core.verb:Building package 'sixdof' with the following arguments: {'ament_cmake_args': None, 'build_base': '/home/kol/Documents/ros_workstation/worlds/sixdof/src/build/sixdof', 'catkin_cmake_args': None, 'catkin_skip_building_tests': False, 'cmake_args': None, 'cmake_clean_cache': False, 'cmake_clean_first': False, 'cmake_force_configure': False, 'cmake_target': None, 'cmake_target_skip_unavailable': False, 'install_base': '/home/kol/Documents/ros_workstation/worlds/sixdof/src/install/sixdof', 'merge_install': False, 'path': '/home/kol/Documents/ros_workstation/worlds/sixdof/src/sixdof', 'symlink_install': False, 'test_result_base': None}
[0.489s] INFO:colcon.colcon_core.executor:Executing jobs using 'parallel' executor
[0.490s] DEBUG:colcon.colcon_parallel_executor.executor.parallel:run_until_complete
[0.491s] INFO:colcon.colcon_ros.task.ament_cmake.build:Building ROS package in '/home/kol/Documents/ros_workstation/worlds/sixdof/src/sixdof' with build type 'ament_cmake'
[0.491s] INFO:colcon.colcon_cmake.task.cmake.build:Building CMake package in '/home/kol/Documents/ros_workstation/worlds/sixdof/src/sixdof'
[0.494s] INFO:colcon.colcon_core.plugin_system:Skipping extension 'colcon_core.shell.bat': Not used on non-Windows systems
[0.494s] INFO:colcon.colcon_core.shell:Skip shell extension 'powershell' for command environment: Not usable outside of PowerShell
[0.494s] DEBUG:colcon.colcon_core.shell:Skip shell extension 'dsv' for command environment
[0.502s] DEBUG:colcon.colcon_core.event_handler.log_command:Invoking command in '/home/kol/Documents/ros_workstation/worlds/sixdof/src/build/sixdof': CMAKE_PREFIX_PATH=${CMAKE_PREFIX_PATH}:/opt/ros/humble /usr/bin/cmake /home/kol/Documents/ros_workstation/worlds/sixdof/src/sixdof -DCMAKE_INSTALL_PREFIX=/home/kol/Documents/ros_workstation/worlds/sixdof/src/install/sixdof
[1.188s] DEBUG:colcon.colcon_core.event_handler.log_command:Invoked command in '/home/kol/Documents/ros_workstation/worlds/sixdof/src/build/sixdof' returned '0': CMAKE_PREFIX_PATH=${CMAKE_PREFIX_PATH}:/opt/ros/humble /usr/bin/cmake /home/kol/Documents/ros_workstation/worlds/sixdof/src/sixdof -DCMAKE_INSTALL_PREFIX=/home/kol/Documents/ros_workstation/worlds/sixdof/src/install/sixdof
[1.190s] DEBUG:colcon.colcon_core.event_handler.log_command:Invoking command in '/home/kol/Documents/ros_workstation/worlds/sixdof/src/build/sixdof': CMAKE_PREFIX_PATH=${CMAKE_PREFIX_PATH}:/opt/ros/humble /usr/bin/cmake --build /home/kol/Documents/ros_workstation/worlds/sixdof/src/build/sixdof -- -j4 -l4
[1.232s] DEBUG:colcon.colcon_core.event_handler.log_command:Invoked command in '/home/kol/Documents/ros_workstation/worlds/sixdof/src/build/sixdof' returned '0': CMAKE_PREFIX_PATH=${CMAKE_PREFIX_PATH}:/opt/ros/humble /usr/bin/cmake --build /home/kol/Documents/ros_workstation/worlds/sixdof/src/build/sixdof -- -j4 -l4
[1.243s] DEBUG:colcon.colcon_core.event_handler.log_command:Invoking command in '/home/kol/Documents/ros_workstation/worlds/sixdof/src/build/sixdof': CMAKE_PREFIX_PATH=${CMAKE_PREFIX_PATH}:/opt/ros/humble /usr/bin/cmake --install /home/kol/Documents/ros_workstation/worlds/sixdof/src/build/sixdof
[1.259s] Level 1:colcon.colcon_core.environment:create_environment_scripts_only(sixdof)
[1.260s] DEBUG:colcon.colcon_core.event_handler.log_command:Invoked command in '/home/kol/Documents/ros_workstation/worlds/sixdof/src/build/sixdof' returned '0': CMAKE_PREFIX_PATH=${CMAKE_PREFIX_PATH}:/opt/ros/humble /usr/bin/cmake --install /home/kol/Documents/ros_workstation/worlds/sixdof/src/build/sixdof
[1.262s] Level 1:colcon.colcon_core.environment:checking '/home/kol/Documents/ros_workstation/worlds/sixdof/src/install/sixdof' for CMake module files
[1.262s] Level 1:colcon.colcon_core.environment:checking '/home/kol/Documents/ros_workstation/worlds/sixdof/src/install/sixdof' for CMake config files
[1.263s] Level 1:colcon.colcon_core.shell:create_environment_hook('sixdof', 'cmake_prefix_path')
[1.263s] INFO:colcon.colcon_core.shell:Creating environment hook '/home/kol/Documents/ros_workstation/worlds/sixdof/src/install/sixdof/share/sixdof/hook/cmake_prefix_path.ps1'
[1.263s] INFO:colcon.colcon_core.shell:Creating environment descriptor '/home/kol/Documents/ros_workstation/worlds/sixdof/src/install/sixdof/share/sixdof/hook/cmake_prefix_path.dsv'
[1.264s] INFO:colcon.colcon_core.shell:Creating environment hook '/home/kol/Documents/ros_workstation/worlds/sixdof/src/install/sixdof/share/sixdof/hook/cmake_prefix_path.sh'
[1.264s] Level 1:colcon.colcon_core.environment:checking '/home/kol/Documents/ros_workstation/worlds/sixdof/src/install/sixdof/bin'
[1.264s] Level 1:colcon.colcon_core.environment:checking '/home/kol/Documents/ros_workstation/worlds/sixdof/src/install/sixdof/lib/pkgconfig/sixdof.pc'
[1.265s] Level 1:colcon.colcon_core.environment:checking '/home/kol/Documents/ros_workstation/worlds/sixdof/src/install/sixdof/lib/python3.10/site-packages'
[1.265s] Level 1:colcon.colcon_core.environment:checking '/home/kol/Documents/ros_workstation/worlds/sixdof/src/install/sixdof/bin'
[1.265s] INFO:colcon.colcon_core.shell:Creating package script '/home/kol/Documents/ros_workstation/worlds/sixdof/src/install/sixdof/share/sixdof/package.ps1'
[1.266s] INFO:colcon.colcon_core.shell:Creating package descriptor '/home/kol/Documents/ros_workstation/worlds/sixdof/src/install/sixdof/share/sixdof/package.dsv'
[1.266s] INFO:colcon.colcon_core.shell:Creating package script '/home/kol/Documents/ros_workstation/worlds/sixdof/src/install/sixdof/share/sixdof/package.sh'
[1.267s] INFO:colcon.colcon_core.shell:Creating package script '/home/kol/Documents/ros_workstation/worlds/sixdof/src/install/sixdof/share/sixdof/package.bash'
[1.268s] INFO:colcon.colcon_core.shell:Creating package script '/home/kol/Documents/ros_workstation/worlds/sixdof/src/install/sixdof/share/sixdof/package.zsh'
[1.268s] Level 1:colcon.colcon_core.environment:create_file_with_runtime_dependencies(/home/kol/Documents/ros_workstation/worlds/sixdof/src/install/sixdof/share/colcon-core/packages/sixdof)
[1.269s] Level 1:colcon.colcon_core.environment:create_environment_scripts_only(sixdof)
[1.269s] Level 1:colcon.colcon_core.environment:checking '/home/kol/Documents/ros_workstation/worlds/sixdof/src/install/sixdof' for CMake module files
[1.269s] Level 1:colcon.colcon_core.environment:checking '/home/kol/Documents/ros_workstation/worlds/sixdof/src/install/sixdof' for CMake config files
[1.270s] Level 1:colcon.colcon_core.shell:create_environment_hook('sixdof', 'cmake_prefix_path')
[1.270s] INFO:colcon.colcon_core.shell:Creating environment hook '/home/kol/Documents/ros_workstation/worlds/sixdof/src/install/sixdof/share/sixdof/hook/cmake_prefix_path.ps1'
[1.270s] INFO:colcon.colcon_core.shell:Creating environment descriptor '/home/kol/Documents/ros_workstation/worlds/sixdof/src/install/sixdof/share/sixdof/hook/cmake_prefix_path.dsv'
[1.270s] INFO:colcon.colcon_core.shell:Creating environment hook '/home/kol/Documents/ros_workstation/worlds/sixdof/src/install/sixdof/share/sixdof/hook/cmake_prefix_path.sh'
[1.271s] Level 1:colcon.colcon_core.environment:checking '/home/kol/Documents/ros_workstation/worlds/sixdof/src/install/sixdof/bin'
[1.271s] Level 1:colcon.colcon_core.environment:checking '/home/kol/Documents/ros_workstation/worlds/sixdof/src/install/sixdof/lib/pkgconfig/sixdof.pc'
[1.271s] Level 1:colcon.colcon_core.environment:checking '/home/kol/Documents/ros_workstation/worlds/sixdof/src/install/sixdof/lib/python3.10/site-packages'
[1.271s] Level 1:colcon.colcon_core.environment:checking '/home/kol/Documents/ros_workstation/worlds/sixdof/src/install/sixdof/bin'
[1.272s] INFO:colcon.colcon_core.shell:Creating package script '/home/kol/Documents/ros_workstation/worlds/sixdof/src/install/sixdof/share/sixdof/package.ps1'
[1.272s] INFO:colcon.colcon_core.shell:Creating package descriptor '/home/kol/Documents/ros_workstation/worlds/sixdof/src/install/sixdof/share/sixdof/package.dsv'
[1.273s] INFO:colcon.colcon_core.shell:Creating package script '/home/kol/Documents/ros_workstation/worlds/sixdof/src/install/sixdof/share/sixdof/package.sh'
[1.274s] INFO:colcon.colcon_core.shell:Creating package script '/home/kol/Documents/ros_workstation/worlds/sixdof/src/install/sixdof/share/sixdof/package.bash'
[1.274s] INFO:colcon.colcon_core.shell:Creating package script '/home/kol/Documents/ros_workstation/worlds/sixdof/src/install/sixdof/share/sixdof/package.zsh'
[1.275s] Level 1:colcon.colcon_core.environment:create_file_with_runtime_dependencies(/home/kol/Documents/ros_workstation/worlds/sixdof/src/install/sixdof/share/colcon-core/packages/sixdof)
[1.275s] DEBUG:colcon.colcon_parallel_executor.executor.parallel:closing loop
[1.275s] DEBUG:colcon.colcon_parallel_executor.executor.parallel:loop closed
[1.275s] DEBUG:colcon.colcon_parallel_executor.executor.parallel:run_until_complete finished with '0'
[1.275s] DEBUG:colcon.colcon_core.event_reactor:joining thread
[1.281s] INFO:colcon.colcon_core.plugin_system:Skipping extension 'colcon_notification.desktop_notification.terminal_notifier': Not used on non-Darwin systems
[1.281s] INFO:colcon.colcon_core.plugin_system:Skipping extension 'colcon_notification.desktop_notification.win32': Not used on non-Windows systems
[1.281s] INFO:colcon.colcon_notification.desktop_notification:Sending desktop notification using 'notify2'
[1.289s] DEBUG:colcon.colcon_core.event_reactor:joined thread
[1.290s] INFO:colcon.colcon_core.shell:Creating prefix script '/home/kol/Documents/ros_workstation/worlds/sixdof/src/install/local_setup.ps1'
[1.292s] INFO:colcon.colcon_core.shell:Creating prefix util module '/home/kol/Documents/ros_workstation/worlds/sixdof/src/install/_local_setup_util_ps1.py'
[1.293s] INFO:colcon.colcon_core.shell:Creating prefix chain script '/home/kol/Documents/ros_workstation/worlds/sixdof/src/install/setup.ps1'
[1.294s] INFO:colcon.colcon_core.shell:Creating prefix script '/home/kol/Documents/ros_workstation/worlds/sixdof/src/install/local_setup.sh'
[1.294s] INFO:colcon.colcon_core.shell:Creating prefix util module '/home/kol/Documents/ros_workstation/worlds/sixdof/src/install/_local_setup_util_sh.py'
[1.295s] INFO:colcon.colcon_core.shell:Creating prefix chain script '/home/kol/Documents/ros_workstation/worlds/sixdof/src/install/setup.sh'
[1.296s] INFO:colcon.colcon_core.shell:Creating prefix script '/home/kol/Documents/ros_workstation/worlds/sixdof/src/install/local_setup.bash'
[1.297s] INFO:colcon.colcon_core.shell:Creating prefix chain script '/home/kol/Documents/ros_workstation/worlds/sixdof/src/install/setup.bash'
[1.298s] INFO:colcon.colcon_core.shell:Creating prefix script '/home/kol/Documents/ros_workstation/worlds/sixdof/src/install/local_setup.zsh'
[1.298s] INFO:colcon.colcon_core.shell:Creating prefix chain script '/home/kol/Documents/ros_workstation/worlds/sixdof/src/install/setup.zsh'
