[0.011s] Invoking command in '/home/kol/Documents/ros_workstation/Control/Arm/build/boilerplate_mvt_cfg': CMAKE_PREFIX_PATH=${CMAKE_PREFIX_PATH}:/opt/ros/humble /usr/bin/cmake /home/kol/Documents/ros_workstation/Control/Arm/src/boilerplate_mvt_cfg -DCMAKE_INSTALL_PREFIX=/home/kol/Documents/ros_workstation/Control/Arm/install/boilerplate_mvt_cfg
[0.079s] -- The C compiler identification is GNU 11.4.0
[0.160s] -- The CXX compiler identification is GNU 11.4.0
[0.169s] -- Detecting C compiler ABI info
[0.253s] -- Detecting C compiler ABI info - done
[0.263s] -- Check for working C compiler: /usr/bin/cc - skipped
[0.263s] -- Detecting C compile features
[0.264s] -- Detecting C compile features - done
[0.267s] -- Detecting CXX compiler ABI info
[0.375s] -- Detecting CXX compiler ABI info - done
[0.385s] -- Check for working CXX compiler: /usr/bin/c++ - skipped
[0.385s] -- Detecting CXX compile features
[0.386s] -- Detecting CXX compile features - done
[0.389s] -- Found ament_cmake: 1.3.11 (/opt/ros/humble/share/ament_cmake/cmake)
[0.586s] -- Found Python3: /usr/bin/python3 (found version "3.10.12") found components: Interpreter 
[0.798s] -- Configuring done
[0.802s] -- Generating done
[0.804s] -- Build files have been written to: /home/kol/Documents/ros_workstation/Control/Arm/build/boilerplate_mvt_cfg
[0.809s] Invoked command in '/home/kol/Documents/ros_workstation/Control/Arm/build/boilerplate_mvt_cfg' returned '0': CMAKE_PREFIX_PATH=${CMAKE_PREFIX_PATH}:/opt/ros/humble /usr/bin/cmake /home/kol/Documents/ros_workstation/Control/Arm/src/boilerplate_mvt_cfg -DCMAKE_INSTALL_PREFIX=/home/kol/Documents/ros_workstation/Control/Arm/install/boilerplate_mvt_cfg
[0.811s] Invoking command in '/home/kol/Documents/ros_workstation/Control/Arm/build/boilerplate_mvt_cfg': CMAKE_PREFIX_PATH=${CMAKE_PREFIX_PATH}:/opt/ros/humble /usr/bin/cmake --build /home/kol/Documents/ros_workstation/Control/Arm/build/boilerplate_mvt_cfg -- -j4 -l4
[0.864s] Invoked command in '/home/kol/Documents/ros_workstation/Control/Arm/build/boilerplate_mvt_cfg' returned '0': CMAKE_PREFIX_PATH=${CMAKE_PREFIX_PATH}:/opt/ros/humble /usr/bin/cmake --build /home/kol/Documents/ros_workstation/Control/Arm/build/boilerplate_mvt_cfg -- -j4 -l4
[0.867s] Invoking command in '/home/kol/Documents/ros_workstation/Control/Arm/build/boilerplate_mvt_cfg': CMAKE_PREFIX_PATH=${CMAKE_PREFIX_PATH}:/opt/ros/humble /usr/bin/cmake --install /home/kol/Documents/ros_workstation/Control/Arm/build/boilerplate_mvt_cfg
[0.876s] -- Install configuration: ""
[0.876s] -- Installing: /home/kol/Documents/ros_workstation/Control/Arm/install/boilerplate_mvt_cfg/share/ament_index/resource_index/package_run_dependencies/boilerplate_mvt_cfg
[0.876s] -- Installing: /home/kol/Documents/ros_workstation/Control/Arm/install/boilerplate_mvt_cfg/share/ament_index/resource_index/parent_prefix_path/boilerplate_mvt_cfg
[0.877s] -- Installing: /home/kol/Documents/ros_workstation/Control/Arm/install/boilerplate_mvt_cfg/share/boilerplate_mvt_cfg/environment/ament_prefix_path.sh
[0.877s] -- Installing: /home/kol/Documents/ros_workstation/Control/Arm/install/boilerplate_mvt_cfg/share/boilerplate_mvt_cfg/environment/ament_prefix_path.dsv
[0.877s] -- Installing: /home/kol/Documents/ros_workstation/Control/Arm/install/boilerplate_mvt_cfg/share/boilerplate_mvt_cfg/environment/path.sh
[0.877s] -- Installing: /home/kol/Documents/ros_workstation/Control/Arm/install/boilerplate_mvt_cfg/share/boilerplate_mvt_cfg/environment/path.dsv
[0.878s] -- Installing: /home/kol/Documents/ros_workstation/Control/Arm/install/boilerplate_mvt_cfg/share/boilerplate_mvt_cfg/local_setup.bash
[0.878s] -- Installing: /home/kol/Documents/ros_workstation/Control/Arm/install/boilerplate_mvt_cfg/share/boilerplate_mvt_cfg/local_setup.sh
[0.878s] -- Installing: /home/kol/Documents/ros_workstation/Control/Arm/install/boilerplate_mvt_cfg/share/boilerplate_mvt_cfg/local_setup.zsh
[0.878s] -- Installing: /home/kol/Documents/ros_workstation/Control/Arm/install/boilerplate_mvt_cfg/share/boilerplate_mvt_cfg/local_setup.dsv
[0.878s] -- Installing: /home/kol/Documents/ros_workstation/Control/Arm/install/boilerplate_mvt_cfg/share/boilerplate_mvt_cfg/package.dsv
[0.879s] -- Installing: /home/kol/Documents/ros_workstation/Control/Arm/install/boilerplate_mvt_cfg/share/ament_index/resource_index/packages/boilerplate_mvt_cfg
[0.879s] -- Installing: /home/kol/Documents/ros_workstation/Control/Arm/install/boilerplate_mvt_cfg/share/boilerplate_mvt_cfg/cmake/boilerplate_mvt_cfgConfig.cmake
[0.879s] -- Installing: /home/kol/Documents/ros_workstation/Control/Arm/install/boilerplate_mvt_cfg/share/boilerplate_mvt_cfg/cmake/boilerplate_mvt_cfgConfig-version.cmake
[0.879s] -- Installing: /home/kol/Documents/ros_workstation/Control/Arm/install/boilerplate_mvt_cfg/share/boilerplate_mvt_cfg/package.xml
[0.879s] -- Installing: /home/kol/Documents/ros_workstation/Control/Arm/install/boilerplate_mvt_cfg/share/boilerplate_mvt_cfg/launch
[0.880s] -- Installing: /home/kol/Documents/ros_workstation/Control/Arm/install/boilerplate_mvt_cfg/share/boilerplate_mvt_cfg/launch/rsp.launch.py
[0.880s] -- Installing: /home/kol/Documents/ros_workstation/Control/Arm/install/boilerplate_mvt_cfg/share/boilerplate_mvt_cfg/launch/move_group.launch.py
[0.880s] -- Installing: /home/kol/Documents/ros_workstation/Control/Arm/install/boilerplate_mvt_cfg/share/boilerplate_mvt_cfg/launch/spawn_controllers.launch.py
[0.880s] -- Installing: /home/kol/Documents/ros_workstation/Control/Arm/install/boilerplate_mvt_cfg/share/boilerplate_mvt_cfg/launch/demo.launch.py
[0.880s] -- Installing: /home/kol/Documents/ros_workstation/Control/Arm/install/boilerplate_mvt_cfg/share/boilerplate_mvt_cfg/launch/setup_assistant.launch.py
[0.880s] -- Installing: /home/kol/Documents/ros_workstation/Control/Arm/install/boilerplate_mvt_cfg/share/boilerplate_mvt_cfg/launch/moveit_rviz.launch.py
[0.881s] -- Installing: /home/kol/Documents/ros_workstation/Control/Arm/install/boilerplate_mvt_cfg/share/boilerplate_mvt_cfg/launch/static_virtual_joint_tfs.launch.py
[0.881s] -- Installing: /home/kol/Documents/ros_workstation/Control/Arm/install/boilerplate_mvt_cfg/share/boilerplate_mvt_cfg/launch/warehouse_db.launch.py
[0.881s] -- Installing: /home/kol/Documents/ros_workstation/Control/Arm/install/boilerplate_mvt_cfg/share/boilerplate_mvt_cfg/config
[0.881s] -- Installing: /home/kol/Documents/ros_workstation/Control/Arm/install/boilerplate_mvt_cfg/share/boilerplate_mvt_cfg/config/moveit.rviz
[0.881s] -- Installing: /home/kol/Documents/ros_workstation/Control/Arm/install/boilerplate_mvt_cfg/share/boilerplate_mvt_cfg/config/ros2_controllers.yaml
[0.881s] -- Installing: /home/kol/Documents/ros_workstation/Control/Arm/install/boilerplate_mvt_cfg/share/boilerplate_mvt_cfg/config/joint_limits.yaml
[0.882s] -- Installing: /home/kol/Documents/ros_workstation/Control/Arm/install/boilerplate_mvt_cfg/share/boilerplate_mvt_cfg/config/kinematics.yaml
[0.882s] -- Installing: /home/kol/Documents/ros_workstation/Control/Arm/install/boilerplate_mvt_cfg/share/boilerplate_mvt_cfg/config/initial_positions.yaml
[0.882s] -- Installing: /home/kol/Documents/ros_workstation/Control/Arm/install/boilerplate_mvt_cfg/share/boilerplate_mvt_cfg/config/FiveDoFBot.srdf
[0.882s] -- Installing: /home/kol/Documents/ros_workstation/Control/Arm/install/boilerplate_mvt_cfg/share/boilerplate_mvt_cfg/config/pilz_cartesian_limits.yaml
[0.882s] -- Installing: /home/kol/Documents/ros_workstation/Control/Arm/install/boilerplate_mvt_cfg/share/boilerplate_mvt_cfg/config/FiveDoFBot.ros2_control.xacro
[0.882s] -- Installing: /home/kol/Documents/ros_workstation/Control/Arm/install/boilerplate_mvt_cfg/share/boilerplate_mvt_cfg/config/FiveDoFBot.urdf.xacro
[0.883s] -- Installing: /home/kol/Documents/ros_workstation/Control/Arm/install/boilerplate_mvt_cfg/share/boilerplate_mvt_cfg/.setup_assistant
[0.885s] Invoked command in '/home/kol/Documents/ros_workstation/Control/Arm/build/boilerplate_mvt_cfg' returned '0': CMAKE_PREFIX_PATH=${CMAKE_PREFIX_PATH}:/opt/ros/humble /usr/bin/cmake --install /home/kol/Documents/ros_workstation/Control/Arm/build/boilerplate_mvt_cfg
