[1.627s] Invoking command in '/home/kol/Documents/ros_workstation/Control/six_dof_robot_ws/src/welder_control': PYTHONPATH=/home/kol/Documents/ros_workstation/Control/six_dof_robot_ws/build/welder_control/prefix_override:/usr/lib/python3/dist-packages/colcon_core/task/python/colcon_distutils_commands:/home/kol/Documents/ros_workstation/Control/six_dof_robot_ws/install/welder_control/lib/python3.10/site-packages:${PYTHONPATH} /usr/bin/python3 -W ignore:setup.py install is deprecated -W ignore:easy_install command is deprecated setup.py egg_info --egg-base ../../build/welder_control build --build-base /home/kol/Documents/ros_workstation/Control/six_dof_robot_ws/build/welder_control/build install --record /home/kol/Documents/ros_workstation/Control/six_dof_robot_ws/build/welder_control/install.log --single-version-externally-managed install_data
[2.071s] running egg_info
[2.072s] creating ../../build/welder_control/welder_control.egg-info
[2.073s] writing ../../build/welder_control/welder_control.egg-info/PKG-INFO
[2.073s] writing dependency_links to ../../build/welder_control/welder_control.egg-info/dependency_links.txt
[2.073s] writing entry points to ../../build/welder_control/welder_control.egg-info/entry_points.txt
[2.073s] writing requirements to ../../build/welder_control/welder_control.egg-info/requires.txt
[2.073s] writing top-level names to ../../build/welder_control/welder_control.egg-info/top_level.txt
[2.074s] writing manifest file '../../build/welder_control/welder_control.egg-info/SOURCES.txt'
[2.077s] reading manifest file '../../build/welder_control/welder_control.egg-info/SOURCES.txt'
[2.078s] writing manifest file '../../build/welder_control/welder_control.egg-info/SOURCES.txt'
[2.078s] running build
[2.078s] running build_py
[2.078s] creating /home/kol/Documents/ros_workstation/Control/six_dof_robot_ws/build/welder_control/build
[2.079s] creating /home/kol/Documents/ros_workstation/Control/six_dof_robot_ws/build/welder_control/build/lib
[2.079s] creating /home/kol/Documents/ros_workstation/Control/six_dof_robot_ws/build/welder_control/build/lib/welder_control
[2.079s] copying welder_control/__init__.py -> /home/kol/Documents/ros_workstation/Control/six_dof_robot_ws/build/welder_control/build/lib/welder_control
[2.079s] copying welder_control/main.py -> /home/kol/Documents/ros_workstation/Control/six_dof_robot_ws/build/welder_control/build/lib/welder_control
[2.079s] running install
[2.079s] running install_lib
[2.080s] creating /home/kol/Documents/ros_workstation/Control/six_dof_robot_ws/install/welder_control/lib/python3.10/site-packages/welder_control
[2.081s] copying /home/kol/Documents/ros_workstation/Control/six_dof_robot_ws/build/welder_control/build/lib/welder_control/__init__.py -> /home/kol/Documents/ros_workstation/Control/six_dof_robot_ws/install/welder_control/lib/python3.10/site-packages/welder_control
[2.081s] copying /home/kol/Documents/ros_workstation/Control/six_dof_robot_ws/build/welder_control/build/lib/welder_control/main.py -> /home/kol/Documents/ros_workstation/Control/six_dof_robot_ws/install/welder_control/lib/python3.10/site-packages/welder_control
[2.081s] byte-compiling /home/kol/Documents/ros_workstation/Control/six_dof_robot_ws/install/welder_control/lib/python3.10/site-packages/welder_control/__init__.py to __init__.cpython-310.pyc
[2.082s] byte-compiling /home/kol/Documents/ros_workstation/Control/six_dof_robot_ws/install/welder_control/lib/python3.10/site-packages/welder_control/main.py to main.cpython-310.pyc
[2.083s] running install_data
[2.083s] creating /home/kol/Documents/ros_workstation/Control/six_dof_robot_ws/install/welder_control/share/ament_index
[2.083s] creating /home/kol/Documents/ros_workstation/Control/six_dof_robot_ws/install/welder_control/share/ament_index/resource_index
[2.083s] creating /home/kol/Documents/ros_workstation/Control/six_dof_robot_ws/install/welder_control/share/ament_index/resource_index/packages
[2.083s] copying resource/welder_control -> /home/kol/Documents/ros_workstation/Control/six_dof_robot_ws/install/welder_control/share/ament_index/resource_index/packages
[2.084s] copying package.xml -> /home/kol/Documents/ros_workstation/Control/six_dof_robot_ws/install/welder_control/share/welder_control
[2.084s] running install_egg_info
[2.086s] Copying ../../build/welder_control/welder_control.egg-info to /home/kol/Documents/ros_workstation/Control/six_dof_robot_ws/install/welder_control/lib/python3.10/site-packages/welder_control-0.0.0-py3.10.egg-info
[2.087s] running install_scripts
[2.117s] Installing welder_cont script to /home/kol/Documents/ros_workstation/Control/six_dof_robot_ws/install/welder_control/lib/welder_control
[2.117s] writing list of installed files to '/home/kol/Documents/ros_workstation/Control/six_dof_robot_ws/build/welder_control/install.log'
[2.159s] Invoked command in '/home/kol/Documents/ros_workstation/Control/six_dof_robot_ws/src/welder_control' returned '0': PYTHONPATH=/home/kol/Documents/ros_workstation/Control/six_dof_robot_ws/build/welder_control/prefix_override:/usr/lib/python3/dist-packages/colcon_core/task/python/colcon_distutils_commands:/home/kol/Documents/ros_workstation/Control/six_dof_robot_ws/install/welder_control/lib/python3.10/site-packages:${PYTHONPATH} /usr/bin/python3 -W ignore:setup.py install is deprecated -W ignore:easy_install command is deprecated setup.py egg_info --egg-base ../../build/welder_control build --build-base /home/kol/Documents/ros_workstation/Control/six_dof_robot_ws/build/welder_control/build install --record /home/kol/Documents/ros_workstation/Control/six_dof_robot_ws/build/welder_control/install.log --single-version-externally-managed install_data
