[0.009s] Invoking command in '/home/kol/Documents/ros_workstation/ArmBots/ArmBot_1/build/boilerplate': CMAKE_PREFIX_PATH=/opt/ros/humble /usr/bin/cmake /home/kol/Documents/ros_workstation/ArmBots/ArmBot_1/src/boilerplate -DCMAKE_INSTALL_PREFIX=/home/kol/Documents/ros_workstation/ArmBots/ArmBot_1/install/boilerplate
[0.070s] -- The C compiler identification is GNU 11.4.0
[0.127s] -- The CXX compiler identification is GNU 11.4.0
[0.136s] -- Detecting C compiler ABI info
[0.200s] -- Detecting C compiler ABI info - done
[0.207s] -- Check for working C compiler: /usr/bin/cc - skipped
[0.207s] -- Detecting C compile features
[0.208s] -- Detecting C compile features - done
[0.211s] -- Detecting CXX compiler ABI info
[0.285s] -- Detecting CXX compiler ABI info - done
[0.292s] -- Check for working CXX compiler: /usr/bin/c++ - skipped
[0.292s] -- Detecting CXX compile features
[0.292s] -- Detecting CXX compile features - done
[0.296s] -- Found ament_cmake: 1.3.11 (/opt/ros/humble/share/ament_cmake/cmake)
[0.441s] -- Found Python3: /usr/bin/python3 (found version "3.10.12") found components: Interpreter 
[0.537s] -- Found ament_lint_auto: 0.12.12 (/opt/ros/humble/share/ament_lint_auto/cmake)
[0.616s] -- Added test 'lint_cmake' to check CMake code style
[0.617s] -- Added test 'xmllint' to check XML markup files
[0.619s] -- Configuring done
[0.621s] -- Generating done
[0.623s] -- Build files have been written to: /home/kol/Documents/ros_workstation/ArmBots/ArmBot_1/build/boilerplate
[0.628s] Invoked command in '/home/kol/Documents/ros_workstation/ArmBots/ArmBot_1/build/boilerplate' returned '0': CMAKE_PREFIX_PATH=/opt/ros/humble /usr/bin/cmake /home/kol/Documents/ros_workstation/ArmBots/ArmBot_1/src/boilerplate -DCMAKE_INSTALL_PREFIX=/home/kol/Documents/ros_workstation/ArmBots/ArmBot_1/install/boilerplate
[0.630s] Invoking command in '/home/kol/Documents/ros_workstation/ArmBots/ArmBot_1/build/boilerplate': CMAKE_PREFIX_PATH=/opt/ros/humble /usr/bin/cmake --build /home/kol/Documents/ros_workstation/ArmBots/ArmBot_1/build/boilerplate -- -j4 -l4
[0.666s] Invoked command in '/home/kol/Documents/ros_workstation/ArmBots/ArmBot_1/build/boilerplate' returned '0': CMAKE_PREFIX_PATH=/opt/ros/humble /usr/bin/cmake --build /home/kol/Documents/ros_workstation/ArmBots/ArmBot_1/build/boilerplate -- -j4 -l4
[0.676s] Invoking command in '/home/kol/Documents/ros_workstation/ArmBots/ArmBot_1/build/boilerplate': CMAKE_PREFIX_PATH=/opt/ros/humble /usr/bin/cmake --install /home/kol/Documents/ros_workstation/ArmBots/ArmBot_1/build/boilerplate
[0.684s] -- Install configuration: ""
[0.684s] -- Installing: /home/kol/Documents/ros_workstation/ArmBots/ArmBot_1/install/boilerplate/shaer/boilerplate/config
[0.684s] -- Installing: /home/kol/Documents/ros_workstation/ArmBots/ArmBot_1/install/boilerplate/shaer/boilerplate/launch
[0.684s] -- Installing: /home/kol/Documents/ros_workstation/ArmBots/ArmBot_1/install/boilerplate/shaer/boilerplate/meshes
[0.684s] -- Installing: /home/kol/Documents/ros_workstation/ArmBots/ArmBot_1/install/boilerplate/shaer/boilerplate/meshes/link_3_1.stl
[0.685s] -- Installing: /home/kol/Documents/ros_workstation/ArmBots/ArmBot_1/install/boilerplate/shaer/boilerplate/meshes/link_1_1.stl
[0.685s] -- Installing: /home/kol/Documents/ros_workstation/ArmBots/ArmBot_1/install/boilerplate/shaer/boilerplate/meshes/base_link.stl
[0.685s] -- Installing: /home/kol/Documents/ros_workstation/ArmBots/ArmBot_1/install/boilerplate/shaer/boilerplate/meshes/link_5_1.stl
[0.685s] -- Installing: /home/kol/Documents/ros_workstation/ArmBots/ArmBot_1/install/boilerplate/shaer/boilerplate/meshes/link_4_1.stl
[0.685s] -- Installing: /home/kol/Documents/ros_workstation/ArmBots/ArmBot_1/install/boilerplate/shaer/boilerplate/meshes/link_2_1.stl
[0.685s] -- Installing: /home/kol/Documents/ros_workstation/ArmBots/ArmBot_1/install/boilerplate/shaer/boilerplate/urdf
[0.686s] -- Installing: /home/kol/Documents/ros_workstation/ArmBots/ArmBot_1/install/boilerplate/shaer/boilerplate/urdf/arm.gazebo
[0.686s] -- Installing: /home/kol/Documents/ros_workstation/ArmBots/ArmBot_1/install/boilerplate/shaer/boilerplate/urdf/arm.urdf.xacro
[0.686s] -- Installing: /home/kol/Documents/ros_workstation/ArmBots/ArmBot_1/install/boilerplate/shaer/boilerplate/urdf/ros2_control.xacro
[0.686s] -- Installing: /home/kol/Documents/ros_workstation/ArmBots/ArmBot_1/install/boilerplate/shaer/boilerplate/urdf/materials.xacro
[0.686s] -- Installing: /home/kol/Documents/ros_workstation/ArmBots/ArmBot_1/install/boilerplate/share/ament_index/resource_index/package_run_dependencies/boilerplate
[0.687s] -- Installing: /home/kol/Documents/ros_workstation/ArmBots/ArmBot_1/install/boilerplate/share/ament_index/resource_index/parent_prefix_path/boilerplate
[0.687s] -- Installing: /home/kol/Documents/ros_workstation/ArmBots/ArmBot_1/install/boilerplate/share/boilerplate/environment/ament_prefix_path.sh
[0.687s] -- Installing: /home/kol/Documents/ros_workstation/ArmBots/ArmBot_1/install/boilerplate/share/boilerplate/environment/ament_prefix_path.dsv
[0.687s] -- Installing: /home/kol/Documents/ros_workstation/ArmBots/ArmBot_1/install/boilerplate/share/boilerplate/environment/path.sh
[0.687s] -- Installing: /home/kol/Documents/ros_workstation/ArmBots/ArmBot_1/install/boilerplate/share/boilerplate/environment/path.dsv
[0.688s] -- Installing: /home/kol/Documents/ros_workstation/ArmBots/ArmBot_1/install/boilerplate/share/boilerplate/local_setup.bash
[0.688s] -- Installing: /home/kol/Documents/ros_workstation/ArmBots/ArmBot_1/install/boilerplate/share/boilerplate/local_setup.sh
[0.688s] -- Installing: /home/kol/Documents/ros_workstation/ArmBots/ArmBot_1/install/boilerplate/share/boilerplate/local_setup.zsh
[0.688s] -- Installing: /home/kol/Documents/ros_workstation/ArmBots/ArmBot_1/install/boilerplate/share/boilerplate/local_setup.dsv
[0.688s] -- Installing: /home/kol/Documents/ros_workstation/ArmBots/ArmBot_1/install/boilerplate/share/boilerplate/package.dsv
[0.688s] -- Installing: /home/kol/Documents/ros_workstation/ArmBots/ArmBot_1/install/boilerplate/share/ament_index/resource_index/packages/boilerplate
[0.688s] -- Installing: /home/kol/Documents/ros_workstation/ArmBots/ArmBot_1/install/boilerplate/share/boilerplate/cmake/boilerplateConfig.cmake
[0.689s] -- Installing: /home/kol/Documents/ros_workstation/ArmBots/ArmBot_1/install/boilerplate/share/boilerplate/cmake/boilerplateConfig-version.cmake
[0.689s] -- Installing: /home/kol/Documents/ros_workstation/ArmBots/ArmBot_1/install/boilerplate/share/boilerplate/package.xml
[0.691s] Invoked command in '/home/kol/Documents/ros_workstation/ArmBots/ArmBot_1/build/boilerplate' returned '0': CMAKE_PREFIX_PATH=/opt/ros/humble /usr/bin/cmake --install /home/kol/Documents/ros_workstation/ArmBots/ArmBot_1/build/boilerplate
