[0.017s] Invoking command in '/home/kol/Documents/ros_workstation/ArmBots/ArmBot_1/build/robotcontroller': CMAKE_PREFIX_PATH=/opt/ros/humble /usr/bin/cmake /home/kol/Documents/ros_workstation/ArmBots/ArmBot_1/src/robotcontroller -DCMAKE_INSTALL_PREFIX=/home/kol/Documents/ros_workstation/ArmBots/ArmBot_1/install/robotcontroller
[0.135s] -- The C compiler identification is GNU 11.4.0
[0.248s] -- The CXX compiler identification is GNU 11.4.0
[0.260s] -- Detecting C compiler ABI info
[0.349s] -- Detecting C compiler ABI info - done
[0.359s] -- Check for working C compiler: /usr/bin/cc - skipped
[0.360s] -- Detecting C compile features
[0.360s] -- Detecting C compile features - done
[0.364s] -- Detecting CXX compiler ABI info
[0.468s] -- Detecting CXX compiler ABI info - done
[0.478s] -- Check for working CXX compiler: /usr/bin/c++ - skipped
[0.478s] -- Detecting CXX compile features
[0.479s] -- Detecting CXX compile features - done
[0.483s] -- Found ament_cmake: 1.3.11 (/opt/ros/humble/share/ament_cmake/cmake)
[0.683s] -- Found Python3: /usr/bin/python3 (found version "3.10.12") found components: Interpreter 
[0.832s] -- Found rclcpp: 16.0.12 (/opt/ros/humble/share/rclcpp/cmake)
[0.911s] -- Found rosidl_generator_c: 3.1.6 (/opt/ros/humble/share/rosidl_generator_c/cmake)
[0.922s] -- Found rosidl_adapter: 3.1.6 (/opt/ros/humble/share/rosidl_adapter/cmake)
[0.941s] -- Found rosidl_generator_cpp: 3.1.6 (/opt/ros/humble/share/rosidl_generator_cpp/cmake)
[0.968s] -- Using all available rosidl_typesupport_c: rosidl_typesupport_fastrtps_c;rosidl_typesupport_introspection_c
[0.999s] -- Using all available rosidl_typesupport_cpp: rosidl_typesupport_fastrtps_cpp;rosidl_typesupport_introspection_cpp
[1.087s] -- Found rmw_implementation_cmake: 6.1.2 (/opt/ros/humble/share/rmw_implementation_cmake/cmake)
[1.092s] -- Found rmw_fastrtps_cpp: 6.2.7 (/opt/ros/humble/share/rmw_fastrtps_cpp/cmake)
[1.217s] -- Found OpenSSL: /usr/lib/x86_64-linux-gnu/libcrypto.so (found version "3.0.2")  
[1.270s] -- Found FastRTPS: /opt/ros/humble/include  
[1.340s] -- Using RMW implementation 'rmw_fastrtps_cpp' as default
[1.356s] -- Looking for pthread.h
[1.448s] -- Looking for pthread.h - found
[1.449s] -- Performing Test CMAKE_HAVE_LIBC_PTHREAD
[1.544s] -- Performing Test CMAKE_HAVE_LIBC_PTHREAD - Success
[1.545s] -- Found Threads: TRUE  
[1.629s] -- Found trajectory_msgs: 4.8.0 (/opt/ros/humble/share/trajectory_msgs/cmake)
[1.677s] [31mCMake Error at CMakeLists.txt:18 (install):
[1.677s]   install does not recognize sub-command TARGET
[1.677s] 
[1.677s] [0m
[1.679s] -- Found ament_lint_auto: 0.12.12 (/opt/ros/humble/share/ament_lint_auto/cmake)
[1.795s] -- Added test 'cppcheck' to perform static code analysis on C / C++ code
[1.795s] -- Configured cppcheck include dirs: 
[1.796s] -- Configured cppcheck exclude dirs and/or files: 
[1.797s] -- Added test 'lint_cmake' to check CMake code style
[1.799s] -- Added test 'uncrustify' to check C / C++ code style
[1.799s] -- Configured uncrustify additional arguments: 
[1.800s] -- Added test 'xmllint' to check XML markup files
[1.803s] -- Configuring incomplete, errors occurred!
[1.803s] See also "/home/kol/Documents/ros_workstation/ArmBots/ArmBot_1/build/robotcontroller/CMakeFiles/CMakeOutput.log".
[1.816s] Invoked command in '/home/kol/Documents/ros_workstation/ArmBots/ArmBot_1/build/robotcontroller' returned '1': CMAKE_PREFIX_PATH=/opt/ros/humble /usr/bin/cmake /home/kol/Documents/ros_workstation/ArmBots/ArmBot_1/src/robotcontroller -DCMAKE_INSTALL_PREFIX=/home/kol/Documents/ros_workstation/ArmBots/ArmBot_1/install/robotcontroller
