[0.010s] Invoking command in '/home/kol/Documents/ros_workstation/ArmBots/ArmBot_1/build/boilerplate': CMAKE_PREFIX_PATH=${CMAKE_PREFIX_PATH}:/opt/ros/humble /usr/bin/cmake --build /home/kol/Documents/ros_workstation/ArmBots/ArmBot_1/build/boilerplate -- -j4 -l4
[0.052s] Invoked command in '/home/kol/Documents/ros_workstation/ArmBots/ArmBot_1/build/boilerplate' returned '0': CMAKE_PREFIX_PATH=${CMAKE_PREFIX_PATH}:/opt/ros/humble /usr/bin/cmake --build /home/kol/Documents/ros_workstation/ArmBots/ArmBot_1/build/boilerplate -- -j4 -l4
[0.061s] Invoking command in '/home/kol/Documents/ros_workstation/ArmBots/ArmBot_1/build/boilerplate': CMAKE_PREFIX_PATH=${CMAKE_PREFIX_PATH}:/opt/ros/humble /usr/bin/cmake --install /home/kol/Documents/ros_workstation/ArmBots/ArmBot_1/build/boilerplate
[0.069s] -- Install configuration: ""
[0.069s] -- Up-to-date: /home/kol/Documents/ros_workstation/ArmBots/ArmBot_1/install/boilerplate/shaer/boilerplate/config
[0.069s] -- Up-to-date: /home/kol/Documents/ros_workstation/ArmBots/ArmBot_1/install/boilerplate/shaer/boilerplate/launch
[0.069s] -- Installing: /home/kol/Documents/ros_workstation/ArmBots/ArmBot_1/install/boilerplate/shaer/boilerplate/launch/rsp.launch.py
[0.069s] -- Installing: /home/kol/Documents/ros_workstation/ArmBots/ArmBot_1/install/boilerplate/shaer/boilerplate/launch/__pycache__
[0.069s] -- Installing: /home/kol/Documents/ros_workstation/ArmBots/ArmBot_1/install/boilerplate/shaer/boilerplate/launch/__pycache__/gazebo.launch.d.er
[0.069s] -- Installing: /home/kol/Documents/ros_workstation/ArmBots/ArmBot_1/install/boilerplate/shaer/boilerplate/launch/__pycache__/rsp.launch.d.er
[0.069s] -- Installing: /home/kol/Documents/ros_workstation/ArmBots/ArmBot_1/install/boilerplate/shaer/boilerplate/launch/gazebo.launch.py
[0.069s] -- Up-to-date: /home/kol/Documents/ros_workstation/ArmBots/ArmBot_1/install/boilerplate/shaer/boilerplate/meshes
[0.070s] -- Up-to-date: /home/kol/Documents/ros_workstation/ArmBots/ArmBot_1/install/boilerplate/shaer/boilerplate/meshes/link_3_1.stl
[0.070s] -- Up-to-date: /home/kol/Documents/ros_workstation/ArmBots/ArmBot_1/install/boilerplate/shaer/boilerplate/meshes/link_1_1.stl
[0.070s] -- Up-to-date: /home/kol/Documents/ros_workstation/ArmBots/ArmBot_1/install/boilerplate/shaer/boilerplate/meshes/base_link.stl
[0.070s] -- Up-to-date: /home/kol/Documents/ros_workstation/ArmBots/ArmBot_1/install/boilerplate/shaer/boilerplate/meshes/link_5_1.stl
[0.070s] -- Up-to-date: /home/kol/Documents/ros_workstation/ArmBots/ArmBot_1/install/boilerplate/shaer/boilerplate/meshes/link_4_1.stl
[0.070s] -- Up-to-date: /home/kol/Documents/ros_workstation/ArmBots/ArmBot_1/install/boilerplate/shaer/boilerplate/meshes/link_2_1.stl
[0.070s] -- Up-to-date: /home/kol/Documents/ros_workstation/ArmBots/ArmBot_1/install/boilerplate/shaer/boilerplate/urdf
[0.070s] -- Installing: /home/kol/Documents/ros_workstation/ArmBots/ArmBot_1/install/boilerplate/shaer/boilerplate/urdf/arm.urdf.xacro
[0.070s] -- Up-to-date: /home/kol/Documents/ros_workstation/ArmBots/ArmBot_1/install/boilerplate/share/ament_index/resource_index/package_run_dependencies/boilerplate
[0.071s] -- Up-to-date: /home/kol/Documents/ros_workstation/ArmBots/ArmBot_1/install/boilerplate/share/ament_index/resource_index/parent_prefix_path/boilerplate
[0.071s] -- Up-to-date: /home/kol/Documents/ros_workstation/ArmBots/ArmBot_1/install/boilerplate/share/boilerplate/environment/ament_prefix_path.sh
[0.071s] -- Up-to-date: /home/kol/Documents/ros_workstation/ArmBots/ArmBot_1/install/boilerplate/share/boilerplate/environment/ament_prefix_path.dsv
[0.071s] -- Up-to-date: /home/kol/Documents/ros_workstation/ArmBots/ArmBot_1/install/boilerplate/share/boilerplate/environment/path.sh
[0.071s] -- Up-to-date: /home/kol/Documents/ros_workstation/ArmBots/ArmBot_1/install/boilerplate/share/boilerplate/environment/path.dsv
[0.071s] -- Up-to-date: /home/kol/Documents/ros_workstation/ArmBots/ArmBot_1/install/boilerplate/share/boilerplate/local_setup.bash
[0.071s] -- Up-to-date: /home/kol/Documents/ros_workstation/ArmBots/ArmBot_1/install/boilerplate/share/boilerplate/local_setup.sh
[0.071s] -- Up-to-date: /home/kol/Documents/ros_workstation/ArmBots/ArmBot_1/install/boilerplate/share/boilerplate/local_setup.zsh
[0.071s] -- Up-to-date: /home/kol/Documents/ros_workstation/ArmBots/ArmBot_1/install/boilerplate/share/boilerplate/local_setup.dsv
[0.071s] -- Up-to-date: /home/kol/Documents/ros_workstation/ArmBots/ArmBot_1/install/boilerplate/share/boilerplate/package.dsv
[0.071s] -- Up-to-date: /home/kol/Documents/ros_workstation/ArmBots/ArmBot_1/install/boilerplate/share/ament_index/resource_index/packages/boilerplate
[0.071s] -- Up-to-date: /home/kol/Documents/ros_workstation/ArmBots/ArmBot_1/install/boilerplate/share/boilerplate/cmake/boilerplateConfig.cmake
[0.071s] -- Up-to-date: /home/kol/Documents/ros_workstation/ArmBots/ArmBot_1/install/boilerplate/share/boilerplate/cmake/boilerplateConfig-version.cmake
[0.071s] -- Up-to-date: /home/kol/Documents/ros_workstation/ArmBots/ArmBot_1/install/boilerplate/share/boilerplate/package.xml
[0.073s] Invoked command in '/home/kol/Documents/ros_workstation/ArmBots/ArmBot_1/build/boilerplate' returned '0': CMAKE_PREFIX_PATH=${CMAKE_PREFIX_PATH}:/opt/ros/humble /usr/bin/cmake --install /home/kol/Documents/ros_workstation/ArmBots/ArmBot_1/build/boilerplate
