[0.053s] Invoking command in '/home/kol/Documents/ros_workstation/Control/six_dof_robot_ws/build/welder_mvt_cfg_5': AMENT_PREFIX_PATH=/home/kol/Documents/ros_workstation/Control/six_dof_robot_ws/install/welder_description:/home/kol/Documents/ros_workstation/Control/six_dof_robot_ws/install/welder_mvt_cfg_5:/home/kol/Documents/ros_workstation/Control/six_dof_robot_ws/install/welder_mvt_cfg_4:/home/kol/Documents/ros_workstation/Control/six_dof_robot_ws/install/welder_mvt_cf3:/home/kol/Documents/ros_workstation/Control/six_dof_robot_ws/install/welder_mvt_cfg_2:/home/kol/Documents/ros_workstation/Control/six_dof_robot_ws/install/welder_moveit_config:/home/kol/Documents/ros_workstation/Control/six_dof_robot_ws/install/welder_control:/home/kol/Documents/ros_workstation/Control/six_dof_robot_ws/install/moveit_control:/opt/ros/humble CMAKE_PREFIX_PATH=${CMAKE_PREFIX_PATH}:/home/kol/Documents/ros_workstation/Control/six_dof_robot_ws/install/welder_description:/home/kol/Documents/ros_workstation/Control/six_dof_robot_ws/install/welder_control:/opt/ros/humble /usr/bin/cmake --build /home/kol/Documents/ros_workstation/Control/six_dof_robot_ws/build/welder_mvt_cfg_5 -- -j4 -l4
[0.093s] Invoked command in '/home/kol/Documents/ros_workstation/Control/six_dof_robot_ws/build/welder_mvt_cfg_5' returned '0': AMENT_PREFIX_PATH=/home/kol/Documents/ros_workstation/Control/six_dof_robot_ws/install/welder_description:/home/kol/Documents/ros_workstation/Control/six_dof_robot_ws/install/welder_mvt_cfg_5:/home/kol/Documents/ros_workstation/Control/six_dof_robot_ws/install/welder_mvt_cfg_4:/home/kol/Documents/ros_workstation/Control/six_dof_robot_ws/install/welder_mvt_cf3:/home/kol/Documents/ros_workstation/Control/six_dof_robot_ws/install/welder_mvt_cfg_2:/home/kol/Documents/ros_workstation/Control/six_dof_robot_ws/install/welder_moveit_config:/home/kol/Documents/ros_workstation/Control/six_dof_robot_ws/install/welder_control:/home/kol/Documents/ros_workstation/Control/six_dof_robot_ws/install/moveit_control:/opt/ros/humble CMAKE_PREFIX_PATH=${CMAKE_PREFIX_PATH}:/home/kol/Documents/ros_workstation/Control/six_dof_robot_ws/install/welder_description:/home/kol/Documents/ros_workstation/Control/six_dof_robot_ws/install/welder_control:/opt/ros/humble /usr/bin/cmake --build /home/kol/Documents/ros_workstation/Control/six_dof_robot_ws/build/welder_mvt_cfg_5 -- -j4 -l4
[0.095s] Invoking command in '/home/kol/Documents/ros_workstation/Control/six_dof_robot_ws/build/welder_mvt_cfg_5': AMENT_PREFIX_PATH=/home/kol/Documents/ros_workstation/Control/six_dof_robot_ws/install/welder_description:/home/kol/Documents/ros_workstation/Control/six_dof_robot_ws/install/welder_mvt_cfg_5:/home/kol/Documents/ros_workstation/Control/six_dof_robot_ws/install/welder_mvt_cfg_4:/home/kol/Documents/ros_workstation/Control/six_dof_robot_ws/install/welder_mvt_cf3:/home/kol/Documents/ros_workstation/Control/six_dof_robot_ws/install/welder_mvt_cfg_2:/home/kol/Documents/ros_workstation/Control/six_dof_robot_ws/install/welder_moveit_config:/home/kol/Documents/ros_workstation/Control/six_dof_robot_ws/install/welder_control:/home/kol/Documents/ros_workstation/Control/six_dof_robot_ws/install/moveit_control:/opt/ros/humble CMAKE_PREFIX_PATH=${CMAKE_PREFIX_PATH}:/home/kol/Documents/ros_workstation/Control/six_dof_robot_ws/install/welder_description:/home/kol/Documents/ros_workstation/Control/six_dof_robot_ws/install/welder_control:/opt/ros/humble /usr/bin/cmake --install /home/kol/Documents/ros_workstation/Control/six_dof_robot_ws/build/welder_mvt_cfg_5
[0.103s] -- Install configuration: ""
[0.103s] -- Up-to-date: /home/kol/Documents/ros_workstation/Control/six_dof_robot_ws/install/welder_mvt_cfg_5/share/ament_index/resource_index/package_run_dependencies/welder_mvt_cfg_5
[0.104s] -- Up-to-date: /home/kol/Documents/ros_workstation/Control/six_dof_robot_ws/install/welder_mvt_cfg_5/share/ament_index/resource_index/parent_prefix_path/welder_mvt_cfg_5
[0.104s] -- Up-to-date: /home/kol/Documents/ros_workstation/Control/six_dof_robot_ws/install/welder_mvt_cfg_5/share/welder_mvt_cfg_5/environment/ament_prefix_path.sh
[0.104s] -- Up-to-date: /home/kol/Documents/ros_workstation/Control/six_dof_robot_ws/install/welder_mvt_cfg_5/share/welder_mvt_cfg_5/environment/ament_prefix_path.dsv
[0.104s] -- Up-to-date: /home/kol/Documents/ros_workstation/Control/six_dof_robot_ws/install/welder_mvt_cfg_5/share/welder_mvt_cfg_5/environment/path.sh
[0.104s] -- Up-to-date: /home/kol/Documents/ros_workstation/Control/six_dof_robot_ws/install/welder_mvt_cfg_5/share/welder_mvt_cfg_5/environment/path.dsv
[0.104s] -- Up-to-date: /home/kol/Documents/ros_workstation/Control/six_dof_robot_ws/install/welder_mvt_cfg_5/share/welder_mvt_cfg_5/local_setup.bash
[0.104s] -- Up-to-date: /home/kol/Documents/ros_workstation/Control/six_dof_robot_ws/install/welder_mvt_cfg_5/share/welder_mvt_cfg_5/local_setup.sh
[0.104s] -- Up-to-date: /home/kol/Documents/ros_workstation/Control/six_dof_robot_ws/install/welder_mvt_cfg_5/share/welder_mvt_cfg_5/local_setup.zsh
[0.105s] -- Up-to-date: /home/kol/Documents/ros_workstation/Control/six_dof_robot_ws/install/welder_mvt_cfg_5/share/welder_mvt_cfg_5/local_setup.dsv
[0.105s] -- Up-to-date: /home/kol/Documents/ros_workstation/Control/six_dof_robot_ws/install/welder_mvt_cfg_5/share/welder_mvt_cfg_5/package.dsv
[0.105s] -- Up-to-date: /home/kol/Documents/ros_workstation/Control/six_dof_robot_ws/install/welder_mvt_cfg_5/share/ament_index/resource_index/packages/welder_mvt_cfg_5
[0.105s] -- Up-to-date: /home/kol/Documents/ros_workstation/Control/six_dof_robot_ws/install/welder_mvt_cfg_5/share/welder_mvt_cfg_5/cmake/welder_mvt_cfg_5Config.cmake
[0.105s] -- Up-to-date: /home/kol/Documents/ros_workstation/Control/six_dof_robot_ws/install/welder_mvt_cfg_5/share/welder_mvt_cfg_5/cmake/welder_mvt_cfg_5Config-version.cmake
[0.105s] -- Up-to-date: /home/kol/Documents/ros_workstation/Control/six_dof_robot_ws/install/welder_mvt_cfg_5/share/welder_mvt_cfg_5/package.xml
[0.105s] -- Up-to-date: /home/kol/Documents/ros_workstation/Control/six_dof_robot_ws/install/welder_mvt_cfg_5/share/welder_mvt_cfg_5/launch
[0.105s] -- Up-to-date: /home/kol/Documents/ros_workstation/Control/six_dof_robot_ws/install/welder_mvt_cfg_5/share/welder_mvt_cfg_5/launch/rsp.launch.py
[0.105s] -- Up-to-date: /home/kol/Documents/ros_workstation/Control/six_dof_robot_ws/install/welder_mvt_cfg_5/share/welder_mvt_cfg_5/launch/move_group.launch.py
[0.106s] -- Up-to-date: /home/kol/Documents/ros_workstation/Control/six_dof_robot_ws/install/welder_mvt_cfg_5/share/welder_mvt_cfg_5/launch/spawn_controllers.launch.py
[0.106s] -- Up-to-date: /home/kol/Documents/ros_workstation/Control/six_dof_robot_ws/install/welder_mvt_cfg_5/share/welder_mvt_cfg_5/launch/demo.launch.py
[0.106s] -- Up-to-date: /home/kol/Documents/ros_workstation/Control/six_dof_robot_ws/install/welder_mvt_cfg_5/share/welder_mvt_cfg_5/launch/setup_assistant.launch.py
[0.106s] -- Up-to-date: /home/kol/Documents/ros_workstation/Control/six_dof_robot_ws/install/welder_mvt_cfg_5/share/welder_mvt_cfg_5/launch/moveit_rviz.launch.py
[0.106s] -- Up-to-date: /home/kol/Documents/ros_workstation/Control/six_dof_robot_ws/install/welder_mvt_cfg_5/share/welder_mvt_cfg_5/launch/static_virtual_joint_tfs.launch.py
[0.106s] -- Up-to-date: /home/kol/Documents/ros_workstation/Control/six_dof_robot_ws/install/welder_mvt_cfg_5/share/welder_mvt_cfg_5/launch/warehouse_db.launch.py
[0.106s] -- Up-to-date: /home/kol/Documents/ros_workstation/Control/six_dof_robot_ws/install/welder_mvt_cfg_5/share/welder_mvt_cfg_5/config
[0.106s] -- Up-to-date: /home/kol/Documents/ros_workstation/Control/six_dof_robot_ws/install/welder_mvt_cfg_5/share/welder_mvt_cfg_5/config/moveit.rviz
[0.106s] -- Up-to-date: /home/kol/Documents/ros_workstation/Control/six_dof_robot_ws/install/welder_mvt_cfg_5/share/welder_mvt_cfg_5/config/moveit_controllers.yaml
[0.107s] -- Up-to-date: /home/kol/Documents/ros_workstation/Control/six_dof_robot_ws/install/welder_mvt_cfg_5/share/welder_mvt_cfg_5/config/ros2_controllers.yaml
[0.107s] -- Up-to-date: /home/kol/Documents/ros_workstation/Control/six_dof_robot_ws/install/welder_mvt_cfg_5/share/welder_mvt_cfg_5/config/joint_limits.yaml
[0.107s] -- Up-to-date: /home/kol/Documents/ros_workstation/Control/six_dof_robot_ws/install/welder_mvt_cfg_5/share/welder_mvt_cfg_5/config/welder.ros2_control.xacro
[0.107s] -- Installing: /home/kol/Documents/ros_workstation/Control/six_dof_robot_ws/install/welder_mvt_cfg_5/share/welder_mvt_cfg_5/config/kinematics.yaml
[0.107s] -- Up-to-date: /home/kol/Documents/ros_workstation/Control/six_dof_robot_ws/install/welder_mvt_cfg_5/share/welder_mvt_cfg_5/config/initial_positions.yaml
[0.107s] -- Up-to-date: /home/kol/Documents/ros_workstation/Control/six_dof_robot_ws/install/welder_mvt_cfg_5/share/welder_mvt_cfg_5/config/welder.srdf
[0.107s] -- Up-to-date: /home/kol/Documents/ros_workstation/Control/six_dof_robot_ws/install/welder_mvt_cfg_5/share/welder_mvt_cfg_5/config/sensors_3d.yaml
[0.107s] -- Up-to-date: /home/kol/Documents/ros_workstation/Control/six_dof_robot_ws/install/welder_mvt_cfg_5/share/welder_mvt_cfg_5/config/pilz_cartesian_limits.yaml
[0.108s] -- Up-to-date: /home/kol/Documents/ros_workstation/Control/six_dof_robot_ws/install/welder_mvt_cfg_5/share/welder_mvt_cfg_5/config/welder.urdf.xacro
[0.108s] -- Up-to-date: /home/kol/Documents/ros_workstation/Control/six_dof_robot_ws/install/welder_mvt_cfg_5/share/welder_mvt_cfg_5/.setup_assistant
[0.109s] Invoked command in '/home/kol/Documents/ros_workstation/Control/six_dof_robot_ws/build/welder_mvt_cfg_5' returned '0': AMENT_PREFIX_PATH=/home/kol/Documents/ros_workstation/Control/six_dof_robot_ws/install/welder_description:/home/kol/Documents/ros_workstation/Control/six_dof_robot_ws/install/welder_mvt_cfg_5:/home/kol/Documents/ros_workstation/Control/six_dof_robot_ws/install/welder_mvt_cfg_4:/home/kol/Documents/ros_workstation/Control/six_dof_robot_ws/install/welder_mvt_cf3:/home/kol/Documents/ros_workstation/Control/six_dof_robot_ws/install/welder_mvt_cfg_2:/home/kol/Documents/ros_workstation/Control/six_dof_robot_ws/install/welder_moveit_config:/home/kol/Documents/ros_workstation/Control/six_dof_robot_ws/install/welder_control:/home/kol/Documents/ros_workstation/Control/six_dof_robot_ws/install/moveit_control:/opt/ros/humble CMAKE_PREFIX_PATH=${CMAKE_PREFIX_PATH}:/home/kol/Documents/ros_workstation/Control/six_dof_robot_ws/install/welder_description:/home/kol/Documents/ros_workstation/Control/six_dof_robot_ws/install/welder_control:/opt/ros/humble /usr/bin/cmake --install /home/kol/Documents/ros_workstation/Control/six_dof_robot_ws/build/welder_mvt_cfg_5
