[0.531s] DEBUG:colcon:Command line arguments: ['/usr/bin/colcon', 'list', '-p', '--base-paths', '/home/kol/Documents/ros_workstation/ps_4']
[0.531s] DEBUG:colcon:Parsed command line arguments: Namespace(log_base=None, log_level=None, verb_name='list', build_base='build', ignore_user_meta=False, metas=['./colcon.meta'], base_paths=['/home/kol/Documents/ros_workstation/ps_4'], packages_ignore=None, packages_ignore_regex=None, paths=None, packages_up_to=None, packages_up_to_regex=None, packages_above=None, packages_above_and_dependencies=None, packages_above_depth=None, packages_select_by_dep=None, packages_skip_by_dep=None, packages_skip_up_to=None, packages_select_build_failed=False, packages_skip_build_finished=False, packages_select_test_failures=False, packages_skip_test_passed=False, packages_select=None, packages_skip=None, packages_select_regex=None, packages_skip_regex=None, packages_start=None, packages_end=None, allow_overriding=[], topological_order=False, names_only=False, paths_only=True, topological_graph=False, topological_graph_dot=False, topological_graph_density=False, topological_graph_legend=False, topological_graph_dot_cluster=False, topological_graph_dot_include_skipped=False, mixin_files=None, mixin=None, verb_parser=<colcon_mixin.mixin.mixin_argument.MixinArgumentDecorator object at 0x7bd5f888caf0>, verb_extension=<colcon_package_information.verb.list.ListVerb object at 0x7bd5f884baf0>, main=<bound method ListVerb.main of <colcon_package_information.verb.list.ListVerb object at 0x7bd5f884baf0>>, mixin_verb=('list',))
[2.229s] Level 1:colcon.colcon_core.package_discovery:discover_packages(colcon_meta) check parameters
[2.229s] Level 1:colcon.colcon_core.package_discovery:discover_packages(recursive) check parameters
[2.229s] Level 1:colcon.colcon_core.package_discovery:discover_packages(ignore) check parameters
[2.229s] Level 1:colcon.colcon_core.package_discovery:discover_packages(path) check parameters
[2.229s] Level 1:colcon.colcon_core.package_discovery:discover_packages(recursive) discover
[2.229s] INFO:colcon.colcon_core.package_discovery:Crawling recursively for packages in '/home/kol/Documents/ros_workstation/ps_4'
[2.229s] Level 1:colcon.colcon_core.package_identification:_identify(/home/kol/Documents/ros_workstation/ps_4) by extensions ['ignore', 'ignore_ament_install']
[2.230s] Level 1:colcon.colcon_core.package_identification:_identify(/home/kol/Documents/ros_workstation/ps_4) by extension 'ignore'
[2.230s] Level 1:colcon.colcon_core.package_identification:_identify(/home/kol/Documents/ros_workstation/ps_4) by extension 'ignore_ament_install'
[2.230s] Level 1:colcon.colcon_core.package_identification:_identify(/home/kol/Documents/ros_workstation/ps_4) by extensions ['colcon_pkg']
[2.230s] Level 1:colcon.colcon_core.package_identification:_identify(/home/kol/Documents/ros_workstation/ps_4) by extension 'colcon_pkg'
[2.230s] Level 1:colcon.colcon_core.package_identification:_identify(/home/kol/Documents/ros_workstation/ps_4) by extensions ['colcon_meta']
[2.230s] Level 1:colcon.colcon_core.package_identification:_identify(/home/kol/Documents/ros_workstation/ps_4) by extension 'colcon_meta'
[2.230s] Level 1:colcon.colcon_core.package_identification:_identify(/home/kol/Documents/ros_workstation/ps_4) by extensions ['ros']
[2.230s] Level 1:colcon.colcon_core.package_identification:_identify(/home/kol/Documents/ros_workstation/ps_4) by extension 'ros'
[2.255s] Level 1:colcon.colcon_core.package_identification:_identify(/home/kol/Documents/ros_workstation/ps_4) by extensions ['cmake', 'python']
[2.255s] Level 1:colcon.colcon_core.package_identification:_identify(/home/kol/Documents/ros_workstation/ps_4) by extension 'cmake'
[2.255s] Level 1:colcon.colcon_core.package_identification:_identify(/home/kol/Documents/ros_workstation/ps_4) by extension 'python'
[2.255s] Level 1:colcon.colcon_core.package_identification:_identify(/home/kol/Documents/ros_workstation/ps_4) by extensions ['python_setup_py']
[2.255s] Level 1:colcon.colcon_core.package_identification:_identify(/home/kol/Documents/ros_workstation/ps_4) by extension 'python_setup_py'
[2.256s] Level 1:colcon.colcon_core.package_identification:_identify(/home/kol/Documents/ros_workstation/ps_4/build) by extensions ['ignore', 'ignore_ament_install']
[2.256s] Level 1:colcon.colcon_core.package_identification:_identify(/home/kol/Documents/ros_workstation/ps_4/build) by extension 'ignore'
[2.256s] Level 1:colcon.colcon_core.package_identification:_identify(/home/kol/Documents/ros_workstation/ps_4/build) ignored
[2.256s] Level 1:colcon.colcon_core.package_identification:_identify(/home/kol/Documents/ros_workstation/ps_4/install) by extensions ['ignore', 'ignore_ament_install']
[2.256s] Level 1:colcon.colcon_core.package_identification:_identify(/home/kol/Documents/ros_workstation/ps_4/install) by extension 'ignore'
[2.257s] Level 1:colcon.colcon_core.package_identification:_identify(/home/kol/Documents/ros_workstation/ps_4/install) ignored
[2.257s] Level 1:colcon.colcon_core.package_identification:_identify(/home/kol/Documents/ros_workstation/ps_4/log) by extensions ['ignore', 'ignore_ament_install']
[2.257s] Level 1:colcon.colcon_core.package_identification:_identify(/home/kol/Documents/ros_workstation/ps_4/log) by extension 'ignore'
[2.257s] Level 1:colcon.colcon_core.package_identification:_identify(/home/kol/Documents/ros_workstation/ps_4/log) ignored
[2.258s] Level 1:colcon.colcon_core.package_identification:_identify(/home/kol/Documents/ros_workstation/ps_4/src) by extensions ['ignore', 'ignore_ament_install']
[2.258s] Level 1:colcon.colcon_core.package_identification:_identify(/home/kol/Documents/ros_workstation/ps_4/src) by extension 'ignore'
[2.258s] Level 1:colcon.colcon_core.package_identification:_identify(/home/kol/Documents/ros_workstation/ps_4/src) by extension 'ignore_ament_install'
[2.258s] Level 1:colcon.colcon_core.package_identification:_identify(/home/kol/Documents/ros_workstation/ps_4/src) by extensions ['colcon_pkg']
[2.258s] Level 1:colcon.colcon_core.package_identification:_identify(/home/kol/Documents/ros_workstation/ps_4/src) by extension 'colcon_pkg'
[2.258s] Level 1:colcon.colcon_core.package_identification:_identify(/home/kol/Documents/ros_workstation/ps_4/src) by extensions ['colcon_meta']
[2.258s] Level 1:colcon.colcon_core.package_identification:_identify(/home/kol/Documents/ros_workstation/ps_4/src) by extension 'colcon_meta'
[2.259s] Level 1:colcon.colcon_core.package_identification:_identify(/home/kol/Documents/ros_workstation/ps_4/src) by extensions ['ros']
[2.259s] Level 1:colcon.colcon_core.package_identification:_identify(/home/kol/Documents/ros_workstation/ps_4/src) by extension 'ros'
[2.259s] Level 1:colcon.colcon_core.package_identification:_identify(/home/kol/Documents/ros_workstation/ps_4/src) by extensions ['cmake', 'python']
[2.259s] Level 1:colcon.colcon_core.package_identification:_identify(/home/kol/Documents/ros_workstation/ps_4/src) by extension 'cmake'
[2.259s] Level 1:colcon.colcon_core.package_identification:_identify(/home/kol/Documents/ros_workstation/ps_4/src) by extension 'python'
[2.259s] Level 1:colcon.colcon_core.package_identification:_identify(/home/kol/Documents/ros_workstation/ps_4/src) by extensions ['python_setup_py']
[2.259s] Level 1:colcon.colcon_core.package_identification:_identify(/home/kol/Documents/ros_workstation/ps_4/src) by extension 'python_setup_py'
[2.260s] Level 1:colcon.colcon_core.package_identification:_identify(/home/kol/Documents/ros_workstation/ps_4/src/ps4) by extensions ['ignore', 'ignore_ament_install']
[2.260s] Level 1:colcon.colcon_core.package_identification:_identify(/home/kol/Documents/ros_workstation/ps_4/src/ps4) by extension 'ignore'
[2.260s] Level 1:colcon.colcon_core.package_identification:_identify(/home/kol/Documents/ros_workstation/ps_4/src/ps4) by extension 'ignore_ament_install'
[2.260s] Level 1:colcon.colcon_core.package_identification:_identify(/home/kol/Documents/ros_workstation/ps_4/src/ps4) by extensions ['colcon_pkg']
[2.260s] Level 1:colcon.colcon_core.package_identification:_identify(/home/kol/Documents/ros_workstation/ps_4/src/ps4) by extension 'colcon_pkg'
[2.260s] Level 1:colcon.colcon_core.package_identification:_identify(/home/kol/Documents/ros_workstation/ps_4/src/ps4) by extensions ['colcon_meta']
[2.260s] Level 1:colcon.colcon_core.package_identification:_identify(/home/kol/Documents/ros_workstation/ps_4/src/ps4) by extension 'colcon_meta'
[2.260s] Level 1:colcon.colcon_core.package_identification:_identify(/home/kol/Documents/ros_workstation/ps_4/src/ps4) by extensions ['ros']
[2.260s] Level 1:colcon.colcon_core.package_identification:_identify(/home/kol/Documents/ros_workstation/ps_4/src/ps4) by extension 'ros'
[2.266s] DEBUG:colcon.colcon_core.package_identification:Package '/home/kol/Documents/ros_workstation/ps_4/src/ps4' with type 'ros.ament_cmake' and name 'ps4'
[2.266s] Level 1:colcon.colcon_core.package_discovery:discover_packages(recursive) using defaults
