[0.014s] Invoking command in '/home/kol/Documents/ros_workstation/ps_4/build/ps4': CMAKE_PREFIX_PATH=${CMAKE_PREFIX_PATH}:/opt/ros/humble /usr/bin/cmake --build /home/kol/Documents/ros_workstation/ps_4/build/ps4 -- -j4 -l4
[0.058s] [35m[1mConsolidate compiler generated dependencies of target cust_pub[0m
[0.079s] [ 50%] Built target cust_pub
[0.092s] [35m[1mConsolidate compiler generated dependencies of target cust_sub[0m
[0.113s] [100%] Built target cust_sub
[0.124s] Invoked command in '/home/kol/Documents/ros_workstation/ps_4/build/ps4' returned '0': CMAKE_PREFIX_PATH=${CMAKE_PREFIX_PATH}:/opt/ros/humble /usr/bin/cmake --build /home/kol/Documents/ros_workstation/ps_4/build/ps4 -- -j4 -l4
[0.143s] Invoking command in '/home/kol/Documents/ros_workstation/ps_4/build/ps4': CMAKE_PREFIX_PATH=${CMAKE_PREFIX_PATH}:/opt/ros/humble /usr/bin/cmake --install /home/kol/Documents/ros_workstation/ps_4/build/ps4
[0.153s] -- Install configuration: ""
[0.154s] -- Up-to-date: /home/kol/Documents/ros_workstation/ps_4/install/ps4/lib/ps4/cust_pub
[0.155s] -- Up-to-date: /home/kol/Documents/ros_workstation/ps_4/install/ps4/lib/ps4/cust_sub
[0.155s] -- Up-to-date: /home/kol/Documents/ros_workstation/ps_4/install/ps4/share/ps4/launch
[0.155s] -- Up-to-date: /home/kol/Documents/ros_workstation/ps_4/install/ps4/share/ps4/launch/.vscode
[0.155s] -- Up-to-date: /home/kol/Documents/ros_workstation/ps_4/install/ps4/share/ps4/launch/.vscode/c_cpp_properties.json
[0.155s] -- Up-to-date: /home/kol/Documents/ros_workstation/ps_4/install/ps4/share/ps4/launch/.vscode/settings.json
[0.156s] -- Up-to-date: /home/kol/Documents/ros_workstation/ps_4/install/ps4/share/ps4/launch/pkg.launch.py
[0.156s] -- Up-to-date: /home/kol/Documents/ros_workstation/ps_4/install/ps4/share/ament_index/resource_index/package_run_dependencies/ps4
[0.156s] -- Up-to-date: /home/kol/Documents/ros_workstation/ps_4/install/ps4/share/ament_index/resource_index/parent_prefix_path/ps4
[0.156s] -- Up-to-date: /home/kol/Documents/ros_workstation/ps_4/install/ps4/share/ps4/environment/ament_prefix_path.sh
[0.156s] -- Up-to-date: /home/kol/Documents/ros_workstation/ps_4/install/ps4/share/ps4/environment/ament_prefix_path.dsv
[0.156s] -- Up-to-date: /home/kol/Documents/ros_workstation/ps_4/install/ps4/share/ps4/environment/path.sh
[0.157s] -- Up-to-date: /home/kol/Documents/ros_workstation/ps_4/install/ps4/share/ps4/environment/path.dsv
[0.157s] -- Up-to-date: /home/kol/Documents/ros_workstation/ps_4/install/ps4/share/ps4/local_setup.bash
[0.157s] -- Up-to-date: /home/kol/Documents/ros_workstation/ps_4/install/ps4/share/ps4/local_setup.sh
[0.157s] -- Up-to-date: /home/kol/Documents/ros_workstation/ps_4/install/ps4/share/ps4/local_setup.zsh
[0.157s] -- Up-to-date: /home/kol/Documents/ros_workstation/ps_4/install/ps4/share/ps4/local_setup.dsv
[0.157s] -- Installing: /home/kol/Documents/ros_workstation/ps_4/install/ps4/share/ps4/package.dsv
[0.157s] -- Up-to-date: /home/kol/Documents/ros_workstation/ps_4/install/ps4/share/ament_index/resource_index/packages/ps4
[0.157s] -- Up-to-date: /home/kol/Documents/ros_workstation/ps_4/install/ps4/share/ps4/cmake/ps4Config.cmake
[0.157s] -- Up-to-date: /home/kol/Documents/ros_workstation/ps_4/install/ps4/share/ps4/cmake/ps4Config-version.cmake
[0.158s] -- Up-to-date: /home/kol/Documents/ros_workstation/ps_4/install/ps4/share/ps4/package.xml
[0.164s] Invoked command in '/home/kol/Documents/ros_workstation/ps_4/build/ps4' returned '0': CMAKE_PREFIX_PATH=${CMAKE_PREFIX_PATH}:/opt/ros/humble /usr/bin/cmake --install /home/kol/Documents/ros_workstation/ps_4/build/ps4
