[0.009s] Invoking command in '/home/kol/Documents/ros_workstation/Control/Arm/build/boilerplate': CMAKE_PREFIX_PATH=/opt/ros/humble /usr/bin/cmake /home/kol/Documents/ros_workstation/Control/Arm/src/boilerplate -DCMAKE_INSTALL_PREFIX=/home/kol/Documents/ros_workstation/Control/Arm/install/boilerplate
[0.111s] -- The C compiler identification is GNU 11.4.0
[0.201s] -- The CXX compiler identification is GNU 11.4.0
[0.210s] -- Detecting C compiler ABI info
[0.278s] -- Detecting C compiler ABI info - done
[0.285s] -- Check for working C compiler: /usr/bin/cc - skipped
[0.285s] -- Detecting C compile features
[0.286s] -- Detecting C compile features - done
[0.289s] -- Detecting CXX compiler ABI info
[0.365s] -- Detecting CXX compiler ABI info - done
[0.372s] -- Check for working CXX compiler: /usr/bin/c++ - skipped
[0.372s] -- Detecting CXX compile features
[0.372s] -- Detecting CXX compile features - done
[0.376s] -- Found ament_cmake: 1.3.11 (/opt/ros/humble/share/ament_cmake/cmake)
[0.518s] -- Found Python3: /usr/bin/python3 (found version "3.10.12") found components: Interpreter 
[0.615s] -- Found ament_lint_auto: 0.12.12 (/opt/ros/humble/share/ament_lint_auto/cmake)
[0.692s] -- Added test 'flake8' to check Python code syntax and style conventions
[0.693s] -- Added test 'lint_cmake' to check CMake code style
[0.694s] -- Added test 'pep257' to check Python code against some of the docstring style conventions in PEP 257
[0.696s] -- Added test 'xmllint' to check XML markup files
[0.697s] -- Configuring done
[0.700s] -- Generating done
[0.702s] -- Build files have been written to: /home/kol/Documents/ros_workstation/Control/Arm/build/boilerplate
[0.706s] Invoked command in '/home/kol/Documents/ros_workstation/Control/Arm/build/boilerplate' returned '0': CMAKE_PREFIX_PATH=/opt/ros/humble /usr/bin/cmake /home/kol/Documents/ros_workstation/Control/Arm/src/boilerplate -DCMAKE_INSTALL_PREFIX=/home/kol/Documents/ros_workstation/Control/Arm/install/boilerplate
[0.708s] Invoking command in '/home/kol/Documents/ros_workstation/Control/Arm/build/boilerplate': CMAKE_PREFIX_PATH=/opt/ros/humble /usr/bin/cmake --build /home/kol/Documents/ros_workstation/Control/Arm/build/boilerplate -- -j4 -l4
[0.743s] Invoked command in '/home/kol/Documents/ros_workstation/Control/Arm/build/boilerplate' returned '0': CMAKE_PREFIX_PATH=/opt/ros/humble /usr/bin/cmake --build /home/kol/Documents/ros_workstation/Control/Arm/build/boilerplate -- -j4 -l4
[0.752s] Invoking command in '/home/kol/Documents/ros_workstation/Control/Arm/build/boilerplate': CMAKE_PREFIX_PATH=/opt/ros/humble /usr/bin/cmake --install /home/kol/Documents/ros_workstation/Control/Arm/build/boilerplate
[0.759s] -- Install configuration: ""
[0.759s] -- Installing: /home/kol/Documents/ros_workstation/Control/Arm/install/boilerplate/share/boilerplate/config
[0.759s] -- Installing: /home/kol/Documents/ros_workstation/Control/Arm/install/boilerplate/share/boilerplate/config/robot_controls.yaml
[0.759s] -- Installing: /home/kol/Documents/ros_workstation/Control/Arm/install/boilerplate/share/boilerplate/launch
[0.759s] -- Installing: /home/kol/Documents/ros_workstation/Control/Arm/install/boilerplate/share/boilerplate/launch/rsp2.launch.py
[0.760s] -- Installing: /home/kol/Documents/ros_workstation/Control/Arm/install/boilerplate/share/boilerplate/launch/sim2.launch.py
[0.760s] -- Installing: /home/kol/Documents/ros_workstation/Control/Arm/install/boilerplate/share/boilerplate/launch/__pycache__
[0.760s] -- Installing: /home/kol/Documents/ros_workstation/Control/Arm/install/boilerplate/share/boilerplate/launch/__pycache__/sim2.launch.d.er
[0.760s] -- Installing: /home/kol/Documents/ros_workstation/Control/Arm/install/boilerplate/share/boilerplate/launch/__pycache__/sim.launch.d.er
[0.760s] -- Installing: /home/kol/Documents/ros_workstation/Control/Arm/install/boilerplate/share/boilerplate/launch/__pycache__/rsp2.launch.d.er
[0.760s] -- Installing: /home/kol/Documents/ros_workstation/Control/Arm/install/boilerplate/share/boilerplate/launch/__pycache__/rsp.launch.d.er
[0.760s] -- Installing: /home/kol/Documents/ros_workstation/Control/Arm/install/boilerplate/share/boilerplate/meshes
[0.761s] -- Installing: /home/kol/Documents/ros_workstation/Control/Arm/install/boilerplate/share/boilerplate/meshes/link_3_1.stl
[0.761s] -- Installing: /home/kol/Documents/ros_workstation/Control/Arm/install/boilerplate/share/boilerplate/meshes/link_1_1.stl
[0.761s] -- Installing: /home/kol/Documents/ros_workstation/Control/Arm/install/boilerplate/share/boilerplate/meshes/base_link.stl
[0.761s] -- Installing: /home/kol/Documents/ros_workstation/Control/Arm/install/boilerplate/share/boilerplate/meshes/link_5_1.stl
[0.761s] -- Installing: /home/kol/Documents/ros_workstation/Control/Arm/install/boilerplate/share/boilerplate/meshes/link_4_1.stl
[0.761s] -- Installing: /home/kol/Documents/ros_workstation/Control/Arm/install/boilerplate/share/boilerplate/meshes/link_2_1.stl
[0.762s] -- Installing: /home/kol/Documents/ros_workstation/Control/Arm/install/boilerplate/share/boilerplate/urdf
[0.762s] -- Installing: /home/kol/Documents/ros_workstation/Control/Arm/install/boilerplate/share/boilerplate/urdf/arm.urdf.xacro
[0.762s] -- Installing: /home/kol/Documents/ros_workstation/Control/Arm/install/boilerplate/share/boilerplate/urdf/ros2_control.xacro
[0.762s] -- Installing: /home/kol/Documents/ros_workstation/Control/Arm/install/boilerplate/share/ament_index/resource_index/package_run_dependencies/boilerplate
[0.762s] -- Installing: /home/kol/Documents/ros_workstation/Control/Arm/install/boilerplate/share/ament_index/resource_index/parent_prefix_path/boilerplate
[0.763s] -- Installing: /home/kol/Documents/ros_workstation/Control/Arm/install/boilerplate/share/boilerplate/environment/ament_prefix_path.sh
[0.763s] -- Installing: /home/kol/Documents/ros_workstation/Control/Arm/install/boilerplate/share/boilerplate/environment/ament_prefix_path.dsv
[0.763s] -- Installing: /home/kol/Documents/ros_workstation/Control/Arm/install/boilerplate/share/boilerplate/environment/path.sh
[0.763s] -- Installing: /home/kol/Documents/ros_workstation/Control/Arm/install/boilerplate/share/boilerplate/environment/path.dsv
[0.763s] -- Installing: /home/kol/Documents/ros_workstation/Control/Arm/install/boilerplate/share/boilerplate/local_setup.bash
[0.763s] -- Installing: /home/kol/Documents/ros_workstation/Control/Arm/install/boilerplate/share/boilerplate/local_setup.sh
[0.764s] -- Installing: /home/kol/Documents/ros_workstation/Control/Arm/install/boilerplate/share/boilerplate/local_setup.zsh
[0.764s] -- Installing: /home/kol/Documents/ros_workstation/Control/Arm/install/boilerplate/share/boilerplate/local_setup.dsv
[0.764s] -- Installing: /home/kol/Documents/ros_workstation/Control/Arm/install/boilerplate/share/boilerplate/package.dsv
[0.764s] -- Installing: /home/kol/Documents/ros_workstation/Control/Arm/install/boilerplate/share/ament_index/resource_index/packages/boilerplate
[0.764s] -- Installing: /home/kol/Documents/ros_workstation/Control/Arm/install/boilerplate/share/boilerplate/cmake/boilerplateConfig.cmake
[0.765s] -- Installing: /home/kol/Documents/ros_workstation/Control/Arm/install/boilerplate/share/boilerplate/cmake/boilerplateConfig-version.cmake
[0.765s] -- Installing: /home/kol/Documents/ros_workstation/Control/Arm/install/boilerplate/share/boilerplate/package.xml
[0.767s] Invoked command in '/home/kol/Documents/ros_workstation/Control/Arm/build/boilerplate' returned '0': CMAKE_PREFIX_PATH=/opt/ros/humble /usr/bin/cmake --install /home/kol/Documents/ros_workstation/Control/Arm/build/boilerplate
