[0.163s] DEBUG:colcon:Command line arguments: ['/usr/bin/colcon', 'build']
[0.163s] DEBUG:colcon:Parsed command line arguments: Namespace(log_base=None, log_level=None, verb_name='build', build_base='build', install_base='install', merge_install=False, symlink_install=False, test_result_base=None, continue_on_error=False, executor='parallel', parallel_workers=4, event_handlers=None, ignore_user_meta=False, metas=['./colcon.meta'], base_paths=['.'], packages_ignore=None, packages_ignore_regex=None, paths=None, packages_up_to=None, packages_up_to_regex=None, packages_above=None, packages_above_and_dependencies=None, packages_above_depth=None, packages_select_by_dep=None, packages_skip_by_dep=None, packages_skip_up_to=None, packages_select_build_failed=False, packages_skip_build_finished=False, packages_select_test_failures=False, packages_skip_test_passed=False, packages_select=None, packages_skip=None, packages_select_regex=None, packages_skip_regex=None, packages_start=None, packages_end=None, allow_overriding=[], cmake_args=None, cmake_target=None, cmake_target_skip_unavailable=False, cmake_clean_cache=False, cmake_clean_first=False, cmake_force_configure=False, ament_cmake_args=None, catkin_cmake_args=None, catkin_skip_building_tests=False, mixin_files=None, mixin=None, verb_parser=<colcon_mixin.mixin.mixin_argument.MixinArgumentDecorator object at 0x777b3878dfc0>, verb_extension=<colcon_core.verb.build.BuildVerb object at 0x777b3878d9c0>, main=<bound method BuildVerb.main of <colcon_core.verb.build.BuildVerb object at 0x777b3878d9c0>>, mixin_verb=('build',))
[0.467s] Level 1:colcon.colcon_core.package_discovery:discover_packages(colcon_meta) check parameters
[0.467s] Level 1:colcon.colcon_core.package_discovery:discover_packages(recursive) check parameters
[0.467s] Level 1:colcon.colcon_core.package_discovery:discover_packages(ignore) check parameters
[0.467s] Level 1:colcon.colcon_core.package_discovery:discover_packages(path) check parameters
[0.467s] Level 1:colcon.colcon_core.package_discovery:discover_packages(colcon_meta) discover
[0.467s] Level 1:colcon.colcon_core.package_discovery:discover_packages(recursive) discover
[0.467s] INFO:colcon.colcon_core.package_discovery:Crawling recursively for packages in '/home/kol/Documents/ros_workstation/basics/servcli'
[0.467s] Level 1:colcon.colcon_core.package_identification:_identify(.) by extensions ['ignore', 'ignore_ament_install']
[0.468s] Level 1:colcon.colcon_core.package_identification:_identify(.) by extension 'ignore'
[0.468s] Level 1:colcon.colcon_core.package_identification:_identify(.) by extension 'ignore_ament_install'
[0.468s] Level 1:colcon.colcon_core.package_identification:_identify(.) by extensions ['colcon_pkg']
[0.468s] Level 1:colcon.colcon_core.package_identification:_identify(.) by extension 'colcon_pkg'
[0.468s] Level 1:colcon.colcon_core.package_identification:_identify(.) by extensions ['colcon_meta']
[0.468s] Level 1:colcon.colcon_core.package_identification:_identify(.) by extension 'colcon_meta'
[0.468s] Level 1:colcon.colcon_core.package_identification:_identify(.) by extensions ['ros']
[0.468s] Level 1:colcon.colcon_core.package_identification:_identify(.) by extension 'ros'
[0.481s] Level 1:colcon.colcon_core.package_identification:_identify(.) by extensions ['cmake', 'python']
[0.482s] Level 1:colcon.colcon_core.package_identification:_identify(.) by extension 'cmake'
[0.482s] Level 1:colcon.colcon_core.package_identification:_identify(.) by extension 'python'
[0.482s] Level 1:colcon.colcon_core.package_identification:_identify(.) by extensions ['python_setup_py']
[0.482s] Level 1:colcon.colcon_core.package_identification:_identify(.) by extension 'python_setup_py'
[0.482s] Level 1:colcon.colcon_core.package_identification:_identify(build) by extensions ['ignore', 'ignore_ament_install']
[0.482s] Level 1:colcon.colcon_core.package_identification:_identify(build) by extension 'ignore'
[0.482s] Level 1:colcon.colcon_core.package_identification:_identify(build) ignored
[0.482s] Level 1:colcon.colcon_core.package_identification:_identify(install) by extensions ['ignore', 'ignore_ament_install']
[0.482s] Level 1:colcon.colcon_core.package_identification:_identify(install) by extension 'ignore'
[0.482s] Level 1:colcon.colcon_core.package_identification:_identify(install) ignored
[0.482s] Level 1:colcon.colcon_core.package_identification:_identify(log) by extensions ['ignore', 'ignore_ament_install']
[0.483s] Level 1:colcon.colcon_core.package_identification:_identify(log) by extension 'ignore'
[0.483s] Level 1:colcon.colcon_core.package_identification:_identify(log) ignored
[0.483s] Level 1:colcon.colcon_core.package_identification:_identify(src) by extensions ['ignore', 'ignore_ament_install']
[0.483s] Level 1:colcon.colcon_core.package_identification:_identify(src) by extension 'ignore'
[0.483s] Level 1:colcon.colcon_core.package_identification:_identify(src) by extension 'ignore_ament_install'
[0.483s] Level 1:colcon.colcon_core.package_identification:_identify(src) by extensions ['colcon_pkg']
[0.483s] Level 1:colcon.colcon_core.package_identification:_identify(src) by extension 'colcon_pkg'
[0.483s] Level 1:colcon.colcon_core.package_identification:_identify(src) by extensions ['colcon_meta']
[0.483s] Level 1:colcon.colcon_core.package_identification:_identify(src) by extension 'colcon_meta'
[0.483s] Level 1:colcon.colcon_core.package_identification:_identify(src) by extensions ['ros']
[0.483s] Level 1:colcon.colcon_core.package_identification:_identify(src) by extension 'ros'
[0.483s] Level 1:colcon.colcon_core.package_identification:_identify(src) by extensions ['cmake', 'python']
[0.483s] Level 1:colcon.colcon_core.package_identification:_identify(src) by extension 'cmake'
[0.483s] Level 1:colcon.colcon_core.package_identification:_identify(src) by extension 'python'
[0.483s] Level 1:colcon.colcon_core.package_identification:_identify(src) by extensions ['python_setup_py']
[0.483s] Level 1:colcon.colcon_core.package_identification:_identify(src) by extension 'python_setup_py'
[0.484s] Level 1:colcon.colcon_core.package_identification:_identify(src/cpp_srvcli) by extensions ['ignore', 'ignore_ament_install']
[0.484s] Level 1:colcon.colcon_core.package_identification:_identify(src/cpp_srvcli) by extension 'ignore'
[0.484s] Level 1:colcon.colcon_core.package_identification:_identify(src/cpp_srvcli) by extension 'ignore_ament_install'
[0.484s] Level 1:colcon.colcon_core.package_identification:_identify(src/cpp_srvcli) by extensions ['colcon_pkg']
[0.484s] Level 1:colcon.colcon_core.package_identification:_identify(src/cpp_srvcli) by extension 'colcon_pkg'
[0.484s] Level 1:colcon.colcon_core.package_identification:_identify(src/cpp_srvcli) by extensions ['colcon_meta']
[0.484s] Level 1:colcon.colcon_core.package_identification:_identify(src/cpp_srvcli) by extension 'colcon_meta'
[0.484s] Level 1:colcon.colcon_core.package_identification:_identify(src/cpp_srvcli) by extensions ['ros']
[0.484s] Level 1:colcon.colcon_core.package_identification:_identify(src/cpp_srvcli) by extension 'ros'
[0.487s] DEBUG:colcon.colcon_core.package_identification:Package 'src/cpp_srvcli' with type 'ros.ament_cmake' and name 'cpp_srvcli'
[0.487s] Level 1:colcon.colcon_core.package_discovery:discover_packages(recursive) using defaults
[0.487s] Level 1:colcon.colcon_core.package_discovery:discover_packages(ignore) discover
[0.488s] Level 1:colcon.colcon_core.package_discovery:discover_packages(ignore) using defaults
[0.488s] Level 1:colcon.colcon_core.package_discovery:discover_packages(path) discover
[0.488s] Level 1:colcon.colcon_core.package_discovery:discover_packages(path) using defaults
[0.520s] Level 1:colcon.colcon_core.package_discovery:discover_packages(prefix_path) check parameters
[0.520s] Level 1:colcon.colcon_core.package_discovery:discover_packages(prefix_path) discover
[0.527s] DEBUG:colcon.colcon_installed_package_information.package_discovery:Found 382 installed packages in /opt/ros/humble
[0.529s] Level 1:colcon.colcon_core.package_discovery:discover_packages(prefix_path) using defaults
[0.595s] Level 5:colcon.colcon_core.verb:set package 'cpp_srvcli' build argument 'cmake_args' from command line to 'None'
[0.595s] Level 5:colcon.colcon_core.verb:set package 'cpp_srvcli' build argument 'cmake_target' from command line to 'None'
[0.595s] Level 5:colcon.colcon_core.verb:set package 'cpp_srvcli' build argument 'cmake_target_skip_unavailable' from command line to 'False'
[0.595s] Level 5:colcon.colcon_core.verb:set package 'cpp_srvcli' build argument 'cmake_clean_cache' from command line to 'False'
[0.595s] Level 5:colcon.colcon_core.verb:set package 'cpp_srvcli' build argument 'cmake_clean_first' from command line to 'False'
[0.595s] Level 5:colcon.colcon_core.verb:set package 'cpp_srvcli' build argument 'cmake_force_configure' from command line to 'False'
[0.595s] Level 5:colcon.colcon_core.verb:set package 'cpp_srvcli' build argument 'ament_cmake_args' from command line to 'None'
[0.595s] Level 5:colcon.colcon_core.verb:set package 'cpp_srvcli' build argument 'catkin_cmake_args' from command line to 'None'
[0.595s] Level 5:colcon.colcon_core.verb:set package 'cpp_srvcli' build argument 'catkin_skip_building_tests' from command line to 'False'
[0.595s] DEBUG:colcon.colcon_core.verb:Building package 'cpp_srvcli' with the following arguments: {'ament_cmake_args': None, 'build_base': '/home/kol/Documents/ros_workstation/basics/servcli/build/cpp_srvcli', 'catkin_cmake_args': None, 'catkin_skip_building_tests': False, 'cmake_args': None, 'cmake_clean_cache': False, 'cmake_clean_first': False, 'cmake_force_configure': False, 'cmake_target': None, 'cmake_target_skip_unavailable': False, 'install_base': '/home/kol/Documents/ros_workstation/basics/servcli/install/cpp_srvcli', 'merge_install': False, 'path': '/home/kol/Documents/ros_workstation/basics/servcli/src/cpp_srvcli', 'symlink_install': False, 'test_result_base': None}
[0.595s] INFO:colcon.colcon_core.executor:Executing jobs using 'parallel' executor
[0.596s] DEBUG:colcon.colcon_parallel_executor.executor.parallel:run_until_complete
[0.596s] INFO:colcon.colcon_ros.task.ament_cmake.build:Building ROS package in '/home/kol/Documents/ros_workstation/basics/servcli/src/cpp_srvcli' with build type 'ament_cmake'
[0.596s] INFO:colcon.colcon_cmake.task.cmake.build:Building CMake package in '/home/kol/Documents/ros_workstation/basics/servcli/src/cpp_srvcli'
[0.599s] INFO:colcon.colcon_core.plugin_system:Skipping extension 'colcon_core.shell.bat': Not used on non-Windows systems
[0.599s] INFO:colcon.colcon_core.shell:Skip shell extension 'powershell' for command environment: Not usable outside of PowerShell
[0.599s] DEBUG:colcon.colcon_core.shell:Skip shell extension 'dsv' for command environment
[0.611s] DEBUG:colcon.colcon_core.event_handler.log_command:Invoking command in '/home/kol/Documents/ros_workstation/basics/servcli/build/cpp_srvcli': CMAKE_PREFIX_PATH=/opt/ros/humble /usr/bin/cmake --build /home/kol/Documents/ros_workstation/basics/servcli/build/cpp_srvcli -- -j4 -l4
[5.381s] DEBUG:colcon.colcon_core.event_handler.log_command:Invoked command in '/home/kol/Documents/ros_workstation/basics/servcli/build/cpp_srvcli' returned '0': CMAKE_PREFIX_PATH=/opt/ros/humble /usr/bin/cmake --build /home/kol/Documents/ros_workstation/basics/servcli/build/cpp_srvcli -- -j4 -l4
[5.394s] DEBUG:colcon.colcon_core.event_handler.log_command:Invoking command in '/home/kol/Documents/ros_workstation/basics/servcli/build/cpp_srvcli': CMAKE_PREFIX_PATH=/opt/ros/humble /usr/bin/cmake --install /home/kol/Documents/ros_workstation/basics/servcli/build/cpp_srvcli
[5.408s] Level 1:colcon.colcon_core.environment:create_environment_scripts_only(cpp_srvcli)
[5.409s] DEBUG:colcon.colcon_core.event_handler.log_command:Invoked command in '/home/kol/Documents/ros_workstation/basics/servcli/build/cpp_srvcli' returned '0': CMAKE_PREFIX_PATH=/opt/ros/humble /usr/bin/cmake --install /home/kol/Documents/ros_workstation/basics/servcli/build/cpp_srvcli
[5.413s] Level 1:colcon.colcon_core.environment:checking '/home/kol/Documents/ros_workstation/basics/servcli/install/cpp_srvcli' for CMake module files
[5.414s] Level 1:colcon.colcon_core.environment:checking '/home/kol/Documents/ros_workstation/basics/servcli/install/cpp_srvcli' for CMake config files
[5.414s] Level 1:colcon.colcon_core.shell:create_environment_hook('cpp_srvcli', 'cmake_prefix_path')
[5.415s] INFO:colcon.colcon_core.shell:Creating environment hook '/home/kol/Documents/ros_workstation/basics/servcli/install/cpp_srvcli/share/cpp_srvcli/hook/cmake_prefix_path.ps1'
[5.416s] INFO:colcon.colcon_core.shell:Creating environment descriptor '/home/kol/Documents/ros_workstation/basics/servcli/install/cpp_srvcli/share/cpp_srvcli/hook/cmake_prefix_path.dsv'
[5.416s] INFO:colcon.colcon_core.shell:Creating environment hook '/home/kol/Documents/ros_workstation/basics/servcli/install/cpp_srvcli/share/cpp_srvcli/hook/cmake_prefix_path.sh'
[5.417s] Level 1:colcon.colcon_core.environment:checking '/home/kol/Documents/ros_workstation/basics/servcli/install/cpp_srvcli/lib'
[5.418s] Level 1:colcon.colcon_core.environment:checking '/home/kol/Documents/ros_workstation/basics/servcli/install/cpp_srvcli/bin'
[5.418s] Level 1:colcon.colcon_core.environment:checking '/home/kol/Documents/ros_workstation/basics/servcli/install/cpp_srvcli/lib/pkgconfig/cpp_srvcli.pc'
[5.418s] Level 1:colcon.colcon_core.environment:checking '/home/kol/Documents/ros_workstation/basics/servcli/install/cpp_srvcli/lib/python3.10/site-packages'
[5.418s] Level 1:colcon.colcon_core.environment:checking '/home/kol/Documents/ros_workstation/basics/servcli/install/cpp_srvcli/bin'
[5.419s] INFO:colcon.colcon_core.shell:Creating package script '/home/kol/Documents/ros_workstation/basics/servcli/install/cpp_srvcli/share/cpp_srvcli/package.ps1'
[5.420s] INFO:colcon.colcon_core.shell:Creating package descriptor '/home/kol/Documents/ros_workstation/basics/servcli/install/cpp_srvcli/share/cpp_srvcli/package.dsv'
[5.420s] INFO:colcon.colcon_core.shell:Creating package script '/home/kol/Documents/ros_workstation/basics/servcli/install/cpp_srvcli/share/cpp_srvcli/package.sh'
[5.421s] INFO:colcon.colcon_core.shell:Creating package script '/home/kol/Documents/ros_workstation/basics/servcli/install/cpp_srvcli/share/cpp_srvcli/package.bash'
[5.422s] INFO:colcon.colcon_core.shell:Creating package script '/home/kol/Documents/ros_workstation/basics/servcli/install/cpp_srvcli/share/cpp_srvcli/package.zsh'
[5.423s] Level 1:colcon.colcon_core.environment:create_file_with_runtime_dependencies(/home/kol/Documents/ros_workstation/basics/servcli/install/cpp_srvcli/share/colcon-core/packages/cpp_srvcli)
[5.424s] Level 1:colcon.colcon_core.environment:create_environment_scripts_only(cpp_srvcli)
[5.424s] Level 1:colcon.colcon_core.environment:checking '/home/kol/Documents/ros_workstation/basics/servcli/install/cpp_srvcli' for CMake module files
[5.425s] Level 1:colcon.colcon_core.environment:checking '/home/kol/Documents/ros_workstation/basics/servcli/install/cpp_srvcli' for CMake config files
[5.425s] Level 1:colcon.colcon_core.shell:create_environment_hook('cpp_srvcli', 'cmake_prefix_path')
[5.425s] INFO:colcon.colcon_core.shell:Creating environment hook '/home/kol/Documents/ros_workstation/basics/servcli/install/cpp_srvcli/share/cpp_srvcli/hook/cmake_prefix_path.ps1'
[5.426s] INFO:colcon.colcon_core.shell:Creating environment descriptor '/home/kol/Documents/ros_workstation/basics/servcli/install/cpp_srvcli/share/cpp_srvcli/hook/cmake_prefix_path.dsv'
[5.426s] INFO:colcon.colcon_core.shell:Creating environment hook '/home/kol/Documents/ros_workstation/basics/servcli/install/cpp_srvcli/share/cpp_srvcli/hook/cmake_prefix_path.sh'
[5.427s] Level 1:colcon.colcon_core.environment:checking '/home/kol/Documents/ros_workstation/basics/servcli/install/cpp_srvcli/lib'
[5.427s] Level 1:colcon.colcon_core.environment:checking '/home/kol/Documents/ros_workstation/basics/servcli/install/cpp_srvcli/bin'
[5.427s] Level 1:colcon.colcon_core.environment:checking '/home/kol/Documents/ros_workstation/basics/servcli/install/cpp_srvcli/lib/pkgconfig/cpp_srvcli.pc'
[5.427s] Level 1:colcon.colcon_core.environment:checking '/home/kol/Documents/ros_workstation/basics/servcli/install/cpp_srvcli/lib/python3.10/site-packages'
[5.428s] Level 1:colcon.colcon_core.environment:checking '/home/kol/Documents/ros_workstation/basics/servcli/install/cpp_srvcli/bin'
[5.428s] INFO:colcon.colcon_core.shell:Creating package script '/home/kol/Documents/ros_workstation/basics/servcli/install/cpp_srvcli/share/cpp_srvcli/package.ps1'
[5.429s] INFO:colcon.colcon_core.shell:Creating package descriptor '/home/kol/Documents/ros_workstation/basics/servcli/install/cpp_srvcli/share/cpp_srvcli/package.dsv'
[5.429s] INFO:colcon.colcon_core.shell:Creating package script '/home/kol/Documents/ros_workstation/basics/servcli/install/cpp_srvcli/share/cpp_srvcli/package.sh'
[5.430s] INFO:colcon.colcon_core.shell:Creating package script '/home/kol/Documents/ros_workstation/basics/servcli/install/cpp_srvcli/share/cpp_srvcli/package.bash'
[5.431s] INFO:colcon.colcon_core.shell:Creating package script '/home/kol/Documents/ros_workstation/basics/servcli/install/cpp_srvcli/share/cpp_srvcli/package.zsh'
[5.431s] Level 1:colcon.colcon_core.environment:create_file_with_runtime_dependencies(/home/kol/Documents/ros_workstation/basics/servcli/install/cpp_srvcli/share/colcon-core/packages/cpp_srvcli)
[5.431s] DEBUG:colcon.colcon_parallel_executor.executor.parallel:closing loop
[5.432s] DEBUG:colcon.colcon_parallel_executor.executor.parallel:loop closed
[5.432s] DEBUG:colcon.colcon_parallel_executor.executor.parallel:run_until_complete finished with '0'
[5.432s] DEBUG:colcon.colcon_core.event_reactor:joining thread
[5.438s] INFO:colcon.colcon_core.plugin_system:Skipping extension 'colcon_notification.desktop_notification.terminal_notifier': Not used on non-Darwin systems
[5.438s] INFO:colcon.colcon_core.plugin_system:Skipping extension 'colcon_notification.desktop_notification.win32': Not used on non-Windows systems
[5.438s] INFO:colcon.colcon_notification.desktop_notification:Sending desktop notification using 'notify2'
[5.449s] DEBUG:colcon.colcon_core.event_reactor:joined thread
[5.450s] INFO:colcon.colcon_core.shell:Creating prefix script '/home/kol/Documents/ros_workstation/basics/servcli/install/local_setup.ps1'
[5.452s] INFO:colcon.colcon_core.shell:Creating prefix util module '/home/kol/Documents/ros_workstation/basics/servcli/install/_local_setup_util_ps1.py'
[5.454s] INFO:colcon.colcon_core.shell:Creating prefix chain script '/home/kol/Documents/ros_workstation/basics/servcli/install/setup.ps1'
[5.455s] INFO:colcon.colcon_core.shell:Creating prefix script '/home/kol/Documents/ros_workstation/basics/servcli/install/local_setup.sh'
[5.456s] INFO:colcon.colcon_core.shell:Creating prefix util module '/home/kol/Documents/ros_workstation/basics/servcli/install/_local_setup_util_sh.py'
[5.457s] INFO:colcon.colcon_core.shell:Creating prefix chain script '/home/kol/Documents/ros_workstation/basics/servcli/install/setup.sh'
[5.458s] INFO:colcon.colcon_core.shell:Creating prefix script '/home/kol/Documents/ros_workstation/basics/servcli/install/local_setup.bash'
[5.459s] INFO:colcon.colcon_core.shell:Creating prefix chain script '/home/kol/Documents/ros_workstation/basics/servcli/install/setup.bash'
[5.460s] INFO:colcon.colcon_core.shell:Creating prefix script '/home/kol/Documents/ros_workstation/basics/servcli/install/local_setup.zsh'
[5.461s] INFO:colcon.colcon_core.shell:Creating prefix chain script '/home/kol/Documents/ros_workstation/basics/servcli/install/setup.zsh'
