[0.025s] Invoking command in '/home/kol/Documents/ros_workstation/Control/six_dof_robot_ws/build/welder_mvt_cf3': AMENT_PREFIX_PATH=/home/kol/Documents/ros_workstation/Control/six_dof_robot_ws/install/welder_description:/home/kol/Documents/ros_workstation/Control/six_dof_robot_ws/install/welder_mvt_cfg_2:/home/kol/Documents/ros_workstation/Control/six_dof_robot_ws/install/welder_moveit_config:/home/kol/Documents/ros_workstation/Control/six_dof_robot_ws/install/welder_control:/home/kol/Documents/ros_workstation/Control/six_dof_robot_ws/install/moveit_control:/opt/ros/humble CMAKE_PREFIX_PATH=${CMAKE_PREFIX_PATH}:/home/kol/Documents/ros_workstation/Control/six_dof_robot_ws/install/welder_description:/home/kol/Documents/ros_workstation/Control/six_dof_robot_ws/install/welder_control:/opt/ros/humble /usr/bin/cmake /home/kol/Documents/ros_workstation/Control/six_dof_robot_ws/src/welder_mvt_cf3 -DCMAKE_INSTALL_PREFIX=/home/kol/Documents/ros_workstation/Control/six_dof_robot_ws/install/welder_mvt_cf3
[0.106s] -- The C compiler identification is GNU 11.4.0
[0.168s] -- The CXX compiler identification is GNU 11.4.0
[0.175s] -- Detecting C compiler ABI info
[0.248s] -- Detecting C compiler ABI info - done
[0.256s] -- Check for working C compiler: /usr/bin/cc - skipped
[0.256s] -- Detecting C compile features
[0.257s] -- Detecting C compile features - done
[0.260s] -- Detecting CXX compiler ABI info
[0.342s] -- Detecting CXX compiler ABI info - done
[0.350s] -- Check for working CXX compiler: /usr/bin/c++ - skipped
[0.350s] -- Detecting CXX compile features
[0.350s] -- Detecting CXX compile features - done
[0.353s] -- Found ament_cmake: 1.3.11 (/opt/ros/humble/share/ament_cmake/cmake)
[0.511s] -- Found Python3: /usr/bin/python3 (found version "3.10.12") found components: Interpreter 
[0.666s] -- Configuring done
[0.669s] -- Generating done
[0.670s] -- Build files have been written to: /home/kol/Documents/ros_workstation/Control/six_dof_robot_ws/build/welder_mvt_cf3
[0.674s] Invoked command in '/home/kol/Documents/ros_workstation/Control/six_dof_robot_ws/build/welder_mvt_cf3' returned '0': AMENT_PREFIX_PATH=/home/kol/Documents/ros_workstation/Control/six_dof_robot_ws/install/welder_description:/home/kol/Documents/ros_workstation/Control/six_dof_robot_ws/install/welder_mvt_cfg_2:/home/kol/Documents/ros_workstation/Control/six_dof_robot_ws/install/welder_moveit_config:/home/kol/Documents/ros_workstation/Control/six_dof_robot_ws/install/welder_control:/home/kol/Documents/ros_workstation/Control/six_dof_robot_ws/install/moveit_control:/opt/ros/humble CMAKE_PREFIX_PATH=${CMAKE_PREFIX_PATH}:/home/kol/Documents/ros_workstation/Control/six_dof_robot_ws/install/welder_description:/home/kol/Documents/ros_workstation/Control/six_dof_robot_ws/install/welder_control:/opt/ros/humble /usr/bin/cmake /home/kol/Documents/ros_workstation/Control/six_dof_robot_ws/src/welder_mvt_cf3 -DCMAKE_INSTALL_PREFIX=/home/kol/Documents/ros_workstation/Control/six_dof_robot_ws/install/welder_mvt_cf3
[0.676s] Invoking command in '/home/kol/Documents/ros_workstation/Control/six_dof_robot_ws/build/welder_mvt_cf3': AMENT_PREFIX_PATH=/home/kol/Documents/ros_workstation/Control/six_dof_robot_ws/install/welder_description:/home/kol/Documents/ros_workstation/Control/six_dof_robot_ws/install/welder_mvt_cfg_2:/home/kol/Documents/ros_workstation/Control/six_dof_robot_ws/install/welder_moveit_config:/home/kol/Documents/ros_workstation/Control/six_dof_robot_ws/install/welder_control:/home/kol/Documents/ros_workstation/Control/six_dof_robot_ws/install/moveit_control:/opt/ros/humble CMAKE_PREFIX_PATH=${CMAKE_PREFIX_PATH}:/home/kol/Documents/ros_workstation/Control/six_dof_robot_ws/install/welder_description:/home/kol/Documents/ros_workstation/Control/six_dof_robot_ws/install/welder_control:/opt/ros/humble /usr/bin/cmake --build /home/kol/Documents/ros_workstation/Control/six_dof_robot_ws/build/welder_mvt_cf3 -- -j4 -l4
[0.721s] Invoked command in '/home/kol/Documents/ros_workstation/Control/six_dof_robot_ws/build/welder_mvt_cf3' returned '0': AMENT_PREFIX_PATH=/home/kol/Documents/ros_workstation/Control/six_dof_robot_ws/install/welder_description:/home/kol/Documents/ros_workstation/Control/six_dof_robot_ws/install/welder_mvt_cfg_2:/home/kol/Documents/ros_workstation/Control/six_dof_robot_ws/install/welder_moveit_config:/home/kol/Documents/ros_workstation/Control/six_dof_robot_ws/install/welder_control:/home/kol/Documents/ros_workstation/Control/six_dof_robot_ws/install/moveit_control:/opt/ros/humble CMAKE_PREFIX_PATH=${CMAKE_PREFIX_PATH}:/home/kol/Documents/ros_workstation/Control/six_dof_robot_ws/install/welder_description:/home/kol/Documents/ros_workstation/Control/six_dof_robot_ws/install/welder_control:/opt/ros/humble /usr/bin/cmake --build /home/kol/Documents/ros_workstation/Control/six_dof_robot_ws/build/welder_mvt_cf3 -- -j4 -l4
[0.722s] Invoking command in '/home/kol/Documents/ros_workstation/Control/six_dof_robot_ws/build/welder_mvt_cf3': AMENT_PREFIX_PATH=/home/kol/Documents/ros_workstation/Control/six_dof_robot_ws/install/welder_description:/home/kol/Documents/ros_workstation/Control/six_dof_robot_ws/install/welder_mvt_cfg_2:/home/kol/Documents/ros_workstation/Control/six_dof_robot_ws/install/welder_moveit_config:/home/kol/Documents/ros_workstation/Control/six_dof_robot_ws/install/welder_control:/home/kol/Documents/ros_workstation/Control/six_dof_robot_ws/install/moveit_control:/opt/ros/humble CMAKE_PREFIX_PATH=${CMAKE_PREFIX_PATH}:/home/kol/Documents/ros_workstation/Control/six_dof_robot_ws/install/welder_description:/home/kol/Documents/ros_workstation/Control/six_dof_robot_ws/install/welder_control:/opt/ros/humble /usr/bin/cmake --install /home/kol/Documents/ros_workstation/Control/six_dof_robot_ws/build/welder_mvt_cf3
[0.729s] -- Install configuration: ""
[0.729s] -- Installing: /home/kol/Documents/ros_workstation/Control/six_dof_robot_ws/install/welder_mvt_cf3/share/ament_index/resource_index/package_run_dependencies/welder_mvt_cf3
[0.729s] -- Installing: /home/kol/Documents/ros_workstation/Control/six_dof_robot_ws/install/welder_mvt_cf3/share/ament_index/resource_index/parent_prefix_path/welder_mvt_cf3
[0.729s] -- Installing: /home/kol/Documents/ros_workstation/Control/six_dof_robot_ws/install/welder_mvt_cf3/share/welder_mvt_cf3/environment/ament_prefix_path.sh
[0.729s] -- Installing: /home/kol/Documents/ros_workstation/Control/six_dof_robot_ws/install/welder_mvt_cf3/share/welder_mvt_cf3/environment/ament_prefix_path.dsv
[0.729s] -- Installing: /home/kol/Documents/ros_workstation/Control/six_dof_robot_ws/install/welder_mvt_cf3/share/welder_mvt_cf3/environment/path.sh
[0.729s] -- Installing: /home/kol/Documents/ros_workstation/Control/six_dof_robot_ws/install/welder_mvt_cf3/share/welder_mvt_cf3/environment/path.dsv
[0.730s] -- Installing: /home/kol/Documents/ros_workstation/Control/six_dof_robot_ws/install/welder_mvt_cf3/share/welder_mvt_cf3/local_setup.bash
[0.730s] -- Installing: /home/kol/Documents/ros_workstation/Control/six_dof_robot_ws/install/welder_mvt_cf3/share/welder_mvt_cf3/local_setup.sh
[0.730s] -- Installing: /home/kol/Documents/ros_workstation/Control/six_dof_robot_ws/install/welder_mvt_cf3/share/welder_mvt_cf3/local_setup.zsh
[0.730s] -- Installing: /home/kol/Documents/ros_workstation/Control/six_dof_robot_ws/install/welder_mvt_cf3/share/welder_mvt_cf3/local_setup.dsv
[0.730s] -- Installing: /home/kol/Documents/ros_workstation/Control/six_dof_robot_ws/install/welder_mvt_cf3/share/welder_mvt_cf3/package.dsv
[0.730s] -- Installing: /home/kol/Documents/ros_workstation/Control/six_dof_robot_ws/install/welder_mvt_cf3/share/ament_index/resource_index/packages/welder_mvt_cf3
[0.731s] -- Installing: /home/kol/Documents/ros_workstation/Control/six_dof_robot_ws/install/welder_mvt_cf3/share/welder_mvt_cf3/cmake/welder_mvt_cf3Config.cmake
[0.731s] -- Installing: /home/kol/Documents/ros_workstation/Control/six_dof_robot_ws/install/welder_mvt_cf3/share/welder_mvt_cf3/cmake/welder_mvt_cf3Config-version.cmake
[0.731s] -- Installing: /home/kol/Documents/ros_workstation/Control/six_dof_robot_ws/install/welder_mvt_cf3/share/welder_mvt_cf3/package.xml
[0.731s] -- Installing: /home/kol/Documents/ros_workstation/Control/six_dof_robot_ws/install/welder_mvt_cf3/share/welder_mvt_cf3/launch
[0.731s] -- Installing: /home/kol/Documents/ros_workstation/Control/six_dof_robot_ws/install/welder_mvt_cf3/share/welder_mvt_cf3/launch/rsp.launch.py
[0.731s] -- Installing: /home/kol/Documents/ros_workstation/Control/six_dof_robot_ws/install/welder_mvt_cf3/share/welder_mvt_cf3/launch/move_group.launch.py
[0.731s] -- Installing: /home/kol/Documents/ros_workstation/Control/six_dof_robot_ws/install/welder_mvt_cf3/share/welder_mvt_cf3/launch/spawn_controllers.launch.py
[0.731s] -- Installing: /home/kol/Documents/ros_workstation/Control/six_dof_robot_ws/install/welder_mvt_cf3/share/welder_mvt_cf3/launch/demo.launch.py
[0.732s] -- Installing: /home/kol/Documents/ros_workstation/Control/six_dof_robot_ws/install/welder_mvt_cf3/share/welder_mvt_cf3/launch/setup_assistant.launch.py
[0.732s] -- Installing: /home/kol/Documents/ros_workstation/Control/six_dof_robot_ws/install/welder_mvt_cf3/share/welder_mvt_cf3/launch/moveit_rviz.launch.py
[0.732s] -- Installing: /home/kol/Documents/ros_workstation/Control/six_dof_robot_ws/install/welder_mvt_cf3/share/welder_mvt_cf3/launch/static_virtual_joint_tfs.launch.py
[0.732s] -- Installing: /home/kol/Documents/ros_workstation/Control/six_dof_robot_ws/install/welder_mvt_cf3/share/welder_mvt_cf3/launch/warehouse_db.launch.py
[0.732s] -- Installing: /home/kol/Documents/ros_workstation/Control/six_dof_robot_ws/install/welder_mvt_cf3/share/welder_mvt_cf3/config
[0.732s] -- Installing: /home/kol/Documents/ros_workstation/Control/six_dof_robot_ws/install/welder_mvt_cf3/share/welder_mvt_cf3/config/moveit.rviz
[0.732s] -- Installing: /home/kol/Documents/ros_workstation/Control/six_dof_robot_ws/install/welder_mvt_cf3/share/welder_mvt_cf3/config/ros2_controllers.yaml
[0.732s] -- Installing: /home/kol/Documents/ros_workstation/Control/six_dof_robot_ws/install/welder_mvt_cf3/share/welder_mvt_cf3/config/joint_limits.yaml
[0.733s] -- Installing: /home/kol/Documents/ros_workstation/Control/six_dof_robot_ws/install/welder_mvt_cf3/share/welder_mvt_cf3/config/welder.ros2_control.xacro
[0.733s] -- Installing: /home/kol/Documents/ros_workstation/Control/six_dof_robot_ws/install/welder_mvt_cf3/share/welder_mvt_cf3/config/kinematics.yaml
[0.733s] -- Installing: /home/kol/Documents/ros_workstation/Control/six_dof_robot_ws/install/welder_mvt_cf3/share/welder_mvt_cf3/config/initial_positions.yaml
[0.733s] -- Installing: /home/kol/Documents/ros_workstation/Control/six_dof_robot_ws/install/welder_mvt_cf3/share/welder_mvt_cf3/config/welder.srdf
[0.733s] -- Installing: /home/kol/Documents/ros_workstation/Control/six_dof_robot_ws/install/welder_mvt_cf3/share/welder_mvt_cf3/config/pilz_cartesian_limits.yaml
[0.733s] -- Installing: /home/kol/Documents/ros_workstation/Control/six_dof_robot_ws/install/welder_mvt_cf3/share/welder_mvt_cf3/config/welder.urdf.xacro
[0.733s] -- Installing: /home/kol/Documents/ros_workstation/Control/six_dof_robot_ws/install/welder_mvt_cf3/share/welder_mvt_cf3/.setup_assistant
[0.735s] Invoked command in '/home/kol/Documents/ros_workstation/Control/six_dof_robot_ws/build/welder_mvt_cf3' returned '0': AMENT_PREFIX_PATH=/home/kol/Documents/ros_workstation/Control/six_dof_robot_ws/install/welder_description:/home/kol/Documents/ros_workstation/Control/six_dof_robot_ws/install/welder_mvt_cfg_2:/home/kol/Documents/ros_workstation/Control/six_dof_robot_ws/install/welder_moveit_config:/home/kol/Documents/ros_workstation/Control/six_dof_robot_ws/install/welder_control:/home/kol/Documents/ros_workstation/Control/six_dof_robot_ws/install/moveit_control:/opt/ros/humble CMAKE_PREFIX_PATH=${CMAKE_PREFIX_PATH}:/home/kol/Documents/ros_workstation/Control/six_dof_robot_ws/install/welder_description:/home/kol/Documents/ros_workstation/Control/six_dof_robot_ws/install/welder_control:/opt/ros/humble /usr/bin/cmake --install /home/kol/Documents/ros_workstation/Control/six_dof_robot_ws/build/welder_mvt_cf3
