[0.020s] Invoking command in '/home/kol/Documents/ros_workstation/Control/six_dof_robot_ws/build/welder_moveit_config': AMENT_PREFIX_PATH=/home/kol/Documents/ros_workstation/Control/six_dof_robot_ws/install/welder_description:/home/kol/Documents/ros_workstation/Control/six_dof_robot_ws/install/welder_moveit_config:/home/kol/Documents/ros_workstation/Control/six_dof_robot_ws/install/welder_control:/home/kol/Documents/ros_workstation/Control/six_dof_robot_ws/install/moveit_control:/opt/ros/humble CMAKE_PREFIX_PATH=${CMAKE_PREFIX_PATH}:/home/kol/Documents/ros_workstation/Control/six_dof_robot_ws/install/welder_description:/home/kol/Documents/ros_workstation/Control/six_dof_robot_ws/install/welder_control:/opt/ros/humble /usr/bin/cmake --build /home/kol/Documents/ros_workstation/Control/six_dof_robot_ws/build/welder_moveit_config -- -j4 -l4
[0.085s] Invoked command in '/home/kol/Documents/ros_workstation/Control/six_dof_robot_ws/build/welder_moveit_config' returned '0': AMENT_PREFIX_PATH=/home/kol/Documents/ros_workstation/Control/six_dof_robot_ws/install/welder_description:/home/kol/Documents/ros_workstation/Control/six_dof_robot_ws/install/welder_moveit_config:/home/kol/Documents/ros_workstation/Control/six_dof_robot_ws/install/welder_control:/home/kol/Documents/ros_workstation/Control/six_dof_robot_ws/install/moveit_control:/opt/ros/humble CMAKE_PREFIX_PATH=${CMAKE_PREFIX_PATH}:/home/kol/Documents/ros_workstation/Control/six_dof_robot_ws/install/welder_description:/home/kol/Documents/ros_workstation/Control/six_dof_robot_ws/install/welder_control:/opt/ros/humble /usr/bin/cmake --build /home/kol/Documents/ros_workstation/Control/six_dof_robot_ws/build/welder_moveit_config -- -j4 -l4
[0.086s] Invoking command in '/home/kol/Documents/ros_workstation/Control/six_dof_robot_ws/build/welder_moveit_config': AMENT_PREFIX_PATH=/home/kol/Documents/ros_workstation/Control/six_dof_robot_ws/install/welder_description:/home/kol/Documents/ros_workstation/Control/six_dof_robot_ws/install/welder_moveit_config:/home/kol/Documents/ros_workstation/Control/six_dof_robot_ws/install/welder_control:/home/kol/Documents/ros_workstation/Control/six_dof_robot_ws/install/moveit_control:/opt/ros/humble CMAKE_PREFIX_PATH=${CMAKE_PREFIX_PATH}:/home/kol/Documents/ros_workstation/Control/six_dof_robot_ws/install/welder_description:/home/kol/Documents/ros_workstation/Control/six_dof_robot_ws/install/welder_control:/opt/ros/humble /usr/bin/cmake --install /home/kol/Documents/ros_workstation/Control/six_dof_robot_ws/build/welder_moveit_config
[0.095s] -- Install configuration: ""
[0.095s] -- Up-to-date: /home/kol/Documents/ros_workstation/Control/six_dof_robot_ws/install/welder_moveit_config/share/ament_index/resource_index/package_run_dependencies/welder_moveit_config
[0.095s] -- Up-to-date: /home/kol/Documents/ros_workstation/Control/six_dof_robot_ws/install/welder_moveit_config/share/ament_index/resource_index/parent_prefix_path/welder_moveit_config
[0.095s] -- Up-to-date: /home/kol/Documents/ros_workstation/Control/six_dof_robot_ws/install/welder_moveit_config/share/welder_moveit_config/environment/ament_prefix_path.sh
[0.095s] -- Up-to-date: /home/kol/Documents/ros_workstation/Control/six_dof_robot_ws/install/welder_moveit_config/share/welder_moveit_config/environment/ament_prefix_path.dsv
[0.096s] -- Up-to-date: /home/kol/Documents/ros_workstation/Control/six_dof_robot_ws/install/welder_moveit_config/share/welder_moveit_config/environment/path.sh
[0.096s] -- Up-to-date: /home/kol/Documents/ros_workstation/Control/six_dof_robot_ws/install/welder_moveit_config/share/welder_moveit_config/environment/path.dsv
[0.096s] -- Up-to-date: /home/kol/Documents/ros_workstation/Control/six_dof_robot_ws/install/welder_moveit_config/share/welder_moveit_config/local_setup.bash
[0.096s] -- Up-to-date: /home/kol/Documents/ros_workstation/Control/six_dof_robot_ws/install/welder_moveit_config/share/welder_moveit_config/local_setup.sh
[0.098s] -- Up-to-date: /home/kol/Documents/ros_workstation/Control/six_dof_robot_ws/install/welder_moveit_config/share/welder_moveit_config/local_setup.zsh
[0.098s] -- Up-to-date: /home/kol/Documents/ros_workstation/Control/six_dof_robot_ws/install/welder_moveit_config/share/welder_moveit_config/local_setup.dsv
[0.099s] -- Installing: /home/kol/Documents/ros_workstation/Control/six_dof_robot_ws/install/welder_moveit_config/share/welder_moveit_config/package.dsv
[0.099s] -- Up-to-date: /home/kol/Documents/ros_workstation/Control/six_dof_robot_ws/install/welder_moveit_config/share/ament_index/resource_index/packages/welder_moveit_config
[0.100s] -- Up-to-date: /home/kol/Documents/ros_workstation/Control/six_dof_robot_ws/install/welder_moveit_config/share/welder_moveit_config/cmake/welder_moveit_configConfig.cmake
[0.100s] -- Up-to-date: /home/kol/Documents/ros_workstation/Control/six_dof_robot_ws/install/welder_moveit_config/share/welder_moveit_config/cmake/welder_moveit_configConfig-version.cmake
[0.100s] -- Up-to-date: /home/kol/Documents/ros_workstation/Control/six_dof_robot_ws/install/welder_moveit_config/share/welder_moveit_config/package.xml
[0.100s] -- Up-to-date: /home/kol/Documents/ros_workstation/Control/six_dof_robot_ws/install/welder_moveit_config/share/welder_moveit_config/launch
[0.100s] -- Up-to-date: /home/kol/Documents/ros_workstation/Control/six_dof_robot_ws/install/welder_moveit_config/share/welder_moveit_config/launch/rsp.launch.py
[0.100s] -- Up-to-date: /home/kol/Documents/ros_workstation/Control/six_dof_robot_ws/install/welder_moveit_config/share/welder_moveit_config/launch/move_group.launch.py
[0.100s] -- Up-to-date: /home/kol/Documents/ros_workstation/Control/six_dof_robot_ws/install/welder_moveit_config/share/welder_moveit_config/launch/spawn_controllers.launch.py
[0.101s] -- Up-to-date: /home/kol/Documents/ros_workstation/Control/six_dof_robot_ws/install/welder_moveit_config/share/welder_moveit_config/launch/demo.launch.py
[0.101s] -- Up-to-date: /home/kol/Documents/ros_workstation/Control/six_dof_robot_ws/install/welder_moveit_config/share/welder_moveit_config/launch/setup_assistant.launch.py
[0.101s] -- Up-to-date: /home/kol/Documents/ros_workstation/Control/six_dof_robot_ws/install/welder_moveit_config/share/welder_moveit_config/launch/moveit_rviz.launch.py
[0.101s] -- Up-to-date: /home/kol/Documents/ros_workstation/Control/six_dof_robot_ws/install/welder_moveit_config/share/welder_moveit_config/launch/static_virtual_joint_tfs.launch.py
[0.101s] -- Up-to-date: /home/kol/Documents/ros_workstation/Control/six_dof_robot_ws/install/welder_moveit_config/share/welder_moveit_config/launch/warehouse_db.launch.py
[0.101s] -- Up-to-date: /home/kol/Documents/ros_workstation/Control/six_dof_robot_ws/install/welder_moveit_config/share/welder_moveit_config/config
[0.101s] -- Up-to-date: /home/kol/Documents/ros_workstation/Control/six_dof_robot_ws/install/welder_moveit_config/share/welder_moveit_config/config/moveit.rviz
[0.101s] -- Up-to-date: /home/kol/Documents/ros_workstation/Control/six_dof_robot_ws/install/welder_moveit_config/share/welder_moveit_config/config/moveit_controllers.yaml
[0.102s] -- Up-to-date: /home/kol/Documents/ros_workstation/Control/six_dof_robot_ws/install/welder_moveit_config/share/welder_moveit_config/config/ros2_controllers.yaml
[0.102s] -- Up-to-date: /home/kol/Documents/ros_workstation/Control/six_dof_robot_ws/install/welder_moveit_config/share/welder_moveit_config/config/joint_limits.yaml
[0.102s] -- Up-to-date: /home/kol/Documents/ros_workstation/Control/six_dof_robot_ws/install/welder_moveit_config/share/welder_moveit_config/config/welder.ros2_control.xacro
[0.102s] -- Up-to-date: /home/kol/Documents/ros_workstation/Control/six_dof_robot_ws/install/welder_moveit_config/share/welder_moveit_config/config/kinematics.yaml
[0.102s] -- Up-to-date: /home/kol/Documents/ros_workstation/Control/six_dof_robot_ws/install/welder_moveit_config/share/welder_moveit_config/config/initial_positions.yaml
[0.103s] -- Up-to-date: /home/kol/Documents/ros_workstation/Control/six_dof_robot_ws/install/welder_moveit_config/share/welder_moveit_config/config/welder.srdf
[0.103s] -- Up-to-date: /home/kol/Documents/ros_workstation/Control/six_dof_robot_ws/install/welder_moveit_config/share/welder_moveit_config/config/pilz_cartesian_limits.yaml
[0.103s] -- Up-to-date: /home/kol/Documents/ros_workstation/Control/six_dof_robot_ws/install/welder_moveit_config/share/welder_moveit_config/config/welder.urdf.xacro
[0.103s] -- Up-to-date: /home/kol/Documents/ros_workstation/Control/six_dof_robot_ws/install/welder_moveit_config/share/welder_moveit_config/.setup_assistant
[0.104s] Invoked command in '/home/kol/Documents/ros_workstation/Control/six_dof_robot_ws/build/welder_moveit_config' returned '0': AMENT_PREFIX_PATH=/home/kol/Documents/ros_workstation/Control/six_dof_robot_ws/install/welder_description:/home/kol/Documents/ros_workstation/Control/six_dof_robot_ws/install/welder_moveit_config:/home/kol/Documents/ros_workstation/Control/six_dof_robot_ws/install/welder_control:/home/kol/Documents/ros_workstation/Control/six_dof_robot_ws/install/moveit_control:/opt/ros/humble CMAKE_PREFIX_PATH=${CMAKE_PREFIX_PATH}:/home/kol/Documents/ros_workstation/Control/six_dof_robot_ws/install/welder_description:/home/kol/Documents/ros_workstation/Control/six_dof_robot_ws/install/welder_control:/opt/ros/humble /usr/bin/cmake --install /home/kol/Documents/ros_workstation/Control/six_dof_robot_ws/build/welder_moveit_config
