[0.452s] DEBUG:colcon:Command line arguments: ['/usr/bin/colcon', 'build', '--symlink-install']
[0.452s] DEBUG:colcon:Parsed command line arguments: Namespace(log_base=None, log_level=None, verb_name='build', build_base='build', install_base='install', merge_install=False, symlink_install=True, test_result_base=None, continue_on_error=False, executor='parallel', parallel_workers=4, event_handlers=None, ignore_user_meta=False, metas=['./colcon.meta'], base_paths=['.'], packages_ignore=None, packages_ignore_regex=None, paths=None, packages_up_to=None, packages_up_to_regex=None, packages_above=None, packages_above_and_dependencies=None, packages_above_depth=None, packages_select_by_dep=None, packages_skip_by_dep=None, packages_skip_up_to=None, packages_select_build_failed=False, packages_skip_build_finished=False, packages_select_test_failures=False, packages_skip_test_passed=False, packages_select=None, packages_skip=None, packages_select_regex=None, packages_skip_regex=None, packages_start=None, packages_end=None, allow_overriding=[], cmake_args=None, cmake_target=None, cmake_target_skip_unavailable=False, cmake_clean_cache=False, cmake_clean_first=False, cmake_force_configure=False, ament_cmake_args=None, catkin_cmake_args=None, catkin_skip_building_tests=False, mixin_files=None, mixin=None, verb_parser=<colcon_mixin.mixin.mixin_argument.MixinArgumentDecorator object at 0x77d51646a8c0>, verb_extension=<colcon_core.verb.build.BuildVerb object at 0x77d51646a2c0>, main=<bound method BuildVerb.main of <colcon_core.verb.build.BuildVerb object at 0x77d51646a2c0>>, mixin_verb=('build',))
[1.176s] Level 1:colcon.colcon_core.package_discovery:discover_packages(colcon_meta) check parameters
[1.176s] Level 1:colcon.colcon_core.package_discovery:discover_packages(recursive) check parameters
[1.176s] Level 1:colcon.colcon_core.package_discovery:discover_packages(ignore) check parameters
[1.176s] Level 1:colcon.colcon_core.package_discovery:discover_packages(path) check parameters
[1.176s] Level 1:colcon.colcon_core.package_discovery:discover_packages(colcon_meta) discover
[1.177s] Level 1:colcon.colcon_core.package_discovery:discover_packages(recursive) discover
[1.177s] INFO:colcon.colcon_core.package_discovery:Crawling recursively for packages in '/home/kol/Documents/ros_workstation/pub_sub_1'
[1.177s] Level 1:colcon.colcon_core.package_identification:_identify(.) by extensions ['ignore', 'ignore_ament_install']
[1.178s] Level 1:colcon.colcon_core.package_identification:_identify(.) by extension 'ignore'
[1.178s] Level 1:colcon.colcon_core.package_identification:_identify(.) by extension 'ignore_ament_install'
[1.178s] Level 1:colcon.colcon_core.package_identification:_identify(.) by extensions ['colcon_pkg']
[1.178s] Level 1:colcon.colcon_core.package_identification:_identify(.) by extension 'colcon_pkg'
[1.179s] Level 1:colcon.colcon_core.package_identification:_identify(.) by extensions ['colcon_meta']
[1.179s] Level 1:colcon.colcon_core.package_identification:_identify(.) by extension 'colcon_meta'
[1.179s] Level 1:colcon.colcon_core.package_identification:_identify(.) by extensions ['ros']
[1.179s] Level 1:colcon.colcon_core.package_identification:_identify(.) by extension 'ros'
[1.212s] Level 1:colcon.colcon_core.package_identification:_identify(.) by extensions ['cmake', 'python']
[1.212s] Level 1:colcon.colcon_core.package_identification:_identify(.) by extension 'cmake'
[1.213s] Level 1:colcon.colcon_core.package_identification:_identify(.) by extension 'python'
[1.213s] Level 1:colcon.colcon_core.package_identification:_identify(.) by extensions ['python_setup_py']
[1.213s] Level 1:colcon.colcon_core.package_identification:_identify(.) by extension 'python_setup_py'
[1.213s] Level 1:colcon.colcon_core.package_identification:_identify(build) by extensions ['ignore', 'ignore_ament_install']
[1.214s] Level 1:colcon.colcon_core.package_identification:_identify(build) by extension 'ignore'
[1.214s] Level 1:colcon.colcon_core.package_identification:_identify(build) ignored
[1.214s] Level 1:colcon.colcon_core.package_identification:_identify(install) by extensions ['ignore', 'ignore_ament_install']
[1.214s] Level 1:colcon.colcon_core.package_identification:_identify(install) by extension 'ignore'
[1.214s] Level 1:colcon.colcon_core.package_identification:_identify(install) ignored
[1.215s] Level 1:colcon.colcon_core.package_identification:_identify(log) by extensions ['ignore', 'ignore_ament_install']
[1.215s] Level 1:colcon.colcon_core.package_identification:_identify(log) by extension 'ignore'
[1.215s] Level 1:colcon.colcon_core.package_identification:_identify(log) ignored
[1.215s] Level 1:colcon.colcon_core.package_identification:_identify(src) by extensions ['ignore', 'ignore_ament_install']
[1.216s] Level 1:colcon.colcon_core.package_identification:_identify(src) by extension 'ignore'
[1.216s] Level 1:colcon.colcon_core.package_identification:_identify(src) by extension 'ignore_ament_install'
[1.216s] Level 1:colcon.colcon_core.package_identification:_identify(src) by extensions ['colcon_pkg']
[1.216s] Level 1:colcon.colcon_core.package_identification:_identify(src) by extension 'colcon_pkg'
[1.217s] Level 1:colcon.colcon_core.package_identification:_identify(src) by extensions ['colcon_meta']
[1.217s] Level 1:colcon.colcon_core.package_identification:_identify(src) by extension 'colcon_meta'
[1.217s] Level 1:colcon.colcon_core.package_identification:_identify(src) by extensions ['ros']
[1.217s] Level 1:colcon.colcon_core.package_identification:_identify(src) by extension 'ros'
[1.217s] Level 1:colcon.colcon_core.package_identification:_identify(src) by extensions ['cmake', 'python']
[1.217s] Level 1:colcon.colcon_core.package_identification:_identify(src) by extension 'cmake'
[1.217s] Level 1:colcon.colcon_core.package_identification:_identify(src) by extension 'python'
[1.218s] Level 1:colcon.colcon_core.package_identification:_identify(src) by extensions ['python_setup_py']
[1.218s] Level 1:colcon.colcon_core.package_identification:_identify(src) by extension 'python_setup_py'
[1.218s] Level 1:colcon.colcon_core.package_identification:_identify(src/pub_sub_1) by extensions ['ignore', 'ignore_ament_install']
[1.218s] Level 1:colcon.colcon_core.package_identification:_identify(src/pub_sub_1) by extension 'ignore'
[1.218s] Level 1:colcon.colcon_core.package_identification:_identify(src/pub_sub_1) by extension 'ignore_ament_install'
[1.219s] Level 1:colcon.colcon_core.package_identification:_identify(src/pub_sub_1) by extensions ['colcon_pkg']
[1.219s] Level 1:colcon.colcon_core.package_identification:_identify(src/pub_sub_1) by extension 'colcon_pkg'
[1.219s] Level 1:colcon.colcon_core.package_identification:_identify(src/pub_sub_1) by extensions ['colcon_meta']
[1.219s] Level 1:colcon.colcon_core.package_identification:_identify(src/pub_sub_1) by extension 'colcon_meta'
[1.219s] Level 1:colcon.colcon_core.package_identification:_identify(src/pub_sub_1) by extensions ['ros']
[1.219s] Level 1:colcon.colcon_core.package_identification:_identify(src/pub_sub_1) by extension 'ros'
[1.227s] DEBUG:colcon.colcon_core.package_identification:Package 'src/pub_sub_1' with type 'ros.ament_cmake' and name 'pub_sub_1'
[1.227s] Level 1:colcon.colcon_core.package_discovery:discover_packages(recursive) using defaults
[1.227s] Level 1:colcon.colcon_core.package_discovery:discover_packages(ignore) discover
[1.227s] Level 1:colcon.colcon_core.package_discovery:discover_packages(ignore) using defaults
[1.227s] Level 1:colcon.colcon_core.package_discovery:discover_packages(path) discover
[1.227s] Level 1:colcon.colcon_core.package_discovery:discover_packages(path) using defaults
[1.328s] Level 1:colcon.colcon_core.package_discovery:discover_packages(prefix_path) check parameters
[1.328s] Level 1:colcon.colcon_core.package_discovery:discover_packages(prefix_path) discover
[1.337s] DEBUG:colcon.colcon_installed_package_information.package_discovery:Found 363 installed packages in /opt/ros/humble
[1.343s] Level 1:colcon.colcon_core.package_discovery:discover_packages(prefix_path) using defaults
[1.493s] Level 5:colcon.colcon_core.verb:set package 'pub_sub_1' build argument 'cmake_args' from command line to 'None'
[1.494s] Level 5:colcon.colcon_core.verb:set package 'pub_sub_1' build argument 'cmake_target' from command line to 'None'
[1.494s] Level 5:colcon.colcon_core.verb:set package 'pub_sub_1' build argument 'cmake_target_skip_unavailable' from command line to 'False'
[1.494s] Level 5:colcon.colcon_core.verb:set package 'pub_sub_1' build argument 'cmake_clean_cache' from command line to 'False'
[1.494s] Level 5:colcon.colcon_core.verb:set package 'pub_sub_1' build argument 'cmake_clean_first' from command line to 'False'
[1.494s] Level 5:colcon.colcon_core.verb:set package 'pub_sub_1' build argument 'cmake_force_configure' from command line to 'False'
[1.494s] Level 5:colcon.colcon_core.verb:set package 'pub_sub_1' build argument 'ament_cmake_args' from command line to 'None'
[1.494s] Level 5:colcon.colcon_core.verb:set package 'pub_sub_1' build argument 'catkin_cmake_args' from command line to 'None'
[1.494s] Level 5:colcon.colcon_core.verb:set package 'pub_sub_1' build argument 'catkin_skip_building_tests' from command line to 'False'
[1.494s] DEBUG:colcon.colcon_core.verb:Building package 'pub_sub_1' with the following arguments: {'ament_cmake_args': None, 'build_base': '/home/kol/Documents/ros_workstation/pub_sub_1/build/pub_sub_1', 'catkin_cmake_args': None, 'catkin_skip_building_tests': False, 'cmake_args': None, 'cmake_clean_cache': False, 'cmake_clean_first': False, 'cmake_force_configure': False, 'cmake_target': None, 'cmake_target_skip_unavailable': False, 'install_base': '/home/kol/Documents/ros_workstation/pub_sub_1/install/pub_sub_1', 'merge_install': False, 'path': '/home/kol/Documents/ros_workstation/pub_sub_1/src/pub_sub_1', 'symlink_install': True, 'test_result_base': None}
[1.495s] INFO:colcon.colcon_core.executor:Executing jobs using 'parallel' executor
[1.497s] DEBUG:colcon.colcon_parallel_executor.executor.parallel:run_until_complete
[1.498s] INFO:colcon.colcon_ros.task.ament_cmake.build:Building ROS package in '/home/kol/Documents/ros_workstation/pub_sub_1/src/pub_sub_1' with build type 'ament_cmake'
[1.499s] INFO:colcon.colcon_cmake.task.cmake.build:Building CMake package in '/home/kol/Documents/ros_workstation/pub_sub_1/src/pub_sub_1'
[1.505s] INFO:colcon.colcon_core.plugin_system:Skipping extension 'colcon_core.shell.bat': Not used on non-Windows systems
[1.506s] INFO:colcon.colcon_core.shell:Skip shell extension 'powershell' for command environment: Not usable outside of PowerShell
[1.506s] DEBUG:colcon.colcon_core.shell:Skip shell extension 'dsv' for command environment
[1.554s] DEBUG:colcon.colcon_core.event_handler.log_command:Invoking command in '/home/kol/Documents/ros_workstation/pub_sub_1/build/pub_sub_1': CMAKE_PREFIX_PATH=/opt/ros/humble /usr/bin/cmake /home/kol/Documents/ros_workstation/pub_sub_1/src/pub_sub_1 -DAMENT_CMAKE_SYMLINK_INSTALL=1 -DCMAKE_INSTALL_PREFIX=/home/kol/Documents/ros_workstation/pub_sub_1/install/pub_sub_1
[3.908s] DEBUG:colcon.colcon_core.event_handler.log_command:Invoked command in '/home/kol/Documents/ros_workstation/pub_sub_1/build/pub_sub_1' returned '0': CMAKE_PREFIX_PATH=/opt/ros/humble /usr/bin/cmake /home/kol/Documents/ros_workstation/pub_sub_1/src/pub_sub_1 -DAMENT_CMAKE_SYMLINK_INSTALL=1 -DCMAKE_INSTALL_PREFIX=/home/kol/Documents/ros_workstation/pub_sub_1/install/pub_sub_1
[3.920s] DEBUG:colcon.colcon_core.event_handler.log_command:Invoking command in '/home/kol/Documents/ros_workstation/pub_sub_1/build/pub_sub_1': CMAKE_PREFIX_PATH=/opt/ros/humble /usr/bin/cmake --build /home/kol/Documents/ros_workstation/pub_sub_1/build/pub_sub_1 -- -j4 -l4
[27.677s] DEBUG:colcon.colcon_core.event_handler.log_command:Invoked command in '/home/kol/Documents/ros_workstation/pub_sub_1/build/pub_sub_1' returned '0': CMAKE_PREFIX_PATH=/opt/ros/humble /usr/bin/cmake --build /home/kol/Documents/ros_workstation/pub_sub_1/build/pub_sub_1 -- -j4 -l4
[27.745s] DEBUG:colcon.colcon_core.event_handler.log_command:Invoking command in '/home/kol/Documents/ros_workstation/pub_sub_1/build/pub_sub_1': CMAKE_PREFIX_PATH=/opt/ros/humble /usr/bin/cmake --install /home/kol/Documents/ros_workstation/pub_sub_1/build/pub_sub_1
[28.959s] Level 1:colcon.colcon_core.environment:create_environment_scripts_only(pub_sub_1)
[28.964s] DEBUG:colcon.colcon_core.event_handler.log_command:Invoked command in '/home/kol/Documents/ros_workstation/pub_sub_1/build/pub_sub_1' returned '0': CMAKE_PREFIX_PATH=/opt/ros/humble /usr/bin/cmake --install /home/kol/Documents/ros_workstation/pub_sub_1/build/pub_sub_1
[28.979s] Level 1:colcon.colcon_core.environment:checking '/home/kol/Documents/ros_workstation/pub_sub_1/install/pub_sub_1' for CMake module files
[28.982s] Level 1:colcon.colcon_core.environment:checking '/home/kol/Documents/ros_workstation/pub_sub_1/install/pub_sub_1' for CMake config files
[28.985s] Level 1:colcon.colcon_core.shell:create_environment_hook('pub_sub_1', 'cmake_prefix_path')
[28.986s] INFO:colcon.colcon_core.shell:Creating environment hook '/home/kol/Documents/ros_workstation/pub_sub_1/install/pub_sub_1/share/pub_sub_1/hook/cmake_prefix_path.ps1'
[28.992s] INFO:colcon.colcon_core.shell:Creating environment descriptor '/home/kol/Documents/ros_workstation/pub_sub_1/install/pub_sub_1/share/pub_sub_1/hook/cmake_prefix_path.dsv'
[28.998s] INFO:colcon.colcon_core.shell:Creating environment hook '/home/kol/Documents/ros_workstation/pub_sub_1/install/pub_sub_1/share/pub_sub_1/hook/cmake_prefix_path.sh'
[29.005s] Level 1:colcon.colcon_core.environment:checking '/home/kol/Documents/ros_workstation/pub_sub_1/install/pub_sub_1/lib'
[29.008s] Level 1:colcon.colcon_core.environment:checking '/home/kol/Documents/ros_workstation/pub_sub_1/install/pub_sub_1/bin'
[29.009s] Level 1:colcon.colcon_core.environment:checking '/home/kol/Documents/ros_workstation/pub_sub_1/install/pub_sub_1/lib/pkgconfig/pub_sub_1.pc'
[29.011s] Level 1:colcon.colcon_core.environment:checking '/home/kol/Documents/ros_workstation/pub_sub_1/install/pub_sub_1/lib/python3.10/site-packages'
[29.013s] Level 1:colcon.colcon_core.environment:checking '/home/kol/Documents/ros_workstation/pub_sub_1/install/pub_sub_1/bin'
[29.016s] INFO:colcon.colcon_core.shell:Creating package script '/home/kol/Documents/ros_workstation/pub_sub_1/install/pub_sub_1/share/pub_sub_1/package.ps1'
[29.022s] INFO:colcon.colcon_core.shell:Creating package descriptor '/home/kol/Documents/ros_workstation/pub_sub_1/install/pub_sub_1/share/pub_sub_1/package.dsv'
[29.026s] INFO:colcon.colcon_core.shell:Creating package script '/home/kol/Documents/ros_workstation/pub_sub_1/install/pub_sub_1/share/pub_sub_1/package.sh'
[29.038s] INFO:colcon.colcon_core.shell:Creating package script '/home/kol/Documents/ros_workstation/pub_sub_1/install/pub_sub_1/share/pub_sub_1/package.bash'
[29.050s] INFO:colcon.colcon_core.shell:Creating package script '/home/kol/Documents/ros_workstation/pub_sub_1/install/pub_sub_1/share/pub_sub_1/package.zsh'
[29.059s] Level 1:colcon.colcon_core.environment:create_file_with_runtime_dependencies(/home/kol/Documents/ros_workstation/pub_sub_1/install/pub_sub_1/share/colcon-core/packages/pub_sub_1)
[29.062s] Level 1:colcon.colcon_core.environment:create_environment_scripts_only(pub_sub_1)
[29.064s] Level 1:colcon.colcon_core.environment:checking '/home/kol/Documents/ros_workstation/pub_sub_1/install/pub_sub_1' for CMake module files
[29.072s] Level 1:colcon.colcon_core.environment:checking '/home/kol/Documents/ros_workstation/pub_sub_1/install/pub_sub_1' for CMake config files
[29.074s] Level 1:colcon.colcon_core.shell:create_environment_hook('pub_sub_1', 'cmake_prefix_path')
[29.076s] INFO:colcon.colcon_core.shell:Creating environment hook '/home/kol/Documents/ros_workstation/pub_sub_1/install/pub_sub_1/share/pub_sub_1/hook/cmake_prefix_path.ps1'
[29.079s] INFO:colcon.colcon_core.shell:Creating environment descriptor '/home/kol/Documents/ros_workstation/pub_sub_1/install/pub_sub_1/share/pub_sub_1/hook/cmake_prefix_path.dsv'
[29.081s] INFO:colcon.colcon_core.shell:Creating environment hook '/home/kol/Documents/ros_workstation/pub_sub_1/install/pub_sub_1/share/pub_sub_1/hook/cmake_prefix_path.sh'
[29.086s] Level 1:colcon.colcon_core.environment:checking '/home/kol/Documents/ros_workstation/pub_sub_1/install/pub_sub_1/lib'
[29.087s] Level 1:colcon.colcon_core.environment:checking '/home/kol/Documents/ros_workstation/pub_sub_1/install/pub_sub_1/bin'
[29.087s] Level 1:colcon.colcon_core.environment:checking '/home/kol/Documents/ros_workstation/pub_sub_1/install/pub_sub_1/lib/pkgconfig/pub_sub_1.pc'
[29.089s] Level 1:colcon.colcon_core.environment:checking '/home/kol/Documents/ros_workstation/pub_sub_1/install/pub_sub_1/lib/python3.10/site-packages'
[29.090s] Level 1:colcon.colcon_core.environment:checking '/home/kol/Documents/ros_workstation/pub_sub_1/install/pub_sub_1/bin'
[29.092s] INFO:colcon.colcon_core.shell:Creating package script '/home/kol/Documents/ros_workstation/pub_sub_1/install/pub_sub_1/share/pub_sub_1/package.ps1'
[29.096s] INFO:colcon.colcon_core.shell:Creating package descriptor '/home/kol/Documents/ros_workstation/pub_sub_1/install/pub_sub_1/share/pub_sub_1/package.dsv'
[29.104s] INFO:colcon.colcon_core.shell:Creating package script '/home/kol/Documents/ros_workstation/pub_sub_1/install/pub_sub_1/share/pub_sub_1/package.sh'
[29.107s] INFO:colcon.colcon_core.shell:Creating package script '/home/kol/Documents/ros_workstation/pub_sub_1/install/pub_sub_1/share/pub_sub_1/package.bash'
[29.113s] INFO:colcon.colcon_core.shell:Creating package script '/home/kol/Documents/ros_workstation/pub_sub_1/install/pub_sub_1/share/pub_sub_1/package.zsh'
[29.116s] Level 1:colcon.colcon_core.environment:create_file_with_runtime_dependencies(/home/kol/Documents/ros_workstation/pub_sub_1/install/pub_sub_1/share/colcon-core/packages/pub_sub_1)
[29.119s] DEBUG:colcon.colcon_parallel_executor.executor.parallel:closing loop
[29.119s] DEBUG:colcon.colcon_parallel_executor.executor.parallel:loop closed
[29.120s] DEBUG:colcon.colcon_parallel_executor.executor.parallel:run_until_complete finished with '0'
[29.122s] DEBUG:colcon.colcon_core.event_reactor:joining thread
[29.175s] INFO:colcon.colcon_core.plugin_system:Skipping extension 'colcon_notification.desktop_notification.terminal_notifier': Not used on non-Darwin systems
[29.175s] INFO:colcon.colcon_core.plugin_system:Skipping extension 'colcon_notification.desktop_notification.win32': Not used on non-Windows systems
[29.176s] INFO:colcon.colcon_notification.desktop_notification:Sending desktop notification using 'notify2'
[29.300s] DEBUG:colcon.colcon_core.event_reactor:joined thread
[29.305s] INFO:colcon.colcon_core.shell:Creating prefix script '/home/kol/Documents/ros_workstation/pub_sub_1/install/local_setup.ps1'
[29.318s] INFO:colcon.colcon_core.shell:Creating prefix util module '/home/kol/Documents/ros_workstation/pub_sub_1/install/_local_setup_util_ps1.py'
[29.340s] INFO:colcon.colcon_core.shell:Creating prefix chain script '/home/kol/Documents/ros_workstation/pub_sub_1/install/setup.ps1'
[29.360s] INFO:colcon.colcon_core.shell:Creating prefix script '/home/kol/Documents/ros_workstation/pub_sub_1/install/local_setup.sh'
[29.370s] INFO:colcon.colcon_core.shell:Creating prefix util module '/home/kol/Documents/ros_workstation/pub_sub_1/install/_local_setup_util_sh.py'
[29.375s] INFO:colcon.colcon_core.shell:Creating prefix chain script '/home/kol/Documents/ros_workstation/pub_sub_1/install/setup.sh'
[29.385s] INFO:colcon.colcon_core.shell:Creating prefix script '/home/kol/Documents/ros_workstation/pub_sub_1/install/local_setup.bash'
[29.389s] INFO:colcon.colcon_core.shell:Creating prefix chain script '/home/kol/Documents/ros_workstation/pub_sub_1/install/setup.bash'
[29.399s] INFO:colcon.colcon_core.shell:Creating prefix script '/home/kol/Documents/ros_workstation/pub_sub_1/install/local_setup.zsh'
[29.403s] INFO:colcon.colcon_core.shell:Creating prefix chain script '/home/kol/Documents/ros_workstation/pub_sub_1/install/setup.zsh'
