[1.390s] Invoking command in '/home/kol/Documents/ros_workstation/Control/six_dof_robot_ws/src/welder_control': PYTHONPATH=/home/kol/Documents/ros_workstation/Control/six_dof_robot_ws/build/welder_control/prefix_override:/usr/lib/python3/dist-packages/colcon_core/task/python/colcon_distutils_commands:/home/kol/Documents/ros_workstation/Control/six_dof_robot_ws/install/welder_control/lib/python3.10/site-packages:${PYTHONPATH} /usr/bin/python3 -W ignore:setup.py install is deprecated -W ignore:easy_install command is deprecated setup.py egg_info --egg-base ../../build/welder_control build --build-base /home/kol/Documents/ros_workstation/Control/six_dof_robot_ws/build/welder_control/build install --record /home/kol/Documents/ros_workstation/Control/six_dof_robot_ws/build/welder_control/install.log --single-version-externally-managed install_data
[1.732s] running egg_info
[1.733s] creating ../../build/welder_control/welder_control.egg-info
[1.734s] writing ../../build/welder_control/welder_control.egg-info/PKG-INFO
[1.734s] writing dependency_links to ../../build/welder_control/welder_control.egg-info/dependency_links.txt
[1.734s] writing entry points to ../../build/welder_control/welder_control.egg-info/entry_points.txt
[1.734s] writing requirements to ../../build/welder_control/welder_control.egg-info/requires.txt
[1.734s] writing top-level names to ../../build/welder_control/welder_control.egg-info/top_level.txt
[1.735s] writing manifest file '../../build/welder_control/welder_control.egg-info/SOURCES.txt'
[1.737s] reading manifest file '../../build/welder_control/welder_control.egg-info/SOURCES.txt'
[1.738s] writing manifest file '../../build/welder_control/welder_control.egg-info/SOURCES.txt'
[1.738s] running build
[1.738s] running build_py
[1.738s] creating /home/kol/Documents/ros_workstation/Control/six_dof_robot_ws/build/welder_control/build
[1.739s] creating /home/kol/Documents/ros_workstation/Control/six_dof_robot_ws/build/welder_control/build/lib
[1.739s] creating /home/kol/Documents/ros_workstation/Control/six_dof_robot_ws/build/welder_control/build/lib/welder_control
[1.739s] copying welder_control/__init__.py -> /home/kol/Documents/ros_workstation/Control/six_dof_robot_ws/build/welder_control/build/lib/welder_control
[1.739s] copying welder_control/main.py -> /home/kol/Documents/ros_workstation/Control/six_dof_robot_ws/build/welder_control/build/lib/welder_control
[1.739s] running install
[1.739s] running install_lib
[1.741s] creating /home/kol/Documents/ros_workstation/Control/six_dof_robot_ws/install/welder_control/lib/python3.10/site-packages/welder_control
[1.741s] copying /home/kol/Documents/ros_workstation/Control/six_dof_robot_ws/build/welder_control/build/lib/welder_control/__init__.py -> /home/kol/Documents/ros_workstation/Control/six_dof_robot_ws/install/welder_control/lib/python3.10/site-packages/welder_control
[1.742s] copying /home/kol/Documents/ros_workstation/Control/six_dof_robot_ws/build/welder_control/build/lib/welder_control/main.py -> /home/kol/Documents/ros_workstation/Control/six_dof_robot_ws/install/welder_control/lib/python3.10/site-packages/welder_control
[1.742s] byte-compiling /home/kol/Documents/ros_workstation/Control/six_dof_robot_ws/install/welder_control/lib/python3.10/site-packages/welder_control/__init__.py to __init__.cpython-310.pyc
[1.742s] byte-compiling /home/kol/Documents/ros_workstation/Control/six_dof_robot_ws/install/welder_control/lib/python3.10/site-packages/welder_control/main.py to main.cpython-310.pyc
[1.743s] running install_data
[1.744s] creating /home/kol/Documents/ros_workstation/Control/six_dof_robot_ws/install/welder_control/share/ament_index
[1.744s] creating /home/kol/Documents/ros_workstation/Control/six_dof_robot_ws/install/welder_control/share/ament_index/resource_index
[1.744s] creating /home/kol/Documents/ros_workstation/Control/six_dof_robot_ws/install/welder_control/share/ament_index/resource_index/packages
[1.744s] copying resource/welder_control -> /home/kol/Documents/ros_workstation/Control/six_dof_robot_ws/install/welder_control/share/ament_index/resource_index/packages
[1.744s] copying package.xml -> /home/kol/Documents/ros_workstation/Control/six_dof_robot_ws/install/welder_control/share/welder_control
[1.744s] running install_egg_info
[1.747s] Copying ../../build/welder_control/welder_control.egg-info to /home/kol/Documents/ros_workstation/Control/six_dof_robot_ws/install/welder_control/lib/python3.10/site-packages/welder_control-0.0.0-py3.10.egg-info
[1.748s] running install_scripts
[1.773s] Installing welder_cont script to /home/kol/Documents/ros_workstation/Control/six_dof_robot_ws/install/welder_control/lib/welder_control
[1.774s] writing list of installed files to '/home/kol/Documents/ros_workstation/Control/six_dof_robot_ws/build/welder_control/install.log'
[1.809s] Invoked command in '/home/kol/Documents/ros_workstation/Control/six_dof_robot_ws/src/welder_control' returned '0': PYTHONPATH=/home/kol/Documents/ros_workstation/Control/six_dof_robot_ws/build/welder_control/prefix_override:/usr/lib/python3/dist-packages/colcon_core/task/python/colcon_distutils_commands:/home/kol/Documents/ros_workstation/Control/six_dof_robot_ws/install/welder_control/lib/python3.10/site-packages:${PYTHONPATH} /usr/bin/python3 -W ignore:setup.py install is deprecated -W ignore:easy_install command is deprecated setup.py egg_info --egg-base ../../build/welder_control build --build-base /home/kol/Documents/ros_workstation/Control/six_dof_robot_ws/build/welder_control/build install --record /home/kol/Documents/ros_workstation/Control/six_dof_robot_ws/build/welder_control/install.log --single-version-externally-managed install_data
