[0.013s] Invoking command in '/home/kol/Documents/ros_workstation/basics/servcli/build/cpp_srvcli': CMAKE_PREFIX_PATH=/opt/ros/humble /usr/bin/cmake /home/kol/Documents/ros_workstation/basics/servcli/src/cpp_srvcli -DCMAKE_INSTALL_PREFIX=/home/kol/Documents/ros_workstation/basics/servcli/install/cpp_srvcli
[0.156s] -- The C compiler identification is GNU 11.4.0
[0.356s] -- The CXX compiler identification is GNU 11.4.0
[0.380s] -- Detecting C compiler ABI info
[0.589s] -- Detecting C compiler ABI info - done
[0.609s] -- Check for working C compiler: /usr/bin/cc - skipped
[0.618s] -- Detecting C compile features
[0.620s] -- Detecting C compile features - done
[0.635s] -- Detecting CXX compiler ABI info
[0.820s] -- Detecting CXX compiler ABI info - done
[0.837s] -- Check for working CXX compiler: /usr/bin/c++ - skipped
[0.838s] -- Detecting CXX compile features
[0.839s] -- Detecting CXX compile features - done
[0.858s] -- Found ament_cmake: 1.3.11 (/opt/ros/humble/share/ament_cmake/cmake)
[1.157s] -- Found Python3: /usr/bin/python3 (found version "3.10.12") found components: Interpreter 
[1.298s] -- Found rclcpp: 16.0.12 (/opt/ros/humble/share/rclcpp/cmake)
[1.370s] -- Found rosidl_generator_c: 3.1.6 (/opt/ros/humble/share/rosidl_generator_c/cmake)
[1.377s] -- Found rosidl_adapter: 3.1.6 (/opt/ros/humble/share/rosidl_adapter/cmake)
[1.391s] -- Found rosidl_generator_cpp: 3.1.6 (/opt/ros/humble/share/rosidl_generator_cpp/cmake)
[1.412s] -- Using all available rosidl_typesupport_c: rosidl_typesupport_fastrtps_c;rosidl_typesupport_introspection_c
[1.440s] -- Using all available rosidl_typesupport_cpp: rosidl_typesupport_fastrtps_cpp;rosidl_typesupport_introspection_cpp
[1.509s] -- Found rmw_implementation_cmake: 6.1.2 (/opt/ros/humble/share/rmw_implementation_cmake/cmake)
[1.514s] -- Found rmw_fastrtps_cpp: 6.2.7 (/opt/ros/humble/share/rmw_fastrtps_cpp/cmake)
[1.647s] -- Found OpenSSL: /usr/lib/x86_64-linux-gnu/libcrypto.so (found version "3.0.2")  
[1.687s] -- Found FastRTPS: /opt/ros/humble/include  
[1.745s] -- Using RMW implementation 'rmw_fastrtps_cpp' as default
[1.761s] -- Looking for pthread.h
[1.861s] -- Looking for pthread.h - found
[1.862s] -- Performing Test CMAKE_HAVE_LIBC_PTHREAD
[1.959s] -- Performing Test CMAKE_HAVE_LIBC_PTHREAD - Success
[1.961s] -- Found Threads: TRUE  
[2.061s] -- Found example_interfaces: 0.9.3 (/opt/ros/humble/share/example_interfaces/cmake)
[2.128s] -- Found ament_lint_auto: 0.12.12 (/opt/ros/humble/share/ament_lint_auto/cmake)
[2.237s] -- Added test 'cppcheck' to perform static code analysis on C / C++ code
[2.237s] -- Configured cppcheck include dirs: 
[2.237s] -- Configured cppcheck exclude dirs and/or files: 
[2.238s] -- Added test 'lint_cmake' to check CMake code style
[2.240s] -- Added test 'uncrustify' to check C / C++ code style
[2.240s] -- Configured uncrustify additional arguments: 
[2.241s] -- Added test 'xmllint' to check XML markup files
[2.244s] -- Configuring done
[2.259s] -- Generating done
[2.266s] -- Build files have been written to: /home/kol/Documents/ros_workstation/basics/servcli/build/cpp_srvcli
[2.277s] Invoked command in '/home/kol/Documents/ros_workstation/basics/servcli/build/cpp_srvcli' returned '0': CMAKE_PREFIX_PATH=/opt/ros/humble /usr/bin/cmake /home/kol/Documents/ros_workstation/basics/servcli/src/cpp_srvcli -DCMAKE_INSTALL_PREFIX=/home/kol/Documents/ros_workstation/basics/servcli/install/cpp_srvcli
[2.281s] Invoking command in '/home/kol/Documents/ros_workstation/basics/servcli/build/cpp_srvcli': CMAKE_PREFIX_PATH=/opt/ros/humble /usr/bin/cmake --build /home/kol/Documents/ros_workstation/basics/servcli/build/cpp_srvcli -- -j4 -l4
[2.361s] [ 50%] [32mBuilding CXX object CMakeFiles/server.dir/src/server.cpp.o[0m
[2.402s] [01m[K/home/kol/Documents/ros_workstation/basics/servcli/src/cpp_srvcli/src/server.cpp:[m[K In function ‘[01m[Kint main(int, char**)[m[K’:
[2.403s] [01m[K/home/kol/Documents/ros_workstation/basics/servcli/src/cpp_srvcli/src/server.cpp:1:14:[m[K [01;35m[Kwarning: [m[Kunused parameter ‘[01m[Kargc[m[K’ [[01;35m[K]8;;https://gcc.gnu.org/onlinedocs/gcc/Warning-Options.html#index-Wunused-parameter-Wunused-parameter]8;;[m[K]
[2.404s]     1 | int main([01;35m[Kint argc[m[K, char** argv){}
[2.404s]       |          [01;35m[K~~~~^~~~[m[K
[2.405s] [01m[K/home/kol/Documents/ros_workstation/basics/servcli/src/cpp_srvcli/src/server.cpp:1:27:[m[K [01;35m[Kwarning: [m[Kunused parameter ‘[01m[Kargv[m[K’ [[01;35m[K]8;;https://gcc.gnu.org/onlinedocs/gcc/Warning-Options.html#index-Wunused-parameter-Wunused-parameter]8;;[m[K]
[2.405s]     1 | int main(int argc, [01;35m[Kchar** argv[m[K){}
[2.406s]       |                    [01;35m[K~~~~~~~^~~~[m[K
[2.479s] [100%] [32m[1mLinking CXX executable server[0m
[2.802s] [100%] Built target server
[2.817s] Invoked command in '/home/kol/Documents/ros_workstation/basics/servcli/build/cpp_srvcli' returned '0': CMAKE_PREFIX_PATH=/opt/ros/humble /usr/bin/cmake --build /home/kol/Documents/ros_workstation/basics/servcli/build/cpp_srvcli -- -j4 -l4
[2.830s] Invoking command in '/home/kol/Documents/ros_workstation/basics/servcli/build/cpp_srvcli': CMAKE_PREFIX_PATH=/opt/ros/humble /usr/bin/cmake --install /home/kol/Documents/ros_workstation/basics/servcli/build/cpp_srvcli
[2.839s] -- Install configuration: ""
[2.840s] -- Installing: /home/kol/Documents/ros_workstation/basics/servcli/install/cpp_srvcli/lib/cpp_srvcli/server
[2.840s] -- Set runtime path of "/home/kol/Documents/ros_workstation/basics/servcli/install/cpp_srvcli/lib/cpp_srvcli/server" to ""
[2.840s] -- Installing: /home/kol/Documents/ros_workstation/basics/servcli/install/cpp_srvcli/share/ament_index/resource_index/package_run_dependencies/cpp_srvcli
[2.841s] -- Installing: /home/kol/Documents/ros_workstation/basics/servcli/install/cpp_srvcli/share/ament_index/resource_index/parent_prefix_path/cpp_srvcli
[2.841s] -- Installing: /home/kol/Documents/ros_workstation/basics/servcli/install/cpp_srvcli/share/cpp_srvcli/environment/ament_prefix_path.sh
[2.842s] -- Installing: /home/kol/Documents/ros_workstation/basics/servcli/install/cpp_srvcli/share/cpp_srvcli/environment/ament_prefix_path.dsv
[2.842s] -- Installing: /home/kol/Documents/ros_workstation/basics/servcli/install/cpp_srvcli/share/cpp_srvcli/environment/path.sh
[2.842s] -- Installing: /home/kol/Documents/ros_workstation/basics/servcli/install/cpp_srvcli/share/cpp_srvcli/environment/path.dsv
[2.842s] -- Installing: /home/kol/Documents/ros_workstation/basics/servcli/install/cpp_srvcli/share/cpp_srvcli/local_setup.bash
[2.843s] -- Installing: /home/kol/Documents/ros_workstation/basics/servcli/install/cpp_srvcli/share/cpp_srvcli/local_setup.sh
[2.843s] -- Installing: /home/kol/Documents/ros_workstation/basics/servcli/install/cpp_srvcli/share/cpp_srvcli/local_setup.zsh
[2.843s] -- Installing: /home/kol/Documents/ros_workstation/basics/servcli/install/cpp_srvcli/share/cpp_srvcli/local_setup.dsv
[2.844s] -- Installing: /home/kol/Documents/ros_workstation/basics/servcli/install/cpp_srvcli/share/cpp_srvcli/package.dsv
[2.844s] -- Installing: /home/kol/Documents/ros_workstation/basics/servcli/install/cpp_srvcli/share/ament_index/resource_index/packages/cpp_srvcli
[2.844s] -- Installing: /home/kol/Documents/ros_workstation/basics/servcli/install/cpp_srvcli/share/cpp_srvcli/cmake/cpp_srvcliConfig.cmake
[2.844s] -- Installing: /home/kol/Documents/ros_workstation/basics/servcli/install/cpp_srvcli/share/cpp_srvcli/cmake/cpp_srvcliConfig-version.cmake
[2.845s] -- Installing: /home/kol/Documents/ros_workstation/basics/servcli/install/cpp_srvcli/share/cpp_srvcli/package.xml
[2.848s] Invoked command in '/home/kol/Documents/ros_workstation/basics/servcli/build/cpp_srvcli' returned '0': CMAKE_PREFIX_PATH=/opt/ros/humble /usr/bin/cmake --install /home/kol/Documents/ros_workstation/basics/servcli/build/cpp_srvcli
